This file contains any messages produced by compilers while
running configure, to aid debugging if configure makes a mistake.

It was created by package-unused configure version-unused, which was
generated by GNU Autoconf 2.69.  Invocation command line was

  $ /Users/sidqian/Downloads/summer/L2S/netbsd-src/external/gpl3/gcc.old/dist/libbacktrace/configure --srcdir=/Users/sidqian/Downloads/summer/L2S/netbsd-src/tools/gcc/../../external/gpl3/gcc.old/dist/libbacktrace --cache-file=./config.cache --with-system-zlib --enable-long-long --enable-threads --with-bugurl=http://www.NetBSD.org/support/send-pr.html --with-pkgversion=NetBSD nb1 20220722 --with-system-zlib --without-isl --enable-__cxa_atexit --enable-libstdcxx-time=rt --enable-libstdcxx-threads --with-diagnostics-color=auto-if-env --with-default-libstdcxx-abi=new --with-sysroot=/Users/sidqian/Downloads/summer/L2S/netbsd-src/build/obj/destdir.soft68k --with-mpc=/Users/sidqian/Downloads/summer/L2S/netbsd-src/build/obj/tooldir.Darwin-22.1.0-x86_64 --with-mpfr=/Users/sidqian/Downloads/summer/L2S/netbsd-src/build/obj/tooldir.Darwin-22.1.0-x86_64 --with-gmp=/Users/sidqian/Downloads/summer/L2S/netbsd-src/build/obj/tooldir.Darwin-22.1.0-x86_64 --disable-nls --disable-multilib --enable-languages=c c++ objc --prefix=/Users/sidqian/Downloads/summer/L2S/netbsd-src/build/obj/tooldir.Darwin-22.1.0-x86_64 --enable-languages=c,c++,lto,objc --program-transform-name=s,^,m68k--netbsdelf-, --disable-option-checking --build=x86_64-apple-darwin22.1.0 --host=x86_64-apple-darwin22.1.0 --target=m68k--netbsdelf

## --------- ##
## Platform. ##
## --------- ##

hostname = Sid-Qians-MacBook-Pro-2.local
uname -m = x86_64
uname -r = 22.1.0
uname -s = Darwin
uname -v = Darwin Kernel Version 22.1.0: Sun Oct  9 20:14:54 PDT 2022; root:xnu-8792.41.9~2/RELEASE_X86_64

/usr/bin/uname -p = i386
/bin/uname -X     = unknown

/bin/arch              = unknown
/usr/bin/arch -k       = unknown
/usr/convex/getsysinfo = unknown
/usr/bin/hostinfo      = Mach kernel version:
	 Darwin Kernel Version 22.1.0: Sun Oct  9 20:14:54 PDT 2022; root:xnu-8792.41.9~2/RELEASE_X86_64
Kernel configured for up to 8 processors.
4 processors are physically available.
8 processors are logically available.
Processor type: x86_64h (Intel x86-64h Haswell)
Processors active: 0 1 2 3 4 5 6 7
Primary memory available: 16.00 gigabytes
Default processor set: 690 tasks, 3048 threads, 8 processors
Load average: 8.44, Mach factor: 0.55
/bin/machine           = unknown
/usr/bin/oslevel       = unknown
/bin/universe          = unknown

PATH: /Users/sidqian/Downloads/summer/L2S/netbsd-src/build/obj/tooldir.Darwin-22.1.0-x86_64/bin
PATH: /usr/local/bin
PATH: /System/Cryptexes/App/usr/bin
PATH: /usr/bin
PATH: /bin
PATH: /usr/sbin
PATH: /sbin
PATH: /Library/Apple/usr/bin
PATH: /Users/sidqian/ch-darwin-amd64
PATH: /Users/sidqian/ch-darwin-amd64
PATH: /Users/sidqian/Downloads/flutter/bin


## ----------- ##
## Core tests. ##
## ----------- ##

configure:2447: creating cache ./config.cache
configure:2600: checking build system type
configure:2614: result: x86_64-apple-darwin22.1.0
configure:2634: checking host system type
configure:2647: result: x86_64-apple-darwin22.1.0
configure:2667: checking target system type
configure:2680: result: m68k--netbsdelf
configure:2720: checking for x86_64-apple-darwin22.1.0-gcc
configure:2747: result: cc
configure:3016: checking for C compiler version
configure:3025: cc --version >&5
Apple clang version 14.0.3 (clang-1403.0.22.14.1)
Target: x86_64-apple-darwin22.1.0
Thread model: posix
InstalledDir: /Applications/Xcode.app/Contents/Developer/Toolchains/XcodeDefault.xctoolchain/usr/bin
configure:3036: $? = 0
configure:3025: cc -v >&5
Apple clang version 14.0.3 (clang-1403.0.22.14.1)
Target: x86_64-apple-darwin22.1.0
Thread model: posix
InstalledDir: /Applications/Xcode.app/Contents/Developer/Toolchains/XcodeDefault.xctoolchain/usr/bin
configure:3036: $? = 0
configure:3025: cc -V >&5
clang: error: argument to '-V' is missing (expected 1 value)
clang: error: no input files
configure:3036: $? = 1
configure:3025: cc -qversion >&5
clang: error: unknown argument '-qversion'; did you mean '--version'?
clang: error: no input files
configure:3036: $? = 1
configure:3056: checking whether the C compiler works
configure:3078: cc -O -O2 -no-cpp-precomp -DNETBSD_TOOLS -DTARGET_SYSTEM_ROOT=0  -DTARGET_SYSTEM_ROOT_RELOCATABLE   conftest.c  >&5
configure:3082: $? = 0
configure:3130: result: yes
configure:3133: checking for C compiler default output file name
configure:3135: result: a.out
configure:3141: checking for suffix of executables
configure:3148: cc -o conftest -O -O2 -no-cpp-precomp -DNETBSD_TOOLS -DTARGET_SYSTEM_ROOT=0  -DTARGET_SYSTEM_ROOT_RELOCATABLE   conftest.c  >&5
configure:3152: $? = 0
configure:3174: result: 
configure:3196: checking whether we are cross compiling
configure:3204: cc -o conftest -O -O2 -no-cpp-precomp -DNETBSD_TOOLS -DTARGET_SYSTEM_ROOT=0  -DTARGET_SYSTEM_ROOT_RELOCATABLE   conftest.c  >&5
configure:3208: $? = 0
configure:3215: ./conftest
configure:3219: $? = 0
configure:3234: result: no
configure:3239: checking for suffix of object files
configure:3261: cc -c -O -O2 -no-cpp-precomp -DNETBSD_TOOLS -DTARGET_SYSTEM_ROOT=0  -DTARGET_SYSTEM_ROOT_RELOCATABLE conftest.c >&5
configure:3265: $? = 0
configure:3286: result: o
configure:3290: checking whether we are using the GNU C compiler
configure:3309: cc -c -O -O2 -no-cpp-precomp -DNETBSD_TOOLS -DTARGET_SYSTEM_ROOT=0  -DTARGET_SYSTEM_ROOT_RELOCATABLE conftest.c >&5
configure:3309: $? = 0
configure:3318: result: yes
configure:3327: checking whether cc accepts -g
configure:3347: cc -c -g -DNETBSD_TOOLS -DTARGET_SYSTEM_ROOT=0  -DTARGET_SYSTEM_ROOT_RELOCATABLE conftest.c >&5
configure:3347: $? = 0
configure:3388: result: yes
configure:3405: checking for cc option to accept ISO C89
configure:3468: cc  -c -O -O2 -no-cpp-precomp -DNETBSD_TOOLS -DTARGET_SYSTEM_ROOT=0  -DTARGET_SYSTEM_ROOT_RELOCATABLE conftest.c >&5
conftest.c:15:14: warning: a function declaration without a prototype is deprecated in all versions of C and is not supported in C2x [-Wdeprecated-non-prototype]
static char *e (p, i)
             ^
1 warning generated.
configure:3468: $? = 0
configure:3481: result: none needed
configure:3506: checking whether cc understands -c and -o together
configure:3528: cc -c conftest.c -o conftest2.o
configure:3531: $? = 0
configure:3528: cc -c conftest.c -o conftest2.o
configure:3531: $? = 0
configure:3543: result: yes
configure:3566: checking how to run the C preprocessor
configure:3597: cc -E -DNETBSD_TOOLS -DTARGET_SYSTEM_ROOT=0  -DTARGET_SYSTEM_ROOT_RELOCATABLE conftest.c
configure:3597: $? = 0
configure:3611: cc -E -DNETBSD_TOOLS -DTARGET_SYSTEM_ROOT=0  -DTARGET_SYSTEM_ROOT_RELOCATABLE conftest.c
conftest.c:9:10: fatal error: 'ac_nonexistent.h' file not found
#include <ac_nonexistent.h>
         ^~~~~~~~~~~~~~~~~~
1 error generated.
configure:3611: $? = 1
configure: failed program was:
| /* confdefs.h */
| #define PACKAGE_NAME "package-unused"
| #define PACKAGE_TARNAME "libbacktrace"
| #define PACKAGE_VERSION "version-unused"
| #define PACKAGE_STRING "package-unused version-unused"
| #define PACKAGE_BUGREPORT ""
| #define PACKAGE_URL ""
| /* end confdefs.h.  */
| #include <ac_nonexistent.h>
configure:3636: result: cc -E
configure:3656: cc -E -DNETBSD_TOOLS -DTARGET_SYSTEM_ROOT=0  -DTARGET_SYSTEM_ROOT_RELOCATABLE conftest.c
configure:3656: $? = 0
configure:3670: cc -E -DNETBSD_TOOLS -DTARGET_SYSTEM_ROOT=0  -DTARGET_SYSTEM_ROOT_RELOCATABLE conftest.c
conftest.c:9:10: fatal error: 'ac_nonexistent.h' file not found
#include <ac_nonexistent.h>
         ^~~~~~~~~~~~~~~~~~
1 error generated.
configure:3670: $? = 1
configure: failed program was:
| /* confdefs.h */
| #define PACKAGE_NAME "package-unused"
| #define PACKAGE_TARNAME "libbacktrace"
| #define PACKAGE_VERSION "version-unused"
| #define PACKAGE_STRING "package-unused version-unused"
| #define PACKAGE_BUGREPORT ""
| #define PACKAGE_URL ""
| /* end confdefs.h.  */
| #include <ac_nonexistent.h>
configure:3699: checking for grep that handles long lines and -e
configure:3757: result: /usr/bin/grep
configure:3762: checking for egrep
configure:3824: result: /usr/bin/grep -E
configure:3829: checking for ANSI C header files
configure:3849: cc -c -O -O2 -no-cpp-precomp -DNETBSD_TOOLS -DTARGET_SYSTEM_ROOT=0  -DTARGET_SYSTEM_ROOT_RELOCATABLE conftest.c >&5
configure:3849: $? = 0
configure:3922: cc -o conftest -O -O2 -no-cpp-precomp -DNETBSD_TOOLS -DTARGET_SYSTEM_ROOT=0  -DTARGET_SYSTEM_ROOT_RELOCATABLE   conftest.c  >&5
configure:3922: $? = 0
configure:3922: ./conftest
configure:3922: $? = 0
configure:3933: result: yes
configure:3946: checking for sys/types.h
configure:3946: cc -c -O -O2 -no-cpp-precomp -DNETBSD_TOOLS -DTARGET_SYSTEM_ROOT=0  -DTARGET_SYSTEM_ROOT_RELOCATABLE conftest.c >&5
configure:3946: $? = 0
configure:3946: result: yes
configure:3946: checking for sys/stat.h
configure:3946: cc -c -O -O2 -no-cpp-precomp -DNETBSD_TOOLS -DTARGET_SYSTEM_ROOT=0  -DTARGET_SYSTEM_ROOT_RELOCATABLE conftest.c >&5
configure:3946: $? = 0
configure:3946: result: yes
configure:3946: checking for stdlib.h
configure:3946: cc -c -O -O2 -no-cpp-precomp -DNETBSD_TOOLS -DTARGET_SYSTEM_ROOT=0  -DTARGET_SYSTEM_ROOT_RELOCATABLE conftest.c >&5
configure:3946: $? = 0
configure:3946: result: yes
configure:3946: checking for string.h
configure:3946: cc -c -O -O2 -no-cpp-precomp -DNETBSD_TOOLS -DTARGET_SYSTEM_ROOT=0  -DTARGET_SYSTEM_ROOT_RELOCATABLE conftest.c >&5
configure:3946: $? = 0
configure:3946: result: yes
configure:3946: checking for memory.h
configure:3946: cc -c -O -O2 -no-cpp-precomp -DNETBSD_TOOLS -DTARGET_SYSTEM_ROOT=0  -DTARGET_SYSTEM_ROOT_RELOCATABLE conftest.c >&5
configure:3946: $? = 0
configure:3946: result: yes
configure:3946: checking for strings.h
configure:3946: cc -c -O -O2 -no-cpp-precomp -DNETBSD_TOOLS -DTARGET_SYSTEM_ROOT=0  -DTARGET_SYSTEM_ROOT_RELOCATABLE conftest.c >&5
configure:3946: $? = 0
configure:3946: result: yes
configure:3946: checking for inttypes.h
configure:3946: cc -c -O -O2 -no-cpp-precomp -DNETBSD_TOOLS -DTARGET_SYSTEM_ROOT=0  -DTARGET_SYSTEM_ROOT_RELOCATABLE conftest.c >&5
configure:3946: $? = 0
configure:3946: result: yes
configure:3946: checking for stdint.h
configure:3946: cc -c -O -O2 -no-cpp-precomp -DNETBSD_TOOLS -DTARGET_SYSTEM_ROOT=0  -DTARGET_SYSTEM_ROOT_RELOCATABLE conftest.c >&5
configure:3946: $? = 0
configure:3946: result: yes
configure:3946: checking for unistd.h
configure:3946: cc -c -O -O2 -no-cpp-precomp -DNETBSD_TOOLS -DTARGET_SYSTEM_ROOT=0  -DTARGET_SYSTEM_ROOT_RELOCATABLE conftest.c >&5
configure:3946: $? = 0
configure:3946: result: yes
configure:3959: checking minix/config.h usability
configure:3959: cc -c -O -O2 -no-cpp-precomp -DNETBSD_TOOLS -DTARGET_SYSTEM_ROOT=0  -DTARGET_SYSTEM_ROOT_RELOCATABLE conftest.c >&5
conftest.c:52:10: fatal error: 'minix/config.h' file not found
#include <minix/config.h>
         ^~~~~~~~~~~~~~~~
1 error generated.
configure:3959: $? = 1
configure: failed program was:
| /* confdefs.h */
| #define PACKAGE_NAME "package-unused"
| #define PACKAGE_TARNAME "libbacktrace"
| #define PACKAGE_VERSION "version-unused"
| #define PACKAGE_STRING "package-unused version-unused"
| #define PACKAGE_BUGREPORT ""
| #define PACKAGE_URL ""
| #define STDC_HEADERS 1
| #define HAVE_SYS_TYPES_H 1
| #define HAVE_SYS_STAT_H 1
| #define HAVE_STDLIB_H 1
| #define HAVE_STRING_H 1
| #define HAVE_MEMORY_H 1
| #define HAVE_STRINGS_H 1
| #define HAVE_INTTYPES_H 1
| #define HAVE_STDINT_H 1
| #define HAVE_UNISTD_H 1
| /* end confdefs.h.  */
| #include <stdio.h>
| #ifdef HAVE_SYS_TYPES_H
| # include <sys/types.h>
| #endif
| #ifdef HAVE_SYS_STAT_H
| # include <sys/stat.h>
| #endif
| #ifdef STDC_HEADERS
| # include <stdlib.h>
| # include <stddef.h>
| #else
| # ifdef HAVE_STDLIB_H
| #  include <stdlib.h>
| # endif
| #endif
| #ifdef HAVE_STRING_H
| # if !defined STDC_HEADERS && defined HAVE_MEMORY_H
| #  include <memory.h>
| # endif
| # include <string.h>
| #endif
| #ifdef HAVE_STRINGS_H
| # include <strings.h>
| #endif
| #ifdef HAVE_INTTYPES_H
| # include <inttypes.h>
| #endif
| #ifdef HAVE_STDINT_H
| # include <stdint.h>
| #endif
| #ifdef HAVE_UNISTD_H
| # include <unistd.h>
| #endif
| #include <minix/config.h>
configure:3959: result: no
configure:3959: checking minix/config.h presence
configure:3959: cc -E -DNETBSD_TOOLS -DTARGET_SYSTEM_ROOT=0  -DTARGET_SYSTEM_ROOT_RELOCATABLE conftest.c
conftest.c:19:10: fatal error: 'minix/config.h' file not found
#include <minix/config.h>
         ^~~~~~~~~~~~~~~~
1 error generated.
configure:3959: $? = 1
configure: failed program was:
| /* confdefs.h */
| #define PACKAGE_NAME "package-unused"
| #define PACKAGE_TARNAME "libbacktrace"
| #define PACKAGE_VERSION "version-unused"
| #define PACKAGE_STRING "package-unused version-unused"
| #define PACKAGE_BUGREPORT ""
| #define PACKAGE_URL ""
| #define STDC_HEADERS 1
| #define HAVE_SYS_TYPES_H 1
| #define HAVE_SYS_STAT_H 1
| #define HAVE_STDLIB_H 1
| #define HAVE_STRING_H 1
| #define HAVE_MEMORY_H 1
| #define HAVE_STRINGS_H 1
| #define HAVE_INTTYPES_H 1
| #define HAVE_STDINT_H 1
| #define HAVE_UNISTD_H 1
| /* end confdefs.h.  */
| #include <minix/config.h>
configure:3959: result: no
configure:3959: checking for minix/config.h
configure:3959: result: no
configure:3980: checking whether it is safe to define __EXTENSIONS__
configure:3998: cc -c -O -O2 -no-cpp-precomp -DNETBSD_TOOLS -DTARGET_SYSTEM_ROOT=0  -DTARGET_SYSTEM_ROOT_RELOCATABLE conftest.c >&5
configure:3998: $? = 0
configure:4005: result: yes
configure:4048: checking for a BSD-compatible install
configure:4116: result: /Users/sidqian/Downloads/summer/L2S/netbsd-src/build/obj/tooldir.Darwin-22.1.0-x86_64/bin/m68k--netbsdelf-install -c  -r
configure:4127: checking whether build environment is sane
configure:4182: result: yes
configure:4330: checking for a thread-safe mkdir -p
configure:4369: result: /bin/sh /Users/sidqian/Downloads/summer/L2S/netbsd-src/tools/gcc/../../external/gpl3/gcc.old/dist/libbacktrace/../install-sh -c -d
configure:4376: checking for gawk
configure:4403: result: /Users/sidqian/Downloads/summer/L2S/netbsd-src/build/obj/tooldir.Darwin-22.1.0-x86_64/bin/nbawk
configure:4414: checking whether /Users/sidqian/Downloads/summer/L2S/netbsd-src/build/obj/tooldir.Darwin-22.1.0-x86_64/bin/nbgmake sets $(MAKE)
configure:4436: result: yes
configure:4465: checking whether /Users/sidqian/Downloads/summer/L2S/netbsd-src/build/obj/tooldir.Darwin-22.1.0-x86_64/bin/nbgmake supports nested variables
configure:4482: result: yes
configure:4601: checking whether to enable maintainer-specific portions of Makefiles
configure:4610: result: no
configure:4644: checking for x86_64-apple-darwin22.1.0-gcc
configure:4671: result: cc
configure:4940: checking for C compiler version
configure:4949: cc --version >&5
Apple clang version 14.0.3 (clang-1403.0.22.14.1)
Target: x86_64-apple-darwin22.1.0
Thread model: posix
InstalledDir: /Applications/Xcode.app/Contents/Developer/Toolchains/XcodeDefault.xctoolchain/usr/bin
configure:4960: $? = 0
configure:4949: cc -v >&5
Apple clang version 14.0.3 (clang-1403.0.22.14.1)
Target: x86_64-apple-darwin22.1.0
Thread model: posix
InstalledDir: /Applications/Xcode.app/Contents/Developer/Toolchains/XcodeDefault.xctoolchain/usr/bin
configure:4960: $? = 0
configure:4949: cc -V >&5
clang: error: argument to '-V' is missing (expected 1 value)
clang: error: no input files
configure:4960: $? = 1
configure:4949: cc -qversion >&5
clang: error: unknown argument '-qversion'; did you mean '--version'?
clang: error: no input files
configure:4960: $? = 1
configure:4964: checking whether we are using the GNU C compiler
configure:4992: result: yes
configure:5001: checking whether cc accepts -g
configure:5062: result: yes
configure:5079: checking for cc option to accept ISO C89
configure:5155: result: none needed
configure:5180: checking whether cc understands -c and -o together
configure:5217: result: yes
configure:5241: checking for x86_64-apple-darwin22.1.0-ranlib
configure:5268: result: ranlib
configure:5335: checking for gawk
configure:5362: result: /Users/sidqian/Downloads/summer/L2S/netbsd-src/build/obj/tooldir.Darwin-22.1.0-x86_64/bin/nbawk
configure:5379: checking for dwz
configure:5409: result: no
configure:5469: checking how to print strings
configure:5496: result: printf
configure:5517: checking for a sed that does not truncate output
configure:5581: result: /usr/bin/sed
configure:5599: checking for fgrep
configure:5661: result: /usr/bin/grep -F
configure:5696: checking for ld used by cc
configure:5763: result: /Applications/Xcode.app/Contents/Developer/Toolchains/XcodeDefault.xctoolchain/usr/bin/ld
configure:5770: checking if the linker (/Applications/Xcode.app/Contents/Developer/Toolchains/XcodeDefault.xctoolchain/usr/bin/ld) is GNU ld
configure:5785: result: no
configure:5797: checking for BSD- or MS-compatible name lister (nm)
configure:5846: result: nm
configure:5976: checking the name lister (nm) interface
configure:5983: cc -c -O -O2 -no-cpp-precomp -DNETBSD_TOOLS -DTARGET_SYSTEM_ROOT=0  -DTARGET_SYSTEM_ROOT_RELOCATABLE conftest.c >&5
configure:5986: nm "conftest.o"
configure:5989: output
0000000000000000 S _some_variable
configure:5996: result: BSD nm
configure:5999: checking whether ln -s works
configure:6003: result: yes
configure:6011: checking the maximum length of command line arguments
configure:6136: result: 786432
configure:6153: checking whether the shell understands some XSI constructs
configure:6163: result: yes
configure:6167: checking whether the shell understands "+="
configure:6173: result: yes
configure:6208: checking for /Applications/Xcode.app/Contents/Developer/Toolchains/XcodeDefault.xctoolchain/usr/bin/ld option to reload object files
configure:6215: result: -r
configure:6244: checking for x86_64-apple-darwin22.1.0-objdump
configure:6271: result: objdump
configure:6343: checking how to recognize dependent libraries
configure:6544: result: pass_all
configure:6564: checking for x86_64-apple-darwin22.1.0-ar
configure:6591: result: ar
configure:6669: checking for x86_64-apple-darwin22.1.0-strip
configure:6699: result: no
configure:6709: checking for strip
configure:6725: found /usr/bin/strip
configure:6736: result: strip
configure:6768: checking for x86_64-apple-darwin22.1.0-ranlib
configure:6795: result: ranlib
configure:6937: checking command to parse nm output from cc object
configure:7055: cc -c -O -O2 -no-cpp-precomp -DNETBSD_TOOLS -DTARGET_SYSTEM_ROOT=0  -DTARGET_SYSTEM_ROOT_RELOCATABLE conftest.c >&5
configure:7058: $? = 0
configure:7062: nm conftest.o \| sed -n -e 's/^.*[ ]\([ABCDGIRSTW][ABCDGIRSTW]*\)[ ][ ]*\([_A-Za-z][_A-Za-z0-9]*\)$/\1 \2 \2/p' \> conftest.nm
configure:7065: $? = 0
cannot find nm_test_var in conftest.nm
configure:7055: cc -c -O -O2 -no-cpp-precomp -DNETBSD_TOOLS -DTARGET_SYSTEM_ROOT=0  -DTARGET_SYSTEM_ROOT_RELOCATABLE conftest.c >&5
configure:7058: $? = 0
configure:7062: nm conftest.o \| sed -n -e 's/^.*[ ]\([ABCDGIRSTW][ABCDGIRSTW]*\)[ ][ ]*_\([_A-Za-z][_A-Za-z0-9]*\)$/\1 _\2 \2/p' \> conftest.nm
configure:7065: $? = 0
configure:7119: cc -o conftest -O -O2 -no-cpp-precomp -DNETBSD_TOOLS -DTARGET_SYSTEM_ROOT=0  -DTARGET_SYSTEM_ROOT_RELOCATABLE   conftest.c conftstm.o >&5
configure:7122: $? = 0
configure:7160: result: ok
configure:7397: checking for x86_64-apple-darwin22.1.0-dsymutil
configure:7424: result: dsymutil
configure:7489: checking for x86_64-apple-darwin22.1.0-nmedit
configure:7519: result: no
configure:7529: checking for nmedit
configure:7545: found /usr/bin/nmedit
configure:7556: result: nmedit
configure:7581: checking for x86_64-apple-darwin22.1.0-lipo
configure:7611: result: no
configure:7621: checking for lipo
configure:7637: found /usr/bin/lipo
configure:7648: result: lipo
configure:7673: checking for x86_64-apple-darwin22.1.0-otool
configure:7700: result: otool
configure:7765: checking for x86_64-apple-darwin22.1.0-otool64
configure:7795: result: no
configure:7805: checking for otool64
configure:7835: result: no
configure:7880: checking for -single_module linker flag
cc -O -O2 -no-cpp-precomp   -o libconftest.dylib -dynamiclib -Wl,-single_module conftest.c
configure:7907: result: yes
configure:7909: checking for -exported_symbols_list linker flag
configure:7929: cc -o conftest -O -O2 -no-cpp-precomp -DNETBSD_TOOLS -DTARGET_SYSTEM_ROOT=0  -DTARGET_SYSTEM_ROOT_RELOCATABLE   -Wl,-exported_symbols_list,conftest.sym conftest.c  >&5
configure:7929: $? = 0
configure:7939: result: yes
configure:7941: checking for -force_load linker flag
cc -O -O2 -no-cpp-precomp -c -o conftest.o conftest.c
ar cru libconftest.a conftest.o
cc -O -O2 -no-cpp-precomp   -o conftest conftest.c -Wl,-force_load,./libconftest.a
configure:7969: result: yes
configure:8010: checking for dlfcn.h
configure:8010: cc -c -O -O2 -no-cpp-precomp -DNETBSD_TOOLS -DTARGET_SYSTEM_ROOT=0  -DTARGET_SYSTEM_ROOT_RELOCATABLE conftest.c >&5
configure:8010: $? = 0
configure:8010: result: yes
configure:8197: checking for objdir
configure:8212: result: .libs
configure:8483: checking if cc supports -fno-rtti -fno-exceptions
configure:8501: cc -c -O -O2 -no-cpp-precomp -DNETBSD_TOOLS -DTARGET_SYSTEM_ROOT=0  -DTARGET_SYSTEM_ROOT_RELOCATABLE -fno-rtti -fno-exceptions conftest.c >&5
configure:8505: $? = 0
configure:8518: result: yes
configure:8538: checking for cc option to produce PIC
configure:8824: result: -fno-common -DPIC
configure:8836: checking if cc PIC flag -fno-common -DPIC works
configure:8854: cc -c -O -O2 -no-cpp-precomp -DNETBSD_TOOLS -DTARGET_SYSTEM_ROOT=0  -DTARGET_SYSTEM_ROOT_RELOCATABLE -fno-common -DPIC -DPIC conftest.c >&5
configure:8858: $? = 0
configure:8871: result: yes
configure:8895: checking if cc static flag -static works
configure:8923: result: no
configure:8938: checking if cc supports -c -o file.o
configure:8959: cc -c -O -O2 -no-cpp-precomp -DNETBSD_TOOLS -DTARGET_SYSTEM_ROOT=0  -DTARGET_SYSTEM_ROOT_RELOCATABLE -o out/conftest2.o conftest.c >&5
configure:8963: $? = 0
configure:8985: result: yes
configure:8993: checking if cc supports -c -o file.o
configure:9040: result: yes
configure:9073: checking whether the cc linker (/Applications/Xcode.app/Contents/Developer/Toolchains/XcodeDefault.xctoolchain/usr/bin/ld) supports shared libraries
configure:10144: result: yes
configure:10389: checking dynamic linker characteristics
configure:11067: result: darwin22.1.0 dyld
configure:11174: checking how to hardcode library paths into programs
configure:11199: result: immediate
configure:11739: checking whether stripping libraries is possible
configure:11753: result: yes
configure:11779: checking if libtool supports shared libraries
configure:11781: result: yes
configure:11784: checking whether to build shared libraries
configure:11805: result: yes
configure:11808: checking whether to build static libraries
configure:11812: result: yes
configure:11856: checking for special C compiler options needed for large files
configure:11901: result: no
configure:11907: checking for _FILE_OFFSET_BITS value needed for large files
configure:11932: cc -c -O -O2 -no-cpp-precomp -DNETBSD_TOOLS -DTARGET_SYSTEM_ROOT=0  -DTARGET_SYSTEM_ROOT_RELOCATABLE conftest.c >&5
configure:11932: $? = 0
configure:11964: result: no
configure:12057: checking unwind.h usability
configure:12057: cc -c -O -O2 -no-cpp-precomp -DNETBSD_TOOLS -DTARGET_SYSTEM_ROOT=0  -DTARGET_SYSTEM_ROOT_RELOCATABLE conftest.c >&5
configure:12057: $? = 0
configure:12057: result: yes
configure:12057: checking unwind.h presence
configure:12057: cc -E -DNETBSD_TOOLS -DTARGET_SYSTEM_ROOT=0  -DTARGET_SYSTEM_ROOT_RELOCATABLE conftest.c
configure:12057: $? = 0
configure:12057: result: yes
configure:12057: checking for unwind.h
configure:12057: result: yes
configure:12059: checking for _Unwind_Backtrace
configure:12059: cc -o conftest -O -O2 -no-cpp-precomp -DNETBSD_TOOLS -DTARGET_SYSTEM_ROOT=0  -DTARGET_SYSTEM_ROOT_RELOCATABLE   conftest.c  >&5
configure:12059: $? = 0
configure:12059: result: yes
configure:12080: checking for -funwind-tables option
configure:12098: cc -c -O -O2 -no-cpp-precomp -funwind-tables -DNETBSD_TOOLS -DTARGET_SYSTEM_ROOT=0  -DTARGET_SYSTEM_ROOT_RELOCATABLE conftest.c >&5
configure:12098: $? = 0
configure:12106: result: yes
configure:12111: checking for -frandom-seed=string option
configure:12129: cc -c -O -O2 -no-cpp-precomp -frandom-seed=conftest.lo -DNETBSD_TOOLS -DTARGET_SYSTEM_ROOT=0  -DTARGET_SYSTEM_ROOT_RELOCATABLE conftest.c >&5
configure:12129: $? = 0
configure:12137: result: yes
configure:12250: checking whether cc supports -W
configure:12267: cc -c -W -DNETBSD_TOOLS -DTARGET_SYSTEM_ROOT=0  -DTARGET_SYSTEM_ROOT_RELOCATABLE conftest.c >&5
configure:12267: $? = 0
configure:12276: result: yes
configure:12250: checking whether cc supports -Wall
configure:12267: cc -c -Wall -DNETBSD_TOOLS -DTARGET_SYSTEM_ROOT=0  -DTARGET_SYSTEM_ROOT_RELOCATABLE conftest.c >&5
configure:12267: $? = 0
configure:12276: result: yes
configure:12250: checking whether cc supports -Wwrite-strings
configure:12267: cc -c -Wwrite-strings -DNETBSD_TOOLS -DTARGET_SYSTEM_ROOT=0  -DTARGET_SYSTEM_ROOT_RELOCATABLE conftest.c >&5
configure:12267: $? = 0
configure:12276: result: yes
configure:12250: checking whether cc supports -Wstrict-prototypes
configure:12267: cc -c -Wstrict-prototypes -DNETBSD_TOOLS -DTARGET_SYSTEM_ROOT=0  -DTARGET_SYSTEM_ROOT_RELOCATABLE conftest.c >&5
conftest.c:28:6: warning: a function declaration without a prototype is deprecated in all versions of C [-Wstrict-prototypes]
main ()
     ^
      void
1 warning generated.
configure:12267: $? = 0
configure:12276: result: yes
configure:12250: checking whether cc supports -Wmissing-prototypes
configure:12267: cc -c -Wmissing-prototypes -DNETBSD_TOOLS -DTARGET_SYSTEM_ROOT=0  -DTARGET_SYSTEM_ROOT_RELOCATABLE conftest.c >&5
configure:12267: $? = 0
configure:12276: result: yes
configure:12250: checking whether cc supports -Wold-style-definition
configure:12267: cc -c -Wold-style-definition -DNETBSD_TOOLS -DTARGET_SYSTEM_ROOT=0  -DTARGET_SYSTEM_ROOT_RELOCATABLE conftest.c >&5
configure:12267: $? = 0
configure:12276: result: yes
configure:12250: checking whether cc supports -Wmissing-format-attribute
configure:12267: cc -c -Wmissing-format-attribute -DNETBSD_TOOLS -DTARGET_SYSTEM_ROOT=0  -DTARGET_SYSTEM_ROOT_RELOCATABLE conftest.c >&5
configure:12267: $? = 0
configure:12276: result: yes
configure:12250: checking whether cc supports -Wcast-qual
configure:12267: cc -c -Wcast-qual -DNETBSD_TOOLS -DTARGET_SYSTEM_ROOT=0  -DTARGET_SYSTEM_ROOT_RELOCATABLE conftest.c >&5
configure:12267: $? = 0
configure:12276: result: yes
configure:12337: checking for _Unwind_GetIPInfo
configure:12352: cc -o conftest -O -O2 -no-cpp-precomp -Werror-implicit-function-declaration -DNETBSD_TOOLS -DTARGET_SYSTEM_ROOT=0  -DTARGET_SYSTEM_ROOT_RELOCATABLE   conftest.c  >&5
configure:12352: $? = 0
configure:12360: result: yes
configure:12380: checking __sync extensions
configure:12404: cc -o conftest -O -O2 -no-cpp-precomp -DNETBSD_TOOLS -DTARGET_SYSTEM_ROOT=0  -DTARGET_SYSTEM_ROOT_RELOCATABLE   conftest.c  >&5
configure:12404: $? = 0
configure:12413: result: yes
configure:12425: checking __atomic extensions
configure:12445: cc -o conftest -O -O2 -no-cpp-precomp -DNETBSD_TOOLS -DTARGET_SYSTEM_ROOT=0  -DTARGET_SYSTEM_ROOT_RELOCATABLE   conftest.c  >&5
configure:12445: $? = 0
configure:12454: result: yes
configure:12465: checking output filetype
configure:12482: cc -c -O -O2 -no-cpp-precomp -DNETBSD_TOOLS -DTARGET_SYSTEM_ROOT=0  -DTARGET_SYSTEM_ROOT_RELOCATABLE conftest.c >&5
configure:12482: $? = 0
configure:12493: result: 
configure:12507: WARNING: could not determine output file type
configure:12574: checking for uintmax_t
configure:12574: cc -c -O -O2 -no-cpp-precomp -DNETBSD_TOOLS -DTARGET_SYSTEM_ROOT=0  -DTARGET_SYSTEM_ROOT_RELOCATABLE conftest.c >&5
configure:12574: $? = 0
configure:12574: cc -c -O -O2 -no-cpp-precomp -DNETBSD_TOOLS -DTARGET_SYSTEM_ROOT=0  -DTARGET_SYSTEM_ROOT_RELOCATABLE conftest.c >&5
conftest.c:37:24: error: expected expression
if (sizeof ((uintmax_t)))
                       ^
1 error generated.
configure:12574: $? = 1
configure: failed program was:
| /* confdefs.h */
| #define PACKAGE_NAME "package-unused"
| #define PACKAGE_TARNAME "libbacktrace"
| #define PACKAGE_VERSION "version-unused"
| #define PACKAGE_STRING "package-unused version-unused"
| #define PACKAGE_BUGREPORT ""
| #define PACKAGE_URL ""
| #define STDC_HEADERS 1
| #define HAVE_SYS_TYPES_H 1
| #define HAVE_SYS_STAT_H 1
| #define HAVE_STDLIB_H 1
| #define HAVE_STRING_H 1
| #define HAVE_MEMORY_H 1
| #define HAVE_STRINGS_H 1
| #define HAVE_INTTYPES_H 1
| #define HAVE_STDINT_H 1
| #define HAVE_UNISTD_H 1
| #define __EXTENSIONS__ 1
| #define _ALL_SOURCE 1
| #define _GNU_SOURCE 1
| #define _POSIX_PTHREAD_SEMANTICS 1
| #define _TANDEM_SOURCE 1
| #define HAVE_DLFCN_H 1
| #define LT_OBJDIR ".libs/"
| #define HAVE_GETIPINFO 1
| #define HAVE_SYNC_FUNCTIONS 1
| #define HAVE_ATOMIC_FUNCTIONS 1
| #define BACKTRACE_ELF_SIZE unused
| #define BACKTRACE_XCOFF_SIZE unused
| /* end confdefs.h.  */
| #include <sys/types.h>
| #include <stdint.h>
| 
| int
| main ()
| {
| if (sizeof ((uintmax_t)))
| 	    return 0;
|   ;
|   return 0;
| }
configure:12574: result: yes
configure:12583: checking for uintptr_t
configure:12583: cc -c -O -O2 -no-cpp-precomp -DNETBSD_TOOLS -DTARGET_SYSTEM_ROOT=0  -DTARGET_SYSTEM_ROOT_RELOCATABLE conftest.c >&5
configure:12583: $? = 0
configure:12583: cc -c -O -O2 -no-cpp-precomp -DNETBSD_TOOLS -DTARGET_SYSTEM_ROOT=0  -DTARGET_SYSTEM_ROOT_RELOCATABLE conftest.c >&5
conftest.c:37:24: error: expected expression
if (sizeof ((uintptr_t)))
                       ^
1 error generated.
configure:12583: $? = 1
configure: failed program was:
| /* confdefs.h */
| #define PACKAGE_NAME "package-unused"
| #define PACKAGE_TARNAME "libbacktrace"
| #define PACKAGE_VERSION "version-unused"
| #define PACKAGE_STRING "package-unused version-unused"
| #define PACKAGE_BUGREPORT ""
| #define PACKAGE_URL ""
| #define STDC_HEADERS 1
| #define HAVE_SYS_TYPES_H 1
| #define HAVE_SYS_STAT_H 1
| #define HAVE_STDLIB_H 1
| #define HAVE_STRING_H 1
| #define HAVE_MEMORY_H 1
| #define HAVE_STRINGS_H 1
| #define HAVE_INTTYPES_H 1
| #define HAVE_STDINT_H 1
| #define HAVE_UNISTD_H 1
| #define __EXTENSIONS__ 1
| #define _ALL_SOURCE 1
| #define _GNU_SOURCE 1
| #define _POSIX_PTHREAD_SEMANTICS 1
| #define _TANDEM_SOURCE 1
| #define HAVE_DLFCN_H 1
| #define LT_OBJDIR ".libs/"
| #define HAVE_GETIPINFO 1
| #define HAVE_SYNC_FUNCTIONS 1
| #define HAVE_ATOMIC_FUNCTIONS 1
| #define BACKTRACE_ELF_SIZE unused
| #define BACKTRACE_XCOFF_SIZE unused
| /* end confdefs.h.  */
| #include <sys/types.h>
| #include <stdint.h>
| 
| int
| main ()
| {
| if (sizeof ((uintptr_t)))
| 	    return 0;
|   ;
|   return 0;
| }
configure:12583: result: yes
configure:12592: checking for int_least32_t
configure:12592: cc -c -O -O2 -no-cpp-precomp -DNETBSD_TOOLS -DTARGET_SYSTEM_ROOT=0  -DTARGET_SYSTEM_ROOT_RELOCATABLE conftest.c >&5
configure:12592: $? = 0
configure:12592: cc -c -O -O2 -no-cpp-precomp -DNETBSD_TOOLS -DTARGET_SYSTEM_ROOT=0  -DTARGET_SYSTEM_ROOT_RELOCATABLE conftest.c >&5
conftest.c:37:28: error: expected expression
if (sizeof ((int_least32_t)))
                           ^
1 error generated.
configure:12592: $? = 1
configure: failed program was:
| /* confdefs.h */
| #define PACKAGE_NAME "package-unused"
| #define PACKAGE_TARNAME "libbacktrace"
| #define PACKAGE_VERSION "version-unused"
| #define PACKAGE_STRING "package-unused version-unused"
| #define PACKAGE_BUGREPORT ""
| #define PACKAGE_URL ""
| #define STDC_HEADERS 1
| #define HAVE_SYS_TYPES_H 1
| #define HAVE_SYS_STAT_H 1
| #define HAVE_STDLIB_H 1
| #define HAVE_STRING_H 1
| #define HAVE_MEMORY_H 1
| #define HAVE_STRINGS_H 1
| #define HAVE_INTTYPES_H 1
| #define HAVE_STDINT_H 1
| #define HAVE_UNISTD_H 1
| #define __EXTENSIONS__ 1
| #define _ALL_SOURCE 1
| #define _GNU_SOURCE 1
| #define _POSIX_PTHREAD_SEMANTICS 1
| #define _TANDEM_SOURCE 1
| #define HAVE_DLFCN_H 1
| #define LT_OBJDIR ".libs/"
| #define HAVE_GETIPINFO 1
| #define HAVE_SYNC_FUNCTIONS 1
| #define HAVE_ATOMIC_FUNCTIONS 1
| #define BACKTRACE_ELF_SIZE unused
| #define BACKTRACE_XCOFF_SIZE unused
| /* end confdefs.h.  */
| #include <sys/types.h>
| #include <stdint.h>
| 
| int
| main ()
| {
| if (sizeof ((int_least32_t)))
| 	    return 0;
|   ;
|   return 0;
| }
configure:12592: result: yes
configure:12601: checking for int_fast32_t
configure:12601: cc -c -O -O2 -no-cpp-precomp -DNETBSD_TOOLS -DTARGET_SYSTEM_ROOT=0  -DTARGET_SYSTEM_ROOT_RELOCATABLE conftest.c >&5
configure:12601: $? = 0
configure:12601: cc -c -O -O2 -no-cpp-precomp -DNETBSD_TOOLS -DTARGET_SYSTEM_ROOT=0  -DTARGET_SYSTEM_ROOT_RELOCATABLE conftest.c >&5
conftest.c:37:27: error: expected expression
if (sizeof ((int_fast32_t)))
                          ^
1 error generated.
configure:12601: $? = 1
configure: failed program was:
| /* confdefs.h */
| #define PACKAGE_NAME "package-unused"
| #define PACKAGE_TARNAME "libbacktrace"
| #define PACKAGE_VERSION "version-unused"
| #define PACKAGE_STRING "package-unused version-unused"
| #define PACKAGE_BUGREPORT ""
| #define PACKAGE_URL ""
| #define STDC_HEADERS 1
| #define HAVE_SYS_TYPES_H 1
| #define HAVE_SYS_STAT_H 1
| #define HAVE_STDLIB_H 1
| #define HAVE_STRING_H 1
| #define HAVE_MEMORY_H 1
| #define HAVE_STRINGS_H 1
| #define HAVE_INTTYPES_H 1
| #define HAVE_STDINT_H 1
| #define HAVE_UNISTD_H 1
| #define __EXTENSIONS__ 1
| #define _ALL_SOURCE 1
| #define _GNU_SOURCE 1
| #define _POSIX_PTHREAD_SEMANTICS 1
| #define _TANDEM_SOURCE 1
| #define HAVE_DLFCN_H 1
| #define LT_OBJDIR ".libs/"
| #define HAVE_GETIPINFO 1
| #define HAVE_SYNC_FUNCTIONS 1
| #define HAVE_ATOMIC_FUNCTIONS 1
| #define BACKTRACE_ELF_SIZE unused
| #define BACKTRACE_XCOFF_SIZE unused
| /* end confdefs.h.  */
| #include <sys/types.h>
| #include <stdint.h>
| 
| int
| main ()
| {
| if (sizeof ((int_fast32_t)))
| 	    return 0;
|   ;
|   return 0;
| }
configure:12601: result: yes
configure:12610: checking for uint64_t
configure:12610: cc -c -O -O2 -no-cpp-precomp -DNETBSD_TOOLS -DTARGET_SYSTEM_ROOT=0  -DTARGET_SYSTEM_ROOT_RELOCATABLE conftest.c >&5
configure:12610: $? = 0
configure:12610: cc -c -O -O2 -no-cpp-precomp -DNETBSD_TOOLS -DTARGET_SYSTEM_ROOT=0  -DTARGET_SYSTEM_ROOT_RELOCATABLE conftest.c >&5
conftest.c:37:23: error: expected expression
if (sizeof ((uint64_t)))
                      ^
1 error generated.
configure:12610: $? = 1
configure: failed program was:
| /* confdefs.h */
| #define PACKAGE_NAME "package-unused"
| #define PACKAGE_TARNAME "libbacktrace"
| #define PACKAGE_VERSION "version-unused"
| #define PACKAGE_STRING "package-unused version-unused"
| #define PACKAGE_BUGREPORT ""
| #define PACKAGE_URL ""
| #define STDC_HEADERS 1
| #define HAVE_SYS_TYPES_H 1
| #define HAVE_SYS_STAT_H 1
| #define HAVE_STDLIB_H 1
| #define HAVE_STRING_H 1
| #define HAVE_MEMORY_H 1
| #define HAVE_STRINGS_H 1
| #define HAVE_INTTYPES_H 1
| #define HAVE_STDINT_H 1
| #define HAVE_UNISTD_H 1
| #define __EXTENSIONS__ 1
| #define _ALL_SOURCE 1
| #define _GNU_SOURCE 1
| #define _POSIX_PTHREAD_SEMANTICS 1
| #define _TANDEM_SOURCE 1
| #define HAVE_DLFCN_H 1
| #define LT_OBJDIR ".libs/"
| #define HAVE_GETIPINFO 1
| #define HAVE_SYNC_FUNCTIONS 1
| #define HAVE_ATOMIC_FUNCTIONS 1
| #define BACKTRACE_ELF_SIZE unused
| #define BACKTRACE_XCOFF_SIZE unused
| /* end confdefs.h.  */
| #include <sys/types.h>
| #include <stdint.h>
| 
| int
| main ()
| {
| if (sizeof ((uint64_t)))
| 	    return 0;
|   ;
|   return 0;
| }
configure:12610: result: yes
configure:12691: checking what to include in gstdint.h
configure:12719: result: stdint.h (already complete)
configure:12965: checking sys/mman.h usability
configure:12965: cc -c -O -O2 -no-cpp-precomp -DNETBSD_TOOLS -DTARGET_SYSTEM_ROOT=0  -DTARGET_SYSTEM_ROOT_RELOCATABLE conftest.c >&5
configure:12965: $? = 0
configure:12965: result: yes
configure:12965: checking sys/mman.h presence
configure:12965: cc -E -DNETBSD_TOOLS -DTARGET_SYSTEM_ROOT=0  -DTARGET_SYSTEM_ROOT_RELOCATABLE conftest.c
configure:12965: $? = 0
configure:12965: result: yes
configure:12965: checking for sys/mman.h
configure:12965: result: yes
configure:12988: checking for mmap
configure:12988: cc -o conftest -O -O2 -no-cpp-precomp -DNETBSD_TOOLS -DTARGET_SYSTEM_ROOT=0  -DTARGET_SYSTEM_ROOT_RELOCATABLE   conftest.c  >&5
configure:12988: $? = 0
configure:12988: result: yes
configure:13011: cc -E -DNETBSD_TOOLS -DTARGET_SYSTEM_ROOT=0  -DTARGET_SYSTEM_ROOT_RELOCATABLE conftest.c
configure:13011: $? = 0
configure:13030: checking link.h usability
configure:13030: cc -c -O -O2 -no-cpp-precomp -DNETBSD_TOOLS -DTARGET_SYSTEM_ROOT=0  -DTARGET_SYSTEM_ROOT_RELOCATABLE conftest.c >&5
conftest.c:65:10: fatal error: 'link.h' file not found
#include <link.h>
         ^~~~~~~~
1 error generated.
configure:13030: $? = 1
configure: failed program was:
| /* confdefs.h */
| #define PACKAGE_NAME "package-unused"
| #define PACKAGE_TARNAME "libbacktrace"
| #define PACKAGE_VERSION "version-unused"
| #define PACKAGE_STRING "package-unused version-unused"
| #define PACKAGE_BUGREPORT ""
| #define PACKAGE_URL ""
| #define STDC_HEADERS 1
| #define HAVE_SYS_TYPES_H 1
| #define HAVE_SYS_STAT_H 1
| #define HAVE_STDLIB_H 1
| #define HAVE_STRING_H 1
| #define HAVE_MEMORY_H 1
| #define HAVE_STRINGS_H 1
| #define HAVE_INTTYPES_H 1
| #define HAVE_STDINT_H 1
| #define HAVE_UNISTD_H 1
| #define __EXTENSIONS__ 1
| #define _ALL_SOURCE 1
| #define _GNU_SOURCE 1
| #define _POSIX_PTHREAD_SEMANTICS 1
| #define _TANDEM_SOURCE 1
| #define HAVE_DLFCN_H 1
| #define LT_OBJDIR ".libs/"
| #define HAVE_GETIPINFO 1
| #define HAVE_SYNC_FUNCTIONS 1
| #define HAVE_ATOMIC_FUNCTIONS 1
| #define BACKTRACE_ELF_SIZE unused
| #define BACKTRACE_XCOFF_SIZE unused
| #define HAVE_SYS_MMAN_H 1
| /* end confdefs.h.  */
| #include <stdio.h>
| #ifdef HAVE_SYS_TYPES_H
| # include <sys/types.h>
| #endif
| #ifdef HAVE_SYS_STAT_H
| # include <sys/stat.h>
| #endif
| #ifdef STDC_HEADERS
| # include <stdlib.h>
| # include <stddef.h>
| #else
| # ifdef HAVE_STDLIB_H
| #  include <stdlib.h>
| # endif
| #endif
| #ifdef HAVE_STRING_H
| # if !defined STDC_HEADERS && defined HAVE_MEMORY_H
| #  include <memory.h>
| # endif
| # include <string.h>
| #endif
| #ifdef HAVE_STRINGS_H
| # include <strings.h>
| #endif
| #ifdef HAVE_INTTYPES_H
| # include <inttypes.h>
| #endif
| #ifdef HAVE_STDINT_H
| # include <stdint.h>
| #endif
| #ifdef HAVE_UNISTD_H
| # include <unistd.h>
| #endif
| #include <link.h>
configure:13030: result: no
configure:13030: checking link.h presence
configure:13030: cc -E -DNETBSD_TOOLS -DTARGET_SYSTEM_ROOT=0  -DTARGET_SYSTEM_ROOT_RELOCATABLE conftest.c
conftest.c:32:10: fatal error: 'link.h' file not found
#include <link.h>
         ^~~~~~~~
1 error generated.
configure:13030: $? = 1
configure: failed program was:
| /* confdefs.h */
| #define PACKAGE_NAME "package-unused"
| #define PACKAGE_TARNAME "libbacktrace"
| #define PACKAGE_VERSION "version-unused"
| #define PACKAGE_STRING "package-unused version-unused"
| #define PACKAGE_BUGREPORT ""
| #define PACKAGE_URL ""
| #define STDC_HEADERS 1
| #define HAVE_SYS_TYPES_H 1
| #define HAVE_SYS_STAT_H 1
| #define HAVE_STDLIB_H 1
| #define HAVE_STRING_H 1
| #define HAVE_MEMORY_H 1
| #define HAVE_STRINGS_H 1
| #define HAVE_INTTYPES_H 1
| #define HAVE_STDINT_H 1
| #define HAVE_UNISTD_H 1
| #define __EXTENSIONS__ 1
| #define _ALL_SOURCE 1
| #define _GNU_SOURCE 1
| #define _POSIX_PTHREAD_SEMANTICS 1
| #define _TANDEM_SOURCE 1
| #define HAVE_DLFCN_H 1
| #define LT_OBJDIR ".libs/"
| #define HAVE_GETIPINFO 1
| #define HAVE_SYNC_FUNCTIONS 1
| #define HAVE_ATOMIC_FUNCTIONS 1
| #define BACKTRACE_ELF_SIZE unused
| #define BACKTRACE_XCOFF_SIZE unused
| #define HAVE_SYS_MMAN_H 1
| /* end confdefs.h.  */
| #include <link.h>
configure:13030: result: no
configure:13030: checking for link.h
configure:13030: result: no
configure:13077: checking sys/ldr.h usability
configure:13077: cc -c -O -O2 -no-cpp-precomp -DNETBSD_TOOLS -DTARGET_SYSTEM_ROOT=0  -DTARGET_SYSTEM_ROOT_RELOCATABLE conftest.c >&5
conftest.c:65:10: fatal error: 'sys/ldr.h' file not found
#include <sys/ldr.h>
         ^~~~~~~~~~~
1 error generated.
configure:13077: $? = 1
configure: failed program was:
| /* confdefs.h */
| #define PACKAGE_NAME "package-unused"
| #define PACKAGE_TARNAME "libbacktrace"
| #define PACKAGE_VERSION "version-unused"
| #define PACKAGE_STRING "package-unused version-unused"
| #define PACKAGE_BUGREPORT ""
| #define PACKAGE_URL ""
| #define STDC_HEADERS 1
| #define HAVE_SYS_TYPES_H 1
| #define HAVE_SYS_STAT_H 1
| #define HAVE_STDLIB_H 1
| #define HAVE_STRING_H 1
| #define HAVE_MEMORY_H 1
| #define HAVE_STRINGS_H 1
| #define HAVE_INTTYPES_H 1
| #define HAVE_STDINT_H 1
| #define HAVE_UNISTD_H 1
| #define __EXTENSIONS__ 1
| #define _ALL_SOURCE 1
| #define _GNU_SOURCE 1
| #define _POSIX_PTHREAD_SEMANTICS 1
| #define _TANDEM_SOURCE 1
| #define HAVE_DLFCN_H 1
| #define LT_OBJDIR ".libs/"
| #define HAVE_GETIPINFO 1
| #define HAVE_SYNC_FUNCTIONS 1
| #define HAVE_ATOMIC_FUNCTIONS 1
| #define BACKTRACE_ELF_SIZE unused
| #define BACKTRACE_XCOFF_SIZE unused
| #define HAVE_SYS_MMAN_H 1
| /* end confdefs.h.  */
| #include <stdio.h>
| #ifdef HAVE_SYS_TYPES_H
| # include <sys/types.h>
| #endif
| #ifdef HAVE_SYS_STAT_H
| # include <sys/stat.h>
| #endif
| #ifdef STDC_HEADERS
| # include <stdlib.h>
| # include <stddef.h>
| #else
| # ifdef HAVE_STDLIB_H
| #  include <stdlib.h>
| # endif
| #endif
| #ifdef HAVE_STRING_H
| # if !defined STDC_HEADERS && defined HAVE_MEMORY_H
| #  include <memory.h>
| # endif
| # include <string.h>
| #endif
| #ifdef HAVE_STRINGS_H
| # include <strings.h>
| #endif
| #ifdef HAVE_INTTYPES_H
| # include <inttypes.h>
| #endif
| #ifdef HAVE_STDINT_H
| # include <stdint.h>
| #endif
| #ifdef HAVE_UNISTD_H
| # include <unistd.h>
| #endif
| #include <sys/ldr.h>
configure:13077: result: no
configure:13077: checking sys/ldr.h presence
configure:13077: cc -E -DNETBSD_TOOLS -DTARGET_SYSTEM_ROOT=0  -DTARGET_SYSTEM_ROOT_RELOCATABLE conftest.c
conftest.c:32:10: fatal error: 'sys/ldr.h' file not found
#include <sys/ldr.h>
         ^~~~~~~~~~~
1 error generated.
configure:13077: $? = 1
configure: failed program was:
| /* confdefs.h */
| #define PACKAGE_NAME "package-unused"
| #define PACKAGE_TARNAME "libbacktrace"
| #define PACKAGE_VERSION "version-unused"
| #define PACKAGE_STRING "package-unused version-unused"
| #define PACKAGE_BUGREPORT ""
| #define PACKAGE_URL ""
| #define STDC_HEADERS 1
| #define HAVE_SYS_TYPES_H 1
| #define HAVE_SYS_STAT_H 1
| #define HAVE_STDLIB_H 1
| #define HAVE_STRING_H 1
| #define HAVE_MEMORY_H 1
| #define HAVE_STRINGS_H 1
| #define HAVE_INTTYPES_H 1
| #define HAVE_STDINT_H 1
| #define HAVE_UNISTD_H 1
| #define __EXTENSIONS__ 1
| #define _ALL_SOURCE 1
| #define _GNU_SOURCE 1
| #define _POSIX_PTHREAD_SEMANTICS 1
| #define _TANDEM_SOURCE 1
| #define HAVE_DLFCN_H 1
| #define LT_OBJDIR ".libs/"
| #define HAVE_GETIPINFO 1
| #define HAVE_SYNC_FUNCTIONS 1
| #define HAVE_ATOMIC_FUNCTIONS 1
| #define BACKTRACE_ELF_SIZE unused
| #define BACKTRACE_XCOFF_SIZE unused
| #define HAVE_SYS_MMAN_H 1
| /* end confdefs.h.  */
| #include <sys/ldr.h>
configure:13077: result: no
configure:13077: checking for sys/ldr.h
configure:13077: result: no
configure:13128: checking for fcntl
configure:13128: cc -o conftest -O -O2 -no-cpp-precomp -DNETBSD_TOOLS -DTARGET_SYSTEM_ROOT=0  -DTARGET_SYSTEM_ROOT_RELOCATABLE   conftest.c  >&5
configure:13128: $? = 0
configure:13128: result: yes
configure:13142: checking whether strnlen is declared
configure:13142: cc -c -O -O2 -no-cpp-precomp -DNETBSD_TOOLS -DTARGET_SYSTEM_ROOT=0  -DTARGET_SYSTEM_ROOT_RELOCATABLE conftest.c >&5
configure:13142: $? = 0
configure:13142: result: yes
configure:13156: checking for lstat
configure:13156: cc -o conftest -O -O2 -no-cpp-precomp -DNETBSD_TOOLS -DTARGET_SYSTEM_ROOT=0  -DTARGET_SYSTEM_ROOT_RELOCATABLE   conftest.c  >&5
configure:13156: $? = 0
configure:13156: result: yes
configure:13156: checking for readlink
configure:13156: cc -o conftest -O -O2 -no-cpp-precomp -DNETBSD_TOOLS -DTARGET_SYSTEM_ROOT=0  -DTARGET_SYSTEM_ROOT_RELOCATABLE   conftest.c  >&5
configure:13156: $? = 0
configure:13156: result: yes
configure:13173: checking for getexecname
configure:13173: cc -o conftest -O -O2 -no-cpp-precomp -DNETBSD_TOOLS -DTARGET_SYSTEM_ROOT=0  -DTARGET_SYSTEM_ROOT_RELOCATABLE   conftest.c  >&5
Undefined symbols for architecture x86_64:
  "_getexecname", referenced from:
      _main in conftest-db85b0.o
ld: symbol(s) not found for architecture x86_64
clang: error: linker command failed with exit code 1 (use -v to see invocation)
configure:13173: $? = 1
configure: failed program was:
| /* confdefs.h */
| #define PACKAGE_NAME "package-unused"
| #define PACKAGE_TARNAME "libbacktrace"
| #define PACKAGE_VERSION "version-unused"
| #define PACKAGE_STRING "package-unused version-unused"
| #define PACKAGE_BUGREPORT ""
| #define PACKAGE_URL ""
| #define STDC_HEADERS 1
| #define HAVE_SYS_TYPES_H 1
| #define HAVE_SYS_STAT_H 1
| #define HAVE_STDLIB_H 1
| #define HAVE_STRING_H 1
| #define HAVE_MEMORY_H 1
| #define HAVE_STRINGS_H 1
| #define HAVE_INTTYPES_H 1
| #define HAVE_STDINT_H 1
| #define HAVE_UNISTD_H 1
| #define __EXTENSIONS__ 1
| #define _ALL_SOURCE 1
| #define _GNU_SOURCE 1
| #define _POSIX_PTHREAD_SEMANTICS 1
| #define _TANDEM_SOURCE 1
| #define HAVE_DLFCN_H 1
| #define LT_OBJDIR ".libs/"
| #define HAVE_GETIPINFO 1
| #define HAVE_SYNC_FUNCTIONS 1
| #define HAVE_ATOMIC_FUNCTIONS 1
| #define BACKTRACE_ELF_SIZE unused
| #define BACKTRACE_XCOFF_SIZE unused
| #define HAVE_SYS_MMAN_H 1
| #define HAVE_FCNTL 1
| #define HAVE_DECL_STRNLEN 1
| #define HAVE_LSTAT 1
| #define HAVE_READLINK 1
| /* end confdefs.h.  */
| /* Define getexecname to an innocuous variant, in case <limits.h> declares getexecname.
|    For example, HP-UX 11i <limits.h> declares gettimeofday.  */
| #define getexecname innocuous_getexecname
| 
| /* System header to define __stub macros and hopefully few prototypes,
|     which can conflict with char getexecname (); below.
|     Prefer <limits.h> to <assert.h> if __STDC__ is defined, since
|     <limits.h> exists even on freestanding compilers.  */
| 
| #ifdef __STDC__
| # include <limits.h>
| #else
| # include <assert.h>
| #endif
| 
| #undef getexecname
| 
| /* Override any GCC internal prototype to avoid an error.
|    Use char because int might match the return type of a GCC
|    builtin and then its argument prototype would still apply.  */
| #ifdef __cplusplus
| extern "C"
| #endif
| char getexecname ();
| /* The GNU C library defines this for functions which it implements
|     to always fail with ENOSYS.  Some functions are actually named
|     something starting with __ and the normal name is an alias.  */
| #if defined __stub_getexecname || defined __stub___getexecname
| choke me
| #endif
| 
| int
| main ()
| {
| return getexecname ();
|   ;
|   return 0;
| }
configure:13173: result: no
configure:13190: checking for clock_gettime
configure:13190: cc -o conftest -O -O2 -no-cpp-precomp -DNETBSD_TOOLS -DTARGET_SYSTEM_ROOT=0  -DTARGET_SYSTEM_ROOT_RELOCATABLE   conftest.c  >&5
configure:13190: $? = 0
configure:13190: result: yes
configure:13251: checking whether -pthread is supported
configure:13262: cc -c -O -O2 -no-cpp-precomp -pthread -DNETBSD_TOOLS -DTARGET_SYSTEM_ROOT=0  -DTARGET_SYSTEM_ROOT_RELOCATABLE conftest.c >&5
configure:13262: $? = 0
configure:13270: result: yes
configure:13287: checking whether -gdwarf-5 is supported
configure:13305: cc -o conftest -O -O2 -no-cpp-precomp -gdwarf-5 -DNETBSD_TOOLS -DTARGET_SYSTEM_ROOT=0  -DTARGET_SYSTEM_ROOT_RELOCATABLE   conftest.c  >&5
configure:13305: $? = 0
configure:13314: result: yes
configure:13325: checking for compress in -lz
configure:13350: cc -o conftest -O -O2 -no-cpp-precomp -DNETBSD_TOOLS -DTARGET_SYSTEM_ROOT=0  -DTARGET_SYSTEM_ROOT_RELOCATABLE   conftest.c -lz   >&5
configure:13350: $? = 0
configure:13359: result: yes
configure:13376: checking whether --compress-debug-sections is supported
configure:13394: cc -o conftest -O -O2 -no-cpp-precomp -DNETBSD_TOOLS -DTARGET_SYSTEM_ROOT=0  -DTARGET_SYSTEM_ROOT_RELOCATABLE   -Wl,--compress-debug-sections=zlib-gnu conftest.c  >&5
ld: unknown option: --compress-debug-sections=zlib-gnu
clang: error: linker command failed with exit code 1 (use -v to see invocation)
configure:13394: $? = 1
configure: failed program was:
| /* confdefs.h */
| #define PACKAGE_NAME "package-unused"
| #define PACKAGE_TARNAME "libbacktrace"
| #define PACKAGE_VERSION "version-unused"
| #define PACKAGE_STRING "package-unused version-unused"
| #define PACKAGE_BUGREPORT ""
| #define PACKAGE_URL ""
| #define STDC_HEADERS 1
| #define HAVE_SYS_TYPES_H 1
| #define HAVE_SYS_STAT_H 1
| #define HAVE_STDLIB_H 1
| #define HAVE_STRING_H 1
| #define HAVE_MEMORY_H 1
| #define HAVE_STRINGS_H 1
| #define HAVE_INTTYPES_H 1
| #define HAVE_STDINT_H 1
| #define HAVE_UNISTD_H 1
| #define __EXTENSIONS__ 1
| #define _ALL_SOURCE 1
| #define _GNU_SOURCE 1
| #define _POSIX_PTHREAD_SEMANTICS 1
| #define _TANDEM_SOURCE 1
| #define HAVE_DLFCN_H 1
| #define LT_OBJDIR ".libs/"
| #define HAVE_GETIPINFO 1
| #define HAVE_SYNC_FUNCTIONS 1
| #define HAVE_ATOMIC_FUNCTIONS 1
| #define BACKTRACE_ELF_SIZE unused
| #define BACKTRACE_XCOFF_SIZE unused
| #define HAVE_SYS_MMAN_H 1
| #define HAVE_FCNTL 1
| #define HAVE_DECL_STRNLEN 1
| #define HAVE_LSTAT 1
| #define HAVE_READLINK 1
| #define HAVE_CLOCK_GETTIME 1
| #define HAVE_ZLIB 1
| /* end confdefs.h.  */
| 
| int
| main ()
| {
| 
|   ;
|   return 0;
| }
configure:13403: result: no
configure:13417: checking for objcopy
configure:13447: result: no
configure:13454: checking for readelf
configure:13481: result: readelf
configure:13489: checking whether objcopy supports debuglink
configure:13503: result: no
configure:13514: checking whether tests can run
configure:13533: cc -o conftest -O -O2 -no-cpp-precomp -DNETBSD_TOOLS -DTARGET_SYSTEM_ROOT=0  -DTARGET_SYSTEM_ROOT_RELOCATABLE   conftest.c  >&5
configure:13533: $? = 0
configure:13533: ./conftest
configure:13533: $? = 0
configure:13543: result: yes
configure:13634: updating cache ./config.cache
configure:13678: checking that generated files are newer than configure
configure:13684: result: done
configure:13735: creating ./config.status

## ---------------------- ##
## Running config.status. ##
## ---------------------- ##

This file was extended by package-unused config.status version-unused, which was
generated by GNU Autoconf 2.69.  Invocation command line was

  CONFIG_FILES    = 
  CONFIG_HEADERS  = 
  CONFIG_LINKS    = 
  CONFIG_COMMANDS = 
  $ ./config.status 

on Sid-Qians-MacBook-Pro-2.local

config.status:1150: creating Makefile
config.status:1150: creating backtrace-supported.h
config.status:1150: creating install-debuginfo-for-buildid.sh
config.status:1150: creating config.h
config.status:1364: executing libtool commands
config.status:1364: executing gstdint.h commands
config.status:1364: executing default commands

## ---------------- ##
## Cache variables. ##
## ---------------- ##

ac_cv_build=x86_64-apple-darwin22.1.0
ac_cv_c_compiler_gnu=yes
ac_cv_env_CC_set=set
ac_cv_env_CC_value=cc
ac_cv_env_CFLAGS_set=set
ac_cv_env_CFLAGS_value='-O -O2 -no-cpp-precomp'
ac_cv_env_CPPFLAGS_set=set
ac_cv_env_CPPFLAGS_value='-DNETBSD_TOOLS -DTARGET_SYSTEM_ROOT=0  -DTARGET_SYSTEM_ROOT_RELOCATABLE'
ac_cv_env_CPP_set=
ac_cv_env_CPP_value=
ac_cv_env_LDFLAGS_set=set
ac_cv_env_LDFLAGS_value=' '
ac_cv_env_LIBS_set=
ac_cv_env_LIBS_value=
ac_cv_env_OBJCOPY_set=set
ac_cv_env_OBJCOPY_value=
ac_cv_env_build_alias_set=set
ac_cv_env_build_alias_value=x86_64-apple-darwin22.1.0
ac_cv_env_host_alias_set=set
ac_cv_env_host_alias_value=x86_64-apple-darwin22.1.0
ac_cv_env_target_alias_set=set
ac_cv_env_target_alias_value=m68k--netbsdelf
ac_cv_func__Unwind_Backtrace=yes
ac_cv_func_clock_gettime=yes
ac_cv_func_fcntl=yes
ac_cv_func_getexecname=no
ac_cv_func_lstat=yes
ac_cv_func_mmap=yes
ac_cv_func_readlink=yes
ac_cv_have_decl_strnlen=yes
ac_cv_header_dlfcn_h=yes
ac_cv_header_inttypes_h=yes
ac_cv_header_link_h=no
ac_cv_header_memory_h=yes
ac_cv_header_minix_config_h=no
ac_cv_header_stdc=yes
ac_cv_header_stdint_h=yes
ac_cv_header_stdlib_h=yes
ac_cv_header_string_h=yes
ac_cv_header_strings_h=yes
ac_cv_header_sys_ldr_h=no
ac_cv_header_sys_mman_h=yes
ac_cv_header_sys_stat_h=yes
ac_cv_header_sys_types_h=yes
ac_cv_header_unistd_h=yes
ac_cv_header_unwind_h=yes
ac_cv_host=x86_64-apple-darwin22.1.0
ac_cv_lib_z_compress=yes
ac_cv_objext=o
ac_cv_path_EGREP='/usr/bin/grep -E'
ac_cv_path_FGREP='/usr/bin/grep -F'
ac_cv_path_GREP=/usr/bin/grep
ac_cv_path_SED=/usr/bin/sed
ac_cv_prog_AR=ar
ac_cv_prog_AWK=/Users/sidqian/Downloads/summer/L2S/netbsd-src/build/obj/tooldir.Darwin-22.1.0-x86_64/bin/nbawk
ac_cv_prog_CC=cc
ac_cv_prog_CPP='cc -E'
ac_cv_prog_DSYMUTIL=dsymutil
ac_cv_prog_OBJDUMP=objdump
ac_cv_prog_OTOOL=otool
ac_cv_prog_RANLIB=ranlib
ac_cv_prog_READELF=readelf
ac_cv_prog_ac_ct_LIPO=lipo
ac_cv_prog_ac_ct_NMEDIT=nmedit
ac_cv_prog_ac_ct_STRIP=strip
ac_cv_prog_cc_c89=
ac_cv_prog_cc_g=yes
ac_cv_prog_make__Users_sidqian_Downloads_summer_L2S_netbsd_src_build_obj_tooldir_Darwin_22_1_0_x86_64_bin_nbgmake_set=yes
ac_cv_safe_to_define___extensions__=yes
ac_cv_sys_file_offset_bits=no
ac_cv_sys_largefile_CC=no
ac_cv_target=m68k--netbsdelf
ac_cv_type_int_fast32_t=yes
ac_cv_type_int_least32_t=yes
ac_cv_type_u_int64_t=no
ac_cv_type_uint64_t=yes
ac_cv_type_uintmax_t=yes
ac_cv_type_uintptr_t=yes
acx_cv_header_stdint=stdint.h
acx_cv_header_stdint_kind='(already complete)'
acx_cv_prog_cc_warning__W=yes
acx_cv_prog_cc_warning__Wall=yes
acx_cv_prog_cc_warning__Wcast_qual=yes
acx_cv_prog_cc_warning__Wmissing_format_attribute=yes
acx_cv_prog_cc_warning__Wmissing_prototypes=yes
acx_cv_prog_cc_warning__Wold_style_definition=yes
acx_cv_prog_cc_warning__Wstrict_prototypes=yes
acx_cv_prog_cc_warning__Wwrite_strings=yes
am_cv_make_support_nested_variables=yes
am_cv_prog_cc_c_o=yes
gcc_cv_as_sparc_gotdata_op=no
gcc_cv_libc_provides_ssp=yes
libbacktrace_cv_c_random_seed_string=yes
libbacktrace_cv_c_unwind_tables=yes
libbacktrace_cv_lib_dwarf5=yes
libbacktrace_cv_objcopy_debuglink=no
libbacktrace_cv_sys_atomic=yes
libbacktrace_cv_sys_filetype=
libbacktrace_cv_sys_native=yes
libbacktrace_cv_sys_sync=yes
libgo_cv_ld_compress=no
libgo_cv_lib_pthread=yes
lt_cv_apple_cc_single_mod=yes
lt_cv_deplibs_check_method=pass_all
lt_cv_file_magic_cmd='$MAGIC_CMD'
lt_cv_file_magic_test_file=
lt_cv_ld_exported_symbols_list=yes
lt_cv_ld_force_load=yes
lt_cv_ld_reload_flag=-r
lt_cv_nm_interface='BSD nm'
lt_cv_objdir=.libs
lt_cv_path_LD=/Applications/Xcode.app/Contents/Developer/Toolchains/XcodeDefault.xctoolchain/usr/bin/ld
lt_cv_path_NM=nm
lt_cv_prog_compiler_c_o=yes
lt_cv_prog_compiler_pic_works=yes
lt_cv_prog_compiler_rtti_exceptions=yes
lt_cv_prog_compiler_static_works=no
lt_cv_prog_gnu_ld=no
lt_cv_sys_global_symbol_pipe='sed -n -e '\''s/^.*[	 ]\([ABCDGIRSTW][ABCDGIRSTW]*\)[	 ][	 ]*_\([_A-Za-z][_A-Za-z0-9]*\)$/\1 _\2 \2/p'\'''
lt_cv_sys_global_symbol_to_c_name_address='sed -n -e '\''s/^: \([^ ]*\) $/  {\"\1\", (void *) 0},/p'\'' -e '\''s/^[ABCDGIRSTW]* \([^ ]*\) \([^ ]*\)$/  {"\2", (void *) \&\2},/p'\'''
lt_cv_sys_global_symbol_to_c_name_address_lib_prefix='sed -n -e '\''s/^: \([^ ]*\) $/  {\"\1\", (void *) 0},/p'\'' -e '\''s/^[ABCDGIRSTW]* \([^ ]*\) \(lib[^ ]*\)$/  {"\2", (void *) \&\2},/p'\'' -e '\''s/^[ABCDGIRSTW]* \([^ ]*\) \([^ ]*\)$/  {"lib\2", (void *) \&\2},/p'\'''
lt_cv_sys_global_symbol_to_cdecl='sed -n -e '\''s/^T .* \(.*\)$/extern int \1();/p'\'' -e '\''s/^[ABCDGIRSTW]* .* \(.*\)$/extern char \1;/p'\'''
lt_cv_sys_max_cmd_len=786432

## ----------------- ##
## Output variables. ##
## ----------------- ##

ACLOCAL='${SHELL} /Users/sidqian/Downloads/summer/L2S/netbsd-src/external/gpl3/gcc.old/dist/missing aclocal-1.15'
ALLOC_FILE='mmap.lo'
AMTAR='$${TAR-tar}'
AM_BACKSLASH='\'
AM_DEFAULT_V='$(AM_DEFAULT_VERBOSITY)'
AM_DEFAULT_VERBOSITY='1'
AM_V='$(V)'
AR='ar'
AUTOCONF='${SHELL} /Users/sidqian/Downloads/summer/L2S/netbsd-src/external/gpl3/gcc.old/dist/missing autoconf'
AUTOHEADER='${SHELL} /Users/sidqian/Downloads/summer/L2S/netbsd-src/external/gpl3/gcc.old/dist/missing autoheader'
AUTOMAKE='${SHELL} /Users/sidqian/Downloads/summer/L2S/netbsd-src/external/gpl3/gcc.old/dist/missing automake-1.15'
AWK='/Users/sidqian/Downloads/summer/L2S/netbsd-src/build/obj/tooldir.Darwin-22.1.0-x86_64/bin/nbawk'
BACKTRACE_FILE='backtrace.lo simple.lo'
BACKTRACE_SUPPORTED='0'
BACKTRACE_SUPPORTS_DATA='1'
BACKTRACE_SUPPORTS_THREADS='1'
BACKTRACE_USES_MALLOC='0'
CC='cc'
CFLAGS='-O -O2 -no-cpp-precomp'
CLOCK_GETTIME_LINK=''
CPP='cc -E'
CPPFLAGS='-DNETBSD_TOOLS -DTARGET_SYSTEM_ROOT=0  -DTARGET_SYSTEM_ROOT_RELOCATABLE'
CYGPATH_W='echo'
DEFS='-DHAVE_CONFIG_H'
DSYMUTIL='dsymutil'
DUMPBIN=''
DWZ=''
ECHO_C='\c'
ECHO_N=''
ECHO_T=''
EGREP='/usr/bin/grep -E'
EXEEXT=''
EXTRA_FLAGS='-funwind-tables -frandom-seed=$@'
FGREP='/usr/bin/grep -F'
FORMAT_FILE='unknown.lo'
GREP='/usr/bin/grep'
HAVE_COMPRESSED_DEBUG_FALSE=''
HAVE_COMPRESSED_DEBUG_TRUE='#'
HAVE_DWARF5_FALSE='#'
HAVE_DWARF5_TRUE=''
HAVE_DWZ_FALSE=''
HAVE_DWZ_TRUE='#'
HAVE_ELF_FALSE=''
HAVE_ELF_TRUE='#'
HAVE_OBJCOPY_DEBUGLINK_FALSE=''
HAVE_OBJCOPY_DEBUGLINK_TRUE='#'
HAVE_PTHREAD_FALSE='#'
HAVE_PTHREAD_TRUE=''
HAVE_ZLIB_FALSE='#'
HAVE_ZLIB_TRUE=''
INSTALL_DATA='${INSTALL} -m 644'
INSTALL_PROGRAM='${INSTALL}'
INSTALL_SCRIPT='${INSTALL}'
INSTALL_STRIP_PROGRAM='$(install_sh) -c -s'
LD='/Applications/Xcode.app/Contents/Developer/Toolchains/XcodeDefault.xctoolchain/usr/bin/ld'
LDFLAGS=' '
LIBOBJS=''
LIBS=''
LIBTOOL='$(SHELL) $(top_builddir)/libtool'
LIPO='lipo'
LN_S='ln -s'
LTLIBOBJS=''
MAINT='#'
MAINTAINER_MODE_FALSE=''
MAINTAINER_MODE_TRUE='#'
MAKEINFO='/Users/sidqian/Downloads/summer/L2S/netbsd-src/build/obj/tooldir.Darwin-22.1.0-x86_64/bin/nbmakeinfo'
MKDIR_P='/bin/sh /Users/sidqian/Downloads/summer/L2S/netbsd-src/tools/gcc/../../external/gpl3/gcc.old/dist/libbacktrace/../install-sh -c -d'
NATIVE_FALSE='#'
NATIVE_TRUE=''
NM='nm'
NMEDIT='nmedit'
OBJCOPY=''
OBJDUMP='objdump'
OBJEXT='o'
OTOOL64=':'
OTOOL='otool'
PACKAGE='libbacktrace'
PACKAGE_BUGREPORT=''
PACKAGE_NAME='package-unused'
PACKAGE_STRING='package-unused version-unused'
PACKAGE_TARNAME='libbacktrace'
PACKAGE_URL=''
PACKAGE_VERSION='version-unused'
PATH_SEPARATOR=':'
PIC_FLAG=''
PTHREAD_CFLAGS='-pthread'
RANLIB='ranlib'
READELF='readelf'
SED='/usr/bin/sed'
SET_MAKE=''
SHELL='/bin/sh'
STRIP='strip'
VERSION='version-unused'
VIEW_FILE='mmapio.lo'
WARN_FLAGS='-W -Wall -Wwrite-strings -Wstrict-prototypes -Wmissing-prototypes -Wold-style-definition -Wmissing-format-attribute -Wcast-qual'
ac_ct_CC=''
ac_ct_DUMPBIN=''
am__EXEEXT_FALSE=''
am__EXEEXT_TRUE='#'
am__isrc=' -I$(srcdir)'
am__leading_dot='.'
am__tar='$${TAR-tar} chof - "$$tardir"'
am__untar='$${TAR-tar} xf -'
bindir='${exec_prefix}/bin'
build='x86_64-apple-darwin22.1.0'
build_alias='x86_64-apple-darwin22.1.0'
build_cpu='x86_64'
build_os='darwin22.1.0'
build_vendor='apple'
datadir='${datarootdir}'
datarootdir='${prefix}/share'
docdir='${datarootdir}/doc/${PACKAGE_TARNAME}'
dvidir='${docdir}'
exec_prefix='${prefix}'
host='x86_64-apple-darwin22.1.0'
host_alias='x86_64-apple-darwin22.1.0'
host_cpu='x86_64'
host_os='darwin22.1.0'
host_vendor='apple'
htmldir='${docdir}'
includedir='${prefix}/include'
infodir='${datarootdir}/info'
install_sh='${SHELL} /Users/sidqian/Downloads/summer/L2S/netbsd-src/external/gpl3/gcc.old/dist/install-sh'
libdir='${exec_prefix}/lib'
libexecdir='${exec_prefix}/libexec'
libtool_VERSION='1:0:0'
localedir='${datarootdir}/locale'
localstatedir='${prefix}/var'
mandir='${datarootdir}/man'
mkdir_p='$(MKDIR_P)'
multi_basedir=''
oldincludedir='/usr/include'
pdfdir='${docdir}'
prefix='/Users/sidqian/Downloads/summer/L2S/netbsd-src/build/obj/tooldir.Darwin-22.1.0-x86_64'
program_transform_name='s,^,m68k--netbsdelf-,'
psdir='${docdir}'
sbindir='${exec_prefix}/sbin'
sharedstatedir='${prefix}/com'
sysconfdir='${prefix}/etc'
target='m68k--netbsdelf'
target_alias='m68k--netbsdelf'
target_cpu='m68k'
target_os='netbsdelf'
target_vendor=''

## ----------- ##
## confdefs.h. ##
## ----------- ##

/* confdefs.h */
#define PACKAGE_NAME "package-unused"
#define PACKAGE_TARNAME "libbacktrace"
#define PACKAGE_VERSION "version-unused"
#define PACKAGE_STRING "package-unused version-unused"
#define PACKAGE_BUGREPORT ""
#define PACKAGE_URL ""
#define STDC_HEADERS 1
#define HAVE_SYS_TYPES_H 1
#define HAVE_SYS_STAT_H 1
#define HAVE_STDLIB_H 1
#define HAVE_STRING_H 1
#define HAVE_MEMORY_H 1
#define HAVE_STRINGS_H 1
#define HAVE_INTTYPES_H 1
#define HAVE_STDINT_H 1
#define HAVE_UNISTD_H 1
#define __EXTENSIONS__ 1
#define _ALL_SOURCE 1
#define _GNU_SOURCE 1
#define _POSIX_PTHREAD_SEMANTICS 1
#define _TANDEM_SOURCE 1
#define HAVE_DLFCN_H 1
#define LT_OBJDIR ".libs/"
#define HAVE_GETIPINFO 1
#define HAVE_SYNC_FUNCTIONS 1
#define HAVE_ATOMIC_FUNCTIONS 1
#define BACKTRACE_ELF_SIZE unused
#define BACKTRACE_XCOFF_SIZE unused
#define HAVE_SYS_MMAN_H 1
#define HAVE_FCNTL 1
#define HAVE_DECL_STRNLEN 1
#define HAVE_LSTAT 1
#define HAVE_READLINK 1
#define HAVE_CLOCK_GETTIME 1
#define HAVE_ZLIB 1

configure: exit 0
