This file contains any messages produced by compilers while
running configure, to aid debugging if configure makes a mistake.

It was created by zlib configure 1.1.4, which was
generated by GNU Autoconf 2.69.  Invocation command line was

  $ /Users/sidqian/Downloads/summer/L2S/netbsd-src/external/gpl3/binutils/dist/zlib/configure --srcdir=/Users/sidqian/Downloads/summer/L2S/netbsd-src/tools/binutils/../../external/gpl3/binutils/dist/zlib --cache-file=./config.cache --with-gnu-as --with-gnu-ld --disable-nls --disable-werror --enable-initfini-array=yes --enable-default-execstack=no --with-pkgversion=NetBSD Binutils nb1 --with-bugurl=http://www.NetBSD.org/support/send-pr.html --with-lib-path==/usr/lib --with-sysroot --prefix=/Users/sidqian/Downloads/summer/L2S/netbsd-src/build/obj/tooldir.Darwin-22.1.0-x86_64 --program-transform-name=s,^,m68k--netbsdelf-, --disable-option-checking --build=x86_64-apple-darwin22.1.0 --host=x86_64-apple-darwin22.1.0 --target=m68k--netbsdelf

## --------- ##
## Platform. ##
## --------- ##

hostname = Sid-Qians-MacBook-Pro-2.local
uname -m = x86_64
uname -r = 22.1.0
uname -s = Darwin
uname -v = Darwin Kernel Version 22.1.0: Sun Oct  9 20:14:54 PDT 2022; root:xnu-8792.41.9~2/RELEASE_X86_64

/usr/bin/uname -p = i386
/bin/uname -X     = unknown

/bin/arch              = unknown
/usr/bin/arch -k       = unknown
/usr/convex/getsysinfo = unknown
/usr/bin/hostinfo      = Mach kernel version:
	 Darwin Kernel Version 22.1.0: Sun Oct  9 20:14:54 PDT 2022; root:xnu-8792.41.9~2/RELEASE_X86_64
Kernel configured for up to 8 processors.
4 processors are physically available.
8 processors are logically available.
Processor type: x86_64h (Intel x86-64h Haswell)
Processors active: 0 1 2 3 4 5 6 7
Primary memory available: 16.00 gigabytes
Default processor set: 674 tasks, 3056 threads, 8 processors
Load average: 3.49, Mach factor: 4.49
/bin/machine           = unknown
/usr/bin/oslevel       = unknown
/bin/universe          = unknown

PATH: /Users/sidqian/Downloads/summer/L2S/netbsd-src/build/obj/tooldir.Darwin-22.1.0-x86_64/bin
PATH: /usr/local/bin
PATH: /System/Cryptexes/App/usr/bin
PATH: /usr/bin
PATH: /bin
PATH: /usr/sbin
PATH: /sbin
PATH: /Library/Apple/usr/bin
PATH: /Users/sidqian/ch-darwin-amd64
PATH: /Users/sidqian/ch-darwin-amd64
PATH: /Users/sidqian/Downloads/flutter/bin


## ----------- ##
## Core tests. ##
## ----------- ##

configure:2154: creating cache ./config.cache
configure:2308: checking build system type
configure:2322: result: x86_64-apple-darwin22.1.0
configure:2342: checking host system type
configure:2355: result: x86_64-apple-darwin22.1.0
configure:2375: checking target system type
configure:2388: result: m68k--netbsdelf
configure:2436: checking for a BSD-compatible install
configure:2504: result: /Users/sidqian/Downloads/summer/L2S/netbsd-src/build/obj/tooldir.Darwin-22.1.0-x86_64/bin/m68k--netbsdelf-install -c  -r
configure:2515: checking whether build environment is sane
configure:2570: result: yes
configure:2716: checking for a thread-safe mkdir -p
configure:2755: result: /Users/sidqian/Downloads/summer/L2S/netbsd-src/build/obj/tooldir.Darwin-22.1.0-x86_64/bin/m68k--netbsdelf-install -d -p
configure:2762: checking for gawk
configure:2789: result: /Users/sidqian/Downloads/summer/L2S/netbsd-src/build/obj/tooldir.Darwin-22.1.0-x86_64/bin/nbawk
configure:2800: checking whether /Users/sidqian/Downloads/summer/L2S/netbsd-src/build/obj/tooldir.Darwin-22.1.0-x86_64/bin/nbmake sets $(MAKE)
configure:2822: result: yes
configure:2851: checking whether /Users/sidqian/Downloads/summer/L2S/netbsd-src/build/obj/tooldir.Darwin-22.1.0-x86_64/bin/nbmake supports nested variables
configure:2868: result: yes
configure:3019: checking whether /Users/sidqian/Downloads/summer/L2S/netbsd-src/build/obj/tooldir.Darwin-22.1.0-x86_64/bin/nbmake supports nested variables
configure:3036: result: yes
configure:3049: checking whether to enable maintainer-specific portions of Makefiles
configure:3058: result: no
configure:3129: checking for x86_64-apple-darwin22.1.0-gcc
configure:3156: result: cc
configure:3425: checking for C compiler version
configure:3434: cc --version >&5
Apple clang version 14.0.3 (clang-1403.0.22.14.1)
Target: x86_64-apple-darwin22.1.0
Thread model: posix
InstalledDir: /Applications/Xcode.app/Contents/Developer/Toolchains/XcodeDefault.xctoolchain/usr/bin
configure:3445: $? = 0
configure:3434: cc -v >&5
Apple clang version 14.0.3 (clang-1403.0.22.14.1)
Target: x86_64-apple-darwin22.1.0
Thread model: posix
InstalledDir: /Applications/Xcode.app/Contents/Developer/Toolchains/XcodeDefault.xctoolchain/usr/bin
configure:3445: $? = 0
configure:3434: cc -V >&5
clang: error: argument to '-V' is missing (expected 1 value)
clang: error: no input files
configure:3445: $? = 1
configure:3434: cc -qversion >&5
clang: error: unknown argument '-qversion'; did you mean '--version'?
clang: error: no input files
configure:3445: $? = 1
configure:3461: cc -o conftest -O -O2 -no-cpp-precomp       conftest.c  >&5
configure:3464: $? = 0
configure:3493: checking whether the C compiler works
configure:3515: cc -O -O2 -no-cpp-precomp       conftest.c  >&5
configure:3519: $? = 0
configure:3567: result: yes
configure:3570: checking for C compiler default output file name
configure:3572: result: a.out
configure:3578: checking for suffix of executables
configure:3585: cc -o conftest -O -O2 -no-cpp-precomp       conftest.c  >&5
configure:3589: $? = 0
configure:3611: result: 
configure:3633: checking whether we are cross compiling
configure:3641: cc -o conftest -O -O2 -no-cpp-precomp       conftest.c  >&5
configure:3645: $? = 0
configure:3652: ./conftest
configure:3656: $? = 0
configure:3671: result: no
configure:3677: checking for suffix of object files
configure:3699: cc -c -O -O2 -no-cpp-precomp    conftest.c >&5
configure:3703: $? = 0
configure:3724: result: o
configure:3728: checking whether we are using the GNU C compiler
configure:3747: cc -c -O -O2 -no-cpp-precomp    conftest.c >&5
configure:3747: $? = 0
configure:3756: result: yes
configure:3765: checking whether cc accepts -g
configure:3785: cc -c -g  conftest.c >&5
configure:3785: $? = 0
configure:3826: result: yes
configure:3843: checking for cc option to accept ISO C89
configure:3906: cc  -c -O -O2 -no-cpp-precomp    conftest.c >&5
conftest.c:17:14: warning: a function declaration without a prototype is deprecated in all versions of C and is not supported in C2x [-Wdeprecated-non-prototype]
static char *e (p, i)
             ^
1 warning generated.
configure:3906: $? = 0
configure:3919: result: none needed
configure:3944: checking whether cc understands -c and -o together
configure:3966: cc -c conftest.c -o conftest2.o
configure:3969: $? = 0
configure:3966: cc -c conftest.c -o conftest2.o
configure:3969: $? = 0
configure:3981: result: yes
configure:4001: checking whether /Users/sidqian/Downloads/summer/L2S/netbsd-src/build/obj/tooldir.Darwin-22.1.0-x86_64/bin/nbmake supports the include directive
configure:4016: /Users/sidqian/Downloads/summer/L2S/netbsd-src/build/obj/tooldir.Darwin-22.1.0-x86_64/bin/nbmake -f confmf.GNU && cat confinc.out
this is the am__doit target
configure:4019: $? = 0
configure:4038: result: yes (GNU style)
configure:4063: checking dependency style of cc
configure:4174: result: gcc3
configure:4239: checking how to print strings
configure:4266: result: printf
configure:4287: checking for a sed that does not truncate output
configure:4351: result: /usr/bin/sed
configure:4369: checking for grep that handles long lines and -e
configure:4427: result: /usr/bin/grep
configure:4432: checking for egrep
configure:4494: result: /usr/bin/grep -E
configure:4499: checking for fgrep
configure:4561: result: /usr/bin/grep -F
configure:4596: checking for ld used by cc
configure:4663: result: /Applications/Xcode.app/Contents/Developer/Toolchains/XcodeDefault.xctoolchain/usr/bin/ld
configure:4670: checking if the linker (/Applications/Xcode.app/Contents/Developer/Toolchains/XcodeDefault.xctoolchain/usr/bin/ld) is GNU ld
configure:4685: result: no
configure:4697: checking for BSD- or MS-compatible name lister (nm)
configure:4753: result: /usr/bin/nm
configure:4883: checking the name lister (/usr/bin/nm) interface
configure:4890: cc -c -O -O2 -no-cpp-precomp    conftest.c >&5
configure:4893: /usr/bin/nm "conftest.o"
configure:4896: output
0000000000000000 S _some_variable
configure:4903: result: BSD nm
configure:4906: checking whether ln -s works
configure:4910: result: yes
configure:4918: checking the maximum length of command line arguments
configure:5043: result: 786432
configure:5060: checking whether the shell understands some XSI constructs
configure:5070: result: yes
configure:5074: checking whether the shell understands "+="
configure:5080: result: yes
configure:5115: checking for /Applications/Xcode.app/Contents/Developer/Toolchains/XcodeDefault.xctoolchain/usr/bin/ld option to reload object files
configure:5122: result: -r
configure:5151: checking for x86_64-apple-darwin22.1.0-objdump
configure:5178: result: objdump
configure:5250: checking how to recognize dependent libraries
configure:5451: result: pass_all
configure:5484: checking for x86_64-apple-darwin22.1.0-ar
configure:5511: result: ar
configure:5602: checking for x86_64-apple-darwin22.1.0-strip
configure:5632: result: no
configure:5642: checking for strip
configure:5658: found /usr/bin/strip
configure:5669: result: strip
configure:5701: checking for x86_64-apple-darwin22.1.0-ranlib
configure:5728: result: ranlib
configure:5875: checking command to parse /usr/bin/nm output from cc object
configure:5993: cc -c -O -O2 -no-cpp-precomp    conftest.c >&5
configure:5996: $? = 0
configure:6000: /usr/bin/nm conftest.o \| sed -n -e 's/^.*[ ]\([ABCDGIRSTW][ABCDGIRSTW]*\)[ ][ ]*\([_A-Za-z][_A-Za-z0-9]*\)$/\1 \2 \2/p' \> conftest.nm
configure:6003: $? = 0
cannot find nm_test_var in conftest.nm
configure:5993: cc -c -O -O2 -no-cpp-precomp    conftest.c >&5
configure:5996: $? = 0
configure:6000: /usr/bin/nm conftest.o \| sed -n -e 's/^.*[ ]\([ABCDGIRSTW][ABCDGIRSTW]*\)[ ][ ]*_\([_A-Za-z][_A-Za-z0-9]*\)$/\1 _\2 \2/p' \> conftest.nm
configure:6003: $? = 0
configure:6057: cc -o conftest -O -O2 -no-cpp-precomp       conftest.c conftstm.o >&5
configure:6060: $? = 0
configure:6098: result: ok
configure:6339: checking for x86_64-apple-darwin22.1.0-dsymutil
configure:6366: result: @DSYMUTIL@
configure:6431: checking for x86_64-apple-darwin22.1.0-nmedit
configure:6461: result: no
configure:6471: checking for nmedit
configure:6487: found /usr/bin/nmedit
configure:6498: result: nmedit
configure:6523: checking for x86_64-apple-darwin22.1.0-lipo
configure:6553: result: no
configure:6563: checking for lipo
configure:6579: found /usr/bin/lipo
configure:6590: result: lipo
configure:6615: checking for x86_64-apple-darwin22.1.0-otool
configure:6642: result: @OTOOL@
configure:6707: checking for x86_64-apple-darwin22.1.0-otool64
configure:6737: result: no
configure:6747: checking for otool64
configure:6777: result: no
configure:6822: checking for -single_module linker flag
cc -O -O2 -no-cpp-precomp      -o libconftest.dylib -dynamiclib -Wl,-single_module conftest.c
configure:6849: result: yes
configure:6851: checking for -exported_symbols_list linker flag
configure:6874: cc -o conftest -O -O2 -no-cpp-precomp       -Wl,-exported_symbols_list,conftest.sym conftest.c  >&5
configure:6874: $? = 0
configure:6884: result: yes
configure:6886: checking for -force_load linker flag
cc -O -O2 -no-cpp-precomp   -c -o conftest.o conftest.c
ar cru libconftest.a conftest.o
cc -O -O2 -no-cpp-precomp      -o conftest conftest.c -Wl,-force_load,./libconftest.a
configure:6914: result: yes
configure:6956: checking how to run the C preprocessor
configure:6987: cc -E  conftest.c
configure:6987: $? = 0
configure:7001: cc -E  conftest.c
conftest.c:11:10: fatal error: 'ac_nonexistent.h' file not found
#include <ac_nonexistent.h>
         ^~~~~~~~~~~~~~~~~~
1 error generated.
configure:7001: $? = 1
configure: failed program was:
| /* confdefs.h */
| #define PACKAGE_NAME "zlib"
| #define PACKAGE_TARNAME "zlib"
| #define PACKAGE_VERSION "1.1.4"
| #define PACKAGE_STRING "zlib 1.1.4"
| #define PACKAGE_BUGREPORT ""
| #define PACKAGE_URL ""
| #define PACKAGE "zlib"
| #define VERSION "1.1.4"
| /* end confdefs.h.  */
| #include <ac_nonexistent.h>
configure:7026: result: cc -E
configure:7046: cc -E  conftest.c
configure:7046: $? = 0
configure:7060: cc -E  conftest.c
conftest.c:11:10: fatal error: 'ac_nonexistent.h' file not found
#include <ac_nonexistent.h>
         ^~~~~~~~~~~~~~~~~~
1 error generated.
configure:7060: $? = 1
configure: failed program was:
| /* confdefs.h */
| #define PACKAGE_NAME "zlib"
| #define PACKAGE_TARNAME "zlib"
| #define PACKAGE_VERSION "1.1.4"
| #define PACKAGE_STRING "zlib 1.1.4"
| #define PACKAGE_BUGREPORT ""
| #define PACKAGE_URL ""
| #define PACKAGE "zlib"
| #define VERSION "1.1.4"
| /* end confdefs.h.  */
| #include <ac_nonexistent.h>
configure:7089: checking for ANSI C header files
configure:7109: cc -c -O -O2 -no-cpp-precomp    conftest.c >&5
configure:7109: $? = 0
configure:7182: cc -o conftest -O -O2 -no-cpp-precomp       conftest.c  >&5
configure:7182: $? = 0
configure:7182: ./conftest
configure:7182: $? = 0
configure:7193: result: yes
configure:7206: checking for sys/types.h
configure:7206: cc -c -O -O2 -no-cpp-precomp    conftest.c >&5
configure:7206: $? = 0
configure:7206: result: yes
configure:7206: checking for sys/stat.h
configure:7206: cc -c -O -O2 -no-cpp-precomp    conftest.c >&5
configure:7206: $? = 0
configure:7206: result: yes
configure:7206: checking for stdlib.h
configure:7206: cc -c -O -O2 -no-cpp-precomp    conftest.c >&5
configure:7206: $? = 0
configure:7206: result: yes
configure:7206: checking for string.h
configure:7206: cc -c -O -O2 -no-cpp-precomp    conftest.c >&5
configure:7206: $? = 0
configure:7206: result: yes
configure:7206: checking for memory.h
configure:7206: cc -c -O -O2 -no-cpp-precomp    conftest.c >&5
configure:7206: $? = 0
configure:7206: result: yes
configure:7206: checking for strings.h
configure:7206: cc -c -O -O2 -no-cpp-precomp    conftest.c >&5
configure:7206: $? = 0
configure:7206: result: yes
configure:7206: checking for inttypes.h
configure:7206: cc -c -O -O2 -no-cpp-precomp    conftest.c >&5
configure:7206: $? = 0
configure:7206: result: yes
configure:7206: checking for stdint.h
configure:7206: cc -c -O -O2 -no-cpp-precomp    conftest.c >&5
configure:7206: $? = 0
configure:7206: result: yes
configure:7206: checking for unistd.h
configure:7206: cc -c -O -O2 -no-cpp-precomp    conftest.c >&5
configure:7206: $? = 0
configure:7206: result: yes
configure:7220: checking for dlfcn.h
configure:7220: cc -c -O -O2 -no-cpp-precomp    conftest.c >&5
configure:7220: $? = 0
configure:7220: result: yes
configure:7407: checking for objdir
configure:7422: result: .libs
configure:7693: checking if cc supports -fno-rtti -fno-exceptions
configure:7711: cc -c -O -O2 -no-cpp-precomp    -fno-rtti -fno-exceptions conftest.c >&5
configure:7715: $? = 0
configure:7728: result: yes
configure:7748: checking for cc option to produce PIC
configure:8034: result: -fno-common -DPIC
configure:8046: checking if cc PIC flag -fno-common -DPIC works
configure:8064: cc -c -O -O2 -no-cpp-precomp    -fno-common -DPIC -DPIC conftest.c >&5
configure:8068: $? = 0
configure:8081: result: yes
configure:8105: checking if cc static flag -static works
configure:8133: result: no
configure:8148: checking if cc supports -c -o file.o
configure:8169: cc -c -O -O2 -no-cpp-precomp    -o out/conftest2.o conftest.c >&5
configure:8173: $? = 0
configure:8195: result: yes
configure:8203: checking if cc supports -c -o file.o
configure:8250: result: yes
configure:8283: checking whether the cc linker (/Applications/Xcode.app/Contents/Developer/Toolchains/XcodeDefault.xctoolchain/usr/bin/ld) supports shared libraries
configure:9363: result: yes
configure:9608: checking dynamic linker characteristics
configure:10274: result: darwin22.1.0 dyld
configure:10381: checking how to hardcode library paths into programs
configure:10406: result: immediate
configure:10961: checking whether stripping libraries is possible
configure:10975: result: yes
configure:11001: checking if libtool supports shared libraries
configure:11003: result: yes
configure:11006: checking whether to build shared libraries
configure:11027: result: yes
configure:11030: checking whether to build static libraries
configure:11034: result: yes
configure:11077: checking how to run the C preprocessor
configure:11147: result: cc -E
configure:11167: cc -E  conftest.c
configure:11167: $? = 0
configure:11181: cc -E  conftest.c
conftest.c:23:10: fatal error: 'ac_nonexistent.h' file not found
#include <ac_nonexistent.h>
         ^~~~~~~~~~~~~~~~~~
1 error generated.
configure:11181: $? = 1
configure: failed program was:
| /* confdefs.h */
| #define PACKAGE_NAME "zlib"
| #define PACKAGE_TARNAME "zlib"
| #define PACKAGE_VERSION "1.1.4"
| #define PACKAGE_STRING "zlib 1.1.4"
| #define PACKAGE_BUGREPORT ""
| #define PACKAGE_URL ""
| #define PACKAGE "zlib"
| #define VERSION "1.1.4"
| #define STDC_HEADERS 1
| #define HAVE_SYS_TYPES_H 1
| #define HAVE_SYS_STAT_H 1
| #define HAVE_STDLIB_H 1
| #define HAVE_STRING_H 1
| #define HAVE_MEMORY_H 1
| #define HAVE_STRINGS_H 1
| #define HAVE_INTTYPES_H 1
| #define HAVE_STDINT_H 1
| #define HAVE_UNISTD_H 1
| #define HAVE_DLFCN_H 1
| #define LT_OBJDIR ".libs/"
| /* end confdefs.h.  */
| #include <ac_nonexistent.h>
configure:11237: checking for stdlib.h
configure:11237: result: yes
configure:11237: checking for unistd.h
configure:11237: result: yes
configure:11237: checking for sys/param.h
configure:11237: cc -c -O -O2 -no-cpp-precomp    conftest.c >&5
configure:11237: $? = 0
configure:11237: result: yes
configure:11257: checking for getpagesize
configure:11257: cc -o conftest -O -O2 -no-cpp-precomp       conftest.c  >&5
configure:11257: $? = 0
configure:11257: result: yes
configure:11266: checking for working mmap
configure:11413: cc -o conftest -O -O2 -no-cpp-precomp       conftest.c  >&5
configure:11413: $? = 0
configure:11413: ./conftest
configure:11413: $? = 0
configure:11423: result: yes
configure:11436: checking for memcpy
configure:11436: cc -o conftest -O -O2 -no-cpp-precomp       conftest.c  >&5
conftest.c:51:6: warning: incompatible redeclaration of library function 'memcpy' [-Wincompatible-library-redeclaration]
char memcpy ();
     ^
conftest.c:51:6: note: 'memcpy' is a builtin with type 'void *(void *, const void *, unsigned long)'
1 warning generated.
configure:11436: $? = 0
configure:11436: result: yes
configure:11436: checking for strerror
configure:11436: cc -o conftest -O -O2 -no-cpp-precomp       conftest.c  >&5
conftest.c:52:6: warning: incompatible redeclaration of library function 'strerror' [-Wincompatible-library-redeclaration]
char strerror ();
     ^
conftest.c:52:6: note: 'strerror' is a builtin with type 'char *(int)'
1 warning generated.
configure:11436: $? = 0
configure:11436: result: yes
configure:11501: checking for unistd.h
configure:11501: result: yes
configure:11623: updating cache ./config.cache
configure:11703: checking that generated files are newer than configure
configure:11709: result: done
configure:11740: creating ./config.status

## ---------------------- ##
## Running config.status. ##
## ---------------------- ##

This file was extended by zlib config.status 1.1.4, which was
generated by GNU Autoconf 2.69.  Invocation command line was

  CONFIG_FILES    = 
  CONFIG_HEADERS  = 
  CONFIG_LINKS    = 
  CONFIG_COMMANDS = 
  $ ./config.status 

on Sid-Qians-MacBook-Pro-2.local

config.status:1021: creating Makefile
config.status:1178: executing depfiles commands
config.status:1263: cd .       && sed -e '/# am--include-marker/d' Makefile         | /Users/sidqian/Downloads/summer/L2S/netbsd-src/build/obj/tooldir.Darwin-22.1.0-x86_64/bin/nbmake -f - am--depfiles
nbmake[5]: "(stdin)" line 1253: warning: Extra target '.PHONY' ignored
config.status:1268: $? = 0
config.status:1178: executing libtool commands

## ---------------- ##
## Cache variables. ##
## ---------------- ##

ac_cv_build=x86_64-apple-darwin22.1.0
ac_cv_c_compiler_gnu=yes
ac_cv_env_CPPFLAGS_set=set
ac_cv_env_CPPFLAGS_value=
ac_cv_env_CPP_set=
ac_cv_env_CPP_value=
ac_cv_env_build_alias_set=set
ac_cv_env_build_alias_value=x86_64-apple-darwin22.1.0
ac_cv_env_host_alias_set=set
ac_cv_env_host_alias_value=x86_64-apple-darwin22.1.0
ac_cv_env_target_alias_set=set
ac_cv_env_target_alias_value=m68k--netbsdelf
ac_cv_func_getpagesize=yes
ac_cv_func_memcpy=yes
ac_cv_func_mmap_fixed_mapped=yes
ac_cv_func_strerror=yes
ac_cv_header_dlfcn_h=yes
ac_cv_header_inttypes_h=yes
ac_cv_header_memory_h=yes
ac_cv_header_stdc=yes
ac_cv_header_stdint_h=yes
ac_cv_header_stdlib_h=yes
ac_cv_header_string_h=yes
ac_cv_header_strings_h=yes
ac_cv_header_sys_param_h=yes
ac_cv_header_sys_stat_h=yes
ac_cv_header_sys_types_h=yes
ac_cv_header_unistd_h=yes
ac_cv_host=x86_64-apple-darwin22.1.0
ac_cv_objext=o
ac_cv_path_EGREP='/usr/bin/grep -E'
ac_cv_path_FGREP='/usr/bin/grep -F'
ac_cv_path_GREP=/usr/bin/grep
ac_cv_path_SED=/usr/bin/sed
ac_cv_path_mkdir='/Users/sidqian/Downloads/summer/L2S/netbsd-src/build/obj/tooldir.Darwin-22.1.0-x86_64/bin/m68k--netbsdelf-install -d'
ac_cv_prog_AR=ar
ac_cv_prog_AWK=/Users/sidqian/Downloads/summer/L2S/netbsd-src/build/obj/tooldir.Darwin-22.1.0-x86_64/bin/nbawk
ac_cv_prog_CC=cc
ac_cv_prog_CPP='cc -E'
ac_cv_prog_DSYMUTIL=@DSYMUTIL@
ac_cv_prog_OBJDUMP=objdump
ac_cv_prog_OTOOL=@OTOOL@
ac_cv_prog_RANLIB=ranlib
ac_cv_prog_ac_ct_LIPO=lipo
ac_cv_prog_ac_ct_NMEDIT=nmedit
ac_cv_prog_ac_ct_STRIP=strip
ac_cv_prog_cc_c89=
ac_cv_prog_cc_g=yes
ac_cv_prog_make__Users_sidqian_Downloads_summer_L2S_netbsd_src_build_obj_tooldir_Darwin_22_1_0_x86_64_bin_nbmake_set=yes
ac_cv_target=m68k--netbsdelf
am_cv_CC_dependencies_compiler_type=gcc3
am_cv_make_support_nested_variables=yes
am_cv_prog_cc_c_o=yes
lt_cv_apple_cc_single_mod=yes
lt_cv_deplibs_check_method=pass_all
lt_cv_file_magic_cmd='$MAGIC_CMD'
lt_cv_file_magic_test_file=
lt_cv_ld_exported_symbols_list=yes
lt_cv_ld_force_load=yes
lt_cv_ld_reload_flag=-r
lt_cv_nm_interface='BSD nm'
lt_cv_objdir=.libs
lt_cv_path_LD=/Applications/Xcode.app/Contents/Developer/Toolchains/XcodeDefault.xctoolchain/usr/bin/ld
lt_cv_path_NM=/usr/bin/nm
lt_cv_prog_compiler_c_o=yes
lt_cv_prog_compiler_pic_works=yes
lt_cv_prog_compiler_rtti_exceptions=yes
lt_cv_prog_compiler_static_works=no
lt_cv_prog_gnu_ld=no
lt_cv_sys_global_symbol_pipe='sed -n -e '\''s/^.*[	 ]\([ABCDGIRSTW][ABCDGIRSTW]*\)[	 ][	 ]*_\([_A-Za-z][_A-Za-z0-9]*\)$/\1 _\2 \2/p'\'''
lt_cv_sys_global_symbol_to_c_name_address='sed -n -e '\''s/^: \([^ ]*\) $/  {\"\1\", (void *) 0},/p'\'' -e '\''s/^[ABCDGIRSTW]* \([^ ]*\) \([^ ]*\)$/  {"\2", (void *) \&\2},/p'\'''
lt_cv_sys_global_symbol_to_c_name_address_lib_prefix='sed -n -e '\''s/^: \([^ ]*\) $/  {\"\1\", (void *) 0},/p'\'' -e '\''s/^[ABCDGIRSTW]* \([^ ]*\) \(lib[^ ]*\)$/  {"\2", (void *) \&\2},/p'\'' -e '\''s/^[ABCDGIRSTW]* \([^ ]*\) \([^ ]*\)$/  {"lib\2", (void *) \&\2},/p'\'''
lt_cv_sys_global_symbol_to_cdecl='sed -n -e '\''s/^T .* \(.*\)$/extern int \1();/p'\'' -e '\''s/^[ABCDGIRSTW]* .* \(.*\)$/extern char \1;/p'\'''
lt_cv_sys_max_cmd_len=786432

## ----------------- ##
## Output variables. ##
## ----------------- ##

ACLOCAL='${SHELL} '\''/Users/sidqian/Downloads/summer/L2S/netbsd-src/external/gpl3/binutils/dist/missing'\'' aclocal-1.16'
AMDEPBACKSLASH='\'
AMDEP_FALSE='#'
AMDEP_TRUE=''
AMTAR='$${TAR-tar}'
AM_BACKSLASH='\'
AM_DEFAULT_V='$(AM_DEFAULT_VERBOSITY)'
AM_DEFAULT_VERBOSITY='0'
AM_V='$(V)'
AR='ar'
AUTOCONF='${SHELL} '\''/Users/sidqian/Downloads/summer/L2S/netbsd-src/external/gpl3/binutils/dist/missing'\'' autoconf'
AUTOHEADER='${SHELL} '\''/Users/sidqian/Downloads/summer/L2S/netbsd-src/external/gpl3/binutils/dist/missing'\'' autoheader'
AUTOMAKE='${SHELL} '\''/Users/sidqian/Downloads/summer/L2S/netbsd-src/external/gpl3/binutils/dist/missing'\'' automake-1.16'
AWK='/Users/sidqian/Downloads/summer/L2S/netbsd-src/build/obj/tooldir.Darwin-22.1.0-x86_64/bin/nbawk'
CC='cc'
CCDEPMODE='depmode=gcc3'
CFLAGS='-O -O2 -no-cpp-precomp  '
COMPPATH='.'
CPP='cc -E'
CPPFLAGS=''
CSCOPE='cscope'
CTAGS='ctags'
CYGPATH_W='echo'
DEFS='-DPACKAGE_NAME=\"zlib\" -DPACKAGE_TARNAME=\"zlib\" -DPACKAGE_VERSION=\"1.1.4\" -DPACKAGE_STRING=\"zlib\ 1.1.4\" -DPACKAGE_BUGREPORT=\"\" -DPACKAGE_URL=\"\" -DPACKAGE=\"zlib\" -DVERSION=\"1.1.4\" -DSTDC_HEADERS=1 -DHAVE_SYS_TYPES_H=1 -DHAVE_SYS_STAT_H=1 -DHAVE_STDLIB_H=1 -DHAVE_STRING_H=1 -DHAVE_MEMORY_H=1 -DHAVE_STRINGS_H=1 -DHAVE_INTTYPES_H=1 -DHAVE_STDINT_H=1 -DHAVE_UNISTD_H=1 -DHAVE_DLFCN_H=1 -DLT_OBJDIR=\".libs/\" -DHAVE_STDLIB_H=1 -DHAVE_UNISTD_H=1 -DHAVE_SYS_PARAM_H=1 -DHAVE_GETPAGESIZE=1 -DHAVE_MMAP=1 -DHAVE_MEMCPY=1 -DHAVE_STRERROR=1 -DHAVE_UNISTD_H=1'
DEPDIR='.deps'
DSYMUTIL='@DSYMUTIL@'
DUMPBIN=''
ECHO_C='\c'
ECHO_N=''
ECHO_T=''
EGREP='/usr/bin/grep -E'
ETAGS='etags'
EXEEXT=''
FGREP='/usr/bin/grep -F'
GREP='/usr/bin/grep'
INSTALL_DATA='${INSTALL} -m 644'
INSTALL_PROGRAM='${INSTALL}'
INSTALL_SCRIPT='${INSTALL}'
INSTALL_STRIP_PROGRAM='$(install_sh) -c -s'
LD='/Applications/Xcode.app/Contents/Developer/Toolchains/XcodeDefault.xctoolchain/usr/bin/ld'
LDFLAGS='  '
LIBOBJS=''
LIBS=''
LIBTOOL='$(SHELL) $(top_builddir)/libtool'
LIPO='lipo'
LN_S='ln -s'
LTLIBOBJS=''
MAINT='#'
MAINTAINER_MODE_FALSE=''
MAINTAINER_MODE_TRUE='#'
MAKEINFO='/Users/sidqian/Downloads/summer/L2S/netbsd-src/build/obj/tooldir.Darwin-22.1.0-x86_64/bin/nbmakeinfo'
MKDIR_P='/Users/sidqian/Downloads/summer/L2S/netbsd-src/build/obj/tooldir.Darwin-22.1.0-x86_64/bin/m68k--netbsdelf-install -d -p'
NM='/usr/bin/nm'
NMEDIT='nmedit'
OBJDUMP='objdump'
OBJEXT='o'
OTOOL64=':'
OTOOL='@OTOOL@'
PACKAGE='zlib'
PACKAGE_BUGREPORT=''
PACKAGE_NAME='zlib'
PACKAGE_STRING='zlib 1.1.4'
PACKAGE_TARNAME='zlib'
PACKAGE_URL=''
PACKAGE_VERSION='1.1.4'
PATH_SEPARATOR=':'
PICFLAG=''
RANLIB='ranlib'
SED='/usr/bin/sed'
SET_MAKE=''
SHELL='/bin/sh'
STRIP='strip'
TARGET_LIBRARY_FALSE=''
TARGET_LIBRARY_TRUE='#'
VERSION='1.1.4'
ac_ct_CC=''
ac_ct_DUMPBIN=''
am__EXEEXT_FALSE=''
am__EXEEXT_TRUE='#'
am__fastdepCC_FALSE='#'
am__fastdepCC_TRUE=''
am__include='include'
am__isrc=' -I$(srcdir)'
am__leading_dot='.'
am__nodep='_no'
am__quote=''
am__tar='$${TAR-tar} chof - "$$tardir"'
am__untar='$${TAR-tar} xf -'
bindir='${exec_prefix}/bin'
build='x86_64-apple-darwin22.1.0'
build_alias='x86_64-apple-darwin22.1.0'
build_cpu='x86_64'
build_os='darwin22.1.0'
build_vendor='apple'
datadir='${datarootdir}'
datarootdir='${prefix}/share'
docdir='${datarootdir}/doc/${PACKAGE_TARNAME}'
dvidir='${docdir}'
exec_prefix='${prefix}'
host='x86_64-apple-darwin22.1.0'
host_alias='x86_64-apple-darwin22.1.0'
host_cpu='x86_64'
host_os='darwin22.1.0'
host_vendor='apple'
htmldir='${docdir}'
includedir='${prefix}/include'
infodir='${datarootdir}/info'
install_sh='${SHELL} /Users/sidqian/Downloads/summer/L2S/netbsd-src/external/gpl3/binutils/dist/install-sh'
libdir='${exec_prefix}/lib'
libexecdir='${exec_prefix}/libexec'
localedir='${datarootdir}/locale'
localstatedir='${prefix}/var'
mandir='${datarootdir}/man'
mkdir_p='$(MKDIR_P)'
mkinstalldirs='/Users/sidqian/Downloads/summer/L2S/netbsd-src/external/gpl3/binutils/dist/mkinstalldirs'
multi_basedir=''
oldincludedir='/usr/include'
pdfdir='${docdir}'
prefix='/Users/sidqian/Downloads/summer/L2S/netbsd-src/build/obj/tooldir.Darwin-22.1.0-x86_64'
program_transform_name='s,^,m68k--netbsdelf-,'
psdir='${docdir}'
sbindir='${exec_prefix}/sbin'
sharedstatedir='${prefix}/com'
sysconfdir='${prefix}/etc'
target='m68k--netbsdelf'
target_alias='m68k--netbsdelf'
target_all='libzgcj.la'
target_cpu='m68k'
target_os='netbsdelf'
target_vendor=''
toolexecdir='$(libdir)/gcc-lib/$(target_alias)'
toolexeclibdir='$(libdir)'

## ----------- ##
## confdefs.h. ##
## ----------- ##

/* confdefs.h */
#define PACKAGE_NAME "zlib"
#define PACKAGE_TARNAME "zlib"
#define PACKAGE_VERSION "1.1.4"
#define PACKAGE_STRING "zlib 1.1.4"
#define PACKAGE_BUGREPORT ""
#define PACKAGE_URL ""
#define PACKAGE "zlib"
#define VERSION "1.1.4"
#define STDC_HEADERS 1
#define HAVE_SYS_TYPES_H 1
#define HAVE_SYS_STAT_H 1
#define HAVE_STDLIB_H 1
#define HAVE_STRING_H 1
#define HAVE_MEMORY_H 1
#define HAVE_STRINGS_H 1
#define HAVE_INTTYPES_H 1
#define HAVE_STDINT_H 1
#define HAVE_UNISTD_H 1
#define HAVE_DLFCN_H 1
#define LT_OBJDIR ".libs/"
#define HAVE_STDLIB_H 1
#define HAVE_UNISTD_H 1
#define HAVE_SYS_PARAM_H 1
#define HAVE_GETPAGESIZE 1
#define HAVE_MMAP 1
#define HAVE_MEMCPY 1
#define HAVE_STRERROR 1
#define HAVE_UNISTD_H 1

configure: exit 0
