This file contains any messages produced by compilers while
running configure, to aid debugging if configure makes a mistake.

It was created by bfd configure 2.39, which was
generated by GNU Autoconf 2.69.  Invocation command line was

  $ /Users/sidqian/Downloads/summer/L2S/netbsd-src/external/gpl3/binutils/dist/bfd/configure --srcdir=/Users/sidqian/Downloads/summer/L2S/netbsd-src/tools/binutils/../../external/gpl3/binutils/dist/bfd --cache-file=./config.cache --with-gnu-as --with-gnu-ld --disable-nls --disable-werror --enable-initfini-array=yes --enable-default-execstack=no --with-pkgversion=NetBSD Binutils nb1 --with-bugurl=http://www.NetBSD.org/support/send-pr.html --with-lib-path==/usr/lib --with-sysroot --prefix=/Users/sidqian/Downloads/summer/L2S/netbsd-src/build/obj/tooldir.Darwin-22.1.0-x86_64 --program-transform-name=s,^,m68k--netbsdelf-, --disable-option-checking --build=x86_64-apple-darwin22.1.0 --host=x86_64-apple-darwin22.1.0 --target=m68k--netbsdelf

## --------- ##
## Platform. ##
## --------- ##

hostname = Sid-Qians-MacBook-Pro-2.local
uname -m = x86_64
uname -r = 22.1.0
uname -s = Darwin
uname -v = Darwin Kernel Version 22.1.0: Sun Oct  9 20:14:54 PDT 2022; root:xnu-8792.41.9~2/RELEASE_X86_64

/usr/bin/uname -p = i386
/bin/uname -X     = unknown

/bin/arch              = unknown
/usr/bin/arch -k       = unknown
/usr/convex/getsysinfo = unknown
/usr/bin/hostinfo      = Mach kernel version:
	 Darwin Kernel Version 22.1.0: Sun Oct  9 20:14:54 PDT 2022; root:xnu-8792.41.9~2/RELEASE_X86_64
Kernel configured for up to 8 processors.
4 processors are physically available.
8 processors are logically available.
Processor type: x86_64h (Intel x86-64h Haswell)
Processors active: 0 1 2 3 4 5 6 7
Primary memory available: 16.00 gigabytes
Default processor set: 641 tasks, 3025 threads, 8 processors
Load average: 6.55, Mach factor: 2.16
/bin/machine           = unknown
/usr/bin/oslevel       = unknown
/bin/universe          = unknown

PATH: /Users/sidqian/Downloads/summer/L2S/netbsd-src/build/obj/tooldir.Darwin-22.1.0-x86_64/bin
PATH: /usr/local/bin
PATH: /System/Cryptexes/App/usr/bin
PATH: /usr/bin
PATH: /bin
PATH: /usr/sbin
PATH: /sbin
PATH: /Library/Apple/usr/bin
PATH: /Users/sidqian/ch-darwin-amd64
PATH: /Users/sidqian/ch-darwin-amd64
PATH: /Users/sidqian/Downloads/flutter/bin


## ----------- ##
## Core tests. ##
## ----------- ##

configure:2461: creating cache ./config.cache
configure:2575: checking build system type
configure:2589: result: x86_64-apple-darwin22.1.0
configure:2609: checking host system type
configure:2622: result: x86_64-apple-darwin22.1.0
configure:2642: checking target system type
configure:2655: result: m68k--netbsdelf
configure:2698: checking for a BSD-compatible install
configure:2766: result: /Users/sidqian/Downloads/summer/L2S/netbsd-src/build/obj/tooldir.Darwin-22.1.0-x86_64/bin/m68k--netbsdelf-install -c  -r
configure:2777: checking whether build environment is sane
configure:2832: result: yes
configure:2983: checking for a thread-safe mkdir -p
configure:3022: result: /Users/sidqian/Downloads/summer/L2S/netbsd-src/build/obj/tooldir.Darwin-22.1.0-x86_64/bin/m68k--netbsdelf-install -d -p
configure:3029: checking for gawk
configure:3056: result: /Users/sidqian/Downloads/summer/L2S/netbsd-src/build/obj/tooldir.Darwin-22.1.0-x86_64/bin/nbawk
configure:3067: checking whether /Users/sidqian/Downloads/summer/L2S/netbsd-src/build/obj/tooldir.Darwin-22.1.0-x86_64/bin/nbmake sets $(MAKE)
configure:3089: result: yes
configure:3118: checking whether /Users/sidqian/Downloads/summer/L2S/netbsd-src/build/obj/tooldir.Darwin-22.1.0-x86_64/bin/nbmake supports nested variables
configure:3135: result: yes
configure:3272: checking whether /Users/sidqian/Downloads/summer/L2S/netbsd-src/build/obj/tooldir.Darwin-22.1.0-x86_64/bin/nbmake supports nested variables
configure:3289: result: yes
configure:3304: checking for x86_64-apple-darwin22.1.0-ar
configure:3331: result: ar
configure:3396: checking for x86_64-apple-darwin22.1.0-ranlib
configure:3423: result: ranlib
configure:3526: checking for x86_64-apple-darwin22.1.0-gcc
configure:3553: result: cc
configure:3822: checking for C compiler version
configure:3831: cc --version >&5
Apple clang version 14.0.3 (clang-1403.0.22.14.1)
Target: x86_64-apple-darwin22.1.0
Thread model: posix
InstalledDir: /Applications/Xcode.app/Contents/Developer/Toolchains/XcodeDefault.xctoolchain/usr/bin
configure:3842: $? = 0
configure:3831: cc -v >&5
Apple clang version 14.0.3 (clang-1403.0.22.14.1)
Target: x86_64-apple-darwin22.1.0
Thread model: posix
InstalledDir: /Applications/Xcode.app/Contents/Developer/Toolchains/XcodeDefault.xctoolchain/usr/bin
configure:3842: $? = 0
configure:3831: cc -V >&5
clang: error: argument to '-V' is missing (expected 1 value)
clang: error: no input files
configure:3842: $? = 1
configure:3831: cc -qversion >&5
clang: error: unknown argument '-qversion'; did you mean '--version'?
clang: error: no input files
configure:3842: $? = 1
configure:3862: checking whether the C compiler works
configure:3884: cc -O -O2 -no-cpp-precomp       conftest.c  >&5
configure:3888: $? = 0
configure:3936: result: yes
configure:3939: checking for C compiler default output file name
configure:3941: result: a.out
configure:3947: checking for suffix of executables
configure:3954: cc -o conftest -O -O2 -no-cpp-precomp       conftest.c  >&5
configure:3958: $? = 0
configure:3980: result: 
configure:4002: checking whether we are cross compiling
configure:4010: cc -o conftest -O -O2 -no-cpp-precomp       conftest.c  >&5
configure:4014: $? = 0
configure:4021: ./conftest
configure:4025: $? = 0
configure:4040: result: no
configure:4045: checking for suffix of object files
configure:4067: cc -c -O -O2 -no-cpp-precomp    conftest.c >&5
configure:4071: $? = 0
configure:4092: result: o
configure:4096: checking whether we are using the GNU C compiler
configure:4115: cc -c -O -O2 -no-cpp-precomp    conftest.c >&5
configure:4115: $? = 0
configure:4124: result: yes
configure:4133: checking whether cc accepts -g
configure:4153: cc -c -g  conftest.c >&5
configure:4153: $? = 0
configure:4194: result: yes
configure:4211: checking for cc option to accept ISO C89
configure:4274: cc  -c -O -O2 -no-cpp-precomp    conftest.c >&5
conftest.c:17:14: warning: a function declaration without a prototype is deprecated in all versions of C and is not supported in C2x [-Wdeprecated-non-prototype]
static char *e (p, i)
             ^
1 warning generated.
configure:4274: $? = 0
configure:4287: result: none needed
configure:4312: checking whether cc understands -c and -o together
configure:4334: cc -c conftest.c -o conftest2.o
configure:4337: $? = 0
configure:4334: cc -c conftest.c -o conftest2.o
configure:4337: $? = 0
configure:4349: result: yes
configure:4377: checking for style of include used by /Users/sidqian/Downloads/summer/L2S/netbsd-src/build/obj/tooldir.Darwin-22.1.0-x86_64/bin/nbmake
configure:4405: result: GNU
configure:4431: checking dependency style of cc
configure:4542: result: gcc3
configure:4563: checking how to run the C preprocessor
configure:4594: cc -E  conftest.c
configure:4594: $? = 0
configure:4608: cc -E  conftest.c
conftest.c:11:10: fatal error: 'ac_nonexistent.h' file not found
#include <ac_nonexistent.h>
         ^~~~~~~~~~~~~~~~~~
1 error generated.
configure:4608: $? = 1
configure: failed program was:
| /* confdefs.h */
| #define PACKAGE_NAME "bfd"
| #define PACKAGE_TARNAME "bfd"
| #define PACKAGE_VERSION "2.39"
| #define PACKAGE_STRING "bfd 2.39"
| #define PACKAGE_BUGREPORT ""
| #define PACKAGE_URL ""
| #define PACKAGE "bfd"
| #define VERSION "2.39"
| /* end confdefs.h.  */
| #include <ac_nonexistent.h>
configure:4633: result: cc -E
configure:4653: cc -E  conftest.c
configure:4653: $? = 0
configure:4667: cc -E  conftest.c
conftest.c:11:10: fatal error: 'ac_nonexistent.h' file not found
#include <ac_nonexistent.h>
         ^~~~~~~~~~~~~~~~~~
1 error generated.
configure:4667: $? = 1
configure: failed program was:
| /* confdefs.h */
| #define PACKAGE_NAME "bfd"
| #define PACKAGE_TARNAME "bfd"
| #define PACKAGE_VERSION "2.39"
| #define PACKAGE_STRING "bfd 2.39"
| #define PACKAGE_BUGREPORT ""
| #define PACKAGE_URL ""
| #define PACKAGE "bfd"
| #define VERSION "2.39"
| /* end confdefs.h.  */
| #include <ac_nonexistent.h>
configure:4696: checking for grep that handles long lines and -e
configure:4754: result: /usr/bin/grep
configure:4759: checking for egrep
configure:4821: result: /usr/bin/grep -E
configure:4826: checking for ANSI C header files
configure:4846: cc -c -O -O2 -no-cpp-precomp    conftest.c >&5
configure:4846: $? = 0
configure:4919: cc -o conftest -O -O2 -no-cpp-precomp       conftest.c  >&5
configure:4919: $? = 0
configure:4919: ./conftest
configure:4919: $? = 0
configure:4930: result: yes
configure:4943: checking for sys/types.h
configure:4943: cc -c -O -O2 -no-cpp-precomp    conftest.c >&5
configure:4943: $? = 0
configure:4943: result: yes
configure:4943: checking for sys/stat.h
configure:4943: cc -c -O -O2 -no-cpp-precomp    conftest.c >&5
configure:4943: $? = 0
configure:4943: result: yes
configure:4943: checking for stdlib.h
configure:4943: cc -c -O -O2 -no-cpp-precomp    conftest.c >&5
configure:4943: $? = 0
configure:4943: result: yes
configure:4943: checking for string.h
configure:4943: cc -c -O -O2 -no-cpp-precomp    conftest.c >&5
configure:4943: $? = 0
configure:4943: result: yes
configure:4943: checking for memory.h
configure:4943: cc -c -O -O2 -no-cpp-precomp    conftest.c >&5
configure:4943: $? = 0
configure:4943: result: yes
configure:4943: checking for strings.h
configure:4943: cc -c -O -O2 -no-cpp-precomp    conftest.c >&5
configure:4943: $? = 0
configure:4943: result: yes
configure:4943: checking for inttypes.h
configure:4943: cc -c -O -O2 -no-cpp-precomp    conftest.c >&5
configure:4943: $? = 0
configure:4943: result: yes
configure:4943: checking for stdint.h
configure:4943: cc -c -O -O2 -no-cpp-precomp    conftest.c >&5
configure:4943: $? = 0
configure:4943: result: yes
configure:4943: checking for unistd.h
configure:4943: cc -c -O -O2 -no-cpp-precomp    conftest.c >&5
configure:4943: $? = 0
configure:4943: result: yes
configure:4956: checking minix/config.h usability
configure:4956: cc -c -O -O2 -no-cpp-precomp    conftest.c >&5
conftest.c:54:10: fatal error: 'minix/config.h' file not found
#include <minix/config.h>
         ^~~~~~~~~~~~~~~~
1 error generated.
configure:4956: $? = 1
configure: failed program was:
| /* confdefs.h */
| #define PACKAGE_NAME "bfd"
| #define PACKAGE_TARNAME "bfd"
| #define PACKAGE_VERSION "2.39"
| #define PACKAGE_STRING "bfd 2.39"
| #define PACKAGE_BUGREPORT ""
| #define PACKAGE_URL ""
| #define PACKAGE "bfd"
| #define VERSION "2.39"
| #define STDC_HEADERS 1
| #define HAVE_SYS_TYPES_H 1
| #define HAVE_SYS_STAT_H 1
| #define HAVE_STDLIB_H 1
| #define HAVE_STRING_H 1
| #define HAVE_MEMORY_H 1
| #define HAVE_STRINGS_H 1
| #define HAVE_INTTYPES_H 1
| #define HAVE_STDINT_H 1
| #define HAVE_UNISTD_H 1
| /* end confdefs.h.  */
| #include <stdio.h>
| #ifdef HAVE_SYS_TYPES_H
| # include <sys/types.h>
| #endif
| #ifdef HAVE_SYS_STAT_H
| # include <sys/stat.h>
| #endif
| #ifdef STDC_HEADERS
| # include <stdlib.h>
| # include <stddef.h>
| #else
| # ifdef HAVE_STDLIB_H
| #  include <stdlib.h>
| # endif
| #endif
| #ifdef HAVE_STRING_H
| # if !defined STDC_HEADERS && defined HAVE_MEMORY_H
| #  include <memory.h>
| # endif
| # include <string.h>
| #endif
| #ifdef HAVE_STRINGS_H
| # include <strings.h>
| #endif
| #ifdef HAVE_INTTYPES_H
| # include <inttypes.h>
| #endif
| #ifdef HAVE_STDINT_H
| # include <stdint.h>
| #endif
| #ifdef HAVE_UNISTD_H
| # include <unistd.h>
| #endif
| #include <minix/config.h>
configure:4956: result: no
configure:4956: checking minix/config.h presence
configure:4956: cc -E  conftest.c
conftest.c:21:10: fatal error: 'minix/config.h' file not found
#include <minix/config.h>
         ^~~~~~~~~~~~~~~~
1 error generated.
configure:4956: $? = 1
configure: failed program was:
| /* confdefs.h */
| #define PACKAGE_NAME "bfd"
| #define PACKAGE_TARNAME "bfd"
| #define PACKAGE_VERSION "2.39"
| #define PACKAGE_STRING "bfd 2.39"
| #define PACKAGE_BUGREPORT ""
| #define PACKAGE_URL ""
| #define PACKAGE "bfd"
| #define VERSION "2.39"
| #define STDC_HEADERS 1
| #define HAVE_SYS_TYPES_H 1
| #define HAVE_SYS_STAT_H 1
| #define HAVE_STDLIB_H 1
| #define HAVE_STRING_H 1
| #define HAVE_MEMORY_H 1
| #define HAVE_STRINGS_H 1
| #define HAVE_INTTYPES_H 1
| #define HAVE_STDINT_H 1
| #define HAVE_UNISTD_H 1
| /* end confdefs.h.  */
| #include <minix/config.h>
configure:4956: result: no
configure:4956: checking for minix/config.h
configure:4956: result: no
configure:4977: checking whether it is safe to define __EXTENSIONS__
configure:4995: cc -c -O -O2 -no-cpp-precomp    conftest.c >&5
configure:4995: $? = 0
configure:5002: result: yes
configure:5065: checking how to print strings
configure:5092: result: printf
configure:5113: checking for a sed that does not truncate output
configure:5177: result: /usr/bin/sed
configure:5195: checking for fgrep
configure:5257: result: /usr/bin/grep -F
configure:5292: checking for ld used by cc
configure:5359: result: /Applications/Xcode.app/Contents/Developer/Toolchains/XcodeDefault.xctoolchain/usr/bin/ld
configure:5366: checking if the linker (/Applications/Xcode.app/Contents/Developer/Toolchains/XcodeDefault.xctoolchain/usr/bin/ld) is GNU ld
configure:5381: result: no
configure:5393: checking for BSD- or MS-compatible name lister (nm)
configure:5449: result: /usr/bin/nm
configure:5579: checking the name lister (/usr/bin/nm) interface
configure:5586: cc -c -O -O2 -no-cpp-precomp    conftest.c >&5
configure:5589: /usr/bin/nm "conftest.o"
configure:5592: output
0000000000000000 S _some_variable
configure:5599: result: BSD nm
configure:5602: checking whether ln -s works
configure:5606: result: yes
configure:5614: checking the maximum length of command line arguments
configure:5739: result: 786432
configure:5756: checking whether the shell understands some XSI constructs
configure:5766: result: yes
configure:5770: checking whether the shell understands "+="
configure:5776: result: yes
configure:5811: checking for /Applications/Xcode.app/Contents/Developer/Toolchains/XcodeDefault.xctoolchain/usr/bin/ld option to reload object files
configure:5818: result: -r
configure:5847: checking for x86_64-apple-darwin22.1.0-objdump
configure:5874: result: objdump
configure:5946: checking how to recognize dependent libraries
configure:6147: result: pass_all
configure:6180: checking for x86_64-apple-darwin22.1.0-ar
configure:6207: result: ar
configure:6298: checking for x86_64-apple-darwin22.1.0-strip
configure:6328: result: no
configure:6338: checking for strip
configure:6354: found /usr/bin/strip
configure:6365: result: strip
configure:6397: checking for x86_64-apple-darwin22.1.0-ranlib
configure:6424: result: ranlib
configure:6571: checking command to parse /usr/bin/nm output from cc object
configure:6689: cc -c -O -O2 -no-cpp-precomp    conftest.c >&5
configure:6692: $? = 0
configure:6696: /usr/bin/nm conftest.o \| sed -n -e 's/^.*[ ]\([ABCDGIRSTW][ABCDGIRSTW]*\)[ ][ ]*\([_A-Za-z][_A-Za-z0-9]*\)$/\1 \2 \2/p' \> conftest.nm
configure:6699: $? = 0
cannot find nm_test_var in conftest.nm
configure:6689: cc -c -O -O2 -no-cpp-precomp    conftest.c >&5
configure:6692: $? = 0
configure:6696: /usr/bin/nm conftest.o \| sed -n -e 's/^.*[ ]\([ABCDGIRSTW][ABCDGIRSTW]*\)[ ][ ]*_\([_A-Za-z][_A-Za-z0-9]*\)$/\1 _\2 \2/p' \> conftest.nm
configure:6699: $? = 0
configure:6753: cc -o conftest -O -O2 -no-cpp-precomp       conftest.c conftstm.o >&5
configure:6756: $? = 0
configure:6794: result: ok
configure:7031: checking for x86_64-apple-darwin22.1.0-dsymutil
configure:7058: result: @DSYMUTIL@
configure:7123: checking for x86_64-apple-darwin22.1.0-nmedit
configure:7153: result: no
configure:7163: checking for nmedit
configure:7179: found /usr/bin/nmedit
configure:7190: result: nmedit
configure:7215: checking for x86_64-apple-darwin22.1.0-lipo
configure:7245: result: no
configure:7255: checking for lipo
configure:7271: found /usr/bin/lipo
configure:7282: result: lipo
configure:7307: checking for x86_64-apple-darwin22.1.0-otool
configure:7334: result: @OTOOL@
configure:7399: checking for x86_64-apple-darwin22.1.0-otool64
configure:7429: result: no
configure:7439: checking for otool64
configure:7469: result: no
configure:7514: checking for -single_module linker flag
cc -O -O2 -no-cpp-precomp      -o libconftest.dylib -dynamiclib -Wl,-single_module conftest.c
configure:7541: result: yes
configure:7543: checking for -exported_symbols_list linker flag
configure:7563: cc -o conftest -O -O2 -no-cpp-precomp       -Wl,-exported_symbols_list,conftest.sym conftest.c  >&5
configure:7563: $? = 0
configure:7573: result: yes
configure:7575: checking for -force_load linker flag
cc -O -O2 -no-cpp-precomp   -c -o conftest.o conftest.c
ar cru libconftest.a conftest.o
cc -O -O2 -no-cpp-precomp      -o conftest conftest.c -Wl,-force_load,./libconftest.a
configure:7603: result: yes
configure:7642: checking for dlfcn.h
configure:7642: cc -c -O -O2 -no-cpp-precomp    conftest.c >&5
configure:7642: $? = 0
configure:7642: result: yes
configure:7798: checking for objdir
configure:7813: result: .libs
configure:8084: checking if cc supports -fno-rtti -fno-exceptions
configure:8102: cc -c -O -O2 -no-cpp-precomp    -fno-rtti -fno-exceptions conftest.c >&5
configure:8106: $? = 0
configure:8119: result: yes
configure:8139: checking for cc option to produce PIC
configure:8425: result: -fno-common -DPIC
configure:8437: checking if cc PIC flag -fno-common -DPIC works
configure:8455: cc -c -O -O2 -no-cpp-precomp    -fno-common -DPIC -DPIC conftest.c >&5
configure:8459: $? = 0
configure:8472: result: yes
configure:8496: checking if cc static flag -static works
configure:8524: result: no
configure:8539: checking if cc supports -c -o file.o
configure:8560: cc -c -O -O2 -no-cpp-precomp    -o out/conftest2.o conftest.c >&5
configure:8564: $? = 0
configure:8586: result: yes
configure:8594: checking if cc supports -c -o file.o
configure:8641: result: yes
configure:8674: checking whether the cc linker (/Applications/Xcode.app/Contents/Developer/Toolchains/XcodeDefault.xctoolchain/usr/bin/ld) supports shared libraries
configure:9745: result: yes
configure:9990: checking dynamic linker characteristics
configure:10653: result: darwin22.1.0 dyld
configure:10760: checking how to hardcode library paths into programs
configure:10785: result: immediate
configure:10830: checking for dlopen in -ldl
configure:10855: cc -o conftest -O -O2 -no-cpp-precomp       conftest.c -ldl   >&5
configure:10855: $? = 0
configure:10864: result: yes
configure:11079: checking whether a program can dlopen itself
configure:11159: cc -o conftest -O -O2 -no-cpp-precomp    -DHAVE_DLFCN_H     conftest.c -ldl  >&5
configure:11162: $? = 0
configure:11180: result: yes
configure:11185: checking whether a statically linked program can dlopen itself
configure:11265: cc -o conftest -O -O2 -no-cpp-precomp    -DHAVE_DLFCN_H      conftest.c -ldl  >&5
configure:11268: $? = 0
configure:11286: result: yes
configure:11325: checking whether stripping libraries is possible
configure:11339: result: yes
configure:11365: checking if libtool supports shared libraries
configure:11367: result: yes
configure:11370: checking whether to build shared libraries
configure:11391: result: no
configure:11394: checking whether to build static libraries
configure:11398: result: yes
configure:11448: checking for dlfcn.h
configure:11448: result: yes
configure:11461: checking for windows.h
configure:11461: cc -c -O -O2 -no-cpp-precomp    conftest.c >&5
conftest.c:63:10: fatal error: 'windows.h' file not found
#include <windows.h>
         ^~~~~~~~~~~
1 error generated.
configure:11461: $? = 1
configure: failed program was:
| /* confdefs.h */
| #define PACKAGE_NAME "bfd"
| #define PACKAGE_TARNAME "bfd"
| #define PACKAGE_VERSION "2.39"
| #define PACKAGE_STRING "bfd 2.39"
| #define PACKAGE_BUGREPORT ""
| #define PACKAGE_URL ""
| #define PACKAGE "bfd"
| #define VERSION "2.39"
| #define STDC_HEADERS 1
| #define HAVE_SYS_TYPES_H 1
| #define HAVE_SYS_STAT_H 1
| #define HAVE_STDLIB_H 1
| #define HAVE_STRING_H 1
| #define HAVE_MEMORY_H 1
| #define HAVE_STRINGS_H 1
| #define HAVE_INTTYPES_H 1
| #define HAVE_STDINT_H 1
| #define HAVE_UNISTD_H 1
| #define __EXTENSIONS__ 1
| #define _ALL_SOURCE 1
| #define _GNU_SOURCE 1
| #define _POSIX_PTHREAD_SEMANTICS 1
| #define _TANDEM_SOURCE 1
| #define HAVE_DLFCN_H 1
| #define LT_OBJDIR ".libs/"
| #define HAVE_DLFCN_H 1
| /* end confdefs.h.  */
| #include <stdio.h>
| #ifdef HAVE_SYS_TYPES_H
| # include <sys/types.h>
| #endif
| #ifdef HAVE_SYS_STAT_H
| # include <sys/stat.h>
| #endif
| #ifdef STDC_HEADERS
| # include <stdlib.h>
| # include <stddef.h>
| #else
| # ifdef HAVE_STDLIB_H
| #  include <stdlib.h>
| # endif
| #endif
| #ifdef HAVE_STRING_H
| # if !defined STDC_HEADERS && defined HAVE_MEMORY_H
| #  include <memory.h>
| # endif
| # include <string.h>
| #endif
| #ifdef HAVE_STRINGS_H
| # include <strings.h>
| #endif
| #ifdef HAVE_INTTYPES_H
| # include <inttypes.h>
| #endif
| #ifdef HAVE_STDINT_H
| # include <stdint.h>
| #endif
| #ifdef HAVE_UNISTD_H
| # include <unistd.h>
| #endif
| 
| #include <windows.h>
configure:11461: result: no
configure:11488: checking for library containing dlsym
configure:11519: cc -o conftest -O -O2 -no-cpp-precomp       conftest.c  >&5
configure:11519: $? = 0
configure:11536: result: none required
configure:11608: checking for special C compiler options needed for large files
configure:11653: result: no
configure:11659: checking for _FILE_OFFSET_BITS value needed for large files
configure:11684: cc -c -O -O2 -no-cpp-precomp    conftest.c >&5
configure:11684: $? = 0
configure:11716: result: no
configure:11871: checking size of void *
configure:11876: cc -o conftest -O -O2 -no-cpp-precomp       conftest.c  >&5
configure:11876: $? = 0
configure:11876: ./conftest
configure:11876: $? = 0
configure:11890: result: 8
clang: error: no such file or directory: '@CPPFLAGS_FOR_BUILD@'
configure:12227: checking whether to enable maintainer-specific portions of Makefiles
configure:12236: result: no
configure:12272: checking whether to install libbfd
configure:12285: result: no
configure:12335: checking whether NLS is requested
configure:12338: result: no
configure:12406: checking whether NLS is requested
configure:12415: result: no
configure:12453: checking for msgfmt
configure:12484: result: /usr/local/bin/msgfmt
configure:12493: checking for gmsgfmt
configure:12524: result: /usr/local/bin/msgfmt
configure:12564: checking for xgettext
configure:12595: result: /usr/local/bin/xgettext
configure:12635: checking for msgmerge
configure:12665: result: /usr/local/bin/msgmerge
configure:12711: checking size of long long
configure:12716: cc -o conftest -O -O2 -no-cpp-precomp       conftest.c  >&5
configure:12716: $? = 0
configure:12716: ./conftest
configure:12716: $? = 0
configure:12730: result: 8
configure:12744: checking size of void *
configure:12763: result: 8
configure:12777: checking size of long
configure:12782: cc -o conftest -O -O2 -no-cpp-precomp       conftest.c  >&5
configure:12782: $? = 0
configure:12782: ./conftest
configure:12782: $? = 0
configure:12796: result: 8
configure:12810: checking size of int
configure:12815: cc -o conftest -O -O2 -no-cpp-precomp       conftest.c  >&5
configure:12815: $? = 0
configure:12815: ./conftest
configure:12815: $? = 0
configure:12829: result: 4
configure:12886: checking fcntl.h usability
configure:12886: cc -c -O -O2 -no-cpp-precomp    conftest.c >&5
configure:12886: $? = 0
configure:12886: result: yes
configure:12886: checking fcntl.h presence
configure:12886: cc -E  conftest.c
configure:12886: $? = 0
configure:12886: result: yes
configure:12886: checking for fcntl.h
configure:12886: result: yes
configure:12886: checking sys/file.h usability
configure:12886: cc -c -O -O2 -no-cpp-precomp    conftest.c >&5
configure:12886: $? = 0
configure:12886: result: yes
configure:12886: checking sys/file.h presence
configure:12886: cc -E  conftest.c
configure:12886: $? = 0
configure:12886: result: yes
configure:12886: checking for sys/file.h
configure:12886: result: yes
configure:12886: checking sys/resource.h usability
configure:12886: cc -c -O -O2 -no-cpp-precomp    conftest.c >&5
configure:12886: $? = 0
configure:12886: result: yes
configure:12886: checking sys/resource.h presence
configure:12886: cc -E  conftest.c
configure:12886: $? = 0
configure:12886: result: yes
configure:12886: checking for sys/resource.h
configure:12886: result: yes
configure:12886: checking for sys/stat.h
configure:12886: result: yes
configure:12886: checking for sys/types.h
configure:12886: result: yes
configure:12886: checking for unistd.h
configure:12886: result: yes
configure:12901: checking for fcntl
configure:12901: cc -o conftest -O -O2 -no-cpp-precomp       conftest.c  >&5
configure:12901: $? = 0
configure:12901: result: yes
configure:12901: checking for fdopen
configure:12901: cc -o conftest -O -O2 -no-cpp-precomp       conftest.c  >&5
configure:12901: $? = 0
configure:12901: result: yes
configure:12901: checking for fileno
configure:12901: cc -o conftest -O -O2 -no-cpp-precomp       conftest.c  >&5
configure:12901: $? = 0
configure:12901: result: yes
configure:12901: checking for fls
configure:12901: cc -o conftest -O -O2 -no-cpp-precomp       conftest.c  >&5
configure:12901: $? = 0
configure:12901: result: yes
configure:12901: checking for getgid
configure:12901: cc -o conftest -O -O2 -no-cpp-precomp       conftest.c  >&5
configure:12901: $? = 0
configure:12901: result: yes
configure:12901: checking for getpagesize
configure:12901: cc -o conftest -O -O2 -no-cpp-precomp       conftest.c  >&5
configure:12901: $? = 0
configure:12901: result: yes
configure:12901: checking for getrlimit
configure:12901: cc -o conftest -O -O2 -no-cpp-precomp       conftest.c  >&5
configure:12901: $? = 0
configure:12901: result: yes
configure:12901: checking for getuid
configure:12901: cc -o conftest -O -O2 -no-cpp-precomp       conftest.c  >&5
configure:12901: $? = 0
configure:12901: result: yes
configure:12901: checking for sysconf
configure:12901: cc -o conftest -O -O2 -no-cpp-precomp       conftest.c  >&5
configure:12901: $? = 0
configure:12901: result: yes
configure:12911: checking whether basename is declared
configure:12911: cc -c -O -O2 -no-cpp-precomp    conftest.c >&5
conftest.c:91:10: error: use of undeclared identifier 'basename'
  (void) basename;
         ^
1 error generated.
configure:12911: $? = 1
configure: failed program was:
| /* confdefs.h */
| #define PACKAGE_NAME "bfd"
| #define PACKAGE_TARNAME "bfd"
| #define PACKAGE_VERSION "2.39"
| #define PACKAGE_STRING "bfd 2.39"
| #define PACKAGE_BUGREPORT ""
| #define PACKAGE_URL ""
| #define PACKAGE "bfd"
| #define VERSION "2.39"
| #define STDC_HEADERS 1
| #define HAVE_SYS_TYPES_H 1
| #define HAVE_SYS_STAT_H 1
| #define HAVE_STDLIB_H 1
| #define HAVE_STRING_H 1
| #define HAVE_MEMORY_H 1
| #define HAVE_STRINGS_H 1
| #define HAVE_INTTYPES_H 1
| #define HAVE_STDINT_H 1
| #define HAVE_UNISTD_H 1
| #define __EXTENSIONS__ 1
| #define _ALL_SOURCE 1
| #define _GNU_SOURCE 1
| #define _POSIX_PTHREAD_SEMANTICS 1
| #define _TANDEM_SOURCE 1
| #define HAVE_DLFCN_H 1
| #define LT_OBJDIR ".libs/"
| #define HAVE_DLFCN_H 1
| #define SIZEOF_VOID_P 8
| #define USE_SECUREPLT 1
| #define DEFAULT_LD_Z_SEPARATE_CODE 0
| #define SIZEOF_LONG_LONG 8
| #define SIZEOF_VOID_P 8
| #define SIZEOF_LONG 8
| #define SIZEOF_INT 4
| #define HAVE_FCNTL_H 1
| #define HAVE_SYS_FILE_H 1
| #define HAVE_SYS_RESOURCE_H 1
| #define HAVE_SYS_STAT_H 1
| #define HAVE_SYS_TYPES_H 1
| #define HAVE_UNISTD_H 1
| #define HAVE_FCNTL 1
| #define HAVE_FDOPEN 1
| #define HAVE_FILENO 1
| #define HAVE_FLS 1
| #define HAVE_GETGID 1
| #define HAVE_GETPAGESIZE 1
| #define HAVE_GETRLIMIT 1
| #define HAVE_GETUID 1
| #define HAVE_SYSCONF 1
| /* end confdefs.h.  */
| #include <stdio.h>
| #ifdef HAVE_SYS_TYPES_H
| # include <sys/types.h>
| #endif
| #ifdef HAVE_SYS_STAT_H
| # include <sys/stat.h>
| #endif
| #ifdef STDC_HEADERS
| # include <stdlib.h>
| # include <stddef.h>
| #else
| # ifdef HAVE_STDLIB_H
| #  include <stdlib.h>
| # endif
| #endif
| #ifdef HAVE_STRING_H
| # if !defined STDC_HEADERS && defined HAVE_MEMORY_H
| #  include <memory.h>
| # endif
| # include <string.h>
| #endif
| #ifdef HAVE_STRINGS_H
| # include <strings.h>
| #endif
| #ifdef HAVE_INTTYPES_H
| # include <inttypes.h>
| #endif
| #ifdef HAVE_STDINT_H
| # include <stdint.h>
| #endif
| #ifdef HAVE_UNISTD_H
| # include <unistd.h>
| #endif
| int
| main ()
| {
| #ifndef basename
| #ifdef __cplusplus
|   (void) basename;
| #else
|   (void) basename;
| #endif
| #endif
| 
|   ;
|   return 0;
| }
configure:12911: result: no
configure:12921: checking whether ffs is declared
configure:12921: cc -c -O -O2 -no-cpp-precomp    conftest.c >&5
configure:12921: $? = 0
configure:12921: result: yes
configure:12931: checking whether stpcpy is declared
configure:12931: cc -c -O -O2 -no-cpp-precomp    conftest.c >&5
configure:12931: $? = 0
configure:12931: result: yes
configure:12941: checking whether asprintf is declared
configure:12941: cc -c -O -O2 -no-cpp-precomp    conftest.c >&5
configure:12941: $? = 0
configure:12941: result: yes
configure:12951: checking whether vasprintf is declared
configure:12951: cc -c -O -O2 -no-cpp-precomp    conftest.c >&5
configure:12951: $? = 0
configure:12951: result: yes
configure:12961: checking whether strnlen is declared
configure:12961: cc -c -O -O2 -no-cpp-precomp    conftest.c >&5
configure:12961: $? = 0
configure:12961: result: yes
configure:13003: checking compiler support for hidden visibility
configure:13021: cc -c -O -O2 -no-cpp-precomp   -Werror  conftest.c >&5
configure:13021: $? = 0
configure:13028: result: yes
configure:13037: checking printf int64_t format
configure:13059: cc -c -O -O2 -no-cpp-precomp    conftest.c >&5
conftest.c:62:33: error: 'PRId64_probe' declared as an array with a negative size
       extern char PRId64_probe[sizeof PRId64 == sizeof "I64d" ? 1 : -1];
                                ^~~~~~~~~~~~~~~~~~~~~~~~~~~~~~~~~~~~~~~
1 error generated.
configure:13059: $? = 1
configure: failed program was:
| /* confdefs.h */
| #define PACKAGE_NAME "bfd"
| #define PACKAGE_TARNAME "bfd"
| #define PACKAGE_VERSION "2.39"
| #define PACKAGE_STRING "bfd 2.39"
| #define PACKAGE_BUGREPORT ""
| #define PACKAGE_URL ""
| #define PACKAGE "bfd"
| #define VERSION "2.39"
| #define STDC_HEADERS 1
| #define HAVE_SYS_TYPES_H 1
| #define HAVE_SYS_STAT_H 1
| #define HAVE_STDLIB_H 1
| #define HAVE_STRING_H 1
| #define HAVE_MEMORY_H 1
| #define HAVE_STRINGS_H 1
| #define HAVE_INTTYPES_H 1
| #define HAVE_STDINT_H 1
| #define HAVE_UNISTD_H 1
| #define __EXTENSIONS__ 1
| #define _ALL_SOURCE 1
| #define _GNU_SOURCE 1
| #define _POSIX_PTHREAD_SEMANTICS 1
| #define _TANDEM_SOURCE 1
| #define HAVE_DLFCN_H 1
| #define LT_OBJDIR ".libs/"
| #define HAVE_DLFCN_H 1
| #define SIZEOF_VOID_P 8
| #define USE_SECUREPLT 1
| #define DEFAULT_LD_Z_SEPARATE_CODE 0
| #define SIZEOF_LONG_LONG 8
| #define SIZEOF_VOID_P 8
| #define SIZEOF_LONG 8
| #define SIZEOF_INT 4
| #define HAVE_FCNTL_H 1
| #define HAVE_SYS_FILE_H 1
| #define HAVE_SYS_RESOURCE_H 1
| #define HAVE_SYS_STAT_H 1
| #define HAVE_SYS_TYPES_H 1
| #define HAVE_UNISTD_H 1
| #define HAVE_FCNTL 1
| #define HAVE_FDOPEN 1
| #define HAVE_FILENO 1
| #define HAVE_FLS 1
| #define HAVE_GETGID 1
| #define HAVE_GETPAGESIZE 1
| #define HAVE_GETRLIMIT 1
| #define HAVE_GETUID 1
| #define HAVE_SYSCONF 1
| #define HAVE_DECL_BASENAME 0
| #define HAVE_DECL_FFS 1
| #define HAVE_DECL_STPCPY 1
| #define HAVE_DECL_ASPRINTF 1
| #define HAVE_DECL_VASPRINTF 1
| #define HAVE_DECL_STRNLEN 1
| #define HAVE_HIDDEN 1
| /* end confdefs.h.  */
| 
|        #define __STDC_FORMAT_MACROS 1
|        #include <stdio.h>
|        #include <inttypes.h>
|        extern char PRId64_probe[sizeof PRId64 == sizeof "I64d" ? 1 : -1];
| 
| int
| main ()
| {
| 
|   ;
|   return 0;
| }
configure:13059: cc -c -O -O2 -no-cpp-precomp    conftest.c >&5
configure:13059: $? = 0
configure:13059: cc -c -O -O2 -no-cpp-precomp    conftest.c >&5
conftest.c:62:33: error: 'PRId64_probe' declared as an array with a negative size
       extern char PRId64_probe[sizeof PRId64 == sizeof "ld" ? 1 : -1];
                                ^~~~~~~~~~~~~~~~~~~~~~~~~~~~~~~~~~~~~
1 error generated.
configure:13059: $? = 1
configure: failed program was:
| /* confdefs.h */
| #define PACKAGE_NAME "bfd"
| #define PACKAGE_TARNAME "bfd"
| #define PACKAGE_VERSION "2.39"
| #define PACKAGE_STRING "bfd 2.39"
| #define PACKAGE_BUGREPORT ""
| #define PACKAGE_URL ""
| #define PACKAGE "bfd"
| #define VERSION "2.39"
| #define STDC_HEADERS 1
| #define HAVE_SYS_TYPES_H 1
| #define HAVE_SYS_STAT_H 1
| #define HAVE_STDLIB_H 1
| #define HAVE_STRING_H 1
| #define HAVE_MEMORY_H 1
| #define HAVE_STRINGS_H 1
| #define HAVE_INTTYPES_H 1
| #define HAVE_STDINT_H 1
| #define HAVE_UNISTD_H 1
| #define __EXTENSIONS__ 1
| #define _ALL_SOURCE 1
| #define _GNU_SOURCE 1
| #define _POSIX_PTHREAD_SEMANTICS 1
| #define _TANDEM_SOURCE 1
| #define HAVE_DLFCN_H 1
| #define LT_OBJDIR ".libs/"
| #define HAVE_DLFCN_H 1
| #define SIZEOF_VOID_P 8
| #define USE_SECUREPLT 1
| #define DEFAULT_LD_Z_SEPARATE_CODE 0
| #define SIZEOF_LONG_LONG 8
| #define SIZEOF_VOID_P 8
| #define SIZEOF_LONG 8
| #define SIZEOF_INT 4
| #define HAVE_FCNTL_H 1
| #define HAVE_SYS_FILE_H 1
| #define HAVE_SYS_RESOURCE_H 1
| #define HAVE_SYS_STAT_H 1
| #define HAVE_SYS_TYPES_H 1
| #define HAVE_UNISTD_H 1
| #define HAVE_FCNTL 1
| #define HAVE_FDOPEN 1
| #define HAVE_FILENO 1
| #define HAVE_FLS 1
| #define HAVE_GETGID 1
| #define HAVE_GETPAGESIZE 1
| #define HAVE_GETRLIMIT 1
| #define HAVE_GETUID 1
| #define HAVE_SYSCONF 1
| #define HAVE_DECL_BASENAME 0
| #define HAVE_DECL_FFS 1
| #define HAVE_DECL_STPCPY 1
| #define HAVE_DECL_ASPRINTF 1
| #define HAVE_DECL_VASPRINTF 1
| #define HAVE_DECL_STRNLEN 1
| #define HAVE_HIDDEN 1
| /* end confdefs.h.  */
| 
|        #define __STDC_FORMAT_MACROS 1
|        #include <stdio.h>
|        #include <inttypes.h>
|        extern char PRId64_probe[sizeof PRId64 == sizeof "ld" ? 1 : -1];
| 
| int
| main ()
| {
| 
|   ;
|   return 0;
| }
configure:13065: result: ll
configure:13071: checking linker --as-needed support
configure:13082: result: no
configure:13710: checking for gcc version with buggy 64-bit support
configure:13723: result: no
configure:14762: checking for ftello
configure:14762: cc -o conftest -O -O2 -no-cpp-precomp       conftest.c  >&5
configure:14762: $? = 0
configure:14762: result: yes
configure:14762: checking for ftello64
configure:14762: cc -o conftest -O -O2 -no-cpp-precomp       conftest.c  >&5
Undefined symbols for architecture x86_64:
  "_ftello64", referenced from:
      _main in conftest-d5486a.o
ld: symbol(s) not found for architecture x86_64
clang: error: linker command failed with exit code 1 (use -v to see invocation)
configure:14762: $? = 1
configure: failed program was:
| /* confdefs.h */
| #define PACKAGE_NAME "bfd"
| #define PACKAGE_TARNAME "bfd"
| #define PACKAGE_VERSION "2.39"
| #define PACKAGE_STRING "bfd 2.39"
| #define PACKAGE_BUGREPORT ""
| #define PACKAGE_URL ""
| #define PACKAGE "bfd"
| #define VERSION "2.39"
| #define STDC_HEADERS 1
| #define HAVE_SYS_TYPES_H 1
| #define HAVE_SYS_STAT_H 1
| #define HAVE_STDLIB_H 1
| #define HAVE_STRING_H 1
| #define HAVE_MEMORY_H 1
| #define HAVE_STRINGS_H 1
| #define HAVE_INTTYPES_H 1
| #define HAVE_STDINT_H 1
| #define HAVE_UNISTD_H 1
| #define __EXTENSIONS__ 1
| #define _ALL_SOURCE 1
| #define _GNU_SOURCE 1
| #define _POSIX_PTHREAD_SEMANTICS 1
| #define _TANDEM_SOURCE 1
| #define HAVE_DLFCN_H 1
| #define LT_OBJDIR ".libs/"
| #define HAVE_DLFCN_H 1
| #define SIZEOF_VOID_P 8
| #define USE_SECUREPLT 1
| #define DEFAULT_LD_Z_SEPARATE_CODE 0
| #define SIZEOF_LONG_LONG 8
| #define SIZEOF_VOID_P 8
| #define SIZEOF_LONG 8
| #define SIZEOF_INT 4
| #define HAVE_FCNTL_H 1
| #define HAVE_SYS_FILE_H 1
| #define HAVE_SYS_RESOURCE_H 1
| #define HAVE_SYS_STAT_H 1
| #define HAVE_SYS_TYPES_H 1
| #define HAVE_UNISTD_H 1
| #define HAVE_FCNTL 1
| #define HAVE_FDOPEN 1
| #define HAVE_FILENO 1
| #define HAVE_FLS 1
| #define HAVE_GETGID 1
| #define HAVE_GETPAGESIZE 1
| #define HAVE_GETRLIMIT 1
| #define HAVE_GETUID 1
| #define HAVE_SYSCONF 1
| #define HAVE_DECL_BASENAME 0
| #define HAVE_DECL_FFS 1
| #define HAVE_DECL_STPCPY 1
| #define HAVE_DECL_ASPRINTF 1
| #define HAVE_DECL_VASPRINTF 1
| #define HAVE_DECL_STRNLEN 1
| #define HAVE_HIDDEN 1
| #define HAVE_FTELLO 1
| /* end confdefs.h.  */
| /* Define ftello64 to an innocuous variant, in case <limits.h> declares ftello64.
|    For example, HP-UX 11i <limits.h> declares gettimeofday.  */
| #define ftello64 innocuous_ftello64
| 
| /* System header to define __stub macros and hopefully few prototypes,
|     which can conflict with char ftello64 (); below.
|     Prefer <limits.h> to <assert.h> if __STDC__ is defined, since
|     <limits.h> exists even on freestanding compilers.  */
| 
| #ifdef __STDC__
| # include <limits.h>
| #else
| # include <assert.h>
| #endif
| 
| #undef ftello64
| 
| /* Override any GCC internal prototype to avoid an error.
|    Use char because int might match the return type of a GCC
|    builtin and then its argument prototype would still apply.  */
| #ifdef __cplusplus
| extern "C"
| #endif
| char ftello64 ();
| /* The GNU C library defines this for functions which it implements
|     to always fail with ENOSYS.  Some functions are actually named
|     something starting with __ and the normal name is an alias.  */
| #if defined __stub_ftello64 || defined __stub___ftello64
| choke me
| #endif
| 
| int
| main ()
| {
| return ftello64 ();
|   ;
|   return 0;
| }
configure:14762: result: no
configure:14762: checking for fseeko
configure:14762: cc -o conftest -O -O2 -no-cpp-precomp       conftest.c  >&5
configure:14762: $? = 0
configure:14762: result: yes
configure:14762: checking for fseeko64
configure:14762: cc -o conftest -O -O2 -no-cpp-precomp       conftest.c  >&5
Undefined symbols for architecture x86_64:
  "_fseeko64", referenced from:
      _main in conftest-a5226d.o
ld: symbol(s) not found for architecture x86_64
clang: error: linker command failed with exit code 1 (use -v to see invocation)
configure:14762: $? = 1
configure: failed program was:
| /* confdefs.h */
| #define PACKAGE_NAME "bfd"
| #define PACKAGE_TARNAME "bfd"
| #define PACKAGE_VERSION "2.39"
| #define PACKAGE_STRING "bfd 2.39"
| #define PACKAGE_BUGREPORT ""
| #define PACKAGE_URL ""
| #define PACKAGE "bfd"
| #define VERSION "2.39"
| #define STDC_HEADERS 1
| #define HAVE_SYS_TYPES_H 1
| #define HAVE_SYS_STAT_H 1
| #define HAVE_STDLIB_H 1
| #define HAVE_STRING_H 1
| #define HAVE_MEMORY_H 1
| #define HAVE_STRINGS_H 1
| #define HAVE_INTTYPES_H 1
| #define HAVE_STDINT_H 1
| #define HAVE_UNISTD_H 1
| #define __EXTENSIONS__ 1
| #define _ALL_SOURCE 1
| #define _GNU_SOURCE 1
| #define _POSIX_PTHREAD_SEMANTICS 1
| #define _TANDEM_SOURCE 1
| #define HAVE_DLFCN_H 1
| #define LT_OBJDIR ".libs/"
| #define HAVE_DLFCN_H 1
| #define SIZEOF_VOID_P 8
| #define USE_SECUREPLT 1
| #define DEFAULT_LD_Z_SEPARATE_CODE 0
| #define SIZEOF_LONG_LONG 8
| #define SIZEOF_VOID_P 8
| #define SIZEOF_LONG 8
| #define SIZEOF_INT 4
| #define HAVE_FCNTL_H 1
| #define HAVE_SYS_FILE_H 1
| #define HAVE_SYS_RESOURCE_H 1
| #define HAVE_SYS_STAT_H 1
| #define HAVE_SYS_TYPES_H 1
| #define HAVE_UNISTD_H 1
| #define HAVE_FCNTL 1
| #define HAVE_FDOPEN 1
| #define HAVE_FILENO 1
| #define HAVE_FLS 1
| #define HAVE_GETGID 1
| #define HAVE_GETPAGESIZE 1
| #define HAVE_GETRLIMIT 1
| #define HAVE_GETUID 1
| #define HAVE_SYSCONF 1
| #define HAVE_DECL_BASENAME 0
| #define HAVE_DECL_FFS 1
| #define HAVE_DECL_STPCPY 1
| #define HAVE_DECL_ASPRINTF 1
| #define HAVE_DECL_VASPRINTF 1
| #define HAVE_DECL_STRNLEN 1
| #define HAVE_HIDDEN 1
| #define HAVE_FTELLO 1
| #define HAVE_FSEEKO 1
| /* end confdefs.h.  */
| /* Define fseeko64 to an innocuous variant, in case <limits.h> declares fseeko64.
|    For example, HP-UX 11i <limits.h> declares gettimeofday.  */
| #define fseeko64 innocuous_fseeko64
| 
| /* System header to define __stub macros and hopefully few prototypes,
|     which can conflict with char fseeko64 (); below.
|     Prefer <limits.h> to <assert.h> if __STDC__ is defined, since
|     <limits.h> exists even on freestanding compilers.  */
| 
| #ifdef __STDC__
| # include <limits.h>
| #else
| # include <assert.h>
| #endif
| 
| #undef fseeko64
| 
| /* Override any GCC internal prototype to avoid an error.
|    Use char because int might match the return type of a GCC
|    builtin and then its argument prototype would still apply.  */
| #ifdef __cplusplus
| extern "C"
| #endif
| char fseeko64 ();
| /* The GNU C library defines this for functions which it implements
|     to always fail with ENOSYS.  Some functions are actually named
|     something starting with __ and the normal name is an alias.  */
| #if defined __stub_fseeko64 || defined __stub___fseeko64
| choke me
| #endif
| 
| int
| main ()
| {
| return fseeko64 ();
|   ;
|   return 0;
| }
configure:14762: result: no
configure:14762: checking for fopen64
configure:14762: cc -o conftest -O -O2 -no-cpp-precomp       conftest.c  >&5
Undefined symbols for architecture x86_64:
  "_fopen64", referenced from:
      _main in conftest-1ad700.o
ld: symbol(s) not found for architecture x86_64
clang: error: linker command failed with exit code 1 (use -v to see invocation)
configure:14762: $? = 1
configure: failed program was:
| /* confdefs.h */
| #define PACKAGE_NAME "bfd"
| #define PACKAGE_TARNAME "bfd"
| #define PACKAGE_VERSION "2.39"
| #define PACKAGE_STRING "bfd 2.39"
| #define PACKAGE_BUGREPORT ""
| #define PACKAGE_URL ""
| #define PACKAGE "bfd"
| #define VERSION "2.39"
| #define STDC_HEADERS 1
| #define HAVE_SYS_TYPES_H 1
| #define HAVE_SYS_STAT_H 1
| #define HAVE_STDLIB_H 1
| #define HAVE_STRING_H 1
| #define HAVE_MEMORY_H 1
| #define HAVE_STRINGS_H 1
| #define HAVE_INTTYPES_H 1
| #define HAVE_STDINT_H 1
| #define HAVE_UNISTD_H 1
| #define __EXTENSIONS__ 1
| #define _ALL_SOURCE 1
| #define _GNU_SOURCE 1
| #define _POSIX_PTHREAD_SEMANTICS 1
| #define _TANDEM_SOURCE 1
| #define HAVE_DLFCN_H 1
| #define LT_OBJDIR ".libs/"
| #define HAVE_DLFCN_H 1
| #define SIZEOF_VOID_P 8
| #define USE_SECUREPLT 1
| #define DEFAULT_LD_Z_SEPARATE_CODE 0
| #define SIZEOF_LONG_LONG 8
| #define SIZEOF_VOID_P 8
| #define SIZEOF_LONG 8
| #define SIZEOF_INT 4
| #define HAVE_FCNTL_H 1
| #define HAVE_SYS_FILE_H 1
| #define HAVE_SYS_RESOURCE_H 1
| #define HAVE_SYS_STAT_H 1
| #define HAVE_SYS_TYPES_H 1
| #define HAVE_UNISTD_H 1
| #define HAVE_FCNTL 1
| #define HAVE_FDOPEN 1
| #define HAVE_FILENO 1
| #define HAVE_FLS 1
| #define HAVE_GETGID 1
| #define HAVE_GETPAGESIZE 1
| #define HAVE_GETRLIMIT 1
| #define HAVE_GETUID 1
| #define HAVE_SYSCONF 1
| #define HAVE_DECL_BASENAME 0
| #define HAVE_DECL_FFS 1
| #define HAVE_DECL_STPCPY 1
| #define HAVE_DECL_ASPRINTF 1
| #define HAVE_DECL_VASPRINTF 1
| #define HAVE_DECL_STRNLEN 1
| #define HAVE_HIDDEN 1
| #define HAVE_FTELLO 1
| #define HAVE_FSEEKO 1
| /* end confdefs.h.  */
| /* Define fopen64 to an innocuous variant, in case <limits.h> declares fopen64.
|    For example, HP-UX 11i <limits.h> declares gettimeofday.  */
| #define fopen64 innocuous_fopen64
| 
| /* System header to define __stub macros and hopefully few prototypes,
|     which can conflict with char fopen64 (); below.
|     Prefer <limits.h> to <assert.h> if __STDC__ is defined, since
|     <limits.h> exists even on freestanding compilers.  */
| 
| #ifdef __STDC__
| # include <limits.h>
| #else
| # include <assert.h>
| #endif
| 
| #undef fopen64
| 
| /* Override any GCC internal prototype to avoid an error.
|    Use char because int might match the return type of a GCC
|    builtin and then its argument prototype would still apply.  */
| #ifdef __cplusplus
| extern "C"
| #endif
| char fopen64 ();
| /* The GNU C library defines this for functions which it implements
|     to always fail with ENOSYS.  Some functions are actually named
|     something starting with __ and the normal name is an alias.  */
| #if defined __stub_fopen64 || defined __stub___fopen64
| choke me
| #endif
| 
| int
| main ()
| {
| return fopen64 ();
|   ;
|   return 0;
| }
configure:14762: result: no
configure:14771: checking whether ftello is declared
configure:14771: cc -c -O -O2 -no-cpp-precomp    conftest.c >&5
configure:14771: $? = 0
configure:14771: result: yes
configure:14781: checking whether ftello64 is declared
configure:14781: cc -c -O -O2 -no-cpp-precomp    conftest.c >&5
conftest.c:101:10: error: use of undeclared identifier 'ftello64'
  (void) ftello64;
         ^
1 error generated.
configure:14781: $? = 1
configure: failed program was:
| /* confdefs.h */
| #define PACKAGE_NAME "bfd"
| #define PACKAGE_TARNAME "bfd"
| #define PACKAGE_VERSION "2.39"
| #define PACKAGE_STRING "bfd 2.39"
| #define PACKAGE_BUGREPORT ""
| #define PACKAGE_URL ""
| #define PACKAGE "bfd"
| #define VERSION "2.39"
| #define STDC_HEADERS 1
| #define HAVE_SYS_TYPES_H 1
| #define HAVE_SYS_STAT_H 1
| #define HAVE_STDLIB_H 1
| #define HAVE_STRING_H 1
| #define HAVE_MEMORY_H 1
| #define HAVE_STRINGS_H 1
| #define HAVE_INTTYPES_H 1
| #define HAVE_STDINT_H 1
| #define HAVE_UNISTD_H 1
| #define __EXTENSIONS__ 1
| #define _ALL_SOURCE 1
| #define _GNU_SOURCE 1
| #define _POSIX_PTHREAD_SEMANTICS 1
| #define _TANDEM_SOURCE 1
| #define HAVE_DLFCN_H 1
| #define LT_OBJDIR ".libs/"
| #define HAVE_DLFCN_H 1
| #define SIZEOF_VOID_P 8
| #define USE_SECUREPLT 1
| #define DEFAULT_LD_Z_SEPARATE_CODE 0
| #define SIZEOF_LONG_LONG 8
| #define SIZEOF_VOID_P 8
| #define SIZEOF_LONG 8
| #define SIZEOF_INT 4
| #define HAVE_FCNTL_H 1
| #define HAVE_SYS_FILE_H 1
| #define HAVE_SYS_RESOURCE_H 1
| #define HAVE_SYS_STAT_H 1
| #define HAVE_SYS_TYPES_H 1
| #define HAVE_UNISTD_H 1
| #define HAVE_FCNTL 1
| #define HAVE_FDOPEN 1
| #define HAVE_FILENO 1
| #define HAVE_FLS 1
| #define HAVE_GETGID 1
| #define HAVE_GETPAGESIZE 1
| #define HAVE_GETRLIMIT 1
| #define HAVE_GETUID 1
| #define HAVE_SYSCONF 1
| #define HAVE_DECL_BASENAME 0
| #define HAVE_DECL_FFS 1
| #define HAVE_DECL_STPCPY 1
| #define HAVE_DECL_ASPRINTF 1
| #define HAVE_DECL_VASPRINTF 1
| #define HAVE_DECL_STRNLEN 1
| #define HAVE_HIDDEN 1
| #define HAVE_FTELLO 1
| #define HAVE_FSEEKO 1
| #define HAVE_DECL_FTELLO 1
| /* end confdefs.h.  */
| #include <stdio.h>
| #ifdef HAVE_SYS_TYPES_H
| # include <sys/types.h>
| #endif
| #ifdef HAVE_SYS_STAT_H
| # include <sys/stat.h>
| #endif
| #ifdef STDC_HEADERS
| # include <stdlib.h>
| # include <stddef.h>
| #else
| # ifdef HAVE_STDLIB_H
| #  include <stdlib.h>
| # endif
| #endif
| #ifdef HAVE_STRING_H
| # if !defined STDC_HEADERS && defined HAVE_MEMORY_H
| #  include <memory.h>
| # endif
| # include <string.h>
| #endif
| #ifdef HAVE_STRINGS_H
| # include <strings.h>
| #endif
| #ifdef HAVE_INTTYPES_H
| # include <inttypes.h>
| #endif
| #ifdef HAVE_STDINT_H
| # include <stdint.h>
| #endif
| #ifdef HAVE_UNISTD_H
| # include <unistd.h>
| #endif
| int
| main ()
| {
| #ifndef ftello64
| #ifdef __cplusplus
|   (void) ftello64;
| #else
|   (void) ftello64;
| #endif
| #endif
| 
|   ;
|   return 0;
| }
configure:14781: result: no
configure:14791: checking whether fseeko is declared
configure:14791: cc -c -O -O2 -no-cpp-precomp    conftest.c >&5
configure:14791: $? = 0
configure:14791: result: yes
configure:14801: checking whether fseeko64 is declared
configure:14801: cc -c -O -O2 -no-cpp-precomp    conftest.c >&5
conftest.c:103:10: error: use of undeclared identifier 'fseeko64'
  (void) fseeko64;
         ^
1 error generated.
configure:14801: $? = 1
configure: failed program was:
| /* confdefs.h */
| #define PACKAGE_NAME "bfd"
| #define PACKAGE_TARNAME "bfd"
| #define PACKAGE_VERSION "2.39"
| #define PACKAGE_STRING "bfd 2.39"
| #define PACKAGE_BUGREPORT ""
| #define PACKAGE_URL ""
| #define PACKAGE "bfd"
| #define VERSION "2.39"
| #define STDC_HEADERS 1
| #define HAVE_SYS_TYPES_H 1
| #define HAVE_SYS_STAT_H 1
| #define HAVE_STDLIB_H 1
| #define HAVE_STRING_H 1
| #define HAVE_MEMORY_H 1
| #define HAVE_STRINGS_H 1
| #define HAVE_INTTYPES_H 1
| #define HAVE_STDINT_H 1
| #define HAVE_UNISTD_H 1
| #define __EXTENSIONS__ 1
| #define _ALL_SOURCE 1
| #define _GNU_SOURCE 1
| #define _POSIX_PTHREAD_SEMANTICS 1
| #define _TANDEM_SOURCE 1
| #define HAVE_DLFCN_H 1
| #define LT_OBJDIR ".libs/"
| #define HAVE_DLFCN_H 1
| #define SIZEOF_VOID_P 8
| #define USE_SECUREPLT 1
| #define DEFAULT_LD_Z_SEPARATE_CODE 0
| #define SIZEOF_LONG_LONG 8
| #define SIZEOF_VOID_P 8
| #define SIZEOF_LONG 8
| #define SIZEOF_INT 4
| #define HAVE_FCNTL_H 1
| #define HAVE_SYS_FILE_H 1
| #define HAVE_SYS_RESOURCE_H 1
| #define HAVE_SYS_STAT_H 1
| #define HAVE_SYS_TYPES_H 1
| #define HAVE_UNISTD_H 1
| #define HAVE_FCNTL 1
| #define HAVE_FDOPEN 1
| #define HAVE_FILENO 1
| #define HAVE_FLS 1
| #define HAVE_GETGID 1
| #define HAVE_GETPAGESIZE 1
| #define HAVE_GETRLIMIT 1
| #define HAVE_GETUID 1
| #define HAVE_SYSCONF 1
| #define HAVE_DECL_BASENAME 0
| #define HAVE_DECL_FFS 1
| #define HAVE_DECL_STPCPY 1
| #define HAVE_DECL_ASPRINTF 1
| #define HAVE_DECL_VASPRINTF 1
| #define HAVE_DECL_STRNLEN 1
| #define HAVE_HIDDEN 1
| #define HAVE_FTELLO 1
| #define HAVE_FSEEKO 1
| #define HAVE_DECL_FTELLO 1
| #define HAVE_DECL_FTELLO64 0
| #define HAVE_DECL_FSEEKO 1
| /* end confdefs.h.  */
| #include <stdio.h>
| #ifdef HAVE_SYS_TYPES_H
| # include <sys/types.h>
| #endif
| #ifdef HAVE_SYS_STAT_H
| # include <sys/stat.h>
| #endif
| #ifdef STDC_HEADERS
| # include <stdlib.h>
| # include <stddef.h>
| #else
| # ifdef HAVE_STDLIB_H
| #  include <stdlib.h>
| # endif
| #endif
| #ifdef HAVE_STRING_H
| # if !defined STDC_HEADERS && defined HAVE_MEMORY_H
| #  include <memory.h>
| # endif
| # include <string.h>
| #endif
| #ifdef HAVE_STRINGS_H
| # include <strings.h>
| #endif
| #ifdef HAVE_INTTYPES_H
| # include <inttypes.h>
| #endif
| #ifdef HAVE_STDINT_H
| # include <stdint.h>
| #endif
| #ifdef HAVE_UNISTD_H
| # include <unistd.h>
| #endif
| int
| main ()
| {
| #ifndef fseeko64
| #ifdef __cplusplus
|   (void) fseeko64;
| #else
|   (void) fseeko64;
| #endif
| #endif
| 
|   ;
|   return 0;
| }
configure:14801: result: no
configure:14811: checking whether fopen64 is declared
configure:14811: cc -c -O -O2 -no-cpp-precomp    conftest.c >&5
conftest.c:104:10: error: use of undeclared identifier 'fopen64'
  (void) fopen64;
         ^
1 error generated.
configure:14811: $? = 1
configure: failed program was:
| /* confdefs.h */
| #define PACKAGE_NAME "bfd"
| #define PACKAGE_TARNAME "bfd"
| #define PACKAGE_VERSION "2.39"
| #define PACKAGE_STRING "bfd 2.39"
| #define PACKAGE_BUGREPORT ""
| #define PACKAGE_URL ""
| #define PACKAGE "bfd"
| #define VERSION "2.39"
| #define STDC_HEADERS 1
| #define HAVE_SYS_TYPES_H 1
| #define HAVE_SYS_STAT_H 1
| #define HAVE_STDLIB_H 1
| #define HAVE_STRING_H 1
| #define HAVE_MEMORY_H 1
| #define HAVE_STRINGS_H 1
| #define HAVE_INTTYPES_H 1
| #define HAVE_STDINT_H 1
| #define HAVE_UNISTD_H 1
| #define __EXTENSIONS__ 1
| #define _ALL_SOURCE 1
| #define _GNU_SOURCE 1
| #define _POSIX_PTHREAD_SEMANTICS 1
| #define _TANDEM_SOURCE 1
| #define HAVE_DLFCN_H 1
| #define LT_OBJDIR ".libs/"
| #define HAVE_DLFCN_H 1
| #define SIZEOF_VOID_P 8
| #define USE_SECUREPLT 1
| #define DEFAULT_LD_Z_SEPARATE_CODE 0
| #define SIZEOF_LONG_LONG 8
| #define SIZEOF_VOID_P 8
| #define SIZEOF_LONG 8
| #define SIZEOF_INT 4
| #define HAVE_FCNTL_H 1
| #define HAVE_SYS_FILE_H 1
| #define HAVE_SYS_RESOURCE_H 1
| #define HAVE_SYS_STAT_H 1
| #define HAVE_SYS_TYPES_H 1
| #define HAVE_UNISTD_H 1
| #define HAVE_FCNTL 1
| #define HAVE_FDOPEN 1
| #define HAVE_FILENO 1
| #define HAVE_FLS 1
| #define HAVE_GETGID 1
| #define HAVE_GETPAGESIZE 1
| #define HAVE_GETRLIMIT 1
| #define HAVE_GETUID 1
| #define HAVE_SYSCONF 1
| #define HAVE_DECL_BASENAME 0
| #define HAVE_DECL_FFS 1
| #define HAVE_DECL_STPCPY 1
| #define HAVE_DECL_ASPRINTF 1
| #define HAVE_DECL_VASPRINTF 1
| #define HAVE_DECL_STRNLEN 1
| #define HAVE_HIDDEN 1
| #define HAVE_FTELLO 1
| #define HAVE_FSEEKO 1
| #define HAVE_DECL_FTELLO 1
| #define HAVE_DECL_FTELLO64 0
| #define HAVE_DECL_FSEEKO 1
| #define HAVE_DECL_FSEEKO64 0
| /* end confdefs.h.  */
| #include <stdio.h>
| #ifdef HAVE_SYS_TYPES_H
| # include <sys/types.h>
| #endif
| #ifdef HAVE_SYS_STAT_H
| # include <sys/stat.h>
| #endif
| #ifdef STDC_HEADERS
| # include <stdlib.h>
| # include <stddef.h>
| #else
| # ifdef HAVE_STDLIB_H
| #  include <stdlib.h>
| # endif
| #endif
| #ifdef HAVE_STRING_H
| # if !defined STDC_HEADERS && defined HAVE_MEMORY_H
| #  include <memory.h>
| # endif
| # include <string.h>
| #endif
| #ifdef HAVE_STRINGS_H
| # include <strings.h>
| #endif
| #ifdef HAVE_INTTYPES_H
| # include <inttypes.h>
| #endif
| #ifdef HAVE_STDINT_H
| # include <stdint.h>
| #endif
| #ifdef HAVE_UNISTD_H
| # include <unistd.h>
| #endif
| int
| main ()
| {
| #ifndef fopen64
| #ifdef __cplusplus
|   (void) fopen64;
| #else
|   (void) fopen64;
| #endif
| #endif
| 
|   ;
|   return 0;
| }
configure:14811: result: no
configure:14827: checking size of off_t
configure:14832: cc -o conftest -O -O2 -no-cpp-precomp       conftest.c  >&5
configure:14832: $? = 0
configure:14832: ./conftest
configure:14832: $? = 0
configure:14846: result: 8
configure:14857: checking file_ptr type
configure:14866: result: int64_t
configure:14877: checking for stdlib.h
configure:14877: result: yes
configure:14877: checking for unistd.h
configure:14877: result: yes
configure:14877: checking for sys/param.h
configure:14877: cc -c -O -O2 -no-cpp-precomp    conftest.c >&5
configure:14877: $? = 0
configure:14877: result: yes
configure:14897: checking for getpagesize
configure:14897: result: yes
configure:14906: checking for working mmap
configure:15053: cc -o conftest -O -O2 -no-cpp-precomp       conftest.c  >&5
configure:15053: $? = 0
configure:15053: ./conftest
configure:15053: $? = 0
configure:15063: result: yes
configure:15075: checking for madvise
configure:15075: cc -o conftest -O -O2 -no-cpp-precomp       conftest.c  >&5
configure:15075: $? = 0
configure:15075: result: yes
configure:15075: checking for mprotect
configure:15075: cc -o conftest -O -O2 -no-cpp-precomp       conftest.c  >&5
configure:15075: $? = 0
configure:15075: result: yes
configure:15166: updating cache ./config.cache
configure:15210: checking that generated files are newer than configure
configure:15216: result: done
configure:15259: creating ./config.status

## ---------------------- ##
## Running config.status. ##
## ---------------------- ##

This file was extended by bfd config.status 2.39, which was
generated by GNU Autoconf 2.69.  Invocation command line was

  CONFIG_FILES    = 
  CONFIG_HEADERS  = 
  CONFIG_LINKS    = 
  CONFIG_COMMANDS = 
  $ ./config.status 

on Sid-Qians-MacBook-Pro-2.local

config.status:1193: creating Makefile
config.status:1193: creating bfd-in3.h
config.status:1193: creating po/Makefile.in
config.status:1193: creating config.h
config.status:1407: executing depfiles commands
config.status:1407: executing libtool commands
config.status:1407: executing default-1 commands
config.status:1407: executing default commands

## ---------------- ##
## Cache variables. ##
## ---------------- ##

ac_cv_build=x86_64-apple-darwin22.1.0
ac_cv_c_compiler_gnu=yes
ac_cv_env_CC_set=set
ac_cv_env_CC_value=cc
ac_cv_env_CFLAGS_set=set
ac_cv_env_CFLAGS_value='-O -O2 -no-cpp-precomp  '
ac_cv_env_CPPFLAGS_set=set
ac_cv_env_CPPFLAGS_value=
ac_cv_env_CPP_set=
ac_cv_env_CPP_value=
ac_cv_env_LDFLAGS_set=set
ac_cv_env_LDFLAGS_value='  '
ac_cv_env_LIBS_set=
ac_cv_env_LIBS_value=
ac_cv_env_build_alias_set=set
ac_cv_env_build_alias_value=x86_64-apple-darwin22.1.0
ac_cv_env_host_alias_set=set
ac_cv_env_host_alias_value=x86_64-apple-darwin22.1.0
ac_cv_env_target_alias_set=set
ac_cv_env_target_alias_value=m68k--netbsdelf
ac_cv_func_fcntl=yes
ac_cv_func_fdopen=yes
ac_cv_func_fileno=yes
ac_cv_func_fls=yes
ac_cv_func_fopen64=no
ac_cv_func_fseeko64=no
ac_cv_func_fseeko=yes
ac_cv_func_ftello64=no
ac_cv_func_ftello=yes
ac_cv_func_getgid=yes
ac_cv_func_getpagesize=yes
ac_cv_func_getrlimit=yes
ac_cv_func_getuid=yes
ac_cv_func_madvise=yes
ac_cv_func_mmap_fixed_mapped=yes
ac_cv_func_mprotect=yes
ac_cv_func_sysconf=yes
ac_cv_have_decl_asprintf=yes
ac_cv_have_decl_basename=no
ac_cv_have_decl_ffs=yes
ac_cv_have_decl_fopen64=no
ac_cv_have_decl_fseeko64=no
ac_cv_have_decl_fseeko=yes
ac_cv_have_decl_ftello64=no
ac_cv_have_decl_ftello=yes
ac_cv_have_decl_stpcpy=yes
ac_cv_have_decl_strnlen=yes
ac_cv_have_decl_vasprintf=yes
ac_cv_header_dlfcn_h=yes
ac_cv_header_fcntl_h=yes
ac_cv_header_inttypes_h=yes
ac_cv_header_memory_h=yes
ac_cv_header_minix_config_h=no
ac_cv_header_stdc=yes
ac_cv_header_stdint_h=yes
ac_cv_header_stdlib_h=yes
ac_cv_header_string_h=yes
ac_cv_header_strings_h=yes
ac_cv_header_sys_file_h=yes
ac_cv_header_sys_param_h=yes
ac_cv_header_sys_resource_h=yes
ac_cv_header_sys_stat_h=yes
ac_cv_header_sys_types_h=yes
ac_cv_header_unistd_h=yes
ac_cv_header_windows_h=no
ac_cv_host=x86_64-apple-darwin22.1.0
ac_cv_lib_dl_dlopen=yes
ac_cv_objext=o
ac_cv_path_EGREP='/usr/bin/grep -E'
ac_cv_path_FGREP='/usr/bin/grep -F'
ac_cv_path_GMSGFMT=/usr/local/bin/msgfmt
ac_cv_path_GREP=/usr/bin/grep
ac_cv_path_MSGFMT=/usr/local/bin/msgfmt
ac_cv_path_MSGMERGE=/usr/local/bin/msgmerge
ac_cv_path_SED=/usr/bin/sed
ac_cv_path_XGETTEXT=/usr/local/bin/xgettext
ac_cv_path_mkdir='/Users/sidqian/Downloads/summer/L2S/netbsd-src/build/obj/tooldir.Darwin-22.1.0-x86_64/bin/m68k--netbsdelf-install -d'
ac_cv_prog_AR=ar
ac_cv_prog_AWK=/Users/sidqian/Downloads/summer/L2S/netbsd-src/build/obj/tooldir.Darwin-22.1.0-x86_64/bin/nbawk
ac_cv_prog_CC=cc
ac_cv_prog_CPP='cc -E'
ac_cv_prog_DSYMUTIL=@DSYMUTIL@
ac_cv_prog_OBJDUMP=objdump
ac_cv_prog_OTOOL=@OTOOL@
ac_cv_prog_RANLIB=ranlib
ac_cv_prog_ac_ct_LIPO=lipo
ac_cv_prog_ac_ct_NMEDIT=nmedit
ac_cv_prog_ac_ct_STRIP=strip
ac_cv_prog_cc_c89=
ac_cv_prog_cc_g=yes
ac_cv_prog_make__Users_sidqian_Downloads_summer_L2S_netbsd_src_build_obj_tooldir_Darwin_22_1_0_x86_64_bin_nbmake_set=yes
ac_cv_safe_to_define___extensions__=yes
ac_cv_search_dlsym='none required'
ac_cv_sizeof_int=4
ac_cv_sizeof_long=8
ac_cv_sizeof_long_long=8
ac_cv_sizeof_off_t=8
ac_cv_sizeof_void_p=8
ac_cv_sys_file_offset_bits=no
ac_cv_sys_largefile_CC=no
ac_cv_target=m68k--netbsdelf
am_cv_CC_dependencies_compiler_type=gcc3
am_cv_make_support_nested_variables=yes
am_cv_prog_cc_c_o=yes
bfd_cv_hidden=yes
bfd_cv_int64_fmt=ll
bfd_cv_ld_as_needed=no
lt_cv_apple_cc_single_mod=yes
lt_cv_deplibs_check_method=pass_all
lt_cv_dlopen=dlopen
lt_cv_dlopen_libs=-ldl
lt_cv_dlopen_self=yes
lt_cv_dlopen_self_static=yes
lt_cv_file_magic_cmd='$MAGIC_CMD'
lt_cv_file_magic_test_file=
lt_cv_ld_exported_symbols_list=yes
lt_cv_ld_force_load=yes
lt_cv_ld_reload_flag=-r
lt_cv_nm_interface='BSD nm'
lt_cv_objdir=.libs
lt_cv_path_LD=/Applications/Xcode.app/Contents/Developer/Toolchains/XcodeDefault.xctoolchain/usr/bin/ld
lt_cv_path_NM=/usr/bin/nm
lt_cv_prog_compiler_c_o=yes
lt_cv_prog_compiler_pic_works=yes
lt_cv_prog_compiler_rtti_exceptions=yes
lt_cv_prog_compiler_static_works=no
lt_cv_prog_gnu_ld=no
lt_cv_sys_global_symbol_pipe='sed -n -e '\''s/^.*[	 ]\([ABCDGIRSTW][ABCDGIRSTW]*\)[	 ][	 ]*_\([_A-Za-z][_A-Za-z0-9]*\)$/\1 _\2 \2/p'\'''
lt_cv_sys_global_symbol_to_c_name_address='sed -n -e '\''s/^: \([^ ]*\) $/  {\"\1\", (void *) 0},/p'\'' -e '\''s/^[ABCDGIRSTW]* \([^ ]*\) \([^ ]*\)$/  {"\2", (void *) \&\2},/p'\'''
lt_cv_sys_global_symbol_to_c_name_address_lib_prefix='sed -n -e '\''s/^: \([^ ]*\) $/  {\"\1\", (void *) 0},/p'\'' -e '\''s/^[ABCDGIRSTW]* \([^ ]*\) \(lib[^ ]*\)$/  {"\2", (void *) \&\2},/p'\'' -e '\''s/^[ABCDGIRSTW]* \([^ ]*\) \([^ ]*\)$/  {"lib\2", (void *) \&\2},/p'\'''
lt_cv_sys_global_symbol_to_cdecl='sed -n -e '\''s/^T .* \(.*\)$/extern int \1();/p'\'' -e '\''s/^[ABCDGIRSTW]* .* \(.*\)$/extern char \1;/p'\'''
lt_cv_sys_max_cmd_len=786432

## ----------------- ##
## Output variables. ##
## ----------------- ##

ACLOCAL='${SHELL} /Users/sidqian/Downloads/summer/L2S/netbsd-src/external/gpl3/binutils/dist/missing aclocal-1.15'
AMDEPBACKSLASH='\'
AMDEP_FALSE='#'
AMDEP_TRUE=''
AMTAR='$${TAR-tar}'
AM_BACKSLASH='\'
AM_DEFAULT_V='$(AM_DEFAULT_VERBOSITY)'
AM_DEFAULT_VERBOSITY='0'
AM_V='$(V)'
AR='ar'
AUTOCONF='${SHELL} /Users/sidqian/Downloads/summer/L2S/netbsd-src/external/gpl3/binutils/dist/missing autoconf'
AUTOHEADER='${SHELL} /Users/sidqian/Downloads/summer/L2S/netbsd-src/external/gpl3/binutils/dist/missing autoheader'
AUTOMAKE='${SHELL} /Users/sidqian/Downloads/summer/L2S/netbsd-src/external/gpl3/binutils/dist/missing automake-1.15'
AWK='/Users/sidqian/Downloads/summer/L2S/netbsd-src/build/obj/tooldir.Darwin-22.1.0-x86_64/bin/nbawk'
BFD_INT64_FMT='"ll"'
CATALOGS=''
CATOBJEXT=''
CC='cc'
CCDEPMODE='depmode=gcc3'
CC_FOR_BUILD='cc'
CFLAGS='-O -O2 -no-cpp-precomp  '
COREFILE=''
COREFLAG=''
CPP='cc -E'
CPPFLAGS=''
CYGPATH_W='echo'
DATADIRNAME=''
DEBUGDIR='${exec_prefix}/lib/debug'
DEFS='-DHAVE_CONFIG_H'
DEPDIR='.deps'
DSYMUTIL='@DSYMUTIL@'
DUMPBIN=''
ECHO_C='\c'
ECHO_N=''
ECHO_T=''
EGREP='/usr/bin/grep -E'
ENABLE_BFD_64_BIT_FALSE='#'
ENABLE_BFD_64_BIT_TRUE=''
EXEEXT=''
EXEEXT_FOR_BUILD='$(EXEEXT)'
FGREP='/usr/bin/grep -F'
GENCAT=''
GENINSRC_NEVER_FALSE=''
GENINSRC_NEVER_TRUE='#'
GMSGFMT='/usr/local/bin/msgfmt'
GREP='/usr/bin/grep'
HDEFINES=''
INCINTL=''
INSTALL_DATA='${INSTALL} -m 644'
INSTALL_LIBBFD_FALSE=''
INSTALL_LIBBFD_TRUE='#'
INSTALL_PROGRAM='${INSTALL}'
INSTALL_SCRIPT='${INSTALL}'
INSTALL_STRIP_PROGRAM='$(install_sh) -c -s'
INSTOBJEXT=''
LARGEFILE_CPPFLAGS=''
LD='/Applications/Xcode.app/Contents/Developer/Toolchains/XcodeDefault.xctoolchain/usr/bin/ld'
LDFLAGS='  '
LIBINTL=''
LIBINTL_DEP=''
LIBM=''
LIBOBJS=''
LIBS=''
LIBTOOL='$(SHELL) $(top_builddir)/libtool'
LIPO='lipo'
LN_S='ln -s'
LTLIBOBJS=''
MAINT='#'
MAINTAINER_MODE_FALSE=''
MAINTAINER_MODE_TRUE='#'
MAKEINFO='/Users/sidqian/Downloads/summer/L2S/netbsd-src/build/obj/tooldir.Darwin-22.1.0-x86_64/bin/nbmakeinfo'
MKDIR_P='/Users/sidqian/Downloads/summer/L2S/netbsd-src/build/obj/tooldir.Darwin-22.1.0-x86_64/bin/m68k--netbsdelf-install -d -p'
MKINSTALLDIRS='/Users/sidqian/Downloads/summer/L2S/netbsd-src/tools/binutils/../../external/gpl3/binutils/dist/bfd/../mkinstalldirs'
MSGFMT='/usr/local/bin/msgfmt'
MSGMERGE='/usr/local/bin/msgmerge'
NM='/usr/bin/nm'
NMEDIT='nmedit'
NO_WERROR=''
OBJDUMP='objdump'
OBJEXT='o'
OTOOL64=':'
OTOOL='@OTOOL@'
PACKAGE='bfd'
PACKAGE_BUGREPORT=''
PACKAGE_NAME='bfd'
PACKAGE_STRING='bfd 2.39'
PACKAGE_TARNAME='bfd'
PACKAGE_URL=''
PACKAGE_VERSION='2.39'
PATH_SEPARATOR=':'
PKGVERSION='(NetBSD Binutils nb1) '
PLUGINS_FALSE='#'
PLUGINS_TRUE=''
POSUB=''
RANLIB='ranlib'
REPORT_BUGS_TEXI='@uref{http://www.NetBSD.org/support/send-pr.html}'
REPORT_BUGS_TO='<http://www.NetBSD.org/support/send-pr.html>'
SED='/usr/bin/sed'
SET_MAKE=''
SHARED_LDFLAGS=''
SHARED_LIBADD=' '
SHELL='/bin/sh'
STRIP='strip'
TDEFINES=' '
USE_NLS='no'
VERSION='2.39'
WARN_CFLAGS='-W -Wall -Wstrict-prototypes -Wmissing-prototypes -Wshadow'
WARN_CFLAGS_FOR_BUILD='-W -Wall -Wstrict-prototypes -Wmissing-prototypes -Wshadow'
WARN_WRITE_STRINGS='-Wwrite-strings'
XGETTEXT='/usr/local/bin/xgettext'
ac_ct_CC=''
ac_ct_DUMPBIN=''
all_backends='$(BFD64_BACKENDS) $(BFD32_BACKENDS)'
am__EXEEXT_FALSE=''
am__EXEEXT_TRUE='#'
am__fastdepCC_FALSE='#'
am__fastdepCC_TRUE=''
am__include='include'
am__isrc=' -I$(srcdir)'
am__leading_dot='.'
am__nodep='_no'
am__quote=''
am__tar='$${TAR-tar} chof - "$$tardir"'
am__untar='$${TAR-tar} xf -'
bfd64_libs='$(BFD64_LIBS)'
bfd_backends=' elf32-m68k.lo elf32.lo elf.lo elflink.lo elf-attrs.lo elf-strtab.lo elf-eh-frame.lo dwarf1.lo dwarf2.lo elf32-gen.lo plugin.lo'
bfd_default_target_size='32'
bfd_file_ptr='int64_t'
bfd_machines=' cpu-m68k.lo'
bfd_ufile_ptr='uint64_t'
bfdincludedir='$(exec_prefix)/$(host_noncanonical)/$(target_noncanonical)/include'
bfdlibdir='$(exec_prefix)/$(host_noncanonical)/$(target_noncanonical)/lib'
bindir='${exec_prefix}/bin'
build='x86_64-apple-darwin22.1.0'
build_alias='x86_64-apple-darwin22.1.0'
build_cpu='x86_64'
build_os='darwin22.1.0'
build_vendor='apple'
datadir='${datarootdir}'
datarootdir='${prefix}/share'
docdir='${datarootdir}/doc/${PACKAGE_TARNAME}'
dvidir='${docdir}'
exec_prefix='${prefix}'
havevecs='-DHAVE_m68k_elf32_vec -DHAVE_elf32_le_vec -DHAVE_elf32_be_vec'
host='x86_64-apple-darwin22.1.0'
host_alias='x86_64-apple-darwin22.1.0'
host_cpu='x86_64'
host_noncanonical='x86_64-apple-darwin22.1.0'
host_os='darwin22.1.0'
host_vendor='apple'
htmldir='${docdir}'
includedir='${prefix}/include'
infodir='${datarootdir}/info'
install_sh='${SHELL} /Users/sidqian/Downloads/summer/L2S/netbsd-src/external/gpl3/binutils/dist/install-sh'
libdir='${exec_prefix}/lib'
libexecdir='${exec_prefix}/libexec'
localedir='${datarootdir}/locale'
localstatedir='${prefix}/var'
lt_cv_dlopen_libs='-ldl'
mandir='${datarootdir}/man'
mkdir_p='$(MKDIR_P)'
oldincludedir='/usr/include'
pdfdir='${docdir}'
prefix='/Users/sidqian/Downloads/summer/L2S/netbsd-src/build/obj/tooldir.Darwin-22.1.0-x86_64'
program_transform_name='s,^,m68k--netbsdelf-,'
psdir='${docdir}'
sbindir='${exec_prefix}/sbin'
sharedstatedir='${prefix}/com'
supports_plugins='1'
sysconfdir='${prefix}/etc'
target='m68k--netbsdelf'
target_alias='m68k--netbsdelf'
target_cpu='m68k'
target_noncanonical='m68k--netbsdelf'
target_os='netbsdelf'
target_vendor=''
tdefaults=' -DDEFAULT_VECTOR=m68k_elf32_vec -DSELECT_VECS='\''&m68k_elf32_vec,&elf32_le_vec,&elf32_be_vec'\'' -DSELECT_ARCHITECTURES='\''&bfd_m68k_arch'\'''
wordsize='64'
zlibdir='-L$(top_builddir)/../zlib'
zlibinc='-I$(top_srcdir)/../zlib'

## ----------- ##
## confdefs.h. ##
## ----------- ##

/* confdefs.h */
#define PACKAGE_NAME "bfd"
#define PACKAGE_TARNAME "bfd"
#define PACKAGE_VERSION "2.39"
#define PACKAGE_STRING "bfd 2.39"
#define PACKAGE_BUGREPORT ""
#define PACKAGE_URL ""
#define PACKAGE "bfd"
#define VERSION "2.39"
#define STDC_HEADERS 1
#define HAVE_SYS_TYPES_H 1
#define HAVE_SYS_STAT_H 1
#define HAVE_STDLIB_H 1
#define HAVE_STRING_H 1
#define HAVE_MEMORY_H 1
#define HAVE_STRINGS_H 1
#define HAVE_INTTYPES_H 1
#define HAVE_STDINT_H 1
#define HAVE_UNISTD_H 1
#define __EXTENSIONS__ 1
#define _ALL_SOURCE 1
#define _GNU_SOURCE 1
#define _POSIX_PTHREAD_SEMANTICS 1
#define _TANDEM_SOURCE 1
#define HAVE_DLFCN_H 1
#define LT_OBJDIR ".libs/"
#define HAVE_DLFCN_H 1
#define SIZEOF_VOID_P 8
#define USE_SECUREPLT 1
#define DEFAULT_LD_Z_SEPARATE_CODE 0
#define SIZEOF_LONG_LONG 8
#define SIZEOF_VOID_P 8
#define SIZEOF_LONG 8
#define SIZEOF_INT 4
#define HAVE_FCNTL_H 1
#define HAVE_SYS_FILE_H 1
#define HAVE_SYS_RESOURCE_H 1
#define HAVE_SYS_STAT_H 1
#define HAVE_SYS_TYPES_H 1
#define HAVE_UNISTD_H 1
#define HAVE_FCNTL 1
#define HAVE_FDOPEN 1
#define HAVE_FILENO 1
#define HAVE_FLS 1
#define HAVE_GETGID 1
#define HAVE_GETPAGESIZE 1
#define HAVE_GETRLIMIT 1
#define HAVE_GETUID 1
#define HAVE_SYSCONF 1
#define HAVE_DECL_BASENAME 0
#define HAVE_DECL_FFS 1
#define HAVE_DECL_STPCPY 1
#define HAVE_DECL_ASPRINTF 1
#define HAVE_DECL_VASPRINTF 1
#define HAVE_DECL_STRNLEN 1
#define HAVE_HIDDEN 1
#define HAVE_FTELLO 1
#define HAVE_FSEEKO 1
#define HAVE_DECL_FTELLO 1
#define HAVE_DECL_FTELLO64 0
#define HAVE_DECL_FSEEKO 1
#define HAVE_DECL_FSEEKO64 0
#define HAVE_DECL_FOPEN64 0
#define SIZEOF_OFF_T 8
#define HAVE_STDLIB_H 1
#define HAVE_UNISTD_H 1
#define HAVE_SYS_PARAM_H 1
#define HAVE_GETPAGESIZE 1
#define HAVE_MMAP 1
#define HAVE_MADVISE 1
#define HAVE_MPROTECT 1

configure: exit 0
