This file contains any messages produced by compilers while
running configure, to aid debugging if configure makes a mistake.

It was created by fixincludes configure  , which was
generated by GNU Autoconf 2.69.  Invocation command line was

  $ /Users/sidqian/Downloads/summer/L2S/netbsd-src/external/gpl3/gcc.old/dist/fixincludes/configure --srcdir=/Users/sidqian/Downloads/summer/L2S/netbsd-src/tools/gcc/../../external/gpl3/gcc.old/dist/fixincludes --cache-file=./config.cache --with-system-zlib --enable-long-long --enable-threads --with-bugurl=http://www.NetBSD.org/support/send-pr.html --with-pkgversion=NetBSD nb1 20220722 --with-system-zlib --without-isl --enable-__cxa_atexit --enable-libstdcxx-time=rt --enable-libstdcxx-threads --with-diagnostics-color=auto-if-env --with-default-libstdcxx-abi=new --with-sysroot=/Users/sidqian/Downloads/summer/L2S/netbsd-src/build/obj/destdir.luna68k --with-mpc=/Users/sidqian/Downloads/summer/L2S/netbsd-src/build/obj/tooldir.Darwin-22.1.0-x86_64 --with-mpfr=/Users/sidqian/Downloads/summer/L2S/netbsd-src/build/obj/tooldir.Darwin-22.1.0-x86_64 --with-gmp=/Users/sidqian/Downloads/summer/L2S/netbsd-src/build/obj/tooldir.Darwin-22.1.0-x86_64 --disable-nls --disable-multilib --enable-languages=c c++ objc --prefix=/Users/sidqian/Downloads/summer/L2S/netbsd-src/build/obj/tooldir.Darwin-22.1.0-x86_64 --enable-languages=c,c++,lto,objc --program-transform-name=s,^,m68k--netbsdelf-, --disable-option-checking --build=x86_64-apple-darwin22.1.0 --host=x86_64-apple-darwin22.1.0 --target=m68k--netbsdelf

## --------- ##
## Platform. ##
## --------- ##

hostname = Sid-Qians-MacBook-Pro-2.local
uname -m = x86_64
uname -r = 22.1.0
uname -s = Darwin
uname -v = Darwin Kernel Version 22.1.0: Sun Oct  9 20:14:54 PDT 2022; root:xnu-8792.41.9~2/RELEASE_X86_64

/usr/bin/uname -p = i386
/bin/uname -X     = unknown

/bin/arch              = unknown
/usr/bin/arch -k       = unknown
/usr/convex/getsysinfo = unknown
/usr/bin/hostinfo      = Mach kernel version:
	 Darwin Kernel Version 22.1.0: Sun Oct  9 20:14:54 PDT 2022; root:xnu-8792.41.9~2/RELEASE_X86_64
Kernel configured for up to 8 processors.
4 processors are physically available.
8 processors are logically available.
Processor type: x86_64h (Intel x86-64h Haswell)
Processors active: 0 1 2 3 4 5 6 7
Primary memory available: 16.00 gigabytes
Default processor set: 653 tasks, 3055 threads, 8 processors
Load average: 7.60, Mach factor: 1.04
/bin/machine           = unknown
/usr/bin/oslevel       = unknown
/bin/universe          = unknown

PATH: /Users/sidqian/Downloads/summer/L2S/netbsd-src/build/obj/tooldir.Darwin-22.1.0-x86_64/bin
PATH: /usr/local/bin
PATH: /System/Cryptexes/App/usr/bin
PATH: /usr/bin
PATH: /bin
PATH: /usr/sbin
PATH: /sbin
PATH: /Library/Apple/usr/bin
PATH: /Users/sidqian/ch-darwin-amd64
PATH: /Users/sidqian/ch-darwin-amd64
PATH: /Users/sidqian/Downloads/flutter/bin


## ----------- ##
## Core tests. ##
## ----------- ##

configure:2098: creating cache ./config.cache
configure:3201: checking build system type
configure:3215: result: x86_64-apple-darwin22.1.0
configure:3235: checking host system type
configure:3248: result: x86_64-apple-darwin22.1.0
configure:3268: checking target system type
configure:3281: result: m68k--netbsdelf
configure:3316: checking for x86_64-apple-darwin22.1.0-gcc
configure:3343: result: cc
configure:3612: checking for C compiler version
configure:3621: cc --version >&5
Apple clang version 14.0.3 (clang-1403.0.22.14.1)
Target: x86_64-apple-darwin22.1.0
Thread model: posix
InstalledDir: /Applications/Xcode.app/Contents/Developer/Toolchains/XcodeDefault.xctoolchain/usr/bin
configure:3632: $? = 0
configure:3621: cc -v >&5
Apple clang version 14.0.3 (clang-1403.0.22.14.1)
Target: x86_64-apple-darwin22.1.0
Thread model: posix
InstalledDir: /Applications/Xcode.app/Contents/Developer/Toolchains/XcodeDefault.xctoolchain/usr/bin
configure:3632: $? = 0
configure:3621: cc -V >&5
clang: error: argument to '-V' is missing (expected 1 value)
clang: error: no input files
configure:3632: $? = 1
configure:3621: cc -qversion >&5
clang: error: unknown argument '-qversion'; did you mean '--version'?
clang: error: no input files
configure:3632: $? = 1
configure:3652: checking whether the C compiler works
configure:3674: cc -O -O2 -no-cpp-precomp -DNETBSD_TOOLS -DTARGET_SYSTEM_ROOT=0  -DTARGET_SYSTEM_ROOT_RELOCATABLE   conftest.c  >&5
configure:3678: $? = 0
configure:3726: result: yes
configure:3729: checking for C compiler default output file name
configure:3731: result: a.out
configure:3737: checking for suffix of executables
configure:3744: cc -o conftest -O -O2 -no-cpp-precomp -DNETBSD_TOOLS -DTARGET_SYSTEM_ROOT=0  -DTARGET_SYSTEM_ROOT_RELOCATABLE   conftest.c  >&5
configure:3748: $? = 0
configure:3770: result: 
configure:3792: checking whether we are cross compiling
configure:3800: cc -o conftest -O -O2 -no-cpp-precomp -DNETBSD_TOOLS -DTARGET_SYSTEM_ROOT=0  -DTARGET_SYSTEM_ROOT_RELOCATABLE   conftest.c  >&5
configure:3804: $? = 0
configure:3811: ./conftest
configure:3815: $? = 0
configure:3830: result: no
configure:3835: checking for suffix of object files
configure:3857: cc -c -O -O2 -no-cpp-precomp -DNETBSD_TOOLS -DTARGET_SYSTEM_ROOT=0  -DTARGET_SYSTEM_ROOT_RELOCATABLE conftest.c >&5
configure:3861: $? = 0
configure:3882: result: o
configure:3886: checking whether we are using the GNU C compiler
configure:3905: cc -c -O -O2 -no-cpp-precomp -DNETBSD_TOOLS -DTARGET_SYSTEM_ROOT=0  -DTARGET_SYSTEM_ROOT_RELOCATABLE conftest.c >&5
configure:3905: $? = 0
configure:3914: result: yes
configure:3923: checking whether cc accepts -g
configure:3943: cc -c -g -DNETBSD_TOOLS -DTARGET_SYSTEM_ROOT=0  -DTARGET_SYSTEM_ROOT_RELOCATABLE conftest.c >&5
configure:3943: $? = 0
configure:3984: result: yes
configure:4001: checking for cc option to accept ISO C89
configure:4064: cc  -c -O -O2 -no-cpp-precomp -DNETBSD_TOOLS -DTARGET_SYSTEM_ROOT=0  -DTARGET_SYSTEM_ROOT_RELOCATABLE conftest.c >&5
conftest.c:15:14: warning: a function declaration without a prototype is deprecated in all versions of C and is not supported in C2x [-Wdeprecated-non-prototype]
static char *e (p, i)
             ^
1 warning generated.
configure:4064: $? = 0
configure:4077: result: none needed
configure:4103: checking how to run the C preprocessor
configure:4134: cc -E -DNETBSD_TOOLS -DTARGET_SYSTEM_ROOT=0  -DTARGET_SYSTEM_ROOT_RELOCATABLE conftest.c
configure:4134: $? = 0
configure:4148: cc -E -DNETBSD_TOOLS -DTARGET_SYSTEM_ROOT=0  -DTARGET_SYSTEM_ROOT_RELOCATABLE conftest.c
conftest.c:9:10: fatal error: 'ac_nonexistent.h' file not found
#include <ac_nonexistent.h>
         ^~~~~~~~~~~~~~~~~~
1 error generated.
configure:4148: $? = 1
configure: failed program was:
| /* confdefs.h */
| #define PACKAGE_NAME "fixincludes"
| #define PACKAGE_TARNAME "fixincludes"
| #define PACKAGE_VERSION " "
| #define PACKAGE_STRING "fixincludes  "
| #define PACKAGE_BUGREPORT ""
| #define PACKAGE_URL ""
| /* end confdefs.h.  */
| #include <ac_nonexistent.h>
configure:4173: result: cc -E
configure:4193: cc -E -DNETBSD_TOOLS -DTARGET_SYSTEM_ROOT=0  -DTARGET_SYSTEM_ROOT_RELOCATABLE conftest.c
configure:4193: $? = 0
configure:4207: cc -E -DNETBSD_TOOLS -DTARGET_SYSTEM_ROOT=0  -DTARGET_SYSTEM_ROOT_RELOCATABLE conftest.c
conftest.c:9:10: fatal error: 'ac_nonexistent.h' file not found
#include <ac_nonexistent.h>
         ^~~~~~~~~~~~~~~~~~
1 error generated.
configure:4207: $? = 1
configure: failed program was:
| /* confdefs.h */
| #define PACKAGE_NAME "fixincludes"
| #define PACKAGE_TARNAME "fixincludes"
| #define PACKAGE_VERSION " "
| #define PACKAGE_STRING "fixincludes  "
| #define PACKAGE_BUGREPORT ""
| #define PACKAGE_URL ""
| /* end confdefs.h.  */
| #include <ac_nonexistent.h>
configure:4236: checking for grep that handles long lines and -e
configure:4294: result: /usr/bin/grep
configure:4299: checking for egrep
configure:4361: result: /usr/bin/grep -E
configure:4366: checking for ANSI C header files
configure:4386: cc -c -O -O2 -no-cpp-precomp -DNETBSD_TOOLS -DTARGET_SYSTEM_ROOT=0  -DTARGET_SYSTEM_ROOT_RELOCATABLE conftest.c >&5
configure:4386: $? = 0
configure:4459: cc -o conftest -O -O2 -no-cpp-precomp -DNETBSD_TOOLS -DTARGET_SYSTEM_ROOT=0  -DTARGET_SYSTEM_ROOT_RELOCATABLE   conftest.c  >&5
configure:4459: $? = 0
configure:4459: ./conftest
configure:4459: $? = 0
configure:4470: result: yes
configure:4483: checking for sys/types.h
configure:4483: cc -c -O -O2 -no-cpp-precomp -DNETBSD_TOOLS -DTARGET_SYSTEM_ROOT=0  -DTARGET_SYSTEM_ROOT_RELOCATABLE conftest.c >&5
configure:4483: $? = 0
configure:4483: result: yes
configure:4483: checking for sys/stat.h
configure:4483: cc -c -O -O2 -no-cpp-precomp -DNETBSD_TOOLS -DTARGET_SYSTEM_ROOT=0  -DTARGET_SYSTEM_ROOT_RELOCATABLE conftest.c >&5
configure:4483: $? = 0
configure:4483: result: yes
configure:4483: checking for stdlib.h
configure:4483: cc -c -O -O2 -no-cpp-precomp -DNETBSD_TOOLS -DTARGET_SYSTEM_ROOT=0  -DTARGET_SYSTEM_ROOT_RELOCATABLE conftest.c >&5
configure:4483: $? = 0
configure:4483: result: yes
configure:4483: checking for string.h
configure:4483: cc -c -O -O2 -no-cpp-precomp -DNETBSD_TOOLS -DTARGET_SYSTEM_ROOT=0  -DTARGET_SYSTEM_ROOT_RELOCATABLE conftest.c >&5
configure:4483: $? = 0
configure:4483: result: yes
configure:4483: checking for memory.h
configure:4483: cc -c -O -O2 -no-cpp-precomp -DNETBSD_TOOLS -DTARGET_SYSTEM_ROOT=0  -DTARGET_SYSTEM_ROOT_RELOCATABLE conftest.c >&5
configure:4483: $? = 0
configure:4483: result: yes
configure:4483: checking for strings.h
configure:4483: cc -c -O -O2 -no-cpp-precomp -DNETBSD_TOOLS -DTARGET_SYSTEM_ROOT=0  -DTARGET_SYSTEM_ROOT_RELOCATABLE conftest.c >&5
configure:4483: $? = 0
configure:4483: result: yes
configure:4483: checking for inttypes.h
configure:4483: cc -c -O -O2 -no-cpp-precomp -DNETBSD_TOOLS -DTARGET_SYSTEM_ROOT=0  -DTARGET_SYSTEM_ROOT_RELOCATABLE conftest.c >&5
configure:4483: $? = 0
configure:4483: result: yes
configure:4483: checking for stdint.h
configure:4483: cc -c -O -O2 -no-cpp-precomp -DNETBSD_TOOLS -DTARGET_SYSTEM_ROOT=0  -DTARGET_SYSTEM_ROOT_RELOCATABLE conftest.c >&5
configure:4483: $? = 0
configure:4483: result: yes
configure:4483: checking for unistd.h
configure:4483: cc -c -O -O2 -no-cpp-precomp -DNETBSD_TOOLS -DTARGET_SYSTEM_ROOT=0  -DTARGET_SYSTEM_ROOT_RELOCATABLE conftest.c >&5
configure:4483: $? = 0
configure:4483: result: yes
configure:4496: checking minix/config.h usability
configure:4496: cc -c -O -O2 -no-cpp-precomp -DNETBSD_TOOLS -DTARGET_SYSTEM_ROOT=0  -DTARGET_SYSTEM_ROOT_RELOCATABLE conftest.c >&5
conftest.c:52:10: fatal error: 'minix/config.h' file not found
#include <minix/config.h>
         ^~~~~~~~~~~~~~~~
1 error generated.
configure:4496: $? = 1
configure: failed program was:
| /* confdefs.h */
| #define PACKAGE_NAME "fixincludes"
| #define PACKAGE_TARNAME "fixincludes"
| #define PACKAGE_VERSION " "
| #define PACKAGE_STRING "fixincludes  "
| #define PACKAGE_BUGREPORT ""
| #define PACKAGE_URL ""
| #define STDC_HEADERS 1
| #define HAVE_SYS_TYPES_H 1
| #define HAVE_SYS_STAT_H 1
| #define HAVE_STDLIB_H 1
| #define HAVE_STRING_H 1
| #define HAVE_MEMORY_H 1
| #define HAVE_STRINGS_H 1
| #define HAVE_INTTYPES_H 1
| #define HAVE_STDINT_H 1
| #define HAVE_UNISTD_H 1
| /* end confdefs.h.  */
| #include <stdio.h>
| #ifdef HAVE_SYS_TYPES_H
| # include <sys/types.h>
| #endif
| #ifdef HAVE_SYS_STAT_H
| # include <sys/stat.h>
| #endif
| #ifdef STDC_HEADERS
| # include <stdlib.h>
| # include <stddef.h>
| #else
| # ifdef HAVE_STDLIB_H
| #  include <stdlib.h>
| # endif
| #endif
| #ifdef HAVE_STRING_H
| # if !defined STDC_HEADERS && defined HAVE_MEMORY_H
| #  include <memory.h>
| # endif
| # include <string.h>
| #endif
| #ifdef HAVE_STRINGS_H
| # include <strings.h>
| #endif
| #ifdef HAVE_INTTYPES_H
| # include <inttypes.h>
| #endif
| #ifdef HAVE_STDINT_H
| # include <stdint.h>
| #endif
| #ifdef HAVE_UNISTD_H
| # include <unistd.h>
| #endif
| #include <minix/config.h>
configure:4496: result: no
configure:4496: checking minix/config.h presence
configure:4496: cc -E -DNETBSD_TOOLS -DTARGET_SYSTEM_ROOT=0  -DTARGET_SYSTEM_ROOT_RELOCATABLE conftest.c
conftest.c:19:10: fatal error: 'minix/config.h' file not found
#include <minix/config.h>
         ^~~~~~~~~~~~~~~~
1 error generated.
configure:4496: $? = 1
configure: failed program was:
| /* confdefs.h */
| #define PACKAGE_NAME "fixincludes"
| #define PACKAGE_TARNAME "fixincludes"
| #define PACKAGE_VERSION " "
| #define PACKAGE_STRING "fixincludes  "
| #define PACKAGE_BUGREPORT ""
| #define PACKAGE_URL ""
| #define STDC_HEADERS 1
| #define HAVE_SYS_TYPES_H 1
| #define HAVE_SYS_STAT_H 1
| #define HAVE_STDLIB_H 1
| #define HAVE_STRING_H 1
| #define HAVE_MEMORY_H 1
| #define HAVE_STRINGS_H 1
| #define HAVE_INTTYPES_H 1
| #define HAVE_STDINT_H 1
| #define HAVE_UNISTD_H 1
| /* end confdefs.h.  */
| #include <minix/config.h>
configure:4496: result: no
configure:4496: checking for minix/config.h
configure:4496: result: no
configure:4517: checking whether it is safe to define __EXTENSIONS__
configure:4535: cc -c -O -O2 -no-cpp-precomp -DNETBSD_TOOLS -DTARGET_SYSTEM_ROOT=0  -DTARGET_SYSTEM_ROOT_RELOCATABLE conftest.c >&5
configure:4535: $? = 0
configure:4542: result: yes
configure:4556: checking for a sed that does not truncate output
configure:4620: result: /usr/bin/sed
configure:4648: checking whether cc supports -W
configure:4665: cc -c -W -DNETBSD_TOOLS -DTARGET_SYSTEM_ROOT=0  -DTARGET_SYSTEM_ROOT_RELOCATABLE conftest.c >&5
configure:4665: $? = 0
configure:4674: result: yes
configure:4648: checking whether cc supports -Wall
configure:4665: cc -c -Wall -DNETBSD_TOOLS -DTARGET_SYSTEM_ROOT=0  -DTARGET_SYSTEM_ROOT_RELOCATABLE conftest.c >&5
configure:4665: $? = 0
configure:4674: result: yes
configure:4648: checking whether cc supports -Wwrite-strings
configure:4665: cc -c -Wwrite-strings -DNETBSD_TOOLS -DTARGET_SYSTEM_ROOT=0  -DTARGET_SYSTEM_ROOT_RELOCATABLE conftest.c >&5
configure:4665: $? = 0
configure:4674: result: yes
configure:4648: checking whether cc supports -Wstrict-prototypes
configure:4665: cc -c -Wstrict-prototypes -DNETBSD_TOOLS -DTARGET_SYSTEM_ROOT=0  -DTARGET_SYSTEM_ROOT_RELOCATABLE conftest.c >&5
conftest.c:26:6: warning: a function declaration without a prototype is deprecated in all versions of C [-Wstrict-prototypes]
main ()
     ^
      void
1 warning generated.
configure:4665: $? = 0
configure:4674: result: yes
configure:4648: checking whether cc supports -Wmissing-prototypes
configure:4665: cc -c -Wmissing-prototypes -DNETBSD_TOOLS -DTARGET_SYSTEM_ROOT=0  -DTARGET_SYSTEM_ROOT_RELOCATABLE conftest.c >&5
configure:4665: $? = 0
configure:4674: result: yes
configure:4648: checking whether cc supports -Wold-style-definition
configure:4665: cc -c -Wold-style-definition -DNETBSD_TOOLS -DTARGET_SYSTEM_ROOT=0  -DTARGET_SYSTEM_ROOT_RELOCATABLE conftest.c >&5
configure:4665: $? = 0
configure:4674: result: yes
configure:4648: checking whether cc supports -Wmissing-format-attribute
configure:4665: cc -c -Wmissing-format-attribute -DNETBSD_TOOLS -DTARGET_SYSTEM_ROOT=0  -DTARGET_SYSTEM_ROOT_RELOCATABLE conftest.c >&5
configure:4665: $? = 0
configure:4674: result: yes
configure:4648: checking whether cc supports -Woverlength-strings
configure:4665: cc -c -Woverlength-strings -DNETBSD_TOOLS -DTARGET_SYSTEM_ROOT=0  -DTARGET_SYSTEM_ROOT_RELOCATABLE conftest.c >&5
configure:4665: $? = 0
configure:4674: result: yes
configure:4698: checking whether cc supports -pedantic -Wlong-long
configure:4716: cc -c -pedantic -Wlong-long -DNETBSD_TOOLS -DTARGET_SYSTEM_ROOT=0  -DTARGET_SYSTEM_ROOT_RELOCATABLE conftest.c >&5
conftest.c:26:6: warning: a function declaration without a prototype is deprecated in all versions of C [-Wstrict-prototypes]
main ()
     ^
      void
1 warning generated.
configure:4716: $? = 0
configure:4724: result: yes
configure:4856: checking for ANSI C header files
configure:4960: result: yes
configure:4972: checking stddef.h usability
configure:4972: cc -c -O -O2 -no-cpp-precomp -DNETBSD_TOOLS -DTARGET_SYSTEM_ROOT=0  -DTARGET_SYSTEM_ROOT_RELOCATABLE conftest.c >&5
configure:4972: $? = 0
configure:4972: result: yes
configure:4972: checking stddef.h presence
configure:4972: cc -E -DNETBSD_TOOLS -DTARGET_SYSTEM_ROOT=0  -DTARGET_SYSTEM_ROOT_RELOCATABLE conftest.c
configure:4972: $? = 0
configure:4972: result: yes
configure:4972: checking for stddef.h
configure:4972: result: yes
configure:4972: checking for stdlib.h
configure:4972: result: yes
configure:4972: checking for strings.h
configure:4972: result: yes
configure:4972: checking for unistd.h
configure:4972: result: yes
configure:4972: checking fcntl.h usability
configure:4972: cc -c -O -O2 -no-cpp-precomp -DNETBSD_TOOLS -DTARGET_SYSTEM_ROOT=0  -DTARGET_SYSTEM_ROOT_RELOCATABLE conftest.c >&5
configure:4972: $? = 0
configure:4972: result: yes
configure:4972: checking fcntl.h presence
configure:4972: cc -E -DNETBSD_TOOLS -DTARGET_SYSTEM_ROOT=0  -DTARGET_SYSTEM_ROOT_RELOCATABLE conftest.c
configure:4972: $? = 0
configure:4972: result: yes
configure:4972: checking for fcntl.h
configure:4972: result: yes
configure:4972: checking sys/file.h usability
configure:4972: cc -c -O -O2 -no-cpp-precomp -DNETBSD_TOOLS -DTARGET_SYSTEM_ROOT=0  -DTARGET_SYSTEM_ROOT_RELOCATABLE conftest.c >&5
configure:4972: $? = 0
configure:4972: result: yes
configure:4972: checking sys/file.h presence
configure:4972: cc -E -DNETBSD_TOOLS -DTARGET_SYSTEM_ROOT=0  -DTARGET_SYSTEM_ROOT_RELOCATABLE conftest.c
configure:4972: $? = 0
configure:4972: result: yes
configure:4972: checking for sys/file.h
configure:4972: result: yes
configure:4972: checking for sys/stat.h
configure:4972: result: yes
configure:4986: checking for clearerr_unlocked
configure:4986: cc -o conftest -O -O2 -no-cpp-precomp -DNETBSD_TOOLS -DTARGET_SYSTEM_ROOT=0  -DTARGET_SYSTEM_ROOT_RELOCATABLE   conftest.c  >&5
configure:4986: $? = 0
configure:4986: result: yes
configure:4986: checking for feof_unlocked
configure:4986: cc -o conftest -O -O2 -no-cpp-precomp -DNETBSD_TOOLS -DTARGET_SYSTEM_ROOT=0  -DTARGET_SYSTEM_ROOT_RELOCATABLE   conftest.c  >&5
configure:4986: $? = 0
configure:4986: result: yes
configure:4986: checking for ferror_unlocked
configure:4986: cc -o conftest -O -O2 -no-cpp-precomp -DNETBSD_TOOLS -DTARGET_SYSTEM_ROOT=0  -DTARGET_SYSTEM_ROOT_RELOCATABLE   conftest.c  >&5
configure:4986: $? = 0
configure:4986: result: yes
configure:4986: checking for fflush_unlocked
configure:4986: cc -o conftest -O -O2 -no-cpp-precomp -DNETBSD_TOOLS -DTARGET_SYSTEM_ROOT=0  -DTARGET_SYSTEM_ROOT_RELOCATABLE   conftest.c  >&5
Undefined symbols for architecture x86_64:
  "_fflush_unlocked", referenced from:
      _main in conftest-9b6031.o
ld: symbol(s) not found for architecture x86_64
clang: error: linker command failed with exit code 1 (use -v to see invocation)
configure:4986: $? = 1
configure: failed program was:
| /* confdefs.h */
| #define PACKAGE_NAME "fixincludes"
| #define PACKAGE_TARNAME "fixincludes"
| #define PACKAGE_VERSION " "
| #define PACKAGE_STRING "fixincludes  "
| #define PACKAGE_BUGREPORT ""
| #define PACKAGE_URL ""
| #define STDC_HEADERS 1
| #define HAVE_SYS_TYPES_H 1
| #define HAVE_SYS_STAT_H 1
| #define HAVE_STDLIB_H 1
| #define HAVE_STRING_H 1
| #define HAVE_MEMORY_H 1
| #define HAVE_STRINGS_H 1
| #define HAVE_INTTYPES_H 1
| #define HAVE_STDINT_H 1
| #define HAVE_UNISTD_H 1
| #define __EXTENSIONS__ 1
| #define _ALL_SOURCE 1
| #define _GNU_SOURCE 1
| #define _POSIX_PTHREAD_SEMANTICS 1
| #define _TANDEM_SOURCE 1
| #define EXE_EXT ""
| #define STDC_HEADERS 1
| #define HAVE_STDDEF_H 1
| #define HAVE_STDLIB_H 1
| #define HAVE_STRINGS_H 1
| #define HAVE_UNISTD_H 1
| #define HAVE_FCNTL_H 1
| #define HAVE_SYS_FILE_H 1
| #define HAVE_SYS_STAT_H 1
| #define HAVE_CLEARERR_UNLOCKED 1
| #define HAVE_FEOF_UNLOCKED 1
| #define HAVE_FERROR_UNLOCKED 1
| /* end confdefs.h.  */
| /* Define fflush_unlocked to an innocuous variant, in case <limits.h> declares fflush_unlocked.
|    For example, HP-UX 11i <limits.h> declares gettimeofday.  */
| #define fflush_unlocked innocuous_fflush_unlocked
| 
| /* System header to define __stub macros and hopefully few prototypes,
|     which can conflict with char fflush_unlocked (); below.
|     Prefer <limits.h> to <assert.h> if __STDC__ is defined, since
|     <limits.h> exists even on freestanding compilers.  */
| 
| #ifdef __STDC__
| # include <limits.h>
| #else
| # include <assert.h>
| #endif
| 
| #undef fflush_unlocked
| 
| /* Override any GCC internal prototype to avoid an error.
|    Use char because int might match the return type of a GCC
|    builtin and then its argument prototype would still apply.  */
| #ifdef __cplusplus
| extern "C"
| #endif
| char fflush_unlocked ();
| /* The GNU C library defines this for functions which it implements
|     to always fail with ENOSYS.  Some functions are actually named
|     something starting with __ and the normal name is an alias.  */
| #if defined __stub_fflush_unlocked || defined __stub___fflush_unlocked
| choke me
| #endif
| 
| int
| main ()
| {
| return fflush_unlocked ();
|   ;
|   return 0;
| }
configure:4986: result: no
configure:4986: checking for fgetc_unlocked
configure:4986: cc -o conftest -O -O2 -no-cpp-precomp -DNETBSD_TOOLS -DTARGET_SYSTEM_ROOT=0  -DTARGET_SYSTEM_ROOT_RELOCATABLE   conftest.c  >&5
Undefined symbols for architecture x86_64:
  "_fgetc_unlocked", referenced from:
      _main in conftest-d47de9.o
ld: symbol(s) not found for architecture x86_64
clang: error: linker command failed with exit code 1 (use -v to see invocation)
configure:4986: $? = 1
configure: failed program was:
| /* confdefs.h */
| #define PACKAGE_NAME "fixincludes"
| #define PACKAGE_TARNAME "fixincludes"
| #define PACKAGE_VERSION " "
| #define PACKAGE_STRING "fixincludes  "
| #define PACKAGE_BUGREPORT ""
| #define PACKAGE_URL ""
| #define STDC_HEADERS 1
| #define HAVE_SYS_TYPES_H 1
| #define HAVE_SYS_STAT_H 1
| #define HAVE_STDLIB_H 1
| #define HAVE_STRING_H 1
| #define HAVE_MEMORY_H 1
| #define HAVE_STRINGS_H 1
| #define HAVE_INTTYPES_H 1
| #define HAVE_STDINT_H 1
| #define HAVE_UNISTD_H 1
| #define __EXTENSIONS__ 1
| #define _ALL_SOURCE 1
| #define _GNU_SOURCE 1
| #define _POSIX_PTHREAD_SEMANTICS 1
| #define _TANDEM_SOURCE 1
| #define EXE_EXT ""
| #define STDC_HEADERS 1
| #define HAVE_STDDEF_H 1
| #define HAVE_STDLIB_H 1
| #define HAVE_STRINGS_H 1
| #define HAVE_UNISTD_H 1
| #define HAVE_FCNTL_H 1
| #define HAVE_SYS_FILE_H 1
| #define HAVE_SYS_STAT_H 1
| #define HAVE_CLEARERR_UNLOCKED 1
| #define HAVE_FEOF_UNLOCKED 1
| #define HAVE_FERROR_UNLOCKED 1
| /* end confdefs.h.  */
| /* Define fgetc_unlocked to an innocuous variant, in case <limits.h> declares fgetc_unlocked.
|    For example, HP-UX 11i <limits.h> declares gettimeofday.  */
| #define fgetc_unlocked innocuous_fgetc_unlocked
| 
| /* System header to define __stub macros and hopefully few prototypes,
|     which can conflict with char fgetc_unlocked (); below.
|     Prefer <limits.h> to <assert.h> if __STDC__ is defined, since
|     <limits.h> exists even on freestanding compilers.  */
| 
| #ifdef __STDC__
| # include <limits.h>
| #else
| # include <assert.h>
| #endif
| 
| #undef fgetc_unlocked
| 
| /* Override any GCC internal prototype to avoid an error.
|    Use char because int might match the return type of a GCC
|    builtin and then its argument prototype would still apply.  */
| #ifdef __cplusplus
| extern "C"
| #endif
| char fgetc_unlocked ();
| /* The GNU C library defines this for functions which it implements
|     to always fail with ENOSYS.  Some functions are actually named
|     something starting with __ and the normal name is an alias.  */
| #if defined __stub_fgetc_unlocked || defined __stub___fgetc_unlocked
| choke me
| #endif
| 
| int
| main ()
| {
| return fgetc_unlocked ();
|   ;
|   return 0;
| }
configure:4986: result: no
configure:4986: checking for fgets_unlocked
configure:4986: cc -o conftest -O -O2 -no-cpp-precomp -DNETBSD_TOOLS -DTARGET_SYSTEM_ROOT=0  -DTARGET_SYSTEM_ROOT_RELOCATABLE   conftest.c  >&5
Undefined symbols for architecture x86_64:
  "_fgets_unlocked", referenced from:
      _main in conftest-b93e40.o
ld: symbol(s) not found for architecture x86_64
clang: error: linker command failed with exit code 1 (use -v to see invocation)
configure:4986: $? = 1
configure: failed program was:
| /* confdefs.h */
| #define PACKAGE_NAME "fixincludes"
| #define PACKAGE_TARNAME "fixincludes"
| #define PACKAGE_VERSION " "
| #define PACKAGE_STRING "fixincludes  "
| #define PACKAGE_BUGREPORT ""
| #define PACKAGE_URL ""
| #define STDC_HEADERS 1
| #define HAVE_SYS_TYPES_H 1
| #define HAVE_SYS_STAT_H 1
| #define HAVE_STDLIB_H 1
| #define HAVE_STRING_H 1
| #define HAVE_MEMORY_H 1
| #define HAVE_STRINGS_H 1
| #define HAVE_INTTYPES_H 1
| #define HAVE_STDINT_H 1
| #define HAVE_UNISTD_H 1
| #define __EXTENSIONS__ 1
| #define _ALL_SOURCE 1
| #define _GNU_SOURCE 1
| #define _POSIX_PTHREAD_SEMANTICS 1
| #define _TANDEM_SOURCE 1
| #define EXE_EXT ""
| #define STDC_HEADERS 1
| #define HAVE_STDDEF_H 1
| #define HAVE_STDLIB_H 1
| #define HAVE_STRINGS_H 1
| #define HAVE_UNISTD_H 1
| #define HAVE_FCNTL_H 1
| #define HAVE_SYS_FILE_H 1
| #define HAVE_SYS_STAT_H 1
| #define HAVE_CLEARERR_UNLOCKED 1
| #define HAVE_FEOF_UNLOCKED 1
| #define HAVE_FERROR_UNLOCKED 1
| /* end confdefs.h.  */
| /* Define fgets_unlocked to an innocuous variant, in case <limits.h> declares fgets_unlocked.
|    For example, HP-UX 11i <limits.h> declares gettimeofday.  */
| #define fgets_unlocked innocuous_fgets_unlocked
| 
| /* System header to define __stub macros and hopefully few prototypes,
|     which can conflict with char fgets_unlocked (); below.
|     Prefer <limits.h> to <assert.h> if __STDC__ is defined, since
|     <limits.h> exists even on freestanding compilers.  */
| 
| #ifdef __STDC__
| # include <limits.h>
| #else
| # include <assert.h>
| #endif
| 
| #undef fgets_unlocked
| 
| /* Override any GCC internal prototype to avoid an error.
|    Use char because int might match the return type of a GCC
|    builtin and then its argument prototype would still apply.  */
| #ifdef __cplusplus
| extern "C"
| #endif
| char fgets_unlocked ();
| /* The GNU C library defines this for functions which it implements
|     to always fail with ENOSYS.  Some functions are actually named
|     something starting with __ and the normal name is an alias.  */
| #if defined __stub_fgets_unlocked || defined __stub___fgets_unlocked
| choke me
| #endif
| 
| int
| main ()
| {
| return fgets_unlocked ();
|   ;
|   return 0;
| }
configure:4986: result: no
configure:4986: checking for fileno_unlocked
configure:4986: cc -o conftest -O -O2 -no-cpp-precomp -DNETBSD_TOOLS -DTARGET_SYSTEM_ROOT=0  -DTARGET_SYSTEM_ROOT_RELOCATABLE   conftest.c  >&5
configure:4986: $? = 0
configure:4986: result: yes
configure:4986: checking for fprintf_unlocked
configure:4986: cc -o conftest -O -O2 -no-cpp-precomp -DNETBSD_TOOLS -DTARGET_SYSTEM_ROOT=0  -DTARGET_SYSTEM_ROOT_RELOCATABLE   conftest.c  >&5
Undefined symbols for architecture x86_64:
  "_fprintf_unlocked", referenced from:
      _main in conftest-d49c0a.o
ld: symbol(s) not found for architecture x86_64
clang: error: linker command failed with exit code 1 (use -v to see invocation)
configure:4986: $? = 1
configure: failed program was:
| /* confdefs.h */
| #define PACKAGE_NAME "fixincludes"
| #define PACKAGE_TARNAME "fixincludes"
| #define PACKAGE_VERSION " "
| #define PACKAGE_STRING "fixincludes  "
| #define PACKAGE_BUGREPORT ""
| #define PACKAGE_URL ""
| #define STDC_HEADERS 1
| #define HAVE_SYS_TYPES_H 1
| #define HAVE_SYS_STAT_H 1
| #define HAVE_STDLIB_H 1
| #define HAVE_STRING_H 1
| #define HAVE_MEMORY_H 1
| #define HAVE_STRINGS_H 1
| #define HAVE_INTTYPES_H 1
| #define HAVE_STDINT_H 1
| #define HAVE_UNISTD_H 1
| #define __EXTENSIONS__ 1
| #define _ALL_SOURCE 1
| #define _GNU_SOURCE 1
| #define _POSIX_PTHREAD_SEMANTICS 1
| #define _TANDEM_SOURCE 1
| #define EXE_EXT ""
| #define STDC_HEADERS 1
| #define HAVE_STDDEF_H 1
| #define HAVE_STDLIB_H 1
| #define HAVE_STRINGS_H 1
| #define HAVE_UNISTD_H 1
| #define HAVE_FCNTL_H 1
| #define HAVE_SYS_FILE_H 1
| #define HAVE_SYS_STAT_H 1
| #define HAVE_CLEARERR_UNLOCKED 1
| #define HAVE_FEOF_UNLOCKED 1
| #define HAVE_FERROR_UNLOCKED 1
| #define HAVE_FILENO_UNLOCKED 1
| /* end confdefs.h.  */
| /* Define fprintf_unlocked to an innocuous variant, in case <limits.h> declares fprintf_unlocked.
|    For example, HP-UX 11i <limits.h> declares gettimeofday.  */
| #define fprintf_unlocked innocuous_fprintf_unlocked
| 
| /* System header to define __stub macros and hopefully few prototypes,
|     which can conflict with char fprintf_unlocked (); below.
|     Prefer <limits.h> to <assert.h> if __STDC__ is defined, since
|     <limits.h> exists even on freestanding compilers.  */
| 
| #ifdef __STDC__
| # include <limits.h>
| #else
| # include <assert.h>
| #endif
| 
| #undef fprintf_unlocked
| 
| /* Override any GCC internal prototype to avoid an error.
|    Use char because int might match the return type of a GCC
|    builtin and then its argument prototype would still apply.  */
| #ifdef __cplusplus
| extern "C"
| #endif
| char fprintf_unlocked ();
| /* The GNU C library defines this for functions which it implements
|     to always fail with ENOSYS.  Some functions are actually named
|     something starting with __ and the normal name is an alias.  */
| #if defined __stub_fprintf_unlocked || defined __stub___fprintf_unlocked
| choke me
| #endif
| 
| int
| main ()
| {
| return fprintf_unlocked ();
|   ;
|   return 0;
| }
configure:4986: result: no
configure:4986: checking for fputc_unlocked
configure:4986: cc -o conftest -O -O2 -no-cpp-precomp -DNETBSD_TOOLS -DTARGET_SYSTEM_ROOT=0  -DTARGET_SYSTEM_ROOT_RELOCATABLE   conftest.c  >&5
Undefined symbols for architecture x86_64:
  "_fputc_unlocked", referenced from:
      _main in conftest-48fcf7.o
ld: symbol(s) not found for architecture x86_64
clang: error: linker command failed with exit code 1 (use -v to see invocation)
configure:4986: $? = 1
configure: failed program was:
| /* confdefs.h */
| #define PACKAGE_NAME "fixincludes"
| #define PACKAGE_TARNAME "fixincludes"
| #define PACKAGE_VERSION " "
| #define PACKAGE_STRING "fixincludes  "
| #define PACKAGE_BUGREPORT ""
| #define PACKAGE_URL ""
| #define STDC_HEADERS 1
| #define HAVE_SYS_TYPES_H 1
| #define HAVE_SYS_STAT_H 1
| #define HAVE_STDLIB_H 1
| #define HAVE_STRING_H 1
| #define HAVE_MEMORY_H 1
| #define HAVE_STRINGS_H 1
| #define HAVE_INTTYPES_H 1
| #define HAVE_STDINT_H 1
| #define HAVE_UNISTD_H 1
| #define __EXTENSIONS__ 1
| #define _ALL_SOURCE 1
| #define _GNU_SOURCE 1
| #define _POSIX_PTHREAD_SEMANTICS 1
| #define _TANDEM_SOURCE 1
| #define EXE_EXT ""
| #define STDC_HEADERS 1
| #define HAVE_STDDEF_H 1
| #define HAVE_STDLIB_H 1
| #define HAVE_STRINGS_H 1
| #define HAVE_UNISTD_H 1
| #define HAVE_FCNTL_H 1
| #define HAVE_SYS_FILE_H 1
| #define HAVE_SYS_STAT_H 1
| #define HAVE_CLEARERR_UNLOCKED 1
| #define HAVE_FEOF_UNLOCKED 1
| #define HAVE_FERROR_UNLOCKED 1
| #define HAVE_FILENO_UNLOCKED 1
| /* end confdefs.h.  */
| /* Define fputc_unlocked to an innocuous variant, in case <limits.h> declares fputc_unlocked.
|    For example, HP-UX 11i <limits.h> declares gettimeofday.  */
| #define fputc_unlocked innocuous_fputc_unlocked
| 
| /* System header to define __stub macros and hopefully few prototypes,
|     which can conflict with char fputc_unlocked (); below.
|     Prefer <limits.h> to <assert.h> if __STDC__ is defined, since
|     <limits.h> exists even on freestanding compilers.  */
| 
| #ifdef __STDC__
| # include <limits.h>
| #else
| # include <assert.h>
| #endif
| 
| #undef fputc_unlocked
| 
| /* Override any GCC internal prototype to avoid an error.
|    Use char because int might match the return type of a GCC
|    builtin and then its argument prototype would still apply.  */
| #ifdef __cplusplus
| extern "C"
| #endif
| char fputc_unlocked ();
| /* The GNU C library defines this for functions which it implements
|     to always fail with ENOSYS.  Some functions are actually named
|     something starting with __ and the normal name is an alias.  */
| #if defined __stub_fputc_unlocked || defined __stub___fputc_unlocked
| choke me
| #endif
| 
| int
| main ()
| {
| return fputc_unlocked ();
|   ;
|   return 0;
| }
configure:4986: result: no
configure:4986: checking for fputs_unlocked
configure:4986: cc -o conftest -O -O2 -no-cpp-precomp -DNETBSD_TOOLS -DTARGET_SYSTEM_ROOT=0  -DTARGET_SYSTEM_ROOT_RELOCATABLE   conftest.c  >&5
Undefined symbols for architecture x86_64:
  "_fputs_unlocked", referenced from:
      _main in conftest-2f1dd0.o
ld: symbol(s) not found for architecture x86_64
clang: error: linker command failed with exit code 1 (use -v to see invocation)
configure:4986: $? = 1
configure: failed program was:
| /* confdefs.h */
| #define PACKAGE_NAME "fixincludes"
| #define PACKAGE_TARNAME "fixincludes"
| #define PACKAGE_VERSION " "
| #define PACKAGE_STRING "fixincludes  "
| #define PACKAGE_BUGREPORT ""
| #define PACKAGE_URL ""
| #define STDC_HEADERS 1
| #define HAVE_SYS_TYPES_H 1
| #define HAVE_SYS_STAT_H 1
| #define HAVE_STDLIB_H 1
| #define HAVE_STRING_H 1
| #define HAVE_MEMORY_H 1
| #define HAVE_STRINGS_H 1
| #define HAVE_INTTYPES_H 1
| #define HAVE_STDINT_H 1
| #define HAVE_UNISTD_H 1
| #define __EXTENSIONS__ 1
| #define _ALL_SOURCE 1
| #define _GNU_SOURCE 1
| #define _POSIX_PTHREAD_SEMANTICS 1
| #define _TANDEM_SOURCE 1
| #define EXE_EXT ""
| #define STDC_HEADERS 1
| #define HAVE_STDDEF_H 1
| #define HAVE_STDLIB_H 1
| #define HAVE_STRINGS_H 1
| #define HAVE_UNISTD_H 1
| #define HAVE_FCNTL_H 1
| #define HAVE_SYS_FILE_H 1
| #define HAVE_SYS_STAT_H 1
| #define HAVE_CLEARERR_UNLOCKED 1
| #define HAVE_FEOF_UNLOCKED 1
| #define HAVE_FERROR_UNLOCKED 1
| #define HAVE_FILENO_UNLOCKED 1
| /* end confdefs.h.  */
| /* Define fputs_unlocked to an innocuous variant, in case <limits.h> declares fputs_unlocked.
|    For example, HP-UX 11i <limits.h> declares gettimeofday.  */
| #define fputs_unlocked innocuous_fputs_unlocked
| 
| /* System header to define __stub macros and hopefully few prototypes,
|     which can conflict with char fputs_unlocked (); below.
|     Prefer <limits.h> to <assert.h> if __STDC__ is defined, since
|     <limits.h> exists even on freestanding compilers.  */
| 
| #ifdef __STDC__
| # include <limits.h>
| #else
| # include <assert.h>
| #endif
| 
| #undef fputs_unlocked
| 
| /* Override any GCC internal prototype to avoid an error.
|    Use char because int might match the return type of a GCC
|    builtin and then its argument prototype would still apply.  */
| #ifdef __cplusplus
| extern "C"
| #endif
| char fputs_unlocked ();
| /* The GNU C library defines this for functions which it implements
|     to always fail with ENOSYS.  Some functions are actually named
|     something starting with __ and the normal name is an alias.  */
| #if defined __stub_fputs_unlocked || defined __stub___fputs_unlocked
| choke me
| #endif
| 
| int
| main ()
| {
| return fputs_unlocked ();
|   ;
|   return 0;
| }
configure:4986: result: no
configure:4986: checking for fread_unlocked
configure:4986: cc -o conftest -O -O2 -no-cpp-precomp -DNETBSD_TOOLS -DTARGET_SYSTEM_ROOT=0  -DTARGET_SYSTEM_ROOT_RELOCATABLE   conftest.c  >&5
Undefined symbols for architecture x86_64:
  "_fread_unlocked", referenced from:
      _main in conftest-8739db.o
ld: symbol(s) not found for architecture x86_64
clang: error: linker command failed with exit code 1 (use -v to see invocation)
configure:4986: $? = 1
configure: failed program was:
| /* confdefs.h */
| #define PACKAGE_NAME "fixincludes"
| #define PACKAGE_TARNAME "fixincludes"
| #define PACKAGE_VERSION " "
| #define PACKAGE_STRING "fixincludes  "
| #define PACKAGE_BUGREPORT ""
| #define PACKAGE_URL ""
| #define STDC_HEADERS 1
| #define HAVE_SYS_TYPES_H 1
| #define HAVE_SYS_STAT_H 1
| #define HAVE_STDLIB_H 1
| #define HAVE_STRING_H 1
| #define HAVE_MEMORY_H 1
| #define HAVE_STRINGS_H 1
| #define HAVE_INTTYPES_H 1
| #define HAVE_STDINT_H 1
| #define HAVE_UNISTD_H 1
| #define __EXTENSIONS__ 1
| #define _ALL_SOURCE 1
| #define _GNU_SOURCE 1
| #define _POSIX_PTHREAD_SEMANTICS 1
| #define _TANDEM_SOURCE 1
| #define EXE_EXT ""
| #define STDC_HEADERS 1
| #define HAVE_STDDEF_H 1
| #define HAVE_STDLIB_H 1
| #define HAVE_STRINGS_H 1
| #define HAVE_UNISTD_H 1
| #define HAVE_FCNTL_H 1
| #define HAVE_SYS_FILE_H 1
| #define HAVE_SYS_STAT_H 1
| #define HAVE_CLEARERR_UNLOCKED 1
| #define HAVE_FEOF_UNLOCKED 1
| #define HAVE_FERROR_UNLOCKED 1
| #define HAVE_FILENO_UNLOCKED 1
| /* end confdefs.h.  */
| /* Define fread_unlocked to an innocuous variant, in case <limits.h> declares fread_unlocked.
|    For example, HP-UX 11i <limits.h> declares gettimeofday.  */
| #define fread_unlocked innocuous_fread_unlocked
| 
| /* System header to define __stub macros and hopefully few prototypes,
|     which can conflict with char fread_unlocked (); below.
|     Prefer <limits.h> to <assert.h> if __STDC__ is defined, since
|     <limits.h> exists even on freestanding compilers.  */
| 
| #ifdef __STDC__
| # include <limits.h>
| #else
| # include <assert.h>
| #endif
| 
| #undef fread_unlocked
| 
| /* Override any GCC internal prototype to avoid an error.
|    Use char because int might match the return type of a GCC
|    builtin and then its argument prototype would still apply.  */
| #ifdef __cplusplus
| extern "C"
| #endif
| char fread_unlocked ();
| /* The GNU C library defines this for functions which it implements
|     to always fail with ENOSYS.  Some functions are actually named
|     something starting with __ and the normal name is an alias.  */
| #if defined __stub_fread_unlocked || defined __stub___fread_unlocked
| choke me
| #endif
| 
| int
| main ()
| {
| return fread_unlocked ();
|   ;
|   return 0;
| }
configure:4986: result: no
configure:4986: checking for fwrite_unlocked
configure:4986: cc -o conftest -O -O2 -no-cpp-precomp -DNETBSD_TOOLS -DTARGET_SYSTEM_ROOT=0  -DTARGET_SYSTEM_ROOT_RELOCATABLE   conftest.c  >&5
Undefined symbols for architecture x86_64:
  "_fwrite_unlocked", referenced from:
      _main in conftest-32c52d.o
ld: symbol(s) not found for architecture x86_64
clang: error: linker command failed with exit code 1 (use -v to see invocation)
configure:4986: $? = 1
configure: failed program was:
| /* confdefs.h */
| #define PACKAGE_NAME "fixincludes"
| #define PACKAGE_TARNAME "fixincludes"
| #define PACKAGE_VERSION " "
| #define PACKAGE_STRING "fixincludes  "
| #define PACKAGE_BUGREPORT ""
| #define PACKAGE_URL ""
| #define STDC_HEADERS 1
| #define HAVE_SYS_TYPES_H 1
| #define HAVE_SYS_STAT_H 1
| #define HAVE_STDLIB_H 1
| #define HAVE_STRING_H 1
| #define HAVE_MEMORY_H 1
| #define HAVE_STRINGS_H 1
| #define HAVE_INTTYPES_H 1
| #define HAVE_STDINT_H 1
| #define HAVE_UNISTD_H 1
| #define __EXTENSIONS__ 1
| #define _ALL_SOURCE 1
| #define _GNU_SOURCE 1
| #define _POSIX_PTHREAD_SEMANTICS 1
| #define _TANDEM_SOURCE 1
| #define EXE_EXT ""
| #define STDC_HEADERS 1
| #define HAVE_STDDEF_H 1
| #define HAVE_STDLIB_H 1
| #define HAVE_STRINGS_H 1
| #define HAVE_UNISTD_H 1
| #define HAVE_FCNTL_H 1
| #define HAVE_SYS_FILE_H 1
| #define HAVE_SYS_STAT_H 1
| #define HAVE_CLEARERR_UNLOCKED 1
| #define HAVE_FEOF_UNLOCKED 1
| #define HAVE_FERROR_UNLOCKED 1
| #define HAVE_FILENO_UNLOCKED 1
| /* end confdefs.h.  */
| /* Define fwrite_unlocked to an innocuous variant, in case <limits.h> declares fwrite_unlocked.
|    For example, HP-UX 11i <limits.h> declares gettimeofday.  */
| #define fwrite_unlocked innocuous_fwrite_unlocked
| 
| /* System header to define __stub macros and hopefully few prototypes,
|     which can conflict with char fwrite_unlocked (); below.
|     Prefer <limits.h> to <assert.h> if __STDC__ is defined, since
|     <limits.h> exists even on freestanding compilers.  */
| 
| #ifdef __STDC__
| # include <limits.h>
| #else
| # include <assert.h>
| #endif
| 
| #undef fwrite_unlocked
| 
| /* Override any GCC internal prototype to avoid an error.
|    Use char because int might match the return type of a GCC
|    builtin and then its argument prototype would still apply.  */
| #ifdef __cplusplus
| extern "C"
| #endif
| char fwrite_unlocked ();
| /* The GNU C library defines this for functions which it implements
|     to always fail with ENOSYS.  Some functions are actually named
|     something starting with __ and the normal name is an alias.  */
| #if defined __stub_fwrite_unlocked || defined __stub___fwrite_unlocked
| choke me
| #endif
| 
| int
| main ()
| {
| return fwrite_unlocked ();
|   ;
|   return 0;
| }
configure:4986: result: no
configure:4986: checking for getchar_unlocked
configure:4986: cc -o conftest -O -O2 -no-cpp-precomp -DNETBSD_TOOLS -DTARGET_SYSTEM_ROOT=0  -DTARGET_SYSTEM_ROOT_RELOCATABLE   conftest.c  >&5
configure:4986: $? = 0
configure:4986: result: yes
configure:4986: checking for getc_unlocked
configure:4986: cc -o conftest -O -O2 -no-cpp-precomp -DNETBSD_TOOLS -DTARGET_SYSTEM_ROOT=0  -DTARGET_SYSTEM_ROOT_RELOCATABLE   conftest.c  >&5
configure:4986: $? = 0
configure:4986: result: yes
configure:4986: checking for putchar_unlocked
configure:4986: cc -o conftest -O -O2 -no-cpp-precomp -DNETBSD_TOOLS -DTARGET_SYSTEM_ROOT=0  -DTARGET_SYSTEM_ROOT_RELOCATABLE   conftest.c  >&5
configure:4986: $? = 0
configure:4986: result: yes
configure:4986: checking for putc_unlocked
configure:4986: cc -o conftest -O -O2 -no-cpp-precomp -DNETBSD_TOOLS -DTARGET_SYSTEM_ROOT=0  -DTARGET_SYSTEM_ROOT_RELOCATABLE   conftest.c  >&5
configure:4986: $? = 0
configure:4986: result: yes
configure:4995: checking whether abort is declared
configure:4995: cc -c -O -O2 -no-cpp-precomp -DNETBSD_TOOLS -DTARGET_SYSTEM_ROOT=0  -DTARGET_SYSTEM_ROOT_RELOCATABLE conftest.c >&5
configure:4995: $? = 0
configure:4995: result: yes
configure:5005: checking whether asprintf is declared
configure:5005: cc -c -O -O2 -no-cpp-precomp -DNETBSD_TOOLS -DTARGET_SYSTEM_ROOT=0  -DTARGET_SYSTEM_ROOT_RELOCATABLE conftest.c >&5
configure:5005: $? = 0
configure:5005: result: yes
configure:5016: checking whether basename is declared
configure:5016: cc -c -O -O2 -no-cpp-precomp -DNETBSD_TOOLS -DTARGET_SYSTEM_ROOT=0  -DTARGET_SYSTEM_ROOT_RELOCATABLE conftest.c >&5
conftest.c:83:10: error: use of undeclared identifier 'basename'
  (void) basename;
         ^
1 error generated.
configure:5016: $? = 1
configure: failed program was:
| /* confdefs.h */
| #define PACKAGE_NAME "fixincludes"
| #define PACKAGE_TARNAME "fixincludes"
| #define PACKAGE_VERSION " "
| #define PACKAGE_STRING "fixincludes  "
| #define PACKAGE_BUGREPORT ""
| #define PACKAGE_URL ""
| #define STDC_HEADERS 1
| #define HAVE_SYS_TYPES_H 1
| #define HAVE_SYS_STAT_H 1
| #define HAVE_STDLIB_H 1
| #define HAVE_STRING_H 1
| #define HAVE_MEMORY_H 1
| #define HAVE_STRINGS_H 1
| #define HAVE_INTTYPES_H 1
| #define HAVE_STDINT_H 1
| #define HAVE_UNISTD_H 1
| #define __EXTENSIONS__ 1
| #define _ALL_SOURCE 1
| #define _GNU_SOURCE 1
| #define _POSIX_PTHREAD_SEMANTICS 1
| #define _TANDEM_SOURCE 1
| #define EXE_EXT ""
| #define STDC_HEADERS 1
| #define HAVE_STDDEF_H 1
| #define HAVE_STDLIB_H 1
| #define HAVE_STRINGS_H 1
| #define HAVE_UNISTD_H 1
| #define HAVE_FCNTL_H 1
| #define HAVE_SYS_FILE_H 1
| #define HAVE_SYS_STAT_H 1
| #define HAVE_CLEARERR_UNLOCKED 1
| #define HAVE_FEOF_UNLOCKED 1
| #define HAVE_FERROR_UNLOCKED 1
| #define HAVE_FILENO_UNLOCKED 1
| #define HAVE_GETCHAR_UNLOCKED 1
| #define HAVE_GETC_UNLOCKED 1
| #define HAVE_PUTCHAR_UNLOCKED 1
| #define HAVE_PUTC_UNLOCKED 1
| #define HAVE_DECL_ABORT 1
| #define HAVE_DECL_ASPRINTF 1
| /* end confdefs.h.  */
| #include <stdio.h>
| #ifdef HAVE_SYS_TYPES_H
| # include <sys/types.h>
| #endif
| #ifdef HAVE_SYS_STAT_H
| # include <sys/stat.h>
| #endif
| #ifdef STDC_HEADERS
| # include <stdlib.h>
| # include <stddef.h>
| #else
| # ifdef HAVE_STDLIB_H
| #  include <stdlib.h>
| # endif
| #endif
| #ifdef HAVE_STRING_H
| # if !defined STDC_HEADERS && defined HAVE_MEMORY_H
| #  include <memory.h>
| # endif
| # include <string.h>
| #endif
| #ifdef HAVE_STRINGS_H
| # include <strings.h>
| #endif
| #ifdef HAVE_INTTYPES_H
| # include <inttypes.h>
| #endif
| #ifdef HAVE_STDINT_H
| # include <stdint.h>
| #endif
| #ifdef HAVE_UNISTD_H
| # include <unistd.h>
| #endif
| int
| main ()
| {
| #ifndef basename
| #ifdef __cplusplus
|   (void) basename((char *) 0);
| #else
|   (void) basename;
| #endif
| #endif
| 
|   ;
|   return 0;
| }
configure:5016: result: no
configure:5026: checking whether errno is declared
configure:5026: cc -c -O -O2 -no-cpp-precomp -DNETBSD_TOOLS -DTARGET_SYSTEM_ROOT=0  -DTARGET_SYSTEM_ROOT_RELOCATABLE conftest.c >&5
conftest.c:84:10: error: use of undeclared identifier 'errno'
  (void) errno;
         ^
1 error generated.
configure:5026: $? = 1
configure: failed program was:
| /* confdefs.h */
| #define PACKAGE_NAME "fixincludes"
| #define PACKAGE_TARNAME "fixincludes"
| #define PACKAGE_VERSION " "
| #define PACKAGE_STRING "fixincludes  "
| #define PACKAGE_BUGREPORT ""
| #define PACKAGE_URL ""
| #define STDC_HEADERS 1
| #define HAVE_SYS_TYPES_H 1
| #define HAVE_SYS_STAT_H 1
| #define HAVE_STDLIB_H 1
| #define HAVE_STRING_H 1
| #define HAVE_MEMORY_H 1
| #define HAVE_STRINGS_H 1
| #define HAVE_INTTYPES_H 1
| #define HAVE_STDINT_H 1
| #define HAVE_UNISTD_H 1
| #define __EXTENSIONS__ 1
| #define _ALL_SOURCE 1
| #define _GNU_SOURCE 1
| #define _POSIX_PTHREAD_SEMANTICS 1
| #define _TANDEM_SOURCE 1
| #define EXE_EXT ""
| #define STDC_HEADERS 1
| #define HAVE_STDDEF_H 1
| #define HAVE_STDLIB_H 1
| #define HAVE_STRINGS_H 1
| #define HAVE_UNISTD_H 1
| #define HAVE_FCNTL_H 1
| #define HAVE_SYS_FILE_H 1
| #define HAVE_SYS_STAT_H 1
| #define HAVE_CLEARERR_UNLOCKED 1
| #define HAVE_FEOF_UNLOCKED 1
| #define HAVE_FERROR_UNLOCKED 1
| #define HAVE_FILENO_UNLOCKED 1
| #define HAVE_GETCHAR_UNLOCKED 1
| #define HAVE_GETC_UNLOCKED 1
| #define HAVE_PUTCHAR_UNLOCKED 1
| #define HAVE_PUTC_UNLOCKED 1
| #define HAVE_DECL_ABORT 1
| #define HAVE_DECL_ASPRINTF 1
| #define HAVE_DECL_BASENAME 0
| /* end confdefs.h.  */
| #include <stdio.h>
| #ifdef HAVE_SYS_TYPES_H
| # include <sys/types.h>
| #endif
| #ifdef HAVE_SYS_STAT_H
| # include <sys/stat.h>
| #endif
| #ifdef STDC_HEADERS
| # include <stdlib.h>
| # include <stddef.h>
| #else
| # ifdef HAVE_STDLIB_H
| #  include <stdlib.h>
| # endif
| #endif
| #ifdef HAVE_STRING_H
| # if !defined STDC_HEADERS && defined HAVE_MEMORY_H
| #  include <memory.h>
| # endif
| # include <string.h>
| #endif
| #ifdef HAVE_STRINGS_H
| # include <strings.h>
| #endif
| #ifdef HAVE_INTTYPES_H
| # include <inttypes.h>
| #endif
| #ifdef HAVE_STDINT_H
| # include <stdint.h>
| #endif
| #ifdef HAVE_UNISTD_H
| # include <unistd.h>
| #endif
| int
| main ()
| {
| #ifndef errno
| #ifdef __cplusplus
|   (void) errno;
| #else
|   (void) errno;
| #endif
| #endif
| 
|   ;
|   return 0;
| }
configure:5026: result: no
configure:5036: checking whether vasprintf is declared
configure:5036: cc -c -O -O2 -no-cpp-precomp -DNETBSD_TOOLS -DTARGET_SYSTEM_ROOT=0  -DTARGET_SYSTEM_ROOT_RELOCATABLE conftest.c >&5
configure:5036: $? = 0
configure:5036: result: yes
configure:5047: checking whether clearerr_unlocked is declared
configure:5047: cc -c -O -O2 -no-cpp-precomp -DNETBSD_TOOLS -DTARGET_SYSTEM_ROOT=0  -DTARGET_SYSTEM_ROOT_RELOCATABLE conftest.c >&5
configure:5047: $? = 0
configure:5047: result: yes
configure:5057: checking whether feof_unlocked is declared
configure:5057: cc -c -O -O2 -no-cpp-precomp -DNETBSD_TOOLS -DTARGET_SYSTEM_ROOT=0  -DTARGET_SYSTEM_ROOT_RELOCATABLE conftest.c >&5
configure:5057: $? = 0
configure:5057: result: yes
configure:5067: checking whether ferror_unlocked is declared
configure:5067: cc -c -O -O2 -no-cpp-precomp -DNETBSD_TOOLS -DTARGET_SYSTEM_ROOT=0  -DTARGET_SYSTEM_ROOT_RELOCATABLE conftest.c >&5
configure:5067: $? = 0
configure:5067: result: yes
configure:5077: checking whether fflush_unlocked is declared
configure:5077: cc -c -O -O2 -no-cpp-precomp -DNETBSD_TOOLS -DTARGET_SYSTEM_ROOT=0  -DTARGET_SYSTEM_ROOT_RELOCATABLE conftest.c >&5
conftest.c:89:10: error: use of undeclared identifier 'fflush_unlocked'
  (void) fflush_unlocked;
         ^
1 error generated.
configure:5077: $? = 1
configure: failed program was:
| /* confdefs.h */
| #define PACKAGE_NAME "fixincludes"
| #define PACKAGE_TARNAME "fixincludes"
| #define PACKAGE_VERSION " "
| #define PACKAGE_STRING "fixincludes  "
| #define PACKAGE_BUGREPORT ""
| #define PACKAGE_URL ""
| #define STDC_HEADERS 1
| #define HAVE_SYS_TYPES_H 1
| #define HAVE_SYS_STAT_H 1
| #define HAVE_STDLIB_H 1
| #define HAVE_STRING_H 1
| #define HAVE_MEMORY_H 1
| #define HAVE_STRINGS_H 1
| #define HAVE_INTTYPES_H 1
| #define HAVE_STDINT_H 1
| #define HAVE_UNISTD_H 1
| #define __EXTENSIONS__ 1
| #define _ALL_SOURCE 1
| #define _GNU_SOURCE 1
| #define _POSIX_PTHREAD_SEMANTICS 1
| #define _TANDEM_SOURCE 1
| #define EXE_EXT ""
| #define STDC_HEADERS 1
| #define HAVE_STDDEF_H 1
| #define HAVE_STDLIB_H 1
| #define HAVE_STRINGS_H 1
| #define HAVE_UNISTD_H 1
| #define HAVE_FCNTL_H 1
| #define HAVE_SYS_FILE_H 1
| #define HAVE_SYS_STAT_H 1
| #define HAVE_CLEARERR_UNLOCKED 1
| #define HAVE_FEOF_UNLOCKED 1
| #define HAVE_FERROR_UNLOCKED 1
| #define HAVE_FILENO_UNLOCKED 1
| #define HAVE_GETCHAR_UNLOCKED 1
| #define HAVE_GETC_UNLOCKED 1
| #define HAVE_PUTCHAR_UNLOCKED 1
| #define HAVE_PUTC_UNLOCKED 1
| #define HAVE_DECL_ABORT 1
| #define HAVE_DECL_ASPRINTF 1
| #define HAVE_DECL_BASENAME 0
| #define HAVE_DECL_ERRNO 0
| #define HAVE_DECL_VASPRINTF 1
| #define HAVE_DECL_CLEARERR_UNLOCKED 1
| #define HAVE_DECL_FEOF_UNLOCKED 1
| #define HAVE_DECL_FERROR_UNLOCKED 1
| /* end confdefs.h.  */
| #include <stdio.h>
| #ifdef HAVE_SYS_TYPES_H
| # include <sys/types.h>
| #endif
| #ifdef HAVE_SYS_STAT_H
| # include <sys/stat.h>
| #endif
| #ifdef STDC_HEADERS
| # include <stdlib.h>
| # include <stddef.h>
| #else
| # ifdef HAVE_STDLIB_H
| #  include <stdlib.h>
| # endif
| #endif
| #ifdef HAVE_STRING_H
| # if !defined STDC_HEADERS && defined HAVE_MEMORY_H
| #  include <memory.h>
| # endif
| # include <string.h>
| #endif
| #ifdef HAVE_STRINGS_H
| # include <strings.h>
| #endif
| #ifdef HAVE_INTTYPES_H
| # include <inttypes.h>
| #endif
| #ifdef HAVE_STDINT_H
| # include <stdint.h>
| #endif
| #ifdef HAVE_UNISTD_H
| # include <unistd.h>
| #endif
| int
| main ()
| {
| #ifndef fflush_unlocked
| #ifdef __cplusplus
|   (void) fflush_unlocked;
| #else
|   (void) fflush_unlocked;
| #endif
| #endif
| 
|   ;
|   return 0;
| }
configure:5077: result: no
configure:5087: checking whether fgetc_unlocked is declared
configure:5087: cc -c -O -O2 -no-cpp-precomp -DNETBSD_TOOLS -DTARGET_SYSTEM_ROOT=0  -DTARGET_SYSTEM_ROOT_RELOCATABLE conftest.c >&5
conftest.c:90:10: error: use of undeclared identifier 'fgetc_unlocked'
  (void) fgetc_unlocked;
         ^
1 error generated.
configure:5087: $? = 1
configure: failed program was:
| /* confdefs.h */
| #define PACKAGE_NAME "fixincludes"
| #define PACKAGE_TARNAME "fixincludes"
| #define PACKAGE_VERSION " "
| #define PACKAGE_STRING "fixincludes  "
| #define PACKAGE_BUGREPORT ""
| #define PACKAGE_URL ""
| #define STDC_HEADERS 1
| #define HAVE_SYS_TYPES_H 1
| #define HAVE_SYS_STAT_H 1
| #define HAVE_STDLIB_H 1
| #define HAVE_STRING_H 1
| #define HAVE_MEMORY_H 1
| #define HAVE_STRINGS_H 1
| #define HAVE_INTTYPES_H 1
| #define HAVE_STDINT_H 1
| #define HAVE_UNISTD_H 1
| #define __EXTENSIONS__ 1
| #define _ALL_SOURCE 1
| #define _GNU_SOURCE 1
| #define _POSIX_PTHREAD_SEMANTICS 1
| #define _TANDEM_SOURCE 1
| #define EXE_EXT ""
| #define STDC_HEADERS 1
| #define HAVE_STDDEF_H 1
| #define HAVE_STDLIB_H 1
| #define HAVE_STRINGS_H 1
| #define HAVE_UNISTD_H 1
| #define HAVE_FCNTL_H 1
| #define HAVE_SYS_FILE_H 1
| #define HAVE_SYS_STAT_H 1
| #define HAVE_CLEARERR_UNLOCKED 1
| #define HAVE_FEOF_UNLOCKED 1
| #define HAVE_FERROR_UNLOCKED 1
| #define HAVE_FILENO_UNLOCKED 1
| #define HAVE_GETCHAR_UNLOCKED 1
| #define HAVE_GETC_UNLOCKED 1
| #define HAVE_PUTCHAR_UNLOCKED 1
| #define HAVE_PUTC_UNLOCKED 1
| #define HAVE_DECL_ABORT 1
| #define HAVE_DECL_ASPRINTF 1
| #define HAVE_DECL_BASENAME 0
| #define HAVE_DECL_ERRNO 0
| #define HAVE_DECL_VASPRINTF 1
| #define HAVE_DECL_CLEARERR_UNLOCKED 1
| #define HAVE_DECL_FEOF_UNLOCKED 1
| #define HAVE_DECL_FERROR_UNLOCKED 1
| #define HAVE_DECL_FFLUSH_UNLOCKED 0
| /* end confdefs.h.  */
| #include <stdio.h>
| #ifdef HAVE_SYS_TYPES_H
| # include <sys/types.h>
| #endif
| #ifdef HAVE_SYS_STAT_H
| # include <sys/stat.h>
| #endif
| #ifdef STDC_HEADERS
| # include <stdlib.h>
| # include <stddef.h>
| #else
| # ifdef HAVE_STDLIB_H
| #  include <stdlib.h>
| # endif
| #endif
| #ifdef HAVE_STRING_H
| # if !defined STDC_HEADERS && defined HAVE_MEMORY_H
| #  include <memory.h>
| # endif
| # include <string.h>
| #endif
| #ifdef HAVE_STRINGS_H
| # include <strings.h>
| #endif
| #ifdef HAVE_INTTYPES_H
| # include <inttypes.h>
| #endif
| #ifdef HAVE_STDINT_H
| # include <stdint.h>
| #endif
| #ifdef HAVE_UNISTD_H
| # include <unistd.h>
| #endif
| int
| main ()
| {
| #ifndef fgetc_unlocked
| #ifdef __cplusplus
|   (void) fgetc_unlocked;
| #else
|   (void) fgetc_unlocked;
| #endif
| #endif
| 
|   ;
|   return 0;
| }
configure:5087: result: no
configure:5097: checking whether fgets_unlocked is declared
configure:5097: cc -c -O -O2 -no-cpp-precomp -DNETBSD_TOOLS -DTARGET_SYSTEM_ROOT=0  -DTARGET_SYSTEM_ROOT_RELOCATABLE conftest.c >&5
conftest.c:91:10: error: use of undeclared identifier 'fgets_unlocked'
  (void) fgets_unlocked;
         ^
1 error generated.
configure:5097: $? = 1
configure: failed program was:
| /* confdefs.h */
| #define PACKAGE_NAME "fixincludes"
| #define PACKAGE_TARNAME "fixincludes"
| #define PACKAGE_VERSION " "
| #define PACKAGE_STRING "fixincludes  "
| #define PACKAGE_BUGREPORT ""
| #define PACKAGE_URL ""
| #define STDC_HEADERS 1
| #define HAVE_SYS_TYPES_H 1
| #define HAVE_SYS_STAT_H 1
| #define HAVE_STDLIB_H 1
| #define HAVE_STRING_H 1
| #define HAVE_MEMORY_H 1
| #define HAVE_STRINGS_H 1
| #define HAVE_INTTYPES_H 1
| #define HAVE_STDINT_H 1
| #define HAVE_UNISTD_H 1
| #define __EXTENSIONS__ 1
| #define _ALL_SOURCE 1
| #define _GNU_SOURCE 1
| #define _POSIX_PTHREAD_SEMANTICS 1
| #define _TANDEM_SOURCE 1
| #define EXE_EXT ""
| #define STDC_HEADERS 1
| #define HAVE_STDDEF_H 1
| #define HAVE_STDLIB_H 1
| #define HAVE_STRINGS_H 1
| #define HAVE_UNISTD_H 1
| #define HAVE_FCNTL_H 1
| #define HAVE_SYS_FILE_H 1
| #define HAVE_SYS_STAT_H 1
| #define HAVE_CLEARERR_UNLOCKED 1
| #define HAVE_FEOF_UNLOCKED 1
| #define HAVE_FERROR_UNLOCKED 1
| #define HAVE_FILENO_UNLOCKED 1
| #define HAVE_GETCHAR_UNLOCKED 1
| #define HAVE_GETC_UNLOCKED 1
| #define HAVE_PUTCHAR_UNLOCKED 1
| #define HAVE_PUTC_UNLOCKED 1
| #define HAVE_DECL_ABORT 1
| #define HAVE_DECL_ASPRINTF 1
| #define HAVE_DECL_BASENAME 0
| #define HAVE_DECL_ERRNO 0
| #define HAVE_DECL_VASPRINTF 1
| #define HAVE_DECL_CLEARERR_UNLOCKED 1
| #define HAVE_DECL_FEOF_UNLOCKED 1
| #define HAVE_DECL_FERROR_UNLOCKED 1
| #define HAVE_DECL_FFLUSH_UNLOCKED 0
| #define HAVE_DECL_FGETC_UNLOCKED 0
| /* end confdefs.h.  */
| #include <stdio.h>
| #ifdef HAVE_SYS_TYPES_H
| # include <sys/types.h>
| #endif
| #ifdef HAVE_SYS_STAT_H
| # include <sys/stat.h>
| #endif
| #ifdef STDC_HEADERS
| # include <stdlib.h>
| # include <stddef.h>
| #else
| # ifdef HAVE_STDLIB_H
| #  include <stdlib.h>
| # endif
| #endif
| #ifdef HAVE_STRING_H
| # if !defined STDC_HEADERS && defined HAVE_MEMORY_H
| #  include <memory.h>
| # endif
| # include <string.h>
| #endif
| #ifdef HAVE_STRINGS_H
| # include <strings.h>
| #endif
| #ifdef HAVE_INTTYPES_H
| # include <inttypes.h>
| #endif
| #ifdef HAVE_STDINT_H
| # include <stdint.h>
| #endif
| #ifdef HAVE_UNISTD_H
| # include <unistd.h>
| #endif
| int
| main ()
| {
| #ifndef fgets_unlocked
| #ifdef __cplusplus
|   (void) fgets_unlocked;
| #else
|   (void) fgets_unlocked;
| #endif
| #endif
| 
|   ;
|   return 0;
| }
configure:5097: result: no
configure:5107: checking whether fileno_unlocked is declared
configure:5107: cc -c -O -O2 -no-cpp-precomp -DNETBSD_TOOLS -DTARGET_SYSTEM_ROOT=0  -DTARGET_SYSTEM_ROOT_RELOCATABLE conftest.c >&5
configure:5107: $? = 0
configure:5107: result: yes
configure:5117: checking whether fprintf_unlocked is declared
configure:5117: cc -c -O -O2 -no-cpp-precomp -DNETBSD_TOOLS -DTARGET_SYSTEM_ROOT=0  -DTARGET_SYSTEM_ROOT_RELOCATABLE conftest.c >&5
conftest.c:93:10: error: use of undeclared identifier 'fprintf_unlocked'
  (void) fprintf_unlocked;
         ^
1 error generated.
configure:5117: $? = 1
configure: failed program was:
| /* confdefs.h */
| #define PACKAGE_NAME "fixincludes"
| #define PACKAGE_TARNAME "fixincludes"
| #define PACKAGE_VERSION " "
| #define PACKAGE_STRING "fixincludes  "
| #define PACKAGE_BUGREPORT ""
| #define PACKAGE_URL ""
| #define STDC_HEADERS 1
| #define HAVE_SYS_TYPES_H 1
| #define HAVE_SYS_STAT_H 1
| #define HAVE_STDLIB_H 1
| #define HAVE_STRING_H 1
| #define HAVE_MEMORY_H 1
| #define HAVE_STRINGS_H 1
| #define HAVE_INTTYPES_H 1
| #define HAVE_STDINT_H 1
| #define HAVE_UNISTD_H 1
| #define __EXTENSIONS__ 1
| #define _ALL_SOURCE 1
| #define _GNU_SOURCE 1
| #define _POSIX_PTHREAD_SEMANTICS 1
| #define _TANDEM_SOURCE 1
| #define EXE_EXT ""
| #define STDC_HEADERS 1
| #define HAVE_STDDEF_H 1
| #define HAVE_STDLIB_H 1
| #define HAVE_STRINGS_H 1
| #define HAVE_UNISTD_H 1
| #define HAVE_FCNTL_H 1
| #define HAVE_SYS_FILE_H 1
| #define HAVE_SYS_STAT_H 1
| #define HAVE_CLEARERR_UNLOCKED 1
| #define HAVE_FEOF_UNLOCKED 1
| #define HAVE_FERROR_UNLOCKED 1
| #define HAVE_FILENO_UNLOCKED 1
| #define HAVE_GETCHAR_UNLOCKED 1
| #define HAVE_GETC_UNLOCKED 1
| #define HAVE_PUTCHAR_UNLOCKED 1
| #define HAVE_PUTC_UNLOCKED 1
| #define HAVE_DECL_ABORT 1
| #define HAVE_DECL_ASPRINTF 1
| #define HAVE_DECL_BASENAME 0
| #define HAVE_DECL_ERRNO 0
| #define HAVE_DECL_VASPRINTF 1
| #define HAVE_DECL_CLEARERR_UNLOCKED 1
| #define HAVE_DECL_FEOF_UNLOCKED 1
| #define HAVE_DECL_FERROR_UNLOCKED 1
| #define HAVE_DECL_FFLUSH_UNLOCKED 0
| #define HAVE_DECL_FGETC_UNLOCKED 0
| #define HAVE_DECL_FGETS_UNLOCKED 0
| #define HAVE_DECL_FILENO_UNLOCKED 1
| /* end confdefs.h.  */
| #include <stdio.h>
| #ifdef HAVE_SYS_TYPES_H
| # include <sys/types.h>
| #endif
| #ifdef HAVE_SYS_STAT_H
| # include <sys/stat.h>
| #endif
| #ifdef STDC_HEADERS
| # include <stdlib.h>
| # include <stddef.h>
| #else
| # ifdef HAVE_STDLIB_H
| #  include <stdlib.h>
| # endif
| #endif
| #ifdef HAVE_STRING_H
| # if !defined STDC_HEADERS && defined HAVE_MEMORY_H
| #  include <memory.h>
| # endif
| # include <string.h>
| #endif
| #ifdef HAVE_STRINGS_H
| # include <strings.h>
| #endif
| #ifdef HAVE_INTTYPES_H
| # include <inttypes.h>
| #endif
| #ifdef HAVE_STDINT_H
| # include <stdint.h>
| #endif
| #ifdef HAVE_UNISTD_H
| # include <unistd.h>
| #endif
| int
| main ()
| {
| #ifndef fprintf_unlocked
| #ifdef __cplusplus
|   (void) fprintf_unlocked;
| #else
|   (void) fprintf_unlocked;
| #endif
| #endif
| 
|   ;
|   return 0;
| }
configure:5117: result: no
configure:5127: checking whether fputc_unlocked is declared
configure:5127: cc -c -O -O2 -no-cpp-precomp -DNETBSD_TOOLS -DTARGET_SYSTEM_ROOT=0  -DTARGET_SYSTEM_ROOT_RELOCATABLE conftest.c >&5
conftest.c:94:10: error: use of undeclared identifier 'fputc_unlocked'
  (void) fputc_unlocked;
         ^
1 error generated.
configure:5127: $? = 1
configure: failed program was:
| /* confdefs.h */
| #define PACKAGE_NAME "fixincludes"
| #define PACKAGE_TARNAME "fixincludes"
| #define PACKAGE_VERSION " "
| #define PACKAGE_STRING "fixincludes  "
| #define PACKAGE_BUGREPORT ""
| #define PACKAGE_URL ""
| #define STDC_HEADERS 1
| #define HAVE_SYS_TYPES_H 1
| #define HAVE_SYS_STAT_H 1
| #define HAVE_STDLIB_H 1
| #define HAVE_STRING_H 1
| #define HAVE_MEMORY_H 1
| #define HAVE_STRINGS_H 1
| #define HAVE_INTTYPES_H 1
| #define HAVE_STDINT_H 1
| #define HAVE_UNISTD_H 1
| #define __EXTENSIONS__ 1
| #define _ALL_SOURCE 1
| #define _GNU_SOURCE 1
| #define _POSIX_PTHREAD_SEMANTICS 1
| #define _TANDEM_SOURCE 1
| #define EXE_EXT ""
| #define STDC_HEADERS 1
| #define HAVE_STDDEF_H 1
| #define HAVE_STDLIB_H 1
| #define HAVE_STRINGS_H 1
| #define HAVE_UNISTD_H 1
| #define HAVE_FCNTL_H 1
| #define HAVE_SYS_FILE_H 1
| #define HAVE_SYS_STAT_H 1
| #define HAVE_CLEARERR_UNLOCKED 1
| #define HAVE_FEOF_UNLOCKED 1
| #define HAVE_FERROR_UNLOCKED 1
| #define HAVE_FILENO_UNLOCKED 1
| #define HAVE_GETCHAR_UNLOCKED 1
| #define HAVE_GETC_UNLOCKED 1
| #define HAVE_PUTCHAR_UNLOCKED 1
| #define HAVE_PUTC_UNLOCKED 1
| #define HAVE_DECL_ABORT 1
| #define HAVE_DECL_ASPRINTF 1
| #define HAVE_DECL_BASENAME 0
| #define HAVE_DECL_ERRNO 0
| #define HAVE_DECL_VASPRINTF 1
| #define HAVE_DECL_CLEARERR_UNLOCKED 1
| #define HAVE_DECL_FEOF_UNLOCKED 1
| #define HAVE_DECL_FERROR_UNLOCKED 1
| #define HAVE_DECL_FFLUSH_UNLOCKED 0
| #define HAVE_DECL_FGETC_UNLOCKED 0
| #define HAVE_DECL_FGETS_UNLOCKED 0
| #define HAVE_DECL_FILENO_UNLOCKED 1
| #define HAVE_DECL_FPRINTF_UNLOCKED 0
| /* end confdefs.h.  */
| #include <stdio.h>
| #ifdef HAVE_SYS_TYPES_H
| # include <sys/types.h>
| #endif
| #ifdef HAVE_SYS_STAT_H
| # include <sys/stat.h>
| #endif
| #ifdef STDC_HEADERS
| # include <stdlib.h>
| # include <stddef.h>
| #else
| # ifdef HAVE_STDLIB_H
| #  include <stdlib.h>
| # endif
| #endif
| #ifdef HAVE_STRING_H
| # if !defined STDC_HEADERS && defined HAVE_MEMORY_H
| #  include <memory.h>
| # endif
| # include <string.h>
| #endif
| #ifdef HAVE_STRINGS_H
| # include <strings.h>
| #endif
| #ifdef HAVE_INTTYPES_H
| # include <inttypes.h>
| #endif
| #ifdef HAVE_STDINT_H
| # include <stdint.h>
| #endif
| #ifdef HAVE_UNISTD_H
| # include <unistd.h>
| #endif
| int
| main ()
| {
| #ifndef fputc_unlocked
| #ifdef __cplusplus
|   (void) fputc_unlocked;
| #else
|   (void) fputc_unlocked;
| #endif
| #endif
| 
|   ;
|   return 0;
| }
configure:5127: result: no
configure:5137: checking whether fputs_unlocked is declared
configure:5137: cc -c -O -O2 -no-cpp-precomp -DNETBSD_TOOLS -DTARGET_SYSTEM_ROOT=0  -DTARGET_SYSTEM_ROOT_RELOCATABLE conftest.c >&5
conftest.c:95:10: error: use of undeclared identifier 'fputs_unlocked'
  (void) fputs_unlocked;
         ^
1 error generated.
configure:5137: $? = 1
configure: failed program was:
| /* confdefs.h */
| #define PACKAGE_NAME "fixincludes"
| #define PACKAGE_TARNAME "fixincludes"
| #define PACKAGE_VERSION " "
| #define PACKAGE_STRING "fixincludes  "
| #define PACKAGE_BUGREPORT ""
| #define PACKAGE_URL ""
| #define STDC_HEADERS 1
| #define HAVE_SYS_TYPES_H 1
| #define HAVE_SYS_STAT_H 1
| #define HAVE_STDLIB_H 1
| #define HAVE_STRING_H 1
| #define HAVE_MEMORY_H 1
| #define HAVE_STRINGS_H 1
| #define HAVE_INTTYPES_H 1
| #define HAVE_STDINT_H 1
| #define HAVE_UNISTD_H 1
| #define __EXTENSIONS__ 1
| #define _ALL_SOURCE 1
| #define _GNU_SOURCE 1
| #define _POSIX_PTHREAD_SEMANTICS 1
| #define _TANDEM_SOURCE 1
| #define EXE_EXT ""
| #define STDC_HEADERS 1
| #define HAVE_STDDEF_H 1
| #define HAVE_STDLIB_H 1
| #define HAVE_STRINGS_H 1
| #define HAVE_UNISTD_H 1
| #define HAVE_FCNTL_H 1
| #define HAVE_SYS_FILE_H 1
| #define HAVE_SYS_STAT_H 1
| #define HAVE_CLEARERR_UNLOCKED 1
| #define HAVE_FEOF_UNLOCKED 1
| #define HAVE_FERROR_UNLOCKED 1
| #define HAVE_FILENO_UNLOCKED 1
| #define HAVE_GETCHAR_UNLOCKED 1
| #define HAVE_GETC_UNLOCKED 1
| #define HAVE_PUTCHAR_UNLOCKED 1
| #define HAVE_PUTC_UNLOCKED 1
| #define HAVE_DECL_ABORT 1
| #define HAVE_DECL_ASPRINTF 1
| #define HAVE_DECL_BASENAME 0
| #define HAVE_DECL_ERRNO 0
| #define HAVE_DECL_VASPRINTF 1
| #define HAVE_DECL_CLEARERR_UNLOCKED 1
| #define HAVE_DECL_FEOF_UNLOCKED 1
| #define HAVE_DECL_FERROR_UNLOCKED 1
| #define HAVE_DECL_FFLUSH_UNLOCKED 0
| #define HAVE_DECL_FGETC_UNLOCKED 0
| #define HAVE_DECL_FGETS_UNLOCKED 0
| #define HAVE_DECL_FILENO_UNLOCKED 1
| #define HAVE_DECL_FPRINTF_UNLOCKED 0
| #define HAVE_DECL_FPUTC_UNLOCKED 0
| /* end confdefs.h.  */
| #include <stdio.h>
| #ifdef HAVE_SYS_TYPES_H
| # include <sys/types.h>
| #endif
| #ifdef HAVE_SYS_STAT_H
| # include <sys/stat.h>
| #endif
| #ifdef STDC_HEADERS
| # include <stdlib.h>
| # include <stddef.h>
| #else
| # ifdef HAVE_STDLIB_H
| #  include <stdlib.h>
| # endif
| #endif
| #ifdef HAVE_STRING_H
| # if !defined STDC_HEADERS && defined HAVE_MEMORY_H
| #  include <memory.h>
| # endif
| # include <string.h>
| #endif
| #ifdef HAVE_STRINGS_H
| # include <strings.h>
| #endif
| #ifdef HAVE_INTTYPES_H
| # include <inttypes.h>
| #endif
| #ifdef HAVE_STDINT_H
| # include <stdint.h>
| #endif
| #ifdef HAVE_UNISTD_H
| # include <unistd.h>
| #endif
| int
| main ()
| {
| #ifndef fputs_unlocked
| #ifdef __cplusplus
|   (void) fputs_unlocked;
| #else
|   (void) fputs_unlocked;
| #endif
| #endif
| 
|   ;
|   return 0;
| }
configure:5137: result: no
configure:5147: checking whether fread_unlocked is declared
configure:5147: cc -c -O -O2 -no-cpp-precomp -DNETBSD_TOOLS -DTARGET_SYSTEM_ROOT=0  -DTARGET_SYSTEM_ROOT_RELOCATABLE conftest.c >&5
conftest.c:96:10: error: use of undeclared identifier 'fread_unlocked'
  (void) fread_unlocked;
         ^
1 error generated.
configure:5147: $? = 1
configure: failed program was:
| /* confdefs.h */
| #define PACKAGE_NAME "fixincludes"
| #define PACKAGE_TARNAME "fixincludes"
| #define PACKAGE_VERSION " "
| #define PACKAGE_STRING "fixincludes  "
| #define PACKAGE_BUGREPORT ""
| #define PACKAGE_URL ""
| #define STDC_HEADERS 1
| #define HAVE_SYS_TYPES_H 1
| #define HAVE_SYS_STAT_H 1
| #define HAVE_STDLIB_H 1
| #define HAVE_STRING_H 1
| #define HAVE_MEMORY_H 1
| #define HAVE_STRINGS_H 1
| #define HAVE_INTTYPES_H 1
| #define HAVE_STDINT_H 1
| #define HAVE_UNISTD_H 1
| #define __EXTENSIONS__ 1
| #define _ALL_SOURCE 1
| #define _GNU_SOURCE 1
| #define _POSIX_PTHREAD_SEMANTICS 1
| #define _TANDEM_SOURCE 1
| #define EXE_EXT ""
| #define STDC_HEADERS 1
| #define HAVE_STDDEF_H 1
| #define HAVE_STDLIB_H 1
| #define HAVE_STRINGS_H 1
| #define HAVE_UNISTD_H 1
| #define HAVE_FCNTL_H 1
| #define HAVE_SYS_FILE_H 1
| #define HAVE_SYS_STAT_H 1
| #define HAVE_CLEARERR_UNLOCKED 1
| #define HAVE_FEOF_UNLOCKED 1
| #define HAVE_FERROR_UNLOCKED 1
| #define HAVE_FILENO_UNLOCKED 1
| #define HAVE_GETCHAR_UNLOCKED 1
| #define HAVE_GETC_UNLOCKED 1
| #define HAVE_PUTCHAR_UNLOCKED 1
| #define HAVE_PUTC_UNLOCKED 1
| #define HAVE_DECL_ABORT 1
| #define HAVE_DECL_ASPRINTF 1
| #define HAVE_DECL_BASENAME 0
| #define HAVE_DECL_ERRNO 0
| #define HAVE_DECL_VASPRINTF 1
| #define HAVE_DECL_CLEARERR_UNLOCKED 1
| #define HAVE_DECL_FEOF_UNLOCKED 1
| #define HAVE_DECL_FERROR_UNLOCKED 1
| #define HAVE_DECL_FFLUSH_UNLOCKED 0
| #define HAVE_DECL_FGETC_UNLOCKED 0
| #define HAVE_DECL_FGETS_UNLOCKED 0
| #define HAVE_DECL_FILENO_UNLOCKED 1
| #define HAVE_DECL_FPRINTF_UNLOCKED 0
| #define HAVE_DECL_FPUTC_UNLOCKED 0
| #define HAVE_DECL_FPUTS_UNLOCKED 0
| /* end confdefs.h.  */
| #include <stdio.h>
| #ifdef HAVE_SYS_TYPES_H
| # include <sys/types.h>
| #endif
| #ifdef HAVE_SYS_STAT_H
| # include <sys/stat.h>
| #endif
| #ifdef STDC_HEADERS
| # include <stdlib.h>
| # include <stddef.h>
| #else
| # ifdef HAVE_STDLIB_H
| #  include <stdlib.h>
| # endif
| #endif
| #ifdef HAVE_STRING_H
| # if !defined STDC_HEADERS && defined HAVE_MEMORY_H
| #  include <memory.h>
| # endif
| # include <string.h>
| #endif
| #ifdef HAVE_STRINGS_H
| # include <strings.h>
| #endif
| #ifdef HAVE_INTTYPES_H
| # include <inttypes.h>
| #endif
| #ifdef HAVE_STDINT_H
| # include <stdint.h>
| #endif
| #ifdef HAVE_UNISTD_H
| # include <unistd.h>
| #endif
| int
| main ()
| {
| #ifndef fread_unlocked
| #ifdef __cplusplus
|   (void) fread_unlocked;
| #else
|   (void) fread_unlocked;
| #endif
| #endif
| 
|   ;
|   return 0;
| }
configure:5147: result: no
configure:5157: checking whether fwrite_unlocked is declared
configure:5157: cc -c -O -O2 -no-cpp-precomp -DNETBSD_TOOLS -DTARGET_SYSTEM_ROOT=0  -DTARGET_SYSTEM_ROOT_RELOCATABLE conftest.c >&5
conftest.c:97:10: error: use of undeclared identifier 'fwrite_unlocked'
  (void) fwrite_unlocked;
         ^
1 error generated.
configure:5157: $? = 1
configure: failed program was:
| /* confdefs.h */
| #define PACKAGE_NAME "fixincludes"
| #define PACKAGE_TARNAME "fixincludes"
| #define PACKAGE_VERSION " "
| #define PACKAGE_STRING "fixincludes  "
| #define PACKAGE_BUGREPORT ""
| #define PACKAGE_URL ""
| #define STDC_HEADERS 1
| #define HAVE_SYS_TYPES_H 1
| #define HAVE_SYS_STAT_H 1
| #define HAVE_STDLIB_H 1
| #define HAVE_STRING_H 1
| #define HAVE_MEMORY_H 1
| #define HAVE_STRINGS_H 1
| #define HAVE_INTTYPES_H 1
| #define HAVE_STDINT_H 1
| #define HAVE_UNISTD_H 1
| #define __EXTENSIONS__ 1
| #define _ALL_SOURCE 1
| #define _GNU_SOURCE 1
| #define _POSIX_PTHREAD_SEMANTICS 1
| #define _TANDEM_SOURCE 1
| #define EXE_EXT ""
| #define STDC_HEADERS 1
| #define HAVE_STDDEF_H 1
| #define HAVE_STDLIB_H 1
| #define HAVE_STRINGS_H 1
| #define HAVE_UNISTD_H 1
| #define HAVE_FCNTL_H 1
| #define HAVE_SYS_FILE_H 1
| #define HAVE_SYS_STAT_H 1
| #define HAVE_CLEARERR_UNLOCKED 1
| #define HAVE_FEOF_UNLOCKED 1
| #define HAVE_FERROR_UNLOCKED 1
| #define HAVE_FILENO_UNLOCKED 1
| #define HAVE_GETCHAR_UNLOCKED 1
| #define HAVE_GETC_UNLOCKED 1
| #define HAVE_PUTCHAR_UNLOCKED 1
| #define HAVE_PUTC_UNLOCKED 1
| #define HAVE_DECL_ABORT 1
| #define HAVE_DECL_ASPRINTF 1
| #define HAVE_DECL_BASENAME 0
| #define HAVE_DECL_ERRNO 0
| #define HAVE_DECL_VASPRINTF 1
| #define HAVE_DECL_CLEARERR_UNLOCKED 1
| #define HAVE_DECL_FEOF_UNLOCKED 1
| #define HAVE_DECL_FERROR_UNLOCKED 1
| #define HAVE_DECL_FFLUSH_UNLOCKED 0
| #define HAVE_DECL_FGETC_UNLOCKED 0
| #define HAVE_DECL_FGETS_UNLOCKED 0
| #define HAVE_DECL_FILENO_UNLOCKED 1
| #define HAVE_DECL_FPRINTF_UNLOCKED 0
| #define HAVE_DECL_FPUTC_UNLOCKED 0
| #define HAVE_DECL_FPUTS_UNLOCKED 0
| #define HAVE_DECL_FREAD_UNLOCKED 0
| /* end confdefs.h.  */
| #include <stdio.h>
| #ifdef HAVE_SYS_TYPES_H
| # include <sys/types.h>
| #endif
| #ifdef HAVE_SYS_STAT_H
| # include <sys/stat.h>
| #endif
| #ifdef STDC_HEADERS
| # include <stdlib.h>
| # include <stddef.h>
| #else
| # ifdef HAVE_STDLIB_H
| #  include <stdlib.h>
| # endif
| #endif
| #ifdef HAVE_STRING_H
| # if !defined STDC_HEADERS && defined HAVE_MEMORY_H
| #  include <memory.h>
| # endif
| # include <string.h>
| #endif
| #ifdef HAVE_STRINGS_H
| # include <strings.h>
| #endif
| #ifdef HAVE_INTTYPES_H
| # include <inttypes.h>
| #endif
| #ifdef HAVE_STDINT_H
| # include <stdint.h>
| #endif
| #ifdef HAVE_UNISTD_H
| # include <unistd.h>
| #endif
| int
| main ()
| {
| #ifndef fwrite_unlocked
| #ifdef __cplusplus
|   (void) fwrite_unlocked;
| #else
|   (void) fwrite_unlocked;
| #endif
| #endif
| 
|   ;
|   return 0;
| }
configure:5157: result: no
configure:5167: checking whether getchar_unlocked is declared
configure:5167: cc -c -O -O2 -no-cpp-precomp -DNETBSD_TOOLS -DTARGET_SYSTEM_ROOT=0  -DTARGET_SYSTEM_ROOT_RELOCATABLE conftest.c >&5
configure:5167: $? = 0
configure:5167: result: yes
configure:5177: checking whether getc_unlocked is declared
configure:5177: cc -c -O -O2 -no-cpp-precomp -DNETBSD_TOOLS -DTARGET_SYSTEM_ROOT=0  -DTARGET_SYSTEM_ROOT_RELOCATABLE conftest.c >&5
configure:5177: $? = 0
configure:5177: result: yes
configure:5187: checking whether putchar_unlocked is declared
configure:5187: cc -c -O -O2 -no-cpp-precomp -DNETBSD_TOOLS -DTARGET_SYSTEM_ROOT=0  -DTARGET_SYSTEM_ROOT_RELOCATABLE conftest.c >&5
configure:5187: $? = 0
configure:5187: result: yes
configure:5197: checking whether putc_unlocked is declared
configure:5197: cc -c -O -O2 -no-cpp-precomp -DNETBSD_TOOLS -DTARGET_SYSTEM_ROOT=0  -DTARGET_SYSTEM_ROOT_RELOCATABLE conftest.c >&5
configure:5197: $? = 0
configure:5197: result: yes
configure:5210: checking for an ANSI C-conforming const
configure:5276: cc -c -O -O2 -no-cpp-precomp -DNETBSD_TOOLS -DTARGET_SYSTEM_ROOT=0  -DTARGET_SYSTEM_ROOT_RELOCATABLE conftest.c >&5
configure:5276: $? = 0
configure:5283: result: yes
configure:5294: checking sys/mman.h usability
configure:5294: cc -c -O -O2 -no-cpp-precomp -DNETBSD_TOOLS -DTARGET_SYSTEM_ROOT=0  -DTARGET_SYSTEM_ROOT_RELOCATABLE conftest.c >&5
configure:5294: $? = 0
configure:5294: result: yes
configure:5294: checking sys/mman.h presence
configure:5294: cc -E -DNETBSD_TOOLS -DTARGET_SYSTEM_ROOT=0  -DTARGET_SYSTEM_ROOT_RELOCATABLE conftest.c
configure:5294: $? = 0
configure:5294: result: yes
configure:5294: checking for sys/mman.h
configure:5294: result: yes
configure:5302: checking for mmap
configure:5302: cc -o conftest -O -O2 -no-cpp-precomp -DNETBSD_TOOLS -DTARGET_SYSTEM_ROOT=0  -DTARGET_SYSTEM_ROOT_RELOCATABLE   conftest.c  >&5
configure:5302: $? = 0
configure:5302: result: yes
configure:5315: checking whether read-only mmap of a plain file works
configure:5332: result: yes
configure:5334: checking whether mmap from /dev/zero works
configure:5356: result: no
configure:5360: checking for MAP_ANON(YMOUS)
configure:5383: cc -c -O -O2 -no-cpp-precomp -DNETBSD_TOOLS -DTARGET_SYSTEM_ROOT=0  -DTARGET_SYSTEM_ROOT_RELOCATABLE conftest.c >&5
configure:5383: $? = 0
configure:5390: result: yes
configure:5396: checking whether mmap with MAP_ANON(YMOUS) works
configure:5413: result: yes
configure:5435: checking whether to enable maintainer-specific portions of Makefiles
configure:5444: result: no
configure:5542: updating cache ./config.cache
configure:5591: creating ./config.status

## ---------------------- ##
## Running config.status. ##
## ---------------------- ##

This file was extended by fixincludes config.status  , which was
generated by GNU Autoconf 2.69.  Invocation command line was

  CONFIG_FILES    = 
  CONFIG_HEADERS  = 
  CONFIG_LINKS    = 
  CONFIG_COMMANDS = 
  $ ./config.status 

on Sid-Qians-MacBook-Pro-2.local

config.status:864: creating Makefile
config.status:864: creating mkheaders.almost
config.status:864: creating config.h

## ---------------- ##
## Cache variables. ##
## ---------------- ##

ac_cv_build=x86_64-apple-darwin22.1.0
ac_cv_c_compiler_gnu=yes
ac_cv_c_const=yes
ac_cv_env_CC_set=set
ac_cv_env_CC_value=cc
ac_cv_env_CFLAGS_set=set
ac_cv_env_CFLAGS_value='-O -O2 -no-cpp-precomp'
ac_cv_env_CPPFLAGS_set=set
ac_cv_env_CPPFLAGS_value='-DNETBSD_TOOLS -DTARGET_SYSTEM_ROOT=0  -DTARGET_SYSTEM_ROOT_RELOCATABLE'
ac_cv_env_CPP_set=
ac_cv_env_CPP_value=
ac_cv_env_LDFLAGS_set=set
ac_cv_env_LDFLAGS_value=' '
ac_cv_env_LIBS_set=
ac_cv_env_LIBS_value=
ac_cv_env_build_alias_set=set
ac_cv_env_build_alias_value=x86_64-apple-darwin22.1.0
ac_cv_env_host_alias_set=set
ac_cv_env_host_alias_value=x86_64-apple-darwin22.1.0
ac_cv_env_target_alias_set=set
ac_cv_env_target_alias_value=m68k--netbsdelf
ac_cv_func_clearerr_unlocked=yes
ac_cv_func_feof_unlocked=yes
ac_cv_func_ferror_unlocked=yes
ac_cv_func_fflush_unlocked=no
ac_cv_func_fgetc_unlocked=no
ac_cv_func_fgets_unlocked=no
ac_cv_func_fileno_unlocked=yes
ac_cv_func_fprintf_unlocked=no
ac_cv_func_fputc_unlocked=no
ac_cv_func_fputs_unlocked=no
ac_cv_func_fread_unlocked=no
ac_cv_func_fwrite_unlocked=no
ac_cv_func_getc_unlocked=yes
ac_cv_func_getchar_unlocked=yes
ac_cv_func_mmap=yes
ac_cv_func_putc_unlocked=yes
ac_cv_func_putchar_unlocked=yes
ac_cv_have_decl_abort=yes
ac_cv_have_decl_asprintf=yes
ac_cv_have_decl_basename_char_p_=no
ac_cv_have_decl_clearerr_unlocked=yes
ac_cv_have_decl_errno=no
ac_cv_have_decl_feof_unlocked=yes
ac_cv_have_decl_ferror_unlocked=yes
ac_cv_have_decl_fflush_unlocked=no
ac_cv_have_decl_fgetc_unlocked=no
ac_cv_have_decl_fgets_unlocked=no
ac_cv_have_decl_fileno_unlocked=yes
ac_cv_have_decl_fprintf_unlocked=no
ac_cv_have_decl_fputc_unlocked=no
ac_cv_have_decl_fputs_unlocked=no
ac_cv_have_decl_fread_unlocked=no
ac_cv_have_decl_fwrite_unlocked=no
ac_cv_have_decl_getc_unlocked=yes
ac_cv_have_decl_getchar_unlocked=yes
ac_cv_have_decl_putc_unlocked=yes
ac_cv_have_decl_putchar_unlocked=yes
ac_cv_have_decl_vasprintf=yes
ac_cv_header_fcntl_h=yes
ac_cv_header_inttypes_h=yes
ac_cv_header_memory_h=yes
ac_cv_header_minix_config_h=no
ac_cv_header_stdc=yes
ac_cv_header_stddef_h=yes
ac_cv_header_stdint_h=yes
ac_cv_header_stdlib_h=yes
ac_cv_header_string_h=yes
ac_cv_header_strings_h=yes
ac_cv_header_sys_file_h=yes
ac_cv_header_sys_mman_h=yes
ac_cv_header_sys_stat_h=yes
ac_cv_header_sys_types_h=yes
ac_cv_header_unistd_h=yes
ac_cv_host=x86_64-apple-darwin22.1.0
ac_cv_objext=o
ac_cv_path_EGREP='/usr/bin/grep -E'
ac_cv_path_GREP=/usr/bin/grep
ac_cv_path_SED=/usr/bin/sed
ac_cv_prog_CC=cc
ac_cv_prog_CPP='cc -E'
ac_cv_prog_cc_c89=
ac_cv_prog_cc_g=yes
ac_cv_safe_to_define___extensions__=yes
ac_cv_target=m68k--netbsdelf
acx_cv_prog_cc_pedantic__Wlong_long=yes
acx_cv_prog_cc_warning__W=yes
acx_cv_prog_cc_warning__Wall=yes
acx_cv_prog_cc_warning__Wmissing_format_attribute=yes
acx_cv_prog_cc_warning__Wmissing_prototypes=yes
acx_cv_prog_cc_warning__Wold_style_definition=yes
acx_cv_prog_cc_warning__Woverlength_strings=yes
acx_cv_prog_cc_warning__Wstrict_prototypes=yes
acx_cv_prog_cc_warning__Wwrite_strings=yes
gcc_cv_as_sparc_gotdata_op=no
gcc_cv_decl_map_anon=yes
gcc_cv_func_mmap_anon=yes
gcc_cv_func_mmap_dev_zero=no
gcc_cv_func_mmap_file=yes
gcc_cv_libc_provides_ssp=yes

## ----------------- ##
## Output variables. ##
## ----------------- ##

CC='cc'
CFLAGS='-O -O2 -no-cpp-precomp'
CPP='cc -E'
CPPFLAGS='-DNETBSD_TOOLS -DTARGET_SYSTEM_ROOT=0  -DTARGET_SYSTEM_ROOT_RELOCATABLE'
DEFS='-DHAVE_CONFIG_H'
ECHO_C='\c'
ECHO_N=''
ECHO_T=''
EGREP='/usr/bin/grep -E'
EXEEXT=''
GREP='/usr/bin/grep'
LDFLAGS=' '
LIBOBJS=''
LIBS=''
LTLIBOBJS=''
MAINT='#'
OBJEXT='o'
PACKAGE_BUGREPORT=''
PACKAGE_NAME='fixincludes'
PACKAGE_STRING='fixincludes  '
PACKAGE_TARNAME='fixincludes'
PACKAGE_URL=''
PACKAGE_VERSION=' '
PATH_SEPARATOR=':'
SED='/usr/bin/sed'
SHELL='/bin/sh'
TARGET='oneprocess'
WARN_CFLAGS='-W -Wall -Wwrite-strings -Wstrict-prototypes -Wmissing-prototypes -Wold-style-definition -Wmissing-format-attribute -Wno-overlength-strings'
WARN_PEDANTIC='-pedantic -Wno-long-long'
WERROR=''
ac_ct_CC=''
bindir='${exec_prefix}/bin'
build='x86_64-apple-darwin22.1.0'
build_alias='x86_64-apple-darwin22.1.0'
build_cpu='x86_64'
build_os='darwin22.1.0'
build_vendor='apple'
datadir='${datarootdir}'
datarootdir='${prefix}/share'
docdir='${datarootdir}/doc/${PACKAGE_TARNAME}'
dvidir='${docdir}'
exec_prefix='${prefix}'
get_gcc_base_ver='cat'
host='x86_64-apple-darwin22.1.0'
host_alias='x86_64-apple-darwin22.1.0'
host_cpu='x86_64'
host_os='darwin22.1.0'
host_vendor='apple'
htmldir='${docdir}'
includedir='${prefix}/include'
infodir='${datarootdir}/info'
libdir='${exec_prefix}/lib'
libexecdir='${exec_prefix}/libexec'
localedir='${datarootdir}/locale'
localstatedir='${prefix}/var'
mandir='${datarootdir}/man'
oldincludedir='/usr/include'
pdfdir='${docdir}'
prefix='/Users/sidqian/Downloads/summer/L2S/netbsd-src/build/obj/tooldir.Darwin-22.1.0-x86_64'
program_transform_name='s,^,m68k--netbsdelf-,'
psdir='${docdir}'
sbindir='${exec_prefix}/sbin'
sharedstatedir='${prefix}/com'
sysconfdir='${prefix}/etc'
target='m68k--netbsdelf'
target_alias='m68k--netbsdelf'
target_cpu='m68k'
target_noncanonical='m68k--netbsdelf'
target_os='netbsdelf'
target_vendor=''

## ----------- ##
## confdefs.h. ##
## ----------- ##

/* confdefs.h */
#define PACKAGE_NAME "fixincludes"
#define PACKAGE_TARNAME "fixincludes"
#define PACKAGE_VERSION " "
#define PACKAGE_STRING "fixincludes  "
#define PACKAGE_BUGREPORT ""
#define PACKAGE_URL ""
#define STDC_HEADERS 1
#define HAVE_SYS_TYPES_H 1
#define HAVE_SYS_STAT_H 1
#define HAVE_STDLIB_H 1
#define HAVE_STRING_H 1
#define HAVE_MEMORY_H 1
#define HAVE_STRINGS_H 1
#define HAVE_INTTYPES_H 1
#define HAVE_STDINT_H 1
#define HAVE_UNISTD_H 1
#define __EXTENSIONS__ 1
#define _ALL_SOURCE 1
#define _GNU_SOURCE 1
#define _POSIX_PTHREAD_SEMANTICS 1
#define _TANDEM_SOURCE 1
#define EXE_EXT ""
#define STDC_HEADERS 1
#define HAVE_STDDEF_H 1
#define HAVE_STDLIB_H 1
#define HAVE_STRINGS_H 1
#define HAVE_UNISTD_H 1
#define HAVE_FCNTL_H 1
#define HAVE_SYS_FILE_H 1
#define HAVE_SYS_STAT_H 1
#define HAVE_CLEARERR_UNLOCKED 1
#define HAVE_FEOF_UNLOCKED 1
#define HAVE_FERROR_UNLOCKED 1
#define HAVE_FILENO_UNLOCKED 1
#define HAVE_GETCHAR_UNLOCKED 1
#define HAVE_GETC_UNLOCKED 1
#define HAVE_PUTCHAR_UNLOCKED 1
#define HAVE_PUTC_UNLOCKED 1
#define HAVE_DECL_ABORT 1
#define HAVE_DECL_ASPRINTF 1
#define HAVE_DECL_BASENAME 0
#define HAVE_DECL_ERRNO 0
#define HAVE_DECL_VASPRINTF 1
#define HAVE_DECL_CLEARERR_UNLOCKED 1
#define HAVE_DECL_FEOF_UNLOCKED 1
#define HAVE_DECL_FERROR_UNLOCKED 1
#define HAVE_DECL_FFLUSH_UNLOCKED 0
#define HAVE_DECL_FGETC_UNLOCKED 0
#define HAVE_DECL_FGETS_UNLOCKED 0
#define HAVE_DECL_FILENO_UNLOCKED 1
#define HAVE_DECL_FPRINTF_UNLOCKED 0
#define HAVE_DECL_FPUTC_UNLOCKED 0
#define HAVE_DECL_FPUTS_UNLOCKED 0
#define HAVE_DECL_FREAD_UNLOCKED 0
#define HAVE_DECL_FWRITE_UNLOCKED 0
#define HAVE_DECL_GETCHAR_UNLOCKED 1
#define HAVE_DECL_GETC_UNLOCKED 1
#define HAVE_DECL_PUTCHAR_UNLOCKED 1
#define HAVE_DECL_PUTC_UNLOCKED 1
#define HAVE_MMAP_FILE 1
#define HAVE_MMAP_ANON 1
#define SED_PROGRAM "/usr/bin/sed"

configure: exit 0
