@V@/bfd/ChangeLog-0001 @V@/bfd/ChangeLog.0001
@V@/bfd/ChangeLog-9193 @V@/bfd/ChangeLog.9193
@V@/bfd/ChangeLog-9495 @V@/bfd/ChangeLog.9495
@V@/bfd/ChangeLog-9697 @V@/bfd/ChangeLog.9697
@V@/bfd/ChangeLog-9899 @V@/bfd/ChangeLog.9899
@V@/bfd/coff-tic30.c @V@/bfd/cofftic30.c
@V@/bfd/coff-tic4x.c @V@/bfd/cofftic40.c
@V@/bfd/coff-tic54x.c @V@/bfd/cofftic54x.c
@V@/bfd/coff-tic80.c @V@/bfd/cofftic80.c
@V@/bfd/cpu-ia64-opc.c @V@/bfd/cpuia64-opc.c
@V@/bfd/cpu-m68hc11.c @V@/bfd/cm68hc11.c
@V@/bfd/cpu-m68hc12.c @V@/bfd/cm68hc12.c
@V@/bfd/efi-app-ia32.c @V@/bfd/efi-ia32-app.c
@V@/bfd/efi-app-ia64.c @V@/bfd/efi-ia64-app.c
@V@/bfd/elf32-fr30.c @V@/bfd/elf32f30.c
@V@/bfd/elf32-frv.c @V@/bfd/elf32fv.c
@V@/bfd/elf32-i370.c @V@/bfd/e32i370.c
@V@/bfd/elf32-i386.c @V@/bfd/e32i86.c
@V@/bfd/elf32-i386qnx.c @V@/bfd/e32i86q.c
@V@/bfd/elf32-m68hc11.c @V@/bfd/em68hc11.c
@V@/bfd/elf32-m68hc12.c @V@/bfd/em68hc12.c
@V@/bfd/elf32-m68k.c @V@/bfd/em68k.c
@V@/bfd/elf32-ppc.c @V@/bfd/e32ppc.c
@V@/bfd/elf32-ppcqnx.c @V@/bfd/e32ppcq.c
@V@/bfd/elf32-sh.c @V@/bfd/e32sh.c
@V@/bfd/elf32-shqnx.c @V@/bfd/e32shq.c
@V@/bfd/elf32-sh-lin.c @V@/bfd/e32shlin.c
@V@/bfd/elf32-sh-nbsd.c @V@/bfd/e32shn.c
@V@/bfd/elf32-sh64.c @V@/bfd/e32sh64.c
@V@/bfd/elf32-sh64-nbsd.c @V@/bfd/e32sh64n.c
@V@/bfd/elf64-sh64.c @V@/bfd/e64sh64.c
@V@/bfd/elf64-sh64-nbsd.c @V@/bfd/e64sh64n.c
@V@/dejagnu/baseboards/mn10200-cygmon.exp @V@/dejagnu/baseboards/mn10200cygmon.exp
@V@/dejagnu/baseboards/mn10200-sim.exp @V@/dejagnu/baseboards/mn10200sim.exp
@V@/dejagnu/baseboards/mn10300-cygmon.exp @V@/dejagnu/baseboards/mn10300cygmon.exp
@V@/dejagnu/baseboards/mn10300-sim.exp @V@/dejagnu/baseboards/mn10300sim.exp
@V@/dejagnu/baseboards/powerpc-bug1.exp @V@/dejagnu/baseboards/powerpc1-bug.exp
@V@/dejagnu/baseboards/powerpc-sim.exp @V@/dejagnu/baseboards/powerpcsim.exp
@V@/dejagnu/baseboards/sparclite-coff.exp @V@/dejagnu/baseboards/sl-coff.exp
@V@/dejagnu/baseboards/sparclite-cygmon.exp @V@/dejagnu/baseboards/sl-cygmon.exp
@V@/dejagnu/baseboards/sparclite-sim-le.exp @V@/dejagnu/baseboards/sl-sim-le.exp
@V@/dejagnu/baseboards/sparclite-sim.exp @V@/dejagnu/baseboards/sl-sim.exp
@V@/dejagnu/contrib/test-g++ @V@/dejagnu/contrib/test-gxx
@V@/dejagnu/doc/.cvsignore @V@/dejagnu/doc/_cvsignore
@V@/dejagnu/example/calc/calc.h.in @V@/dejagnu/example/calc/calc.h-in
@V@/expect/Dbg_cf.h.in @V@/expect/Dbg_cf.h-in
@V@/expect/example/beer.exp.out @V@/expect/example/beer_exp.out
@V@/expect/example/chesslib++.c @V@/expect/example/chesslibxx.c
@V@/expect/example/chesslib.c @V@/expect/example/chesslb.c
@V@/expect/example/chesslib2.c @V@/expect/example/chesslb2.c
@V@/expect/example/chesslibxx.c @V@/expect/example/chesslbxx.c
@V@/expect/exp_main_sub.c @V@/expect/exp_m_sub.c
@V@/expect/exp_main_tk.c @V@/expect/exp_m_tk.c
@V@/expect/expect_cf.h.in @V@/expect/expect_cf.h-in
@V@/gdb/ChangeLog-1990 @V@/gdb/ChangeLog.90
@V@/gdb/ChangeLog-1991 @V@/gdb/ChangeLog.91
@V@/gdb/ChangeLog-1992 @V@/gdb/ChangeLog.92
@V@/gdb/ChangeLog-1993 @V@/gdb/ChangeLog.93
@V@/gdb/ChangeLog-1994 @V@/gdb/ChangeLog.94
@V@/gdb/ChangeLog-1995 @V@/gdb/ChangeLog.95
@V@/gdb/ChangeLog-1996 @V@/gdb/ChangeLog.96
@V@/gdb/ChangeLog-1997 @V@/gdb/ChangeLog.97
@V@/gdb/ChangeLog-1998 @V@/gdb/ChangeLog.98
@V@/gdb/ChangeLog-1999 @V@/gdb/ChangeLog.99
@V@/gdb/ChangeLog-2000 @V@/gdb/ChangeLog.000
@V@/gdb/ChangeLog-2001 @V@/gdb/ChangeLog.001
@V@/gdb/ChangeLog-3.x @V@/gdb/ChangeLog.3-x
@V@/gdb/alphabsd-nat.c @V@/gdb/alphb-nat.c
@V@/gdb/alphabsd-tdep.c @V@/gdb/alphb-tdep.c
@V@/gdb/alphanbsd-nat.c @V@/gdb/alphnb-nat.c
@V@/gdb/alphanbsd-tdep.c @V@/gdb/alphnb-tdep.c
@V@/gdb/arm-linux-nat.c @V@/gdb/armlin-nat.c
@V@/gdb/arm-linux-tdep.c @V@/gdb/armlin-tdep.c
@V@/gdb/armnbsd-nat.c @V@/gdb/armnbd-nat.c
@V@/gdb/armnbsd-tdep.c @V@/gdb/armnbd-tdep.c
@V@/gdb/c-exp.tab.c @V@/gdb/c-exp_tab.c
@V@/gdb/config/alpha/alpha-osf1.mh @V@/gdb/config/alpha/alphosf1.mh
@V@/gdb/config/alpha/alpha-osf2.mh @V@/gdb/config/alpha/alphosf2.mh
@V@/gdb/config/alpha/alpha-osf3.mh @V@/gdb/config/alpha/alphosf3.mh
@V@/gdb/config/alpha/tm-alphalinux.h @V@/gdb/config/alpha/tm-alplinux.h
@V@/gdb/config/alpha/xm-alphalinux.h @V@/gdb/config/alpha/xm-alplinux.h
@V@/gdb/config/i386/nm-i386sco4.h @V@/gdb/config/i386/nm-sco4.h
@V@/gdb/config/i386/nm-i386sco5.h @V@/gdb/config/i386/nm-sco5.h
@V@/gdb/config/i386/nm-i386sol2.h @V@/gdb/config/i386/nm-sol2.h
@V@/gdb/config/i386/nm-i386v4.h @V@/gdb/config/i386/nm-v4.h
@V@/gdb/config/i386/nm-i386v42mp.h @V@/gdb/config/i386/nm-v42mp.h
@V@/gdb/config/i386/tm-i386mk.h @V@/gdb/config/i386/tm-mk.h
@V@/gdb/config/i386/tm-i386sol2.h @V@/gdb/config/i386/tm-sol2.h
@V@/gdb/config/i386/tm-i386v4.h @V@/gdb/config/i386/tm-v4.h
@V@/gdb/config/i386/tm-i386v42mp.h @V@/gdb/config/i386/tm-v42mp.h
@V@/gdb/config/i386/xm-i386mach.h @V@/gdb/config/i386/xm-mach.h
@V@/gdb/config/i386/xm-i386mk.h @V@/gdb/config/i386/xm-mk.h
@V@/gdb/config/i386/xm-i386v32.h @V@/gdb/config/i386/xm-v32.h
@V@/gdb/config/i386/xm-i386v4.h @V@/gdb/config/i386/xm-v4.h
@V@/gdb/config/m68k/apollo68v.mh @V@/gdb/config/m68k/apollo-v.mh
@V@/gdb/config/m68k/nm-apollo68v.h @V@/gdb/config/m68k/nm-apolv.h
@V@/gdb/config/m68k/nm-hp300hpux.h @V@/gdb/config/m68k/nm-300ux.h
@V@/gdb/config/m68k/tm-hp300hpux.h @V@/gdb/config/m68k/tm-300ux.h
@V@/gdb/config/m68k/xm-apollo68v.h @V@/gdb/config/m68k/xm-apolv.h
@V@/gdb/config/m68k/xm-hp300hpux.h @V@/gdb/config/m68k/xm-300ux.h
@V@/gdb/config/m88k/tm-delta88v4.h @V@/gdb/config/m88k/tm-d88v4.h
@V@/gdb/config/m88k/xm-delta88v4.h @V@/gdb/config/m88k/xm-d88v4.h
@V@/gdb/config/mips/tm-bigmips64.h @V@/gdb/config/mips/tm-bigm64.h
@V@/gdb/config/mips/tm-embed64.h @V@/gdb/config/mips/tm-emb64.h
@V@/gdb/config/mips/tm-embedl.h @V@/gdb/config/mips/tm-embdl.h
@V@/gdb/config/mips/tm-embedl64.h @V@/gdb/config/mips/tm-embl64.h
@V@/gdb/config/mips/tm-vr4300el.h @V@/gdb/config/mips/tm-v43el.h
@V@/gdb/config/mips/tm-vr4xxxel.h @V@/gdb/config/mips/tm-v4xel.h
@V@/gdb/config/mips/tm-vr5000el.h @V@/gdb/config/mips/tm-vr5kel.h
@V@/gdb/config/pa/nm-hppah11.h @V@/gdb/config/pa/nm-hppa11.h
@V@/gdb/config/powerpc/tm-ppcle-sim.h @V@/gdb/config/powerpc/tm-ppcl-sim.h
@V@/gdb/config/rs6000/nm-rs6000ly.h @V@/gdb/config/rs6000/nm-rs6kly.h
@V@/gdb/config/rs6000/tm-rs6000.h @V@/gdb/config/rs6000/tm-rs6k.h
@V@/gdb/config/rs6000/tm-rs6000ly.h @V@/gdb/config/rs6000/tm-rs6kly.h
@V@/gdb/config/sparc/tm-sparclet.h @V@/gdb/config/sparc/tm-splet.h
@V@/gdb/config/sparc/tm-sparclite.h @V@/gdb/config/sparc/tm-splite.h
@V@/gdb/config/sparc/tm-sparclynx.h @V@/gdb/config/sparc/tm-splynx.h
@V@/gdb/config/vax/xm-vaxult2.h @V@/gdb/config/vax/xm-vaxut2.h
@V@/gdb/f-exp.tab.c @V@/gdb/f-exp_tab.c
@V@/gdb/gdbtk/generic/ChangeLog-1997 @V@/gdb/gdbtk/generic/ChangeLog.97
@V@/gdb/gdbtk/generic/ChangeLog-1998 @V@/gdb/gdbtk/generic/ChangeLog.98
@V@/gdb/gdbtk/generic/ChangeLog-1999 @V@/gdb/gdbtk/generic/ChangeLog.99
@V@/gdb/gdbtk/generic/ChangeLog-2000 @V@/gdb/gdbtk/generic/ChangeLog.000
@V@/gdb/gdbtk/generic/ChangeLog-2001 @V@/gdb/gdbtk/generic/ChangeLog.001
@V@/gdb/gdbtk/generic/gdbtk-varobj.c @V@/gdb/gdbtk/generic/gdbtk-vobj.c
@V@/gdb/gdbtk/library/ChangeLog-1997 @V@/gdb/gdbtk/library/ChangeLog.97
@V@/gdb/gdbtk/library/ChangeLog-1998 @V@/gdb/gdbtk/library/ChangeLog.98
@V@/gdb/gdbtk/library/ChangeLog-1999 @V@/gdb/gdbtk/library/ChangeLog.99
@V@/gdb/gdbtk/library/ChangeLog-2000 @V@/gdb/gdbtk/library/ChangeLog.000
@V@/gdb/gdbtk/library/ChangeLog-2001 @V@/gdb/gdbtk/library/ChangeLog.001
@V@/gdb/i386-linux-tdep.c @V@/gdb/i386linux-tdep.c
@V@/gdb/i386bsd-nat.c @V@/gdb/i3bsd-nat.c
@V@/gdb/i386bsd-tdep.c @V@/gdb/i3bsd-tdep.c
@V@/gdb/i386gnu-nat.c @V@/gdb/i3gnu-nat.c
@V@/gdb/i386gnu-tdep.c @V@/gdb/i3gnu-tdep.c
@V@/gdb/i386nbsd-nat.c @V@/gdb/i3nbsd-nat.c
@V@/gdb/i386nbsd-tdep.c @V@/gdb/i3nbsd-tdep.c
@V@/gdb/i386obsd-nat.c @V@/gdb/i3obsd-nat.c
@V@/gdb/i386obsd-tdep.c @V@/gdb/i3obsd-tdep.c
@V@/gdb/ia64-aix-nat.c @V@/gdb/ia64aix-nat.c
@V@/gdb/ia64-linux-nat.c @V@/gdb/ia64linux-nat.c
@V@/gdb/jv-exp.tab.c @V@/gdb/jv-exp_tab.c
@V@/gdb/m2-exp.tab.c @V@/gdb/m2-exp_tab.c
@V@/gdb/m68knbsd-nat.c @V@/gdb/m6nbsd-nat.c
@V@/gdb/m68knbsd-tdep.c @V@/gdb/m6nbsd-tdep.c
@V@/gdb/mips-linux-nat.c @V@/gdb/mipslnxnat.c
@V@/gdb/mips-linux-tdep.c @V@/gdb/mipslnxtdep.c
@V@/gdb/mipsnbsd-nat.c @V@/gdb/mipsnbnat.c
@V@/gdb/mipsnbsd-tdep.c @V@/gdb/mipsnbtdep.c
@V@/gdb/nindy-share/b.out.h @V@/gdb/nindy-share/b_out.h
@V@/gdb/ns32knbsd-nat.c @V@/gdb/ns32nb-nat.c
@V@/gdb/ns32knbsd-tdep.c @V@/gdb/ns32nb-tdep.c
@V@/gdb/osf-share/cma_stack_int.h @V@/gdb/osf-share/cma_stkint.h
@V@/gdb/p-exp.tab.c @V@/gdb/p-exp_tab.c
@V@/gdb/ppc-linux-tdep.c @V@/gdb/ppc-linx-tdep.c
@V@/gdb/ppcnbsd-nat.c @V@/gdb/ppcnb-nat.c
@V@/gdb/ppcnbsd-tdep.c @V@/gdb/ppcnb-tdep.c
@V@/gdb/regformats/reg-i386-linux.dat @V@/gdb/regformats/r-i386-lnx.dat
@V@/gdb/regformats/reg-s390x.dat @V@/gdb/regformats/r-s390x.dat
@V@/gdb/remote-adapt.c @V@/gdb/rmt-adapt.c
@V@/gdb/remote-array.c @V@/gdb/rmt-array.c
@V@/gdb/remote-e7000.c @V@/gdb/rmt-e7000.c
@V@/gdb/remote-eb.c @V@/gdb/rmt-eb.c
@V@/gdb/remote-es.c @V@/gdb/rmt-es.c
@V@/gdb/remote-est.c @V@/gdb/rmt-est.c
@V@/gdb/remote-mips.c @V@/gdb/emt-mips.c
@V@/gdb/remote-mm.c @V@/gdb/emt-mm.c
@V@/gdb/remote-nindy.c @V@/gdb/rmt-nindy.c
@V@/gdb/remote-nrom.c @V@/gdb/rmt-nrom.c
@V@/gdb/remote-rdi.c @V@/gdb/rmt-rdi.c
@V@/gdb/remote-rdp.c @V@/gdb/rmt-rdp.c
@V@/gdb/remote-sds.c @V@/gdb/rmt-sds.c
@V@/gdb/remote-sim.c @V@/gdb/rmt-sim.c
@V@/gdb/remote-st.c @V@/gdb/rmt-st.c
@V@/gdb/remote-udi.c @V@/gdb/rmt-udi.c
@V@/gdb/remote-vx.c @V@/gdb/rmt-vx.c
@V@/gdb/remote-vx29k.c @V@/gdb/rmt-vx29k.c
@V@/gdb/remote-vx68.c @V@/gdb/rmt-vx68.c
@V@/gdb/remote-vx960.c @V@/gdb/rmt-vx960.c
@V@/gdb/remote-vxmips.c @V@/gdb/rmt-vxmips.c
@V@/gdb/remote-vxsparc.c @V@/gdb/rmt-vxsparc.c
@V@/gdb/sparclet-rom.c @V@/gdb/splet-rom.c
@V@/gdb/sparclet-stub.c @V@/gdb/splet-stub.c
@V@/gdb/sparcnbsd-nat.c @V@/gdb/spnb-nat.c
@V@/gdb/sparcnbsd-tdep.c @V@/gdb/spnb-tdep.c
@V@/gdb/testsuite/.gdbinit @V@/gdb/testsuite/gdb.ini
@V@/gdb/testsuite/gdb.arch/altivec-abi.c @V@/gdb/testsuite/gdb.arch/av-abi.c
@V@/gdb/testsuite/gdb.arch/altivec-abi.exp @V@/gdb/testsuite/gdb.arch/av-abi.exp
@V@/gdb/testsuite/gdb.arch/altivec-regs.c @V@/gdb/testsuite/gdb.arch/av-regs.c
@V@/gdb/testsuite/gdb.arch/altivec-regs.exp @V@/gdb/testsuite/gdb.arch/av-regs.exp
@V@/gdb/testsuite/gdb.base/coremaker2.c @V@/gdb/testsuite/gdb.base/core2maker.c
@V@/gdb/testsuite/gdb.c++ @V@/gdb/testsuite/gdb.cxx
@V@/gdb/testsuite/gdb.c++/Makefile.in @V@/gdb/testsuite/gdb.cxx/Makefile.in
@V@/gdb/testsuite/gdb.c++/ambiguous.cc @V@/gdb/testsuite/gdb.cxx/ambiguous.cc
@V@/gdb/testsuite/gdb.c++/ambiguous.exp @V@/gdb/testsuite/gdb.cxx/ambiguous.exp
@V@/gdb/testsuite/gdb.c++/annota2.cc @V@/gdb/testsuite/gdb.cxx/annota2.cc
@V@/gdb/testsuite/gdb.c++/annota2.exp @V@/gdb/testsuite/gdb.cxx/annota2.exp
@V@/gdb/testsuite/gdb.c++/anon-union.cc @V@/gdb/testsuite/gdb.cxx/anon-union.cc
@V@/gdb/testsuite/gdb.c++/anon-union.exp @V@/gdb/testsuite/gdb.cxx/anon-union.exp
@V@/gdb/testsuite/gdb.c++/classes.exp @V@/gdb/testsuite/gdb.cxx/classes.exp
@V@/gdb/testsuite/gdb.c++/configure @V@/gdb/testsuite/gdb.cxx/configure
@V@/gdb/testsuite/gdb.c++/configure.in @V@/gdb/testsuite/gdb.cxx/configure.in
@V@/gdb/testsuite/gdb.c++/cplusfuncs.cc @V@/gdb/testsuite/gdb.cxx/cplusfuncs.cc
@V@/gdb/testsuite/gdb.c++/cplusfuncs.exp @V@/gdb/testsuite/gdb.cxx/cplusfuncs.exp
@V@/gdb/testsuite/gdb.c++/ctti.exp @V@/gdb/testsuite/gdb.cxx/ctti.exp
@V@/gdb/testsuite/gdb.c++/cttiadd.cc @V@/gdb/testsuite/gdb.cxx/cttiadd.cc
@V@/gdb/testsuite/gdb.c++/cttiadd1.cc @V@/gdb/testsuite/gdb.cxx/cttiadd1.cc
@V@/gdb/testsuite/gdb.c++/cttiadd2.cc @V@/gdb/testsuite/gdb.cxx/cttiadd2.cc
@V@/gdb/testsuite/gdb.c++/cttiadd3.cc @V@/gdb/testsuite/gdb.cxx/cttiadd3.cc
@V@/gdb/testsuite/gdb.c++/demangle.exp @V@/gdb/testsuite/gdb.cxx/demangle.exp
@V@/gdb/testsuite/gdb.c++/derivation.cc @V@/gdb/testsuite/gdb.cxx/derivation.cc
@V@/gdb/testsuite/gdb.c++/derivation.exp @V@/gdb/testsuite/gdb.cxx/derivation.exp
@V@/gdb/testsuite/gdb.c++/hang.H @V@/gdb/testsuite/gdb.cxx/hang.h
@V@/gdb/testsuite/gdb.c++/hang.exp @V@/gdb/testsuite/gdb.cxx/hang.exp
@V@/gdb/testsuite/gdb.c++/hang1.C @V@/gdb/testsuite/gdb.cxx/hang1.c
@V@/gdb/testsuite/gdb.c++/hang2.C @V@/gdb/testsuite/gdb.cxx/hang2.c
@V@/gdb/testsuite/gdb.c++/hang3.C @V@/gdb/testsuite/gdb.cxx/hang3.c
@V@/gdb/testsuite/gdb.c++/inherit.exp @V@/gdb/testsuite/gdb.cxx/inherit.exp
@V@/gdb/testsuite/gdb.c++/local.cc @V@/gdb/testsuite/gdb.cxx/local.cc
@V@/gdb/testsuite/gdb.c++/local.exp @V@/gdb/testsuite/gdb.cxx/local.exp
@V@/gdb/testsuite/gdb.c++/member-ptr.cc @V@/gdb/testsuite/gdb.cxx/member-ptr.cc
@V@/gdb/testsuite/gdb.c++/member-ptr.exp @V@/gdb/testsuite/gdb.cxx/member-ptr.exp
@V@/gdb/testsuite/gdb.c++/method.cc @V@/gdb/testsuite/gdb.cxx/method.cc
@V@/gdb/testsuite/gdb.c++/method.exp @V@/gdb/testsuite/gdb.cxx/method.exp
@V@/gdb/testsuite/gdb.c++/m-data.cc @V@/gdb/testsuite/gdb.cxx/m-data.cc
@V@/gdb/testsuite/gdb.c++/m-data.exp @V@/gdb/testsuite/gdb.cxx/m-data.exp
@V@/gdb/testsuite/gdb.c++/m-static.cc @V@/gdb/testsuite/gdb.cxx/m-static.cc
@V@/gdb/testsuite/gdb.c++/m-static.exp @V@/gdb/testsuite/gdb.cxx/m-static.exp
@V@/gdb/testsuite/gdb.c++/misc.cc @V@/gdb/testsuite/gdb.cxx/misc.cc
@V@/gdb/testsuite/gdb.c++/misc.exp @V@/gdb/testsuite/gdb.cxx/misc.exp
@V@/gdb/testsuite/gdb.c++/namespace.cc @V@/gdb/testsuite/gdb.cxx/namespace.cc
@V@/gdb/testsuite/gdb.c++/namespace.exp @V@/gdb/testsuite/gdb.cxx/namespace.exp
@V@/gdb/testsuite/gdb.c++/overload.cc @V@/gdb/testsuite/gdb.cxx/overload.cc
@V@/gdb/testsuite/gdb.c++/overload.exp @V@/gdb/testsuite/gdb.cxx/overload.exp
@V@/gdb/testsuite/gdb.c++/ovldbreak.cc @V@/gdb/testsuite/gdb.cxx/ovldbreak.cc
@V@/gdb/testsuite/gdb.c++/ovldbreak.exp @V@/gdb/testsuite/gdb.cxx/ovldbreak.exp
@V@/gdb/testsuite/gdb.c++/ref-types.cc @V@/gdb/testsuite/gdb.cxx/ref-types.cc
@V@/gdb/testsuite/gdb.c++/ref-types.exp @V@/gdb/testsuite/gdb.cxx/ref-types.exp
@V@/gdb/testsuite/gdb.c++/templates.cc @V@/gdb/testsuite/gdb.cxx/templates.cc
@V@/gdb/testsuite/gdb.c++/templates.exp @V@/gdb/testsuite/gdb.cxx/templates.exp
@V@/gdb/testsuite/gdb.c++/try_catch.cc @V@/gdb/testsuite/gdb.cxx/try_catch.cc
@V@/gdb/testsuite/gdb.c++/try_catch.exp @V@/gdb/testsuite/gdb.cxx/try_catch.exp
@V@/gdb/testsuite/gdb.c++/userdef.cc @V@/gdb/testsuite/gdb.cxx/userdef.cc
@V@/gdb/testsuite/gdb.c++/userdef.exp @V@/gdb/testsuite/gdb.cxx/userdef.exp
@V@/gdb/testsuite/gdb.c++/virtfunc.cc @V@/gdb/testsuite/gdb.cxx/virtfunc.cc
@V@/gdb/testsuite/gdb.c++/virtfunc.exp @V@/gdb/testsuite/gdb.cxx/virtfunc.exp
@V@/gdb/testsuite/gdb.mi/mi-var-cmd.exp @V@/gdb/testsuite/gdb.mi/mi-varcmd.exp
@V@/gdb/testsuite/gdb.mi/mi0-var-block.exp @V@/gdb/testsuite/gdb.mi/mi0varblock.exp
@V@/gdb/testsuite/gdb.mi/mi0-var-child.exp @V@/gdb/testsuite/gdb.mi/mi0varchild.exp
@V@/gdb/testsuite/gdb.mi/mi0-var-cmd.exp @V@/gdb/testsuite/gdb.mi/mi0varcmd.exp
@V@/gdb/testsuite/gdb.mi/mi0-var-display.exp @V@/gdb/testsuite/gdb.mi/mi0vardisplay.exp
@V@/gdb/tui/tuiSourceWin.c @V@/gdb/tui/tuiWinSource.c
@V@/gdb/tui/tuiSourceWin.h @V@/gdb/tui/tuiWinSource.h
@V@/gdb/x86-64-linux-tdep.c @V@/gdb/x8664-ltdep.c
@V@/gdb/x86-64-linux-nat.c @V@/gdb/x8664-lnat.c
@V@/intl/intlh.inst.in @V@/intl/intlh_inst.in
@V@/intl/po2tbl.sed.in @V@/intl/po2tblsed.in
@V@/itcl/itcl/itclConfig.sh.in @V@/itcl/itcl/itclConfig.sh-in
@V@/itcl/itcl/unix/pkgIndex.tcl.in @V@/itcl/itcl/unix/pkgIndex.t-in
@V@/itcl/itk/itkConfig.sh.in @V@/itcl/itk/itkConfig.sh-in
@V@/itcl/itk/unix/pkgIndex.tcl.in @V@/itcl/itk/unix/pkgIndex.t-in
@V@/itcl/iwidgets3.0.0 @V@/itcl/iwidgets3.0-0
@V@/itcl/iwidgets3.0.0/demos/extfileselectionbox @V@/itcl/iwidgets3.0-0/demos/efselbox
@V@/itcl/iwidgets3.0.0/demos/extfileselectiondialog @V@/itcl/iwidgets3.0-0/demos/efseldialog
@V@/itcl/iwidgets3.0.0/demos/fileselectionbox @V@/itcl/iwidgets3.0-0/demos/fselectbox
@V@/itcl/iwidgets3.0.0/demos/fileselectiondialog @V@/itcl/iwidgets3.0-0/demos/fselectdialog
@V@/itcl/iwidgets3.0.0/demos/html/buttonbox.n.html @V@/itcl/iwidgets3.0-0/demos/html/buttonbox.n-html
@V@/itcl/iwidgets3.0.0/demos/html/canvasprintbox.n.html @V@/itcl/iwidgets3.0-0/demos/html/cprintbox.n-html
@V@/itcl/iwidgets3.0.0/demos/html/canvasprintdialog.n.html @V@/itcl/iwidgets3.0-0/demos/html/cprintdialog.n-html
@V@/itcl/iwidgets3.0.0/demos/html/combobox.n.html @V@/itcl/iwidgets3.0-0/demos/html/combobox.n-html
@V@/itcl/iwidgets3.0.0/demos/html/dialog.n.html @V@/itcl/iwidgets3.0-0/demos/html/dialog.n-html
@V@/itcl/iwidgets3.0.0/demos/html/dialogshell.n.html @V@/itcl/iwidgets3.0-0/demos/html/dialogshell.n-html
@V@/itcl/iwidgets3.0.0/demos/html/entryfield.n.html @V@/itcl/iwidgets3.0-0/demos/html/entryfield.n-html
@V@/itcl/iwidgets3.0.0/demos/html/feedback.n.html @V@/itcl/iwidgets3.0-0/demos/html/feedback.n-html
@V@/itcl/iwidgets3.0.0/demos/html/fileselectionbox.n.html @V@/itcl/iwidgets3.0-0/demos/html/fselectbox.n-html
@V@/itcl/iwidgets3.0.0/demos/html/fileselectiondialog.n.html @V@/itcl/iwidgets3.0-0/demos/html/fselectdialog.n-html
@V@/itcl/iwidgets3.0.0/demos/html/hyperhelp.n.html @V@/itcl/iwidgets3.0-0/demos/html/hyperhelp.n-html
@V@/itcl/iwidgets3.0.0/demos/html/iwidgets2.2.0UserCmds.html @V@/itcl/iwidgets3.0-0/demos/html/iw220UserCmds.html
@V@/itcl/iwidgets3.0.0/demos/html/labeledwidget.n.html @V@/itcl/iwidgets3.0-0/demos/html/labeledwidget.n-html
@V@/itcl/iwidgets3.0.0/demos/html/menubar.n.html @V@/itcl/iwidgets3.0-0/demos/html/menubar.n-html
@V@/itcl/iwidgets3.0.0/demos/html/messagedialog.n.html @V@/itcl/iwidgets3.0-0/demos/html/messagedialog.n-html
@V@/itcl/iwidgets3.0.0/demos/html/notebook.n.html @V@/itcl/iwidgets3.0-0/demos/html/notebook.n-html
@V@/itcl/iwidgets3.0.0/demos/html/optionmenu.n.html @V@/itcl/iwidgets3.0-0/demos/html/optionmenu.n-html
@V@/itcl/iwidgets3.0.0/demos/html/panedwindow.n.html @V@/itcl/iwidgets3.0-0/demos/html/panedwindow.n-html
@V@/itcl/iwidgets3.0.0/demos/html/promptdialog.n.html @V@/itcl/iwidgets3.0-0/demos/html/promptdialog.n-html
@V@/itcl/iwidgets3.0.0/demos/html/pushbutton.n.html @V@/itcl/iwidgets3.0-0/demos/html/pushbutton.n-html
@V@/itcl/iwidgets3.0.0/demos/html/radiobox.n.html @V@/itcl/iwidgets3.0-0/demos/html/radiobox.n-html
@V@/itcl/iwidgets3.0.0/demos/html/scrolledcanvas.n.html @V@/itcl/iwidgets3.0-0/demos/html/scrolcanvas.n-html
@V@/itcl/iwidgets3.0.0/demos/html/scrolledframe.n.html @V@/itcl/iwidgets3.0-0/demos/html/scrolframe.n-html
@V@/itcl/iwidgets3.0.0/demos/html/scrolledhtml.n.html @V@/itcl/iwidgets3.0-0/demos/html/scrolhtml.n-html
@V@/itcl/iwidgets3.0.0/demos/html/scrolledlistbox.n.html @V@/itcl/iwidgets3.0-0/demos/html/scrollistbox.n-html
@V@/itcl/iwidgets3.0.0/demos/html/scrolledtext.n.html @V@/itcl/iwidgets3.0-0/demos/html/scroltext.n-html
@V@/itcl/iwidgets3.0.0/demos/html/selectionbox.n.html @V@/itcl/iwidgets3.0-0/demos/html/selectbox.n-html
@V@/itcl/iwidgets3.0.0/demos/html/selectiondialog.n.html @V@/itcl/iwidgets3.0-0/demos/html/selectdialog.n-html
@V@/itcl/iwidgets3.0.0/demos/html/shell.n.html @V@/itcl/iwidgets3.0-0/demos/html/shell.n-html
@V@/itcl/iwidgets3.0.0/demos/html/spindate.n.html @V@/itcl/iwidgets3.0-0/demos/html/spindate.n-html
@V@/itcl/iwidgets3.0.0/demos/html/spinint.n.html @V@/itcl/iwidgets3.0-0/demos/html/spinint.n-html
@V@/itcl/iwidgets3.0.0/demos/html/spinner.n.html @V@/itcl/iwidgets3.0-0/demos/html/spinner.n-html
@V@/itcl/iwidgets3.0.0/demos/html/spintime.n.html @V@/itcl/iwidgets3.0-0/demos/html/spintime.n-html
@V@/itcl/iwidgets3.0.0/demos/html/tabnotebook.n.html @V@/itcl/iwidgets3.0-0/demos/html/tabnotebook.n-html
@V@/itcl/iwidgets3.0.0/demos/html/tabset.n.html @V@/itcl/iwidgets3.0-0/demos/html/tabset.n-html
@V@/itcl/iwidgets3.0.0/demos/html/toolbar.n.html @V@/itcl/iwidgets3.0-0/demos/html/toolbar.n-html
@V@/itcl/iwidgets3.0.0/demos/scrolledcanvas @V@/itcl/iwidgets3.0-0/demos/scrolcanvas
@V@/itcl/iwidgets3.0.0/demos/scrolledframe @V@/itcl/iwidgets3.0-0/demos/scrolframe
@V@/itcl/iwidgets3.0.0/demos/scrolledhtml @V@/itcl/iwidgets3.0-0/demos/scrolhtml
@V@/itcl/iwidgets3.0.0/demos/scrolledlistbox @V@/itcl/iwidgets3.0-0/demos/scroldlistbox
@V@/itcl/iwidgets3.0.0/demos/scrolledtext @V@/itcl/iwidgets3.0-0/demos/scroltext
@V@/itcl/iwidgets3.0.0/demos/selectionbox @V@/itcl/iwidgets3.0-0/demos/selectbox
@V@/itcl/iwidgets3.0.0/demos/selectiondialog @V@/itcl/iwidgets3.0-0/demos/selectdialog
@V@/itcl/iwidgets3.0.0/doc/canvasprintbox.n @V@/itcl/iwidgets3.0-0/doc/cprintbox.n
@V@/itcl/iwidgets3.0.0/doc/canvasprintdialog.n @V@/itcl/iwidgets3.0-0/doc/cprintdialog.n
@V@/itcl/iwidgets3.0.0/doc/extfileselectionbox.n @V@/itcl/iwidgets3.0-0/doc/efselbox.n
@V@/itcl/iwidgets3.0.0/doc/extfileselectiondialog.n @V@/itcl/iwidgets3.0-0/doc/efseldialog.n
@V@/itcl/iwidgets3.0.0/doc/fileselectionbox.n @V@/itcl/iwidgets3.0-0/doc/fselectbox.n
@V@/itcl/iwidgets3.0.0/doc/fileselectiondialog.n @V@/itcl/iwidgets3.0-0/doc/fselectdialog.n
@V@/itcl/iwidgets3.0.0/doc/scopedobject.n.backup @V@/itcl/iwidgets3.0-0/doc/scopedobject.n-backup
@V@/itcl/iwidgets3.0.0/doc/scrolledcanvas.n @V@/itcl/iwidgets3.0-0/doc/scrolcanvas.n
@V@/itcl/iwidgets3.0.0/doc/scrolledframe.n @V@/itcl/iwidgets3.0-0/doc/scrolframe.n
@V@/itcl/iwidgets3.0.0/doc/scrolledhtml.n @V@/itcl/iwidgets3.0-0/doc/scrolhtml.n
@V@/itcl/iwidgets3.0.0/doc/scrolledlistbox.n @V@/itcl/iwidgets3.0-0/doc/scrollistbox.n
@V@/itcl/iwidgets3.0.0/doc/scrolledtext.n @V@/itcl/iwidgets3.0-0/doc/scroltext.n
@V@/itcl/iwidgets3.0.0/doc/selectionbox.n @V@/itcl/iwidgets3.0-0/doc/selectbox.n
@V@/itcl/iwidgets3.0.0/doc/selectiondialog.n @V@/itcl/iwidgets3.0-0/doc/selectdialog.n
@V@/itcl/iwidgets3.0.0/generic/canvasprintbox.itk @V@/itcl/iwidgets3.0-0/generic/cprintbox.itk
@V@/itcl/iwidgets3.0.0/generic/canvasprintdialog.itk @V@/itcl/iwidgets3.0-0/generic/cprintdialog.itk
@V@/itcl/iwidgets3.0.0/generic/extfileselectionbox.itk @V@/itcl/iwidgets3.0-0/generic/efselbox.itk
@V@/itcl/iwidgets3.0.0/generic/extfileselectiondialog.itk @V@/itcl/iwidgets3.0-0/generic/efseldialog.itk
@V@/itcl/iwidgets3.0.0/generic/fileselectionbox.itk @V@/itcl/iwidgets3.0-0/generic/fselectbox.itk
@V@/itcl/iwidgets3.0.0/generic/fileselectiondialog.itk @V@/itcl/iwidgets3.0-0/generic/fselectdialog.itk
@V@/itcl/iwidgets3.0.0/generic/scrolledcanvas.itk @V@/itcl/iwidgets3.0-0/generic/scrolcanvas.itk
@V@/itcl/iwidgets3.0.0/generic/scrolledframe.itk @V@/itcl/iwidgets3.0-0/generic/scrolframe.itk
@V@/itcl/iwidgets3.0.0/generic/scrolledhtml.itk @V@/itcl/iwidgets3.0-0/generic/scrolhtml.itk
@V@/itcl/iwidgets3.0.0/generic/scrolledlistbox.itk @V@/itcl/iwidgets3.0-0/generic/scrollistbox.itk
@V@/itcl/iwidgets3.0.0/generic/scrolledtext.itk @V@/itcl/iwidgets3.0-0/generic/scroltext.itk
@V@/itcl/iwidgets3.0.0/generic/scrolledwidget.itk @V@/itcl/iwidgets3.0-0/generic/scrolwidget.itk
@V@/itcl/iwidgets3.0.0/generic/selectionbox.itk @V@/itcl/iwidgets3.0-0/generic/selectbox.itk
@V@/itcl/iwidgets3.0.0/generic/selectiondialog.itk @V@/itcl/iwidgets3.0-0/generic/selectdialog.itk
@V@/itcl/iwidgets3.0.0/tests/canvasprintbox.test @V@/itcl/iwidgets3.0-0/tests/cprintbox.test
@V@/itcl/iwidgets3.0.0/tests/canvasprintdialog.test @V@/itcl/iwidgets3.0-0/tests/cprintdialog.test
@V@/itcl/iwidgets3.0.0/tests/extfileselectionbox.test @V@/itcl/iwidgets3.0-0/tests/efselbox.test
@V@/itcl/iwidgets3.0.0/tests/extfileselectiondialog.test @V@/itcl/iwidgets3.0-0/tests/efseldialog.test
@V@/itcl/iwidgets3.0.0/tests/fileselectionbox.test @V@/itcl/iwidgets3.0-0/tests/fselectbox.test
@V@/itcl/iwidgets3.0.0/tests/fileselectiondialog.test @V@/itcl/iwidgets3.0-0/tests/fselectdialog.test
@V@/itcl/iwidgets3.0.0/tests/scrolledcanvas.test @V@/itcl/iwidgets3.0-0/tests/scrolcanvas.test
@V@/itcl/iwidgets3.0.0/tests/scrolledframe.test @V@/itcl/iwidgets3.0-0/tests/scrolframe.test
@V@/itcl/iwidgets3.0.0/tests/scrolledhtml.test @V@/itcl/iwidgets3.0-0/tests/scrolhtml.test
@V@/itcl/iwidgets3.0.0/tests/scrolledlistbox.test @V@/itcl/iwidgets3.0-0/tests/scrollistbox.test
@V@/itcl/iwidgets3.0.0/tests/scrolledtext.test @V@/itcl/iwidgets3.0-0/tests/scroltext.test
@V@/itcl/iwidgets3.0.0/tests/selectionbox.test @V@/itcl/iwidgets3.0-0/tests/selectbox.test
@V@/itcl/iwidgets3.0.0/tests/selectiondialog.test @V@/itcl/iwidgets3.0-0/tests/selectdialog.test
@V@/itcl/iwidgets3.0.0/unix/iwidgets.tcl.in @V@/itcl/iwidgets3.0-0/unix/iwidgets.t-in
@V@/itcl/iwidgets3.0.0/unix/pkgIndex.tcl.in @V@/itcl/iwidgets3.0-0/unix/pkgIndex.t-in
@V@/libgui/config.h.in @V@/libgui/config.h-in
@V@/libgui/src/tkTableCell.c @V@/libgui/src/tkTabCell.c
@V@/libgui/src/tkTableCmd.c @V@/libgui/src/tkTabCmd.c
@V@/libgui/src/tkWinPrintCanvas.c @V@/libgui/src/tkWPrtCanvas.c
@V@/libgui/src/tkWinPrintText.c @V@/libgui/src/tkWPrtText.c
@V@/opcodes/ChangeLog-9297 @V@/opcodes/ChangeLog.9297
@V@/opcodes/ChangeLog-9899 @V@/opcodes/ChangeLog.9899
@V@/opcodes/ia64-opc-a.c @V@/opcodes/ia64opca.c
@V@/opcodes/ia64-opc-b.c @V@/opcodes/ia64opcb.c
@V@/opcodes/ia64-opc-d.c @V@/opcodes/ia64opcd.c
@V@/opcodes/ia64-opc-f.c @V@/opcodes/ia64opcf.c
@V@/opcodes/ia64-opc-i.c @V@/opcodes/ia64opci.c
@V@/opcodes/ia64-opc-m.c @V@/opcodes/ia64opcm.c
@V@/opcodes/ia64-opc-x.c @V@/opcodes/ia64opcx.c
@V@/opcodes/ia64-opc.c @V@/opcodes/ia64-opc.c
@V@/opcodes/m68hc11-dis.c @V@/opcodes/m68hc11dis.c
@V@/opcodes/m68hc11-opc.c @V@/opcodes/m68hc11opc.c
@V@/opcodes/openris-dis.c @V@/opcodes/orisc-dis.c
@V@/opcodes/openrisc-asm.c @V@/opcodes/orisc-asm.c
@V@/opcodes/openrisc-desc.c @V@/opcodes/orisc-desc.c
@V@/opcodes/openrisc-ibld.c @V@/opcodes/orisc-ibld.c
@V@/opcodes/openrisc-opc.c @V@/opcodes/orisc-opc.c
@V@/opcodes/openrisc-opc.h @V@/opcodes/orisc-opc.h
@V@/readline/config.h.bot @V@/readline/config.h-bot
@V@/readline/config.h.in @V@/readline/config.h-in
@V@/sim/m68hc11/dv-m68hc11eepr.c @V@/sim/m68hc11/dv-eepr.c
@V@/sim/m68hc11/dv-m68hc11sio.c @V@/sim/m68hc11/dv-sio.c
@V@/sim/m68hc11/dv-m68hc11spi.c @V@/sim/m68hc11/dv-spi.c
@V@/sim/m68hc11/dv-m68hc11tim.c @V@/sim/m68hc11/dv-tim.c
@V@/sim/mips/dv-tx3904irc.c @V@/sim/mips/dv-tx3irc.c
@V@/sim/mips/dv-tx3904sio.c @V@/sim/mips/dv-tx3sio.c
@V@/sim/mips/dv-tx3904tmr.c @V@/sim/mips/dv-tx3tmr.c
@V@/sim/mn10300/dv-mn103int.c @V@/sim/mn10300/dv-mn1int.c
@V@/sim/mn10300/dv-mn103iop.c @V@/sim/mn10300/dv-mn1iop.c
@V@/sim/mn10300/dv-mn103ser.c @V@/sim/mn10300/dv-mn1ser.c
@V@/sim/mn10300/dv-mn103tim.c @V@/sim/mn10300/dv-mn1tim.c
@V@/sim/ppc/.gdbinit @V@/sim/ppc/gdb.ini
@V@/sim/ppc/corefile-n.h @V@/sim/ppc/corefle-n.h
@V@/sim/ppc/idecode_branch.h @V@/sim/ppc/idec_branch.h
@V@/sim/ppc/idecode_expression.h @V@/sim/ppc/idec_expression.h
@V@/sim/ppc/idecode_fields.h @V@/sim/ppc/idec_fields.h
@V@/sim/ppc/sim-endian-n.h @V@/sim/ppc/sim-endn.h
@V@/sim/testsuite/d10v-elf/t-ae-ld-d.s @V@/sim/testsuite/d10v-elf/t-ld-d.s
@V@/sim/testsuite/d10v-elf/t-ae-ld-i.s @V@/sim/testsuite/d10v-elf/t-ld-i.s
@V@/sim/testsuite/d10v-elf/t-ae-ld-id.s @V@/sim/testsuite/d10v-elf/t-ld-id.s
@V@/sim/testsuite/d10v-elf/t-ae-ld-im.s @V@/sim/testsuite/d10v-elf/t-ld-im.s
@V@/sim/testsuite/d10v-elf/t-ae-ld-ip.s @V@/sim/testsuite/d10v-elf/t-ld-ip.s
@V@/sim/testsuite/d10v-elf/t-ae-ld2w-d.s @V@/sim/testsuite/d10v-elf/t-ld2-d.s
@V@/sim/testsuite/d10v-elf/t-ae-ld2w-i.s @V@/sim/testsuite/d10v-elf/t-ld2-i.s
@V@/sim/testsuite/d10v-elf/t-ae-ld2w-id.s @V@/sim/testsuite/d10v-elf/t-ld2-id.s
@V@/sim/testsuite/d10v-elf/t-ae-ld2w-im.s @V@/sim/testsuite/d10v-elf/t-ld2-im.s
@V@/sim/testsuite/d10v-elf/t-ae-ld2w-ip.s @V@/sim/testsuite/d10v-elf/t-ld2-ip.s
@V@/sim/testsuite/d10v-elf/t-ae-st-d.s @V@/sim/testsuite/d10v-elf/t-st-d.s
@V@/sim/testsuite/d10v-elf/t-ae-st-i.s @V@/sim/testsuite/d10v-elf/t-st-i.s
@V@/sim/testsuite/d10v-elf/t-ae-st-id.s @V@/sim/testsuite/d10v-elf/t-st-id.s
@V@/sim/testsuite/d10v-elf/t-ae-st-im.s @V@/sim/testsuite/d10v-elf/t-st-im.s
@V@/sim/testsuite/d10v-elf/t-ae-st-ip.s @V@/sim/testsuite/d10v-elf/t-st-ip.s
@V@/sim/testsuite/d10v-elf/t-ae-st-is.s @V@/sim/testsuite/d10v-elf/t-st-is.s
@V@/sim/testsuite/d10v-elf/t-ae-st2w-d.s @V@/sim/testsuite/d10v-elf/t-st2-d.s
@V@/sim/testsuite/d10v-elf/t-ae-st2w-i.s @V@/sim/testsuite/d10v-elf/t-st2-i.s
@V@/sim/testsuite/d10v-elf/t-ae-st2w-id.s @V@/sim/testsuite/d10v-elf/t-st2-id.s
@V@/sim/testsuite/d10v-elf/t-ae-st2w-im.s @V@/sim/testsuite/d10v-elf/t-st2-im.s
@V@/sim/testsuite/d10v-elf/t-ae-st2w-ip.s @V@/sim/testsuite/d10v-elf/t-st2-ip.s
@V@/sim/testsuite/d10v-elf/t-ae-st2w-is.s @V@/sim/testsuite/d10v-elf/t-st2-is.s
@V@/sim/testsuite/d30v-elf/ls-ld4bhu.S @V@/sim/testsuite/d30v-elf/ls-ld4bu.S
@V@/tcl/cygwin/tclConfig.sh.in @V@/tcl/cygwin/tclConfig.sh-in
@V@/tcl/doc/ExprLongObj.3 @V@/tcl/doc/ExprLObj.3
@V@/tcl/mac/tclMacBOAAppInit.c @V@/tcl/mac/tclBOAAppInit.c
@V@/tcl/mac/tclMacBOAMain.c @V@/tcl/mac/tclBOAMain.c
@V@/tcl/mac/tclMacInit.c @V@/tcl/mac/tclInit.c
@V@/tcl/mac/tclMacInterupt.c @V@/tcl/mac/tclInterupt.c
@V@/tcl/mac/tclMacProjects.sea.hqx @V@/tcl/mac/tclMacProjects.shqx
@V@/tcl/tests/namespace-old.test @V@/tcl/tests/namespace.otest
@V@/tcl/unix/tclConfig.sh.in @V@/tcl/unix/tclConfig.sh-in
@V@/tcl/unix/tclLoadAix.c @V@/tcl/unix/tclLdAix.c
@V@/tcl/unix/tclLoadAout.c @V@/tcl/unix/tclLdAout.c
@V@/tcl/unix/tclLoadDl.c @V@/tcl/unix/tclLdDl.c
@V@/tcl/unix/tclLoadDld.c @V@/tcl/unix/tclLdDld.c
@V@/tcl/unix/tclUnixFCmd.c @V@/tcl/unix/tclFCmd.c
@V@/tcl/unix/tclUnixFile.c @V@/tcl/unix/tclFile.c
@V@/tcl/unix/tclUnixTest.c @V@/tcl/unix/tclTest.c
@V@/tcl/unix/tclUnixTime.c @V@/tcl/unix/tclTime.c
@V@/tix/docs/Release-4.1.0.html @V@/tix/docs/Rel4_10.html
@V@/tix/docs/Release-4.1.0.txt @V@/tix/docs/Rel4_10.txt
@V@/tix/docs/Release-4.1a2.html @V@/tix/docs/Rel4_1a2.html
@V@/tix/docs/Release-4.1a2.txt @V@/tix/docs/Rel4_1a2.txt
@V@/tix/docs/Release-4.1a3.html @V@/tix/docs/Rel4_1a3.html
@V@/tix/docs/Release-4.1a3.txt @V@/tix/docs/Rel4_1a3.txt
@V@/tix/docs/Release-4.1b1.html @V@/tix/docs/Rel4_1b1.html
@V@/tix/docs/Release-4.1b1.txt @V@/tix/docs/Rel4_1b1.txt
@V@/tix/docs/Release-4.1b2.html @V@/tix/docs/Rel4_1b2.html
@V@/tix/docs/Release-4.1b2.txt @V@/tix/docs/Rel4_1b2.txt
@V@/tix/tixConfig.sh.in @V@/tix/tixConfig.sh-in
@V@/tix/unix/tk4.2/pkgIndex.tcl.in @V@/tix/unix/tk4.2/pkgIndex.t-in
@V@/tix/unix/tk8.0/pkgIndex.tcl.in @V@/tix/unix/tk8.0/pkgIndex.t-in
@V@/tix/unix/tk8.0/pkgIndex.tcl.in @V@/tix/unix/tk8.0/pkgIndex.t-in
@V@/tix/unix/tk8.1/pkgIndex.tcl.in @V@/tix/unix/tk8.1/pkgIndex.t-in
@V@/tix/win/tkConsole41.c @V@/tix/win/tkCon41.c
@V@/tix/win/tkConsole42.c @V@/tix/win/tkCon42.c
@V@/tix/win/tkConsole80a1.c @V@/tix/win/tkCon80a1.c
@V@/tix/win/tkConsole80b1.c @V@/tix/win/tkCon80b1.c
@V@/tix/win/tkConsole81.c @V@/tix/win/tkCon81.c
@V@/tk/doc/ConfigWidg.3 @V@/tk/doc/CfgWidg.3
@V@/tk/doc/ConfigWind.3 @V@/tk/doc/CfgWind.3
@V@/tk/doc/tk4.0.ps @V@/tk/doc/tk4-0.ps
@V@/tk/library/images/pwrdLogo100.gif @V@/tk/library/images/pwLogo100.gif
@V@/tk/library/images/pwrdLogo150.gif @V@/tk/library/images/pwLogo150.gif
@V@/tk/library/images/pwrdLogo175.gif @V@/tk/library/images/pwLogo175.gif
@V@/tk/library/images/pwrdLogo200.gif @V@/tk/library/images/pwLogo200.gif
@V@/tk/library/images/pwrdLogo75.gif @V@/tk/library/images/pwLogo75.gif
@V@/tk/mac/tkMacMenu.c @V@/tk/mac/tkMenu.c
@V@/tk/mac/tkMacMenubutton.c @V@/tk/mac/tkMenubutton.c
@V@/tk/mac/tkMacMenus.c @V@/tk/mac/tkMenus.c
@V@/tk/mac/tkMacProjects.sit.hqx @V@/tk/mac/tkMacProjects.shqx
@V@/tk/tests/option.file1 @V@/tk/tests/option1.file
@V@/tk/tests/option.file2 @V@/tk/tests/option2.file
@V@/tk/unix/tkConfig.sh.in @V@/tk/unix/tkConfig.sh-in
@V@/tk/unix/tkUnixFocus.c @V@/tk/unix/tkFocus.c
@V@/tk/unix/tkUnixFont.c @V@/tk/unix/tkFont.c
@V@/tk/unix/tkUnixMenu.c @V@/tk/unix/tkMenu.c
@V@/tk/unix/tkUnixMenubu.c @V@/tk/unix/tkMenubu.c
@V@/tk/unix/tkUnixScale.c @V@/tk/unix/tkScale.c
@V@/tk/unix/tkUnixScrlbr.c @V@/tk/unix/tkScrlbr.c
@V@/tk/unix/tkUnixSelect.c @V@/tk/unix/tkSelect.c
@V@/tk/unix/tkUnixSend.c @V@/tk/unix/tkSend.c
@V@/opcodes/xstormy16-asm.c @V@/opcodes/xst16asm.c
@V@/opcodes/xstormy16-desc.c @V@/opcodes/xst16dsc.c
@V@/opcodes/xstormy16-desc.h @V@/opcodes/xst16dsc.h
@V@/opcodes/xstormy16-dis.c @V@/opcodes/xst16dis.c
@V@/opcodes/xstormy16-ibld.c @V@/opcodes/xst16ibd.c
@V@/opcodes/xstormy16-opc.c @V@/opcodes/xst16opc.c
@V@/opcodes/xstormy16-opc.h @V@/opcodes/xst16opc.h
