This file contains any messages produced by compilers while
running configure, to aid debugging if configure makes a mistake.

It was created by configure, which was
generated by GNU Autoconf 2.69.  Invocation command line was

  $ /Users/sidqian/Downloads/summer/L2S/netbsd-src/tools/gcc/../../external/gpl3/gcc.old/dist/configure --target=m68k--netbsdelf --enable-long-long --enable-threads --with-bugurl=http://www.NetBSD.org/support/send-pr.html --with-pkgversion=NetBSD nb1 20220722 --with-system-zlib --without-isl --enable-__cxa_atexit --enable-libstdcxx-time=rt --enable-libstdcxx-threads --with-diagnostics-color=auto-if-env --with-default-libstdcxx-abi=new --with-sysroot=/Users/sidqian/Downloads/summer/L2S/netbsd-src/build/obj/destdir.luna68k --with-mpc=/Users/sidqian/Downloads/summer/L2S/netbsd-src/build/obj/tooldir.Darwin-22.1.0-x86_64 --with-mpfr=/Users/sidqian/Downloads/summer/L2S/netbsd-src/build/obj/tooldir.Darwin-22.1.0-x86_64 --with-gmp=/Users/sidqian/Downloads/summer/L2S/netbsd-src/build/obj/tooldir.Darwin-22.1.0-x86_64 --disable-nls --disable-multilib --program-transform-name=s,^,m68k--netbsdelf-, --enable-languages=c c++ objc --prefix=/Users/sidqian/Downloads/summer/L2S/netbsd-src/build/obj/tooldir.Darwin-22.1.0-x86_64

## --------- ##
## Platform. ##
## --------- ##

hostname = Sid-Qians-MacBook-Pro-2.local
uname -m = x86_64
uname -r = 22.1.0
uname -s = Darwin
uname -v = Darwin Kernel Version 22.1.0: Sun Oct  9 20:14:54 PDT 2022; root:xnu-8792.41.9~2/RELEASE_X86_64

/usr/bin/uname -p = i386
/bin/uname -X     = unknown

/bin/arch              = unknown
/usr/bin/arch -k       = unknown
/usr/convex/getsysinfo = unknown
/usr/bin/hostinfo      = Mach kernel version:
	 Darwin Kernel Version 22.1.0: Sun Oct  9 20:14:54 PDT 2022; root:xnu-8792.41.9~2/RELEASE_X86_64
Kernel configured for up to 8 processors.
4 processors are physically available.
8 processors are logically available.
Processor type: x86_64h (Intel x86-64h Haswell)
Processors active: 0 1 2 3 4 5 6 7
Primary memory available: 16.00 gigabytes
Default processor set: 642 tasks, 3087 threads, 8 processors
Load average: 4.61, Mach factor: 3.43
/bin/machine           = unknown
/usr/bin/oslevel       = unknown
/bin/universe          = unknown

PATH: /Users/sidqian/Downloads/summer/L2S/netbsd-src/build/obj/tooldir.Darwin-22.1.0-x86_64/bin
PATH: /usr/local/bin
PATH: /System/Cryptexes/App/usr/bin
PATH: /usr/bin
PATH: /bin
PATH: /usr/sbin
PATH: /sbin
PATH: /Library/Apple/usr/bin
PATH: /Users/sidqian/ch-darwin-amd64
PATH: /Users/sidqian/ch-darwin-amd64
PATH: /Users/sidqian/Downloads/flutter/bin


## ----------- ##
## Core tests. ##
## ----------- ##

configure:2364: checking build system type
configure:2378: result: x86_64-apple-darwin22.1.0
configure:2425: checking host system type
configure:2438: result: x86_64-apple-darwin22.1.0
configure:2458: checking target system type
configure:2471: result: m68k--netbsdelf
configure:2525: checking for a BSD-compatible install
configure:2593: result: /Users/sidqian/Downloads/summer/L2S/netbsd-src/build/obj/tooldir.Darwin-22.1.0-x86_64/bin/m68k--netbsdelf-install -c  -r
configure:2604: checking whether ln works
configure:2626: result: yes
configure:2630: checking whether ln -s works
configure:2634: result: yes
configure:2641: checking for a sed that does not truncate output
configure:2705: result: /usr/bin/sed
configure:2714: checking for gawk
configure:2741: result: /Users/sidqian/Downloads/summer/L2S/netbsd-src/build/obj/tooldir.Darwin-22.1.0-x86_64/bin/nbawk
configure:3292: checking for libsanitizer support
configure:3302: result: yes
configure:3331: checking for libhsail-rt support
configure:3337: result: no
configure:3467: checking for libphobos support
configure:3473: result: no
configure:4180: checking for gcc
configure:4207: result: cc
configure:4436: checking for C compiler version
configure:4445: cc --version >&5
Apple clang version 14.0.3 (clang-1403.0.22.14.1)
Target: x86_64-apple-darwin22.1.0
Thread model: posix
InstalledDir: /Applications/Xcode.app/Contents/Developer/Toolchains/XcodeDefault.xctoolchain/usr/bin
configure:4456: $? = 0
configure:4445: cc -v >&5
Apple clang version 14.0.3 (clang-1403.0.22.14.1)
Target: x86_64-apple-darwin22.1.0
Thread model: posix
InstalledDir: /Applications/Xcode.app/Contents/Developer/Toolchains/XcodeDefault.xctoolchain/usr/bin
configure:4456: $? = 0
configure:4445: cc -V >&5
clang: error: argument to '-V' is missing (expected 1 value)
clang: error: no input files
configure:4456: $? = 1
configure:4445: cc -qversion >&5
clang: error: unknown argument '-qversion'; did you mean '--version'?
clang: error: no input files
configure:4456: $? = 1
configure:4476: checking whether the C compiler works
configure:4498: cc -O -O2 -no-cpp-precomp   conftest.c  >&5
configure:4502: $? = 0
configure:4550: result: yes
configure:4553: checking for C compiler default output file name
configure:4555: result: a.out
configure:4561: checking for suffix of executables
configure:4568: cc -o conftest -O -O2 -no-cpp-precomp   conftest.c  >&5
configure:4572: $? = 0
configure:4594: result: 
configure:4616: checking whether we are cross compiling
configure:4624: cc -o conftest -O -O2 -no-cpp-precomp   conftest.c  >&5
configure:4628: $? = 0
configure:4635: ./conftest
configure:4639: $? = 0
configure:4654: result: no
configure:4659: checking for suffix of object files
configure:4681: cc -c -O -O2 -no-cpp-precomp  conftest.c >&5
configure:4685: $? = 0
configure:4706: result: o
configure:4710: checking whether we are using the GNU C compiler
configure:4729: cc -c -O -O2 -no-cpp-precomp  conftest.c >&5
configure:4729: $? = 0
configure:4738: result: yes
configure:4747: checking whether cc accepts -g
configure:4767: cc -c -g  conftest.c >&5
configure:4767: $? = 0
configure:4808: result: yes
configure:4825: checking for cc option to accept ISO C89
configure:4888: cc  -c -O -O2 -no-cpp-precomp  conftest.c >&5
conftest.c:15:14: warning: a function declaration without a prototype is deprecated in all versions of C and is not supported in C2x [-Wdeprecated-non-prototype]
static char *e (p, i)
             ^
1 warning generated.
configure:4888: $? = 0
configure:4901: result: none needed
configure:5033: checking for C++ compiler version
configure:5042: c++ --version >&5
Apple clang version 14.0.3 (clang-1403.0.22.14.1)
Target: x86_64-apple-darwin22.1.0
Thread model: posix
InstalledDir: /Applications/Xcode.app/Contents/Developer/Toolchains/XcodeDefault.xctoolchain/usr/bin
configure:5053: $? = 0
configure:5042: c++ -v >&5
Apple clang version 14.0.3 (clang-1403.0.22.14.1)
Target: x86_64-apple-darwin22.1.0
Thread model: posix
InstalledDir: /Applications/Xcode.app/Contents/Developer/Toolchains/XcodeDefault.xctoolchain/usr/bin
configure:5053: $? = 0
configure:5042: c++ -V >&5
clang: error: argument to '-V' is missing (expected 1 value)
clang: error: no input files
configure:5053: $? = 1
configure:5042: c++ -qversion >&5
clang: error: unknown argument '-qversion'; did you mean '--version'?
clang: error: no input files
configure:5053: $? = 1
configure:5057: checking whether we are using the GNU C++ compiler
configure:5076: c++ -c -O  conftest.cpp >&5
configure:5076: $? = 0
configure:5085: result: yes
configure:5094: checking whether c++ accepts -g
configure:5114: c++ -c -g  conftest.cpp >&5
configure:5114: $? = 0
configure:5155: result: yes
configure:5204: checking whether g++ accepts -static-libstdc++ -static-libgcc
configure:5221: c++ -o conftest -O   -static-libstdc++ -static-libgcc conftest.cpp  >&5
clang: error: unsupported option '-static-libgcc'
configure:5221: $? = 1
configure: failed program was:
| /* confdefs.h */
| #define PACKAGE_NAME ""
| #define PACKAGE_TARNAME ""
| #define PACKAGE_VERSION ""
| #define PACKAGE_STRING ""
| #define PACKAGE_BUGREPORT ""
| #define PACKAGE_URL ""
| /* end confdefs.h.  */
| 
| #if (__GNUC__ < 4) || (__GNUC__ == 4 && __GNUC_MINOR__ < 5)
| #error -static-libstdc++ not implemented
| #endif
| int main() {}
configure:5225: result: no
configure:5286: checking for gnatbind
configure:5316: result: no
configure:5378: checking for gnatmake
configure:5408: result: no
configure:5427: checking whether compiler driver understands Ada
configure:5450: result: no
configure:5459: checking how to compare bootstrapped objects
configure:5484: result: cmp --ignore-initial=16 $$f1 $$f2
configure:5544: checking for objdir
configure:5559: result: .libs
configure:5730: checking for the correct version of gmp.h
configure:5750: cc -c -O -O2 -no-cpp-precomp -I/Users/sidqian/Downloads/summer/L2S/netbsd-src/build/obj/tooldir.Darwin-22.1.0-x86_64/include -I/Users/sidqian/Downloads/summer/L2S/netbsd-src/build/obj/tooldir.Darwin-22.1.0-x86_64/include -I/Users/sidqian/Downloads/summer/L2S/netbsd-src/build/obj/tooldir.Darwin-22.1.0-x86_64/include   conftest.c >&5
configure:5750: $? = 0
configure:5768: cc -c -O -O2 -no-cpp-precomp -I/Users/sidqian/Downloads/summer/L2S/netbsd-src/build/obj/tooldir.Darwin-22.1.0-x86_64/include -I/Users/sidqian/Downloads/summer/L2S/netbsd-src/build/obj/tooldir.Darwin-22.1.0-x86_64/include -I/Users/sidqian/Downloads/summer/L2S/netbsd-src/build/obj/tooldir.Darwin-22.1.0-x86_64/include   conftest.c >&5
configure:5768: $? = 0
configure:5769: result: yes
configure:5785: checking for the correct version of mpfr.h
configure:5803: cc -c -O -O2 -no-cpp-precomp -I/Users/sidqian/Downloads/summer/L2S/netbsd-src/build/obj/tooldir.Darwin-22.1.0-x86_64/include -I/Users/sidqian/Downloads/summer/L2S/netbsd-src/build/obj/tooldir.Darwin-22.1.0-x86_64/include -I/Users/sidqian/Downloads/summer/L2S/netbsd-src/build/obj/tooldir.Darwin-22.1.0-x86_64/include   conftest.c >&5
configure:5803: $? = 0
configure:5820: cc -c -O -O2 -no-cpp-precomp -I/Users/sidqian/Downloads/summer/L2S/netbsd-src/build/obj/tooldir.Darwin-22.1.0-x86_64/include -I/Users/sidqian/Downloads/summer/L2S/netbsd-src/build/obj/tooldir.Darwin-22.1.0-x86_64/include -I/Users/sidqian/Downloads/summer/L2S/netbsd-src/build/obj/tooldir.Darwin-22.1.0-x86_64/include   conftest.c >&5
configure:5820: $? = 0
configure:5821: result: yes
configure:5838: checking for the correct version of mpc.h
configure:5855: cc -c -O -O2 -no-cpp-precomp -I/Users/sidqian/Downloads/summer/L2S/netbsd-src/build/obj/tooldir.Darwin-22.1.0-x86_64/include -I/Users/sidqian/Downloads/summer/L2S/netbsd-src/build/obj/tooldir.Darwin-22.1.0-x86_64/include -I/Users/sidqian/Downloads/summer/L2S/netbsd-src/build/obj/tooldir.Darwin-22.1.0-x86_64/include   conftest.c >&5
configure:5855: $? = 0
configure:5871: cc -c -O -O2 -no-cpp-precomp -I/Users/sidqian/Downloads/summer/L2S/netbsd-src/build/obj/tooldir.Darwin-22.1.0-x86_64/include -I/Users/sidqian/Downloads/summer/L2S/netbsd-src/build/obj/tooldir.Darwin-22.1.0-x86_64/include -I/Users/sidqian/Downloads/summer/L2S/netbsd-src/build/obj/tooldir.Darwin-22.1.0-x86_64/include   conftest.c >&5
configure:5871: $? = 0
configure:5872: result: yes
configure:5890: checking for the correct version of the gmp/mpfr/mpc libraries
configure:5921: cc -o conftest -O -O2 -no-cpp-precomp -I/Users/sidqian/Downloads/summer/L2S/netbsd-src/build/obj/tooldir.Darwin-22.1.0-x86_64/include -I/Users/sidqian/Downloads/summer/L2S/netbsd-src/build/obj/tooldir.Darwin-22.1.0-x86_64/include -I/Users/sidqian/Downloads/summer/L2S/netbsd-src/build/obj/tooldir.Darwin-22.1.0-x86_64/include    conftest.c  -L/Users/sidqian/Downloads/summer/L2S/netbsd-src/build/obj/tooldir.Darwin-22.1.0-x86_64/lib -L/Users/sidqian/Downloads/summer/L2S/netbsd-src/build/obj/tooldir.Darwin-22.1.0-x86_64/lib -L/Users/sidqian/Downloads/summer/L2S/netbsd-src/build/obj/tooldir.Darwin-22.1.0-x86_64/lib -lmpc -lmpfr -lgmp >&5
ld: warning: disabling chained fixups because of unaligned pointers
ld: warning: PIE disabled. Absolute addressing (perhaps -mdynamic-no-pic) not allowed in code signed PIE, but used in ___gmpn_divexact_1 from /Users/sidqian/Downloads/summer/L2S/netbsd-src/build/obj/tooldir.Darwin-22.1.0-x86_64/lib/libgmp.a(dive_1.o). To fix this warning, don't compile with -mdynamic-no-pic or link with -Wl,-no_pie
configure:5921: $? = 0
configure:5922: result: yes
configure:7247: checking for default BUILD_CONFIG
configure:7279: result: 
configure:7284: checking for --enable-vtable-verify
configure:7297: result: no
configure:7911: checking for bison
configure:7938: result: /Users/sidqian/Downloads/summer/L2S/netbsd-src/build/obj/tooldir.Darwin-22.1.0-x86_64/bin/nbyacc
configure:7958: checking for bison
configure:7974: found /usr/bin/bison
configure:7985: result: bison
configure:8005: checking for gm4
configure:8032: result: /Users/sidqian/Downloads/summer/L2S/netbsd-src/build/obj/tooldir.Darwin-22.1.0-x86_64/bin/nbm4
configure:8052: checking for flex
configure:8079: result: /Users/sidqian/Downloads/summer/L2S/netbsd-src/build/obj/tooldir.Darwin-22.1.0-x86_64/bin/nblex
configure:8100: checking for flex
configure:8127: result: /Users/sidqian/Downloads/summer/L2S/netbsd-src/build/obj/tooldir.Darwin-22.1.0-x86_64/bin/nblex
configure:8147: checking for makeinfo
configure:8177: result: no
configure:8208: checking for expect
configure:8224: found /usr/bin/expect
configure:8235: result: expect
configure:8257: checking for runtest
configure:8287: result: no
configure:8321: checking for ar
configure:8348: result: ar
configure:8543: checking for as
configure:8559: found /usr/bin/as
configure:8570: result: as
configure:8684: checking for dlltool
configure:8714: result: no
configure:8825: checking for dsymutil
configure:8841: found /usr/bin/dsymutil
configure:8852: result: dsymutil
configure:8885: checking for ld
configure:8912: result: /Applications/Xcode.app/Contents/Developer/Toolchains/XcodeDefault.xctoolchain/usr/bin/ld
configure:9107: checking for lipo
configure:9123: found /usr/bin/lipo
configure:9134: result: lipo
configure:9248: checking for nm
configure:9264: found /usr/bin/nm
configure:9275: result: nm
configure:9308: checking for ranlib
configure:9335: result: ranlib
configure:9525: checking for strip
configure:9541: found /usr/bin/strip
configure:9552: result: strip
configure:9661: checking for windres
configure:9691: result: no
configure:9802: checking for windmc
configure:9832: result: no
configure:9943: checking for objcopy
configure:9973: result: no
configure:10084: checking for objdump
configure:10100: found /usr/bin/objdump
configure:10111: result: objdump
configure:10225: checking for otool
configure:10241: found /usr/bin/otool
configure:10252: result: otool
configure:10366: checking for readelf
configure:10396: result: no
configure:10507: checking for m68k--netbsdelf-cc
configure:10537: result: no
configure:10507: checking for m68k--netbsdelf-gcc
configure:10523: found /Users/sidqian/Downloads/summer/L2S/netbsd-src/build/obj/tooldir.Darwin-22.1.0-x86_64/bin/m68k--netbsdelf-gcc
configure:10534: result: m68k--netbsdelf-gcc
configure:10668: checking for m68k--netbsdelf-c++
configure:10684: found /Users/sidqian/Downloads/summer/L2S/netbsd-src/build/obj/tooldir.Darwin-22.1.0-x86_64/bin/m68k--netbsdelf-c++
configure:10695: result: m68k--netbsdelf-c++
configure:10829: checking for m68k--netbsdelf-gcc
configure:10845: found /Users/sidqian/Downloads/summer/L2S/netbsd-src/build/obj/tooldir.Darwin-22.1.0-x86_64/bin/m68k--netbsdelf-gcc
configure:10856: result: m68k--netbsdelf-gcc
configure:10985: checking for m68k--netbsdelf-gfortran
configure:11015: result: no
configure:11146: checking for m68k--netbsdelf-gccgo
configure:11176: result: no
configure:11307: checking for m68k--netbsdelf-gdc
configure:11337: result: no
configure:11437: checking for ar
configure:11455: found /Users/sidqian/Downloads/summer/L2S/netbsd-src/build/obj/tooldir.Darwin-22.1.0-x86_64/m68k--netbsdelf/bin/ar
configure:11467: result: /Users/sidqian/Downloads/summer/L2S/netbsd-src/build/obj/tooldir.Darwin-22.1.0-x86_64/m68k--netbsdelf/bin/ar
configure:11667: checking for as
configure:11685: found /Users/sidqian/Downloads/summer/L2S/netbsd-src/build/obj/tooldir.Darwin-22.1.0-x86_64/m68k--netbsdelf/bin/as
configure:11697: result: /Users/sidqian/Downloads/summer/L2S/netbsd-src/build/obj/tooldir.Darwin-22.1.0-x86_64/m68k--netbsdelf/bin/as
configure:11897: checking for dlltool
configure:11930: result: no
configure:12008: checking for m68k--netbsdelf-dlltool
configure:12038: result: no
configure:12127: checking for dsymutil
configure:12160: result: no
configure:12238: checking for m68k--netbsdelf-dsymutil
configure:12268: result: no
configure:12357: checking for ld
configure:12375: found /Users/sidqian/Downloads/summer/L2S/netbsd-src/build/obj/tooldir.Darwin-22.1.0-x86_64/m68k--netbsdelf/bin/ld
configure:12387: result: /Users/sidqian/Downloads/summer/L2S/netbsd-src/build/obj/tooldir.Darwin-22.1.0-x86_64/m68k--netbsdelf/bin/ld
configure:12587: checking for lipo
configure:12620: result: no
configure:12698: checking for m68k--netbsdelf-lipo
configure:12728: result: no
configure:12817: checking for nm
configure:12835: found /Users/sidqian/Downloads/summer/L2S/netbsd-src/build/obj/tooldir.Darwin-22.1.0-x86_64/m68k--netbsdelf/bin/nm
configure:12847: result: /Users/sidqian/Downloads/summer/L2S/netbsd-src/build/obj/tooldir.Darwin-22.1.0-x86_64/m68k--netbsdelf/bin/nm
configure:13047: checking for objcopy
configure:13065: found /Users/sidqian/Downloads/summer/L2S/netbsd-src/build/obj/tooldir.Darwin-22.1.0-x86_64/m68k--netbsdelf/bin/objcopy
configure:13077: result: /Users/sidqian/Downloads/summer/L2S/netbsd-src/build/obj/tooldir.Darwin-22.1.0-x86_64/m68k--netbsdelf/bin/objcopy
configure:13277: checking for objdump
configure:13295: found /Users/sidqian/Downloads/summer/L2S/netbsd-src/build/obj/tooldir.Darwin-22.1.0-x86_64/m68k--netbsdelf/bin/objdump
configure:13307: result: /Users/sidqian/Downloads/summer/L2S/netbsd-src/build/obj/tooldir.Darwin-22.1.0-x86_64/m68k--netbsdelf/bin/objdump
configure:13507: checking for otool
configure:13540: result: no
configure:13618: checking for m68k--netbsdelf-otool
configure:13648: result: no
configure:13737: checking for ranlib
configure:13755: found /Users/sidqian/Downloads/summer/L2S/netbsd-src/build/obj/tooldir.Darwin-22.1.0-x86_64/m68k--netbsdelf/bin/ranlib
configure:13767: result: /Users/sidqian/Downloads/summer/L2S/netbsd-src/build/obj/tooldir.Darwin-22.1.0-x86_64/m68k--netbsdelf/bin/ranlib
configure:13967: checking for readelf
configure:13985: found /Users/sidqian/Downloads/summer/L2S/netbsd-src/build/obj/tooldir.Darwin-22.1.0-x86_64/m68k--netbsdelf/bin/readelf
configure:13997: result: /Users/sidqian/Downloads/summer/L2S/netbsd-src/build/obj/tooldir.Darwin-22.1.0-x86_64/m68k--netbsdelf/bin/readelf
configure:14197: checking for strip
configure:14215: found /Users/sidqian/Downloads/summer/L2S/netbsd-src/build/obj/tooldir.Darwin-22.1.0-x86_64/m68k--netbsdelf/bin/strip
configure:14227: result: /Users/sidqian/Downloads/summer/L2S/netbsd-src/build/obj/tooldir.Darwin-22.1.0-x86_64/m68k--netbsdelf/bin/strip
configure:14427: checking for windres
configure:14460: result: no
configure:14538: checking for m68k--netbsdelf-windres
configure:14568: result: no
configure:14657: checking for windmc
configure:14690: result: no
configure:14768: checking for m68k--netbsdelf-windmc
configure:14798: result: no
configure:14865: checking where to find the target ar
configure:14893: result: pre-installed in /Users/sidqian/Downloads/summer/L2S/netbsd-src/build/obj/tooldir.Darwin-22.1.0-x86_64/m68k--netbsdelf/bin
configure:14907: checking where to find the target as
configure:14935: result: pre-installed in /Users/sidqian/Downloads/summer/L2S/netbsd-src/build/obj/tooldir.Darwin-22.1.0-x86_64/m68k--netbsdelf/bin
configure:14949: checking where to find the target cc
configure:14972: result: just compiled
configure:14991: checking where to find the target c++
configure:15017: result: just compiled
configure:15036: checking where to find the target c++ for libstdc++
configure:15062: result: just compiled
configure:15081: checking where to find the target dlltool
configure:15118: result: pre-installed
configure:15123: checking where to find the target dsymutil
configure:15149: result: pre-installed
configure:15154: checking where to find the target gcc
configure:15177: result: just compiled
configure:15196: checking where to find the target gfortran
configure:15236: result: pre-installed
configure:15241: checking where to find the target gccgo
configure:15281: result: pre-installed
configure:15286: checking where to find the target gdc
configure:15326: result: pre-installed
configure:15331: checking where to find the target ld
configure:15359: result: pre-installed in /Users/sidqian/Downloads/summer/L2S/netbsd-src/build/obj/tooldir.Darwin-22.1.0-x86_64/m68k--netbsdelf/bin
configure:15373: checking where to find the target lipo
configure:15399: result: pre-installed
configure:15404: checking where to find the target nm
configure:15432: result: pre-installed in /Users/sidqian/Downloads/summer/L2S/netbsd-src/build/obj/tooldir.Darwin-22.1.0-x86_64/m68k--netbsdelf/bin
configure:15446: checking where to find the target objcopy
configure:15474: result: pre-installed in /Users/sidqian/Downloads/summer/L2S/netbsd-src/build/obj/tooldir.Darwin-22.1.0-x86_64/m68k--netbsdelf/bin
configure:15488: checking where to find the target objdump
configure:15516: result: pre-installed in /Users/sidqian/Downloads/summer/L2S/netbsd-src/build/obj/tooldir.Darwin-22.1.0-x86_64/m68k--netbsdelf/bin
configure:15530: checking where to find the target otool
configure:15556: result: pre-installed
configure:15561: checking where to find the target ranlib
configure:15589: result: pre-installed in /Users/sidqian/Downloads/summer/L2S/netbsd-src/build/obj/tooldir.Darwin-22.1.0-x86_64/m68k--netbsdelf/bin
configure:15603: checking where to find the target readelf
configure:15631: result: pre-installed in /Users/sidqian/Downloads/summer/L2S/netbsd-src/build/obj/tooldir.Darwin-22.1.0-x86_64/m68k--netbsdelf/bin
configure:15645: checking where to find the target strip
configure:15673: result: pre-installed in /Users/sidqian/Downloads/summer/L2S/netbsd-src/build/obj/tooldir.Darwin-22.1.0-x86_64/m68k--netbsdelf/bin
configure:15687: checking where to find the target windres
configure:15724: result: pre-installed
configure:15729: checking where to find the target windmc
configure:15766: result: pre-installed
configure:15799: checking whether to enable maintainer-specific portions of Makefiles
configure:15808: result: no
configure:16051: creating ./config.status

## ---------------------- ##
## Running config.status. ##
## ---------------------- ##

This file was extended by config.status, which was
generated by GNU Autoconf 2.69.  Invocation command line was

  CONFIG_FILES    = 
  CONFIG_HEADERS  = 
  CONFIG_LINKS    = 
  CONFIG_COMMANDS = 
  $ ./config.status 

on Sid-Qians-MacBook-Pro-2.local

config.status:1049: creating Makefile

## ---------------- ##
## Cache variables. ##
## ---------------- ##

ac_cv_build=x86_64-apple-darwin22.1.0
ac_cv_c_compiler_gnu=yes
ac_cv_cxx_compiler_gnu=yes
ac_cv_env_AR_FOR_TARGET_set=
ac_cv_env_AR_FOR_TARGET_value=
ac_cv_env_AR_set=set
ac_cv_env_AR_value=ar
ac_cv_env_AS_FOR_TARGET_set=
ac_cv_env_AS_FOR_TARGET_value=
ac_cv_env_AS_set=
ac_cv_env_AS_value=
ac_cv_env_CCC_set=
ac_cv_env_CCC_value=
ac_cv_env_CC_FOR_TARGET_set=
ac_cv_env_CC_FOR_TARGET_value=
ac_cv_env_CC_set=set
ac_cv_env_CC_value=cc
ac_cv_env_CFLAGS_set=set
ac_cv_env_CFLAGS_value='-O -O2 -no-cpp-precomp'
ac_cv_env_CPPFLAGS_set=set
ac_cv_env_CPPFLAGS_value=
ac_cv_env_CXXFLAGS_set=set
ac_cv_env_CXXFLAGS_value=-O
ac_cv_env_CXX_FOR_TARGET_set=
ac_cv_env_CXX_FOR_TARGET_value=
ac_cv_env_CXX_set=set
ac_cv_env_CXX_value=c++
ac_cv_env_DLLTOOL_FOR_TARGET_set=
ac_cv_env_DLLTOOL_FOR_TARGET_value=
ac_cv_env_DLLTOOL_set=
ac_cv_env_DLLTOOL_value=
ac_cv_env_DSYMUTIL_FOR_TARGET_set=
ac_cv_env_DSYMUTIL_FOR_TARGET_value=
ac_cv_env_DSYMUTIL_set=
ac_cv_env_DSYMUTIL_value=
ac_cv_env_GCC_FOR_TARGET_set=
ac_cv_env_GCC_FOR_TARGET_value=
ac_cv_env_GDC_FOR_TARGET_set=
ac_cv_env_GDC_FOR_TARGET_value=
ac_cv_env_GFORTRAN_FOR_TARGET_set=
ac_cv_env_GFORTRAN_FOR_TARGET_value=
ac_cv_env_GOC_FOR_TARGET_set=
ac_cv_env_GOC_FOR_TARGET_value=
ac_cv_env_LDFLAGS_set=set
ac_cv_env_LDFLAGS_value=
ac_cv_env_LD_FOR_TARGET_set=
ac_cv_env_LD_FOR_TARGET_value=
ac_cv_env_LD_set=
ac_cv_env_LD_value=
ac_cv_env_LIBS_set=
ac_cv_env_LIBS_value=
ac_cv_env_LIPO_FOR_TARGET_set=
ac_cv_env_LIPO_FOR_TARGET_value=
ac_cv_env_LIPO_set=
ac_cv_env_LIPO_value=
ac_cv_env_NM_FOR_TARGET_set=
ac_cv_env_NM_FOR_TARGET_value=
ac_cv_env_NM_set=
ac_cv_env_NM_value=
ac_cv_env_OBJCOPY_FOR_TARGET_set=
ac_cv_env_OBJCOPY_FOR_TARGET_value=
ac_cv_env_OBJCOPY_set=
ac_cv_env_OBJCOPY_value=
ac_cv_env_OBJDUMP_FOR_TARGET_set=
ac_cv_env_OBJDUMP_FOR_TARGET_value=
ac_cv_env_OBJDUMP_set=
ac_cv_env_OBJDUMP_value=
ac_cv_env_OTOOL_FOR_TARGET_set=
ac_cv_env_OTOOL_FOR_TARGET_value=
ac_cv_env_OTOOL_set=
ac_cv_env_OTOOL_value=
ac_cv_env_RANLIB_FOR_TARGET_set=
ac_cv_env_RANLIB_FOR_TARGET_value=
ac_cv_env_RANLIB_set=set
ac_cv_env_RANLIB_value=ranlib
ac_cv_env_READELF_FOR_TARGET_set=
ac_cv_env_READELF_FOR_TARGET_value=
ac_cv_env_READELF_set=
ac_cv_env_READELF_value=
ac_cv_env_STRIP_FOR_TARGET_set=
ac_cv_env_STRIP_FOR_TARGET_value=
ac_cv_env_STRIP_set=
ac_cv_env_STRIP_value=
ac_cv_env_WINDMC_FOR_TARGET_set=
ac_cv_env_WINDMC_FOR_TARGET_value=
ac_cv_env_WINDMC_set=
ac_cv_env_WINDMC_value=
ac_cv_env_WINDRES_FOR_TARGET_set=
ac_cv_env_WINDRES_FOR_TARGET_value=
ac_cv_env_WINDRES_set=
ac_cv_env_WINDRES_value=
ac_cv_env_build_alias_set=
ac_cv_env_build_alias_value=
ac_cv_env_build_configargs_set=
ac_cv_env_build_configargs_value=
ac_cv_env_host_alias_set=
ac_cv_env_host_alias_value=
ac_cv_env_host_configargs_set=
ac_cv_env_host_configargs_value=
ac_cv_env_target_alias_set=set
ac_cv_env_target_alias_value=m68k--netbsdelf
ac_cv_env_target_configargs_set=
ac_cv_env_target_configargs_value=
ac_cv_host=x86_64-apple-darwin22.1.0
ac_cv_objext=o
ac_cv_path_AR_FOR_TARGET=/Users/sidqian/Downloads/summer/L2S/netbsd-src/build/obj/tooldir.Darwin-22.1.0-x86_64/m68k--netbsdelf/bin/ar
ac_cv_path_AS_FOR_TARGET=/Users/sidqian/Downloads/summer/L2S/netbsd-src/build/obj/tooldir.Darwin-22.1.0-x86_64/m68k--netbsdelf/bin/as
ac_cv_path_LD_FOR_TARGET=/Users/sidqian/Downloads/summer/L2S/netbsd-src/build/obj/tooldir.Darwin-22.1.0-x86_64/m68k--netbsdelf/bin/ld
ac_cv_path_NM_FOR_TARGET=/Users/sidqian/Downloads/summer/L2S/netbsd-src/build/obj/tooldir.Darwin-22.1.0-x86_64/m68k--netbsdelf/bin/nm
ac_cv_path_OBJCOPY_FOR_TARGET=/Users/sidqian/Downloads/summer/L2S/netbsd-src/build/obj/tooldir.Darwin-22.1.0-x86_64/m68k--netbsdelf/bin/objcopy
ac_cv_path_OBJDUMP_FOR_TARGET=/Users/sidqian/Downloads/summer/L2S/netbsd-src/build/obj/tooldir.Darwin-22.1.0-x86_64/m68k--netbsdelf/bin/objdump
ac_cv_path_RANLIB_FOR_TARGET=/Users/sidqian/Downloads/summer/L2S/netbsd-src/build/obj/tooldir.Darwin-22.1.0-x86_64/m68k--netbsdelf/bin/ranlib
ac_cv_path_READELF_FOR_TARGET=/Users/sidqian/Downloads/summer/L2S/netbsd-src/build/obj/tooldir.Darwin-22.1.0-x86_64/m68k--netbsdelf/bin/readelf
ac_cv_path_SED=/usr/bin/sed
ac_cv_path_STRIP_FOR_TARGET=/Users/sidqian/Downloads/summer/L2S/netbsd-src/build/obj/tooldir.Darwin-22.1.0-x86_64/m68k--netbsdelf/bin/strip
ac_cv_prog_AR=ar
ac_cv_prog_AS=as
ac_cv_prog_AWK=/Users/sidqian/Downloads/summer/L2S/netbsd-src/build/obj/tooldir.Darwin-22.1.0-x86_64/bin/nbawk
ac_cv_prog_BISON=bison
ac_cv_prog_CC_FOR_TARGET=m68k--netbsdelf-gcc
ac_cv_prog_CXX_FOR_TARGET=m68k--netbsdelf-c++
ac_cv_prog_DSYMUTIL=dsymutil
ac_cv_prog_EXPECT=expect
ac_cv_prog_FLEX=/Users/sidqian/Downloads/summer/L2S/netbsd-src/build/obj/tooldir.Darwin-22.1.0-x86_64/bin/nblex
ac_cv_prog_GCC_FOR_TARGET=m68k--netbsdelf-gcc
ac_cv_prog_LD=/Applications/Xcode.app/Contents/Developer/Toolchains/XcodeDefault.xctoolchain/usr/bin/ld
ac_cv_prog_LEX=/Users/sidqian/Downloads/summer/L2S/netbsd-src/build/obj/tooldir.Darwin-22.1.0-x86_64/bin/nblex
ac_cv_prog_LIPO=lipo
ac_cv_prog_M4=/Users/sidqian/Downloads/summer/L2S/netbsd-src/build/obj/tooldir.Darwin-22.1.0-x86_64/bin/nbm4
ac_cv_prog_NM=nm
ac_cv_prog_OBJDUMP=objdump
ac_cv_prog_OTOOL=otool
ac_cv_prog_RANLIB=ranlib
ac_cv_prog_STRIP=strip
ac_cv_prog_YACC=/Users/sidqian/Downloads/summer/L2S/netbsd-src/build/obj/tooldir.Darwin-22.1.0-x86_64/bin/nbyacc
ac_cv_prog_ac_ct_CC=cc
ac_cv_prog_cc_c89=
ac_cv_prog_cc_g=yes
ac_cv_prog_cxx_g=yes
ac_cv_target=m68k--netbsdelf
acx_cv_cc_gcc_supports_ada=no
acx_cv_prog_LN=ln
gcc_cv_as_sparc_gotdata_op=no
gcc_cv_libc_provides_ssp=yes
gcc_cv_prog_cmp_skip='cmp --ignore-initial=16 $$f1 $$f2'
gcc_cv_tool_dirs=/Users/sidqian/Downloads/summer/L2S/netbsd-src/build/obj/tooldir.Darwin-22.1.0-x86_64/libexec/gcc/m68k--netbsdelf/10.4.0:/Users/sidqian/Downloads/summer/L2S/netbsd-src/build/obj/tooldir.Darwin-22.1.0-x86_64/libexec/gcc/m68k--netbsdelf:/usr/lib/gcc/m68k--netbsdelf/10.4.0:/usr/lib/gcc/m68k--netbsdelf:/Users/sidqian/Downloads/summer/L2S/netbsd-src/build/obj/tooldir.Darwin-22.1.0-x86_64/m68k--netbsdelf/bin/m68k--netbsdelf/10.4.0:/Users/sidqian/Downloads/summer/L2S/netbsd-src/build/obj/tooldir.Darwin-22.1.0-x86_64/m68k--netbsdelf/bin:
gcc_cv_tool_prefix=/Users/sidqian/Downloads/summer/L2S/netbsd-src/build/obj/tooldir.Darwin-22.1.0-x86_64
lt_cv_objdir=.libs

## ----------------- ##
## Output variables. ##
## ----------------- ##

AR='ar'
AR_FOR_BUILD='$(AR)'
AR_FOR_TARGET='/Users/sidqian/Downloads/summer/L2S/netbsd-src/build/obj/tooldir.Darwin-22.1.0-x86_64/m68k--netbsdelf/bin/ar'
AS='as'
AS_FOR_BUILD='$(AS)'
AS_FOR_TARGET='/Users/sidqian/Downloads/summer/L2S/netbsd-src/build/obj/tooldir.Darwin-22.1.0-x86_64/m68k--netbsdelf/bin/as'
AWK='/Users/sidqian/Downloads/summer/L2S/netbsd-src/build/obj/tooldir.Darwin-22.1.0-x86_64/bin/nbawk'
BISON='bison'
BUILD_CONFIG=''
CC='cc'
CC_FOR_BUILD='$(CC)'
CC_FOR_TARGET='$$r/$(HOST_SUBDIR)/gcc/xgcc -B$$r/$(HOST_SUBDIR)/gcc/'
CFLAGS='-O -O2 -no-cpp-precomp'
CFLAGS_FOR_BUILD='-O -O2 -no-cpp-precomp'
CFLAGS_FOR_TARGET='-g -O2'
COMPILER_AS_FOR_TARGET='$$r/$(HOST_SUBDIR)/gcc/as'
COMPILER_LD_FOR_TARGET='$$r/$(HOST_SUBDIR)/gcc/collect-ld'
COMPILER_NM_FOR_TARGET='$$r/$(HOST_SUBDIR)/gcc/nm'
CONFIGURE_GDB_TK=''
CPPFLAGS=''
CXX='c++'
CXXFLAGS='-O'
CXXFLAGS_FOR_BUILD='-O'
CXXFLAGS_FOR_TARGET='-g -O2'
CXX_FOR_BUILD='$(CXX)'
CXX_FOR_TARGET='$$r/$(HOST_SUBDIR)/gcc/xg++ -B$$r/$(HOST_SUBDIR)/gcc/ -nostdinc++ `if test -f $$r/$(TARGET_SUBDIR)/libstdc++-v3/scripts/testsuite_flags; then $(SHELL) $$r/$(TARGET_SUBDIR)/libstdc++-v3/scripts/testsuite_flags --build-includes; else echo -funconfigured-libstdc++-v3 ; fi` -L$$r/$(TARGET_SUBDIR)/libstdc++-v3/src -L$$r/$(TARGET_SUBDIR)/libstdc++-v3/src/.libs -L$$r/$(TARGET_SUBDIR)/libstdc++-v3/libsupc++/.libs'
DEBUG_PREFIX_CFLAGS_FOR_TARGET=''
DEFS='-DPACKAGE_NAME=\"\" -DPACKAGE_TARNAME=\"\" -DPACKAGE_VERSION=\"\" -DPACKAGE_STRING=\"\" -DPACKAGE_BUGREPORT=\"\" -DPACKAGE_URL=\"\" -DLT_OBJDIR=\".libs/\"'
DLLTOOL='dlltool'
DLLTOOL_FOR_BUILD='$(DLLTOOL)'
DLLTOOL_FOR_TARGET='m68k--netbsdelf-dlltool'
DSYMUTIL='dsymutil'
DSYMUTIL_FOR_BUILD='$(DSYMUTIL)'
DSYMUTIL_FOR_TARGET='m68k--netbsdelf-dsymutil'
ECHO_C='\c'
ECHO_N=''
ECHO_T=''
EXEEXT=''
EXPECT='expect'
FLAGS_FOR_TARGET=' -B$(build_tooldir)/bin/ -B$(build_tooldir)/lib/ -isystem $(build_tooldir)/include -isystem $(build_tooldir)/sys-include'
FLEX='/Users/sidqian/Downloads/summer/L2S/netbsd-src/build/obj/tooldir.Darwin-22.1.0-x86_64/bin/nblex'
GCC_FOR_TARGET='$$r/$(HOST_SUBDIR)/gcc/xgcc -B$$r/$(HOST_SUBDIR)/gcc/'
GCC_SHLIB_SUBDIR=''
GDB_TK=''
GDC_FOR_BUILD='$(GDC)'
GDC_FOR_TARGET='m68k--netbsdelf-gdc'
GFORTRAN_FOR_BUILD='$(GFORTRAN)'
GFORTRAN_FOR_TARGET='m68k--netbsdelf-gfortran'
GNATBIND='no'
GNATMAKE='no'
GOC_FOR_BUILD='$(GOC)'
GOC_FOR_TARGET='m68k--netbsdelf-gccgo'
INSTALL_DATA='${INSTALL} -m 644'
INSTALL_GDB_TK=''
INSTALL_PROGRAM='${INSTALL}'
INSTALL_SCRIPT='${INSTALL}'
LD='/Applications/Xcode.app/Contents/Developer/Toolchains/XcodeDefault.xctoolchain/usr/bin/ld'
LDFLAGS=''
LDFLAGS_FOR_BUILD=''
LDFLAGS_FOR_TARGET=''
LD_FOR_BUILD='$(LD)'
LD_FOR_TARGET='/Users/sidqian/Downloads/summer/L2S/netbsd-src/build/obj/tooldir.Darwin-22.1.0-x86_64/m68k--netbsdelf/bin/ld'
LEX='/Users/sidqian/Downloads/summer/L2S/netbsd-src/build/obj/tooldir.Darwin-22.1.0-x86_64/bin/nblex'
LIBOBJS=''
LIBS=''
LIPO='lipo'
LIPO_FOR_TARGET='m68k--netbsdelf-lipo'
LN='ln'
LN_S='ln -s'
LTLIBOBJS=''
M4='/Users/sidqian/Downloads/summer/L2S/netbsd-src/build/obj/tooldir.Darwin-22.1.0-x86_64/bin/nbm4'
MAINT='#'
MAINTAINER_MODE_FALSE=''
MAINTAINER_MODE_TRUE='#'
MAKEINFO='/Users/sidqian/Downloads/summer/L2S/netbsd-src/external/gpl3/gcc.old/dist/missing makeinfo'
NM='nm'
NM_FOR_BUILD='$(NM)'
NM_FOR_TARGET='/Users/sidqian/Downloads/summer/L2S/netbsd-src/build/obj/tooldir.Darwin-22.1.0-x86_64/m68k--netbsdelf/bin/nm'
OBJCOPY='objcopy'
OBJCOPY_FOR_TARGET='/Users/sidqian/Downloads/summer/L2S/netbsd-src/build/obj/tooldir.Darwin-22.1.0-x86_64/m68k--netbsdelf/bin/objcopy'
OBJDUMP='objdump'
OBJDUMP_FOR_TARGET='/Users/sidqian/Downloads/summer/L2S/netbsd-src/build/obj/tooldir.Darwin-22.1.0-x86_64/m68k--netbsdelf/bin/objdump'
OBJEXT='o'
OTOOL='otool'
OTOOL_FOR_TARGET='m68k--netbsdelf-otool'
PACKAGE_BUGREPORT=''
PACKAGE_NAME=''
PACKAGE_STRING=''
PACKAGE_TARNAME=''
PACKAGE_URL=''
PACKAGE_VERSION=''
PATH_SEPARATOR=':'
RANLIB='ranlib'
RANLIB_FOR_BUILD='$(RANLIB)'
RANLIB_FOR_TARGET='/Users/sidqian/Downloads/summer/L2S/netbsd-src/build/obj/tooldir.Darwin-22.1.0-x86_64/m68k--netbsdelf/bin/ranlib'
RAW_CXX_FOR_TARGET='$$r/$(HOST_SUBDIR)/gcc/xgcc -shared-libgcc -B$$r/$(HOST_SUBDIR)/gcc -nostdinc++ -L$$r/$(TARGET_SUBDIR)/libstdc++-v3/src -L$$r/$(TARGET_SUBDIR)/libstdc++-v3/src/.libs -L$$r/$(TARGET_SUBDIR)/libstdc++-v3/libsupc++/.libs'
READELF='readelf'
READELF_FOR_TARGET='/Users/sidqian/Downloads/summer/L2S/netbsd-src/build/obj/tooldir.Darwin-22.1.0-x86_64/m68k--netbsdelf/bin/readelf'
RPATH_ENVVAR='DYLD_LIBRARY_PATH'
RUNTEST='runtest'
SED='/usr/bin/sed'
SHELL='/bin/sh'
STRIP='strip'
STRIP_FOR_TARGET='/Users/sidqian/Downloads/summer/L2S/netbsd-src/build/obj/tooldir.Darwin-22.1.0-x86_64/m68k--netbsdelf/bin/strip'
SYSROOT_CFLAGS_FOR_TARGET=''
TOPLEVEL_CONFIGURE_ARGUMENTS='/Users/sidqian/Downloads/summer/L2S/netbsd-src/tools/gcc/../../external/gpl3/gcc.old/dist/configure --target=m68k--netbsdelf --enable-long-long --enable-threads --with-bugurl=http://www.NetBSD.org/support/send-pr.html --with-pkgversion='\''NetBSD nb1 20220722'\'' --with-system-zlib --without-isl --enable-__cxa_atexit --enable-libstdcxx-time=rt --enable-libstdcxx-threads --with-diagnostics-color=auto-if-env --with-default-libstdcxx-abi=new --with-sysroot=/Users/sidqian/Downloads/summer/L2S/netbsd-src/build/obj/destdir.luna68k --with-mpc=/Users/sidqian/Downloads/summer/L2S/netbsd-src/build/obj/tooldir.Darwin-22.1.0-x86_64 --with-mpfr=/Users/sidqian/Downloads/summer/L2S/netbsd-src/build/obj/tooldir.Darwin-22.1.0-x86_64 --with-gmp=/Users/sidqian/Downloads/summer/L2S/netbsd-src/build/obj/tooldir.Darwin-22.1.0-x86_64 --disable-nls --disable-multilib --program-transform-name='\''s,^,m68k--netbsdelf-,'\'' --enable-languages='\''c c++ objc'\'' --prefix=/Users/sidqian/Downloads/summer/L2S/netbsd-src/build/obj/tooldir.Darwin-22.1.0-x86_64'
WINDMC='windmc'
WINDMC_FOR_BUILD='$(WINDMC)'
WINDMC_FOR_TARGET='m68k--netbsdelf-windmc'
WINDRES='windres'
WINDRES_FOR_BUILD='$(WINDRES)'
WINDRES_FOR_TARGET='m68k--netbsdelf-windres'
YACC='/Users/sidqian/Downloads/summer/L2S/netbsd-src/build/obj/tooldir.Darwin-22.1.0-x86_64/bin/nbyacc'
ac_ct_CC='cc'
ac_ct_CXX=''
bindir='${exec_prefix}/bin'
build='x86_64-apple-darwin22.1.0'
build_alias=''
build_configargs=' --cache-file=./config.cache '\''--enable-long-long'\'' '\''--enable-threads'\'' '\''--with-bugurl=http://www.NetBSD.org/support/send-pr.html'\'' '\''--with-pkgversion=NetBSD nb1 20220722'\'' '\''--with-system-zlib'\'' '\''--without-isl'\'' '\''--enable-__cxa_atexit'\'' '\''--enable-libstdcxx-time=rt'\'' '\''--enable-libstdcxx-threads'\'' '\''--with-diagnostics-color=auto-if-env'\'' '\''--with-default-libstdcxx-abi=new'\'' '\''--with-sysroot=/Users/sidqian/Downloads/summer/L2S/netbsd-src/build/obj/destdir.luna68k'\'' '\''--with-mpc=/Users/sidqian/Downloads/summer/L2S/netbsd-src/build/obj/tooldir.Darwin-22.1.0-x86_64'\'' '\''--with-mpfr=/Users/sidqian/Downloads/summer/L2S/netbsd-src/build/obj/tooldir.Darwin-22.1.0-x86_64'\'' '\''--with-gmp=/Users/sidqian/Downloads/summer/L2S/netbsd-src/build/obj/tooldir.Darwin-22.1.0-x86_64'\'' '\''--disable-nls'\'' '\''--disable-multilib'\'' '\''--enable-languages=c c++ objc'\'' '\''--prefix=/Users/sidqian/Downloads/summer/L2S/netbsd-src/build/obj/tooldir.Darwin-22.1.0-x86_64'\'' '\''--enable-languages=c,c++,lto,objc'\'' --program-transform-name='\''s,^,m68k--netbsdelf-,'\'' --disable-option-checking'
build_configdirs=' libiberty libcpp fixincludes'
build_cpu='x86_64'
build_libsubdir='build-x86_64-apple-darwin22.1.0'
build_noncanonical='x86_64-apple-darwin22.1.0'
build_os='darwin22.1.0'
build_subdir='build-x86_64-apple-darwin22.1.0'
build_tooldir='${exec_prefix}/m68k--netbsdelf'
build_vendor='apple'
compare_exclusions='gcc/cc*-checksum$(objext) | gcc/ada/*tools/*'
configdirs=' intl libiberty libbacktrace libcpp libdecnumber fixincludes gcc libcc1 lto-plugin'
datadir='${datarootdir}'
datarootdir='${prefix}/share'
do_compare='cmp --ignore-initial=16 $$f1 $$f2'
docdir='${datarootdir}/doc/${PACKAGE}'
dvidir='${docdir}'
exec_prefix='${prefix}'
extra_host_libiberty_configure_flags='--enable-shared'
extra_host_zlib_configure_flags=''
extra_isl_gmp_configure_flags=''
extra_liboffloadmic_configure_flags=''
extra_linker_plugin_configure_flags=''
extra_linker_plugin_flags=''
extra_mpc_gmp_configure_flags=''
extra_mpc_mpfr_configure_flags=''
extra_mpfr_configure_flags=''
get_gcc_base_ver='cat'
gmpinc='-I/Users/sidqian/Downloads/summer/L2S/netbsd-src/build/obj/tooldir.Darwin-22.1.0-x86_64/include -I/Users/sidqian/Downloads/summer/L2S/netbsd-src/build/obj/tooldir.Darwin-22.1.0-x86_64/include -I/Users/sidqian/Downloads/summer/L2S/netbsd-src/build/obj/tooldir.Darwin-22.1.0-x86_64/include '
gmplibs='-L/Users/sidqian/Downloads/summer/L2S/netbsd-src/build/obj/tooldir.Darwin-22.1.0-x86_64/lib -L/Users/sidqian/Downloads/summer/L2S/netbsd-src/build/obj/tooldir.Darwin-22.1.0-x86_64/lib -L/Users/sidqian/Downloads/summer/L2S/netbsd-src/build/obj/tooldir.Darwin-22.1.0-x86_64/lib -lmpc -lmpfr -lgmp'
host='x86_64-apple-darwin22.1.0'
host_alias=''
host_configargs=' --cache-file=./config.cache  --with-system-zlib '\''--enable-long-long'\'' '\''--enable-threads'\'' '\''--with-bugurl=http://www.NetBSD.org/support/send-pr.html'\'' '\''--with-pkgversion=NetBSD nb1 20220722'\'' '\''--with-system-zlib'\'' '\''--without-isl'\'' '\''--enable-__cxa_atexit'\'' '\''--enable-libstdcxx-time=rt'\'' '\''--enable-libstdcxx-threads'\'' '\''--with-diagnostics-color=auto-if-env'\'' '\''--with-default-libstdcxx-abi=new'\'' '\''--with-sysroot=/Users/sidqian/Downloads/summer/L2S/netbsd-src/build/obj/destdir.luna68k'\'' '\''--with-mpc=/Users/sidqian/Downloads/summer/L2S/netbsd-src/build/obj/tooldir.Darwin-22.1.0-x86_64'\'' '\''--with-mpfr=/Users/sidqian/Downloads/summer/L2S/netbsd-src/build/obj/tooldir.Darwin-22.1.0-x86_64'\'' '\''--with-gmp=/Users/sidqian/Downloads/summer/L2S/netbsd-src/build/obj/tooldir.Darwin-22.1.0-x86_64'\'' '\''--disable-nls'\'' '\''--disable-multilib'\'' '\''--enable-languages=c c++ objc'\'' '\''--prefix=/Users/sidqian/Downloads/summer/L2S/netbsd-src/build/obj/tooldir.Darwin-22.1.0-x86_64'\'' '\''--enable-languages=c,c++,lto,objc'\'' --program-transform-name='\''s,^,m68k--netbsdelf-,'\'' --disable-option-checking'
host_cpu='x86_64'
host_noncanonical='x86_64-apple-darwin22.1.0'
host_os='darwin22.1.0'
host_shared='no'
host_subdir='.'
host_vendor='apple'
htmldir='${docdir}'
includedir='${prefix}/include'
infodir='${datarootdir}/info'
islinc=''
isllibs=''
libdir='${exec_prefix}/lib'
libexecdir='${exec_prefix}/libexec'
localedir='${datarootdir}/locale'
localstatedir='${prefix}/var'
mandir='${datarootdir}/man'
oldincludedir='/usr/include'
pdfdir='${docdir}'
poststage1_ldflags='-static-libstdc++ -static-libgcc'
poststage1_libs=''
prefix='/Users/sidqian/Downloads/summer/L2S/netbsd-src/build/obj/tooldir.Darwin-22.1.0-x86_64'
program_transform_name='s,^,m68k--netbsdelf-,'
psdir='${docdir}'
sbindir='${exec_prefix}/sbin'
sharedstatedir='${prefix}/com'
stage1_cflags='-g'
stage1_checking='--enable-checking=yes,types'
stage1_languages='c,c++,lto'
stage1_ldflags=''
stage1_libs=''
stage2_werror_flag=''
sysconfdir='${prefix}/etc'
target='m68k--netbsdelf'
target_alias='m68k--netbsdelf'
target_configargs='--cache-file=./config.cache --with-cross-host=x86_64-apple-darwin22.1.0   '\''--enable-long-long'\'' '\''--enable-threads'\'' '\''--with-bugurl=http://www.NetBSD.org/support/send-pr.html'\'' '\''--with-pkgversion=NetBSD nb1 20220722'\'' '\''--with-system-zlib'\'' '\''--enable-__cxa_atexit'\'' '\''--enable-libstdcxx-time=rt'\'' '\''--enable-libstdcxx-threads'\'' '\''--with-diagnostics-color=auto-if-env'\'' '\''--with-default-libstdcxx-abi=new'\'' '\''--with-sysroot=/Users/sidqian/Downloads/summer/L2S/netbsd-src/build/obj/destdir.luna68k'\'' '\''--disable-nls'\'' '\''--disable-multilib'\'' '\''--enable-languages=c c++ objc'\'' '\''--prefix=/Users/sidqian/Downloads/summer/L2S/netbsd-src/build/obj/tooldir.Darwin-22.1.0-x86_64'\'' '\''--enable-languages=c,c++,lto,objc'\'' --program-transform-name='\''s,^,m68k--netbsdelf-,'\'' --disable-option-checking'
target_configdirs=' libgcc libgomp libstdc++-v3 libsanitizer libssp libquadmath libobjc'
target_cpu='m68k'
target_noncanonical='m68k--netbsdelf'
target_os='netbsdelf'
target_subdir='m68k--netbsdelf'
target_vendor=''
tooldir='${exec_prefix}/m68k--netbsdelf'

## ------------------- ##
## File substitutions. ##
## ------------------- ##

alphaieee_frag='/dev/null'
host_makefile_frag='/dev/null'
ospace_frag='/dev/null'
serialization_dependencies='serdep.tmp'
target_makefile_frag='/dev/null'

## ----------- ##
## confdefs.h. ##
## ----------- ##

/* confdefs.h */
#define PACKAGE_NAME ""
#define PACKAGE_TARNAME ""
#define PACKAGE_VERSION ""
#define PACKAGE_STRING ""
#define PACKAGE_BUGREPORT ""
#define PACKAGE_URL ""
#define LT_OBJDIR ".libs/"

configure: exit 0
