This file contains any messages produced by compilers while
running configure, to aid debugging if configure makes a mistake.

It was created by configure, which was
generated by GNU Autoconf 2.69.  Invocation command line was

  $ /Users/sidqian/Downloads/summer/L2S/netbsd-src/tools/binutils/../../external/gpl3/binutils/dist/configure --disable-nls --disable-werror --program-transform-name=s,^,m68k--netbsdelf-, --target=m68k--netbsdelf --enable-initfini-array=yes --enable-default-execstack=no --with-pkgversion=NetBSD Binutils nb1 --with-bugurl=http://www.NetBSD.org/support/send-pr.html --with-lib-path==/usr/lib --with-sysroot --prefix=/Users/sidqian/Downloads/summer/L2S/netbsd-src/build/obj/tooldir.Darwin-22.1.0-x86_64

## --------- ##
## Platform. ##
## --------- ##

hostname = Sid-Qians-MacBook-Pro-2.local
uname -m = x86_64
uname -r = 22.1.0
uname -s = Darwin
uname -v = Darwin Kernel Version 22.1.0: Sun Oct  9 20:14:54 PDT 2022; root:xnu-8792.41.9~2/RELEASE_X86_64

/usr/bin/uname -p = i386
/bin/uname -X     = unknown

/bin/arch              = unknown
/usr/bin/arch -k       = unknown
/usr/convex/getsysinfo = unknown
/usr/bin/hostinfo      = Mach kernel version:
	 Darwin Kernel Version 22.1.0: Sun Oct  9 20:14:54 PDT 2022; root:xnu-8792.41.9~2/RELEASE_X86_64
Kernel configured for up to 8 processors.
4 processors are physically available.
8 processors are logically available.
Processor type: x86_64h (Intel x86-64h Haswell)
Processors active: 0 1 2 3 4 5 6 7
Primary memory available: 16.00 gigabytes
Default processor set: 646 tasks, 3149 threads, 8 processors
Load average: 4.96, Mach factor: 3.07
/bin/machine           = unknown
/usr/bin/oslevel       = unknown
/bin/universe          = unknown

PATH: /Users/sidqian/Downloads/summer/L2S/netbsd-src/build/obj/tooldir.Darwin-22.1.0-x86_64/bin
PATH: /usr/local/bin
PATH: /System/Cryptexes/App/usr/bin
PATH: /usr/bin
PATH: /bin
PATH: /usr/sbin
PATH: /sbin
PATH: /Library/Apple/usr/bin
PATH: /Users/sidqian/ch-darwin-amd64
PATH: /Users/sidqian/ch-darwin-amd64
PATH: /Users/sidqian/Downloads/flutter/bin


## ----------- ##
## Core tests. ##
## ----------- ##

configure:2355: checking build system type
configure:2369: result: x86_64-apple-darwin22.1.0
configure:2416: checking host system type
configure:2429: result: x86_64-apple-darwin22.1.0
configure:2449: checking target system type
configure:2462: result: m68k--netbsdelf
configure:2516: checking for a BSD-compatible install
configure:2584: result: /Users/sidqian/Downloads/summer/L2S/netbsd-src/build/obj/tooldir.Darwin-22.1.0-x86_64/bin/m68k--netbsdelf-install -c  -r
configure:2595: checking whether ln works
configure:2617: result: yes
configure:2621: checking whether ln -s works
configure:2625: result: yes
configure:2632: checking for a sed that does not truncate output
configure:2696: result: /usr/bin/sed
configure:2705: checking for gawk
configure:2732: result: /Users/sidqian/Downloads/summer/L2S/netbsd-src/build/obj/tooldir.Darwin-22.1.0-x86_64/bin/nbawk
configure:4084: checking for gcc
configure:4111: result: cc
configure:4340: checking for C compiler version
configure:4349: cc --version >&5
Apple clang version 14.0.3 (clang-1403.0.22.14.1)
Target: x86_64-apple-darwin22.1.0
Thread model: posix
InstalledDir: /Applications/Xcode.app/Contents/Developer/Toolchains/XcodeDefault.xctoolchain/usr/bin
configure:4360: $? = 0
configure:4349: cc -v >&5
Apple clang version 14.0.3 (clang-1403.0.22.14.1)
Target: x86_64-apple-darwin22.1.0
Thread model: posix
InstalledDir: /Applications/Xcode.app/Contents/Developer/Toolchains/XcodeDefault.xctoolchain/usr/bin
configure:4360: $? = 0
configure:4349: cc -V >&5
clang: error: argument to '-V' is missing (expected 1 value)
clang: error: no input files
configure:4360: $? = 1
configure:4349: cc -qversion >&5
clang: error: unknown argument '-qversion'; did you mean '--version'?
clang: error: no input files
configure:4360: $? = 1
configure:4380: checking whether the C compiler works
configure:4402: cc -O -O2 -no-cpp-precomp   conftest.c  >&5
configure:4406: $? = 0
configure:4454: result: yes
configure:4457: checking for C compiler default output file name
configure:4459: result: a.out
configure:4465: checking for suffix of executables
configure:4472: cc -o conftest -O -O2 -no-cpp-precomp   conftest.c  >&5
configure:4476: $? = 0
configure:4498: result: 
configure:4520: checking whether we are cross compiling
configure:4528: cc -o conftest -O -O2 -no-cpp-precomp   conftest.c  >&5
configure:4532: $? = 0
configure:4539: ./conftest
configure:4543: $? = 0
configure:4558: result: no
configure:4563: checking for suffix of object files
configure:4585: cc -c -O -O2 -no-cpp-precomp  conftest.c >&5
configure:4589: $? = 0
configure:4610: result: o
configure:4614: checking whether we are using the GNU C compiler
configure:4633: cc -c -O -O2 -no-cpp-precomp  conftest.c >&5
configure:4633: $? = 0
configure:4642: result: yes
configure:4651: checking whether cc accepts -g
configure:4671: cc -c -g  conftest.c >&5
configure:4671: $? = 0
configure:4712: result: yes
configure:4729: checking for cc option to accept ISO C89
configure:4792: cc  -c -O -O2 -no-cpp-precomp  conftest.c >&5
conftest.c:15:14: warning: a function declaration without a prototype is deprecated in all versions of C and is not supported in C2x [-Wdeprecated-non-prototype]
static char *e (p, i)
             ^
1 warning generated.
configure:4792: $? = 0
configure:4805: result: none needed
configure:4825: checking for cc option to accept ISO C99
configure:4974: cc  -c -O -O2 -no-cpp-precomp  conftest.c >&5
configure:4974: $? = 0
configure:4987: result: none needed
configure:5114: checking for C++ compiler version
configure:5123: c++ --version >&5
Apple clang version 14.0.3 (clang-1403.0.22.14.1)
Target: x86_64-apple-darwin22.1.0
Thread model: posix
InstalledDir: /Applications/Xcode.app/Contents/Developer/Toolchains/XcodeDefault.xctoolchain/usr/bin
configure:5134: $? = 0
configure:5123: c++ -v >&5
Apple clang version 14.0.3 (clang-1403.0.22.14.1)
Target: x86_64-apple-darwin22.1.0
Thread model: posix
InstalledDir: /Applications/Xcode.app/Contents/Developer/Toolchains/XcodeDefault.xctoolchain/usr/bin
configure:5134: $? = 0
configure:5123: c++ -V >&5
clang: error: argument to '-V' is missing (expected 1 value)
clang: error: no input files
configure:5134: $? = 1
configure:5123: c++ -qversion >&5
clang: error: unknown argument '-qversion'; did you mean '--version'?
clang: error: no input files
configure:5134: $? = 1
configure:5138: checking whether we are using the GNU C++ compiler
configure:5157: c++ -c -O  conftest.cpp >&5
configure:5157: $? = 0
configure:5166: result: yes
configure:5175: checking whether c++ accepts -g
configure:5195: c++ -c -g  conftest.cpp >&5
configure:5195: $? = 0
configure:5236: result: yes
configure:5285: checking whether g++ accepts -static-libstdc++ -static-libgcc
configure:5302: c++ -o conftest -O   -static-libstdc++ -static-libgcc conftest.cpp  >&5
clang: error: unsupported option '-static-libgcc'
configure:5302: $? = 1
configure: failed program was:
| /* confdefs.h */
| #define PACKAGE_NAME ""
| #define PACKAGE_TARNAME ""
| #define PACKAGE_VERSION ""
| #define PACKAGE_STRING ""
| #define PACKAGE_BUGREPORT ""
| #define PACKAGE_URL ""
| /* end confdefs.h.  */
| 
| #if (__GNUC__ < 4) || (__GNUC__ == 4 && __GNUC_MINOR__ < 5)
| #error -static-libstdc++ not implemented
| #endif
| int main() {}
configure:5306: result: no
configure:5367: checking for gnatbind
configure:5397: result: no
configure:5459: checking for gnatmake
configure:5489: result: no
configure:5508: checking whether compiler driver understands Ada
configure:5531: result: no
configure:5540: checking how to compare bootstrapped objects
configure:5565: result: cmp --ignore-initial=16 $$f1 $$f2
configure:5710: checking for objdir
configure:5725: result: .libs
configure:6290: checking for isl 0.15 or later
configure:6303: cc -o conftest -O -O2 -no-cpp-precomp      -lisl -lmpc -lmpfr -lgmp conftest.c  -lisl -lgmp >&5
conftest.c:10:10: fatal error: 'isl/schedule.h' file not found
#include <isl/schedule.h>
         ^~~~~~~~~~~~~~~~
1 error generated.
configure:6303: $? = 1
configure: failed program was:
| /* confdefs.h */
| #define PACKAGE_NAME ""
| #define PACKAGE_TARNAME ""
| #define PACKAGE_VERSION ""
| #define PACKAGE_STRING ""
| #define PACKAGE_BUGREPORT ""
| #define PACKAGE_URL ""
| #define LT_OBJDIR ".libs/"
| /* end confdefs.h.  */
| #include <isl/schedule.h>
| int
| main ()
| {
| isl_options_set_schedule_serialize_sccs (NULL, 0);
|   ;
|   return 0;
| }
configure:6310: result: no
configure:6314: result: required isl version is 0.15 or later
configure:7421: checking for default BUILD_CONFIG
configure:7453: result: 
configure:7458: checking for --enable-vtable-verify
configure:7471: result: no
configure:8092: checking for bison
configure:8119: result: /Users/sidqian/Downloads/summer/L2S/netbsd-src/build/obj/tooldir.Darwin-22.1.0-x86_64/bin/nbyacc
configure:8139: checking for bison
configure:8155: found /usr/bin/bison
configure:8166: result: bison
configure:8186: checking for gm4
configure:8213: result: /Users/sidqian/Downloads/summer/L2S/netbsd-src/build/obj/tooldir.Darwin-22.1.0-x86_64/bin/nbm4
configure:8233: checking for flex
configure:8260: result: /Users/sidqian/Downloads/summer/L2S/netbsd-src/build/obj/tooldir.Darwin-22.1.0-x86_64/bin/nblex
configure:8281: checking for flex
configure:8308: result: /Users/sidqian/Downloads/summer/L2S/netbsd-src/build/obj/tooldir.Darwin-22.1.0-x86_64/bin/nblex
configure:8328: checking for makeinfo
configure:8358: result: no
configure:8389: checking for expect
configure:8405: found /usr/bin/expect
configure:8416: result: expect
configure:8438: checking for runtest
configure:8468: result: no
configure:8502: checking for ar
configure:8529: result: ar
configure:8724: checking for as
configure:8740: found /usr/bin/as
configure:8751: result: as
configure:8865: checking for dlltool
configure:8895: result: no
configure:8925: checking for ld
configure:8952: result: /Applications/Xcode.app/Contents/Developer/Toolchains/XcodeDefault.xctoolchain/usr/bin/ld
configure:9147: checking for lipo
configure:9163: found /usr/bin/lipo
configure:9174: result: lipo
configure:9288: checking for nm
configure:9304: found /usr/bin/nm
configure:9315: result: nm
configure:9348: checking for ranlib
configure:9375: result: ranlib
configure:9565: checking for strip
configure:9581: found /usr/bin/strip
configure:9592: result: strip
configure:9701: checking for windres
configure:9731: result: no
configure:9842: checking for windmc
configure:9872: result: no
configure:9983: checking for objcopy
configure:10013: result: no
configure:10124: checking for objdump
configure:10140: found /usr/bin/objdump
configure:10151: result: objdump
configure:10265: checking for readelf
configure:10295: result: no
configure:10319: checking for -plugin option
configure:10442: result: no
configure:10551: checking for m68k--netbsdelf-cc
configure:10581: result: no
configure:10551: checking for m68k--netbsdelf-gcc
configure:10567: found /Users/sidqian/Downloads/summer/L2S/netbsd-src/build/obj/tooldir.Darwin-22.1.0-x86_64/bin/m68k--netbsdelf-gcc
configure:10578: result: m68k--netbsdelf-gcc
configure:10712: checking for m68k--netbsdelf-c++
configure:10728: found /Users/sidqian/Downloads/summer/L2S/netbsd-src/build/obj/tooldir.Darwin-22.1.0-x86_64/bin/m68k--netbsdelf-c++
configure:10739: result: m68k--netbsdelf-c++
configure:10873: checking for m68k--netbsdelf-gcc
configure:10889: found /Users/sidqian/Downloads/summer/L2S/netbsd-src/build/obj/tooldir.Darwin-22.1.0-x86_64/bin/m68k--netbsdelf-gcc
configure:10900: result: m68k--netbsdelf-gcc
configure:11029: checking for m68k--netbsdelf-gfortran
configure:11059: result: no
configure:11190: checking for m68k--netbsdelf-gccgo
configure:11220: result: no
configure:11431: checking for m68k--netbsdelf-ar
configure:11447: found /Users/sidqian/Downloads/summer/L2S/netbsd-src/build/obj/tooldir.Darwin-22.1.0-x86_64/bin/m68k--netbsdelf-ar
configure:11458: result: m68k--netbsdelf-ar
configure:11661: checking for m68k--netbsdelf-as
configure:11677: found /Users/sidqian/Downloads/summer/L2S/netbsd-src/build/obj/tooldir.Darwin-22.1.0-x86_64/bin/m68k--netbsdelf-as
configure:11688: result: m68k--netbsdelf-as
configure:11891: checking for m68k--netbsdelf-dlltool
configure:11921: result: no
configure:12121: checking for m68k--netbsdelf-ld
configure:12137: found /Users/sidqian/Downloads/summer/L2S/netbsd-src/build/obj/tooldir.Darwin-22.1.0-x86_64/bin/m68k--netbsdelf-ld
configure:12148: result: m68k--netbsdelf-ld
configure:12351: checking for m68k--netbsdelf-lipo
configure:12381: result: no
configure:12581: checking for m68k--netbsdelf-nm
configure:12597: found /Users/sidqian/Downloads/summer/L2S/netbsd-src/build/obj/tooldir.Darwin-22.1.0-x86_64/bin/m68k--netbsdelf-nm
configure:12608: result: m68k--netbsdelf-nm
configure:12811: checking for m68k--netbsdelf-objcopy
configure:12827: found /Users/sidqian/Downloads/summer/L2S/netbsd-src/build/obj/tooldir.Darwin-22.1.0-x86_64/bin/m68k--netbsdelf-objcopy
configure:12838: result: m68k--netbsdelf-objcopy
configure:13041: checking for m68k--netbsdelf-objdump
configure:13057: found /Users/sidqian/Downloads/summer/L2S/netbsd-src/build/obj/tooldir.Darwin-22.1.0-x86_64/bin/m68k--netbsdelf-objdump
configure:13068: result: m68k--netbsdelf-objdump
configure:13271: checking for m68k--netbsdelf-ranlib
configure:13287: found /Users/sidqian/Downloads/summer/L2S/netbsd-src/build/obj/tooldir.Darwin-22.1.0-x86_64/bin/m68k--netbsdelf-ranlib
configure:13298: result: m68k--netbsdelf-ranlib
configure:13501: checking for m68k--netbsdelf-readelf
configure:13517: found /Users/sidqian/Downloads/summer/L2S/netbsd-src/build/obj/tooldir.Darwin-22.1.0-x86_64/bin/m68k--netbsdelf-readelf
configure:13528: result: m68k--netbsdelf-readelf
configure:13731: checking for m68k--netbsdelf-strip
configure:13747: found /Users/sidqian/Downloads/summer/L2S/netbsd-src/build/obj/tooldir.Darwin-22.1.0-x86_64/bin/m68k--netbsdelf-strip
configure:13758: result: m68k--netbsdelf-strip
configure:13961: checking for m68k--netbsdelf-windres
configure:13991: result: no
configure:14191: checking for m68k--netbsdelf-windmc
configure:14221: result: no
configure:14288: checking where to find the target ar
configure:14311: result: just compiled
configure:14330: checking where to find the target as
configure:14353: result: just compiled
configure:14372: checking where to find the target cc
configure:14409: result: pre-installed
configure:14414: checking where to find the target c++
configure:14454: result: pre-installed
configure:14459: checking where to find the target c++ for libstdc++
configure:14499: result: pre-installed
configure:14504: checking where to find the target dlltool
configure:14527: result: just compiled
configure:14546: checking where to find the target gcc
configure:14583: result: pre-installed
configure:14588: checking where to find the target gfortran
configure:14628: result: pre-installed
configure:14633: checking where to find the target gccgo
configure:14673: result: pre-installed
configure:14678: checking where to find the target ld
configure:14701: result: just compiled
configure:14720: checking where to find the target lipo
configure:14746: result: pre-installed
configure:14751: checking where to find the target nm
configure:14774: result: just compiled
configure:14793: checking where to find the target objcopy
configure:14816: result: just compiled
configure:14835: checking where to find the target objdump
configure:14858: result: just compiled
configure:14877: checking where to find the target ranlib
configure:14900: result: just compiled
configure:14919: checking where to find the target readelf
configure:14942: result: just compiled
configure:14961: checking where to find the target strip
configure:14984: result: just compiled
configure:15003: checking where to find the target windres
configure:15026: result: just compiled
configure:15045: checking where to find the target windmc
configure:15068: result: just compiled
configure:15115: checking whether to enable maintainer-specific portions of Makefiles
configure:15124: result: no
configure:15367: creating ./config.status

## ---------------------- ##
## Running config.status. ##
## ---------------------- ##

This file was extended by config.status, which was
generated by GNU Autoconf 2.69.  Invocation command line was

  CONFIG_FILES    = 
  CONFIG_HEADERS  = 
  CONFIG_LINKS    = 
  CONFIG_COMMANDS = 
  $ ./config.status 

on Sid-Qians-MacBook-Pro-2.local

config.status:988: creating Makefile

## ---------------- ##
## Cache variables. ##
## ---------------- ##

ac_cv_build=x86_64-apple-darwin22.1.0
ac_cv_c_compiler_gnu=yes
ac_cv_cxx_compiler_gnu=yes
ac_cv_env_AR_FOR_TARGET_set=
ac_cv_env_AR_FOR_TARGET_value=
ac_cv_env_AR_set=set
ac_cv_env_AR_value=ar
ac_cv_env_AS_FOR_TARGET_set=
ac_cv_env_AS_FOR_TARGET_value=
ac_cv_env_AS_set=
ac_cv_env_AS_value=
ac_cv_env_CCC_set=
ac_cv_env_CCC_value=
ac_cv_env_CC_FOR_TARGET_set=
ac_cv_env_CC_FOR_TARGET_value=
ac_cv_env_CC_set=set
ac_cv_env_CC_value=cc
ac_cv_env_CFLAGS_set=set
ac_cv_env_CFLAGS_value='-O -O2 -no-cpp-precomp'
ac_cv_env_CPPFLAGS_set=set
ac_cv_env_CPPFLAGS_value=
ac_cv_env_CXXFLAGS_set=set
ac_cv_env_CXXFLAGS_value=-O
ac_cv_env_CXX_FOR_TARGET_set=
ac_cv_env_CXX_FOR_TARGET_value=
ac_cv_env_CXX_set=set
ac_cv_env_CXX_value=c++
ac_cv_env_DLLTOOL_FOR_TARGET_set=
ac_cv_env_DLLTOOL_FOR_TARGET_value=
ac_cv_env_DLLTOOL_set=
ac_cv_env_DLLTOOL_value=
ac_cv_env_GCC_FOR_TARGET_set=
ac_cv_env_GCC_FOR_TARGET_value=
ac_cv_env_GFORTRAN_FOR_TARGET_set=
ac_cv_env_GFORTRAN_FOR_TARGET_value=
ac_cv_env_GOC_FOR_TARGET_set=
ac_cv_env_GOC_FOR_TARGET_value=
ac_cv_env_LDFLAGS_set=set
ac_cv_env_LDFLAGS_value=
ac_cv_env_LD_FOR_TARGET_set=
ac_cv_env_LD_FOR_TARGET_value=
ac_cv_env_LD_set=
ac_cv_env_LD_value=
ac_cv_env_LIBS_set=
ac_cv_env_LIBS_value=
ac_cv_env_LIPO_FOR_TARGET_set=
ac_cv_env_LIPO_FOR_TARGET_value=
ac_cv_env_LIPO_set=
ac_cv_env_LIPO_value=
ac_cv_env_NM_FOR_TARGET_set=
ac_cv_env_NM_FOR_TARGET_value=
ac_cv_env_NM_set=
ac_cv_env_NM_value=
ac_cv_env_OBJCOPY_FOR_TARGET_set=
ac_cv_env_OBJCOPY_FOR_TARGET_value=
ac_cv_env_OBJCOPY_set=
ac_cv_env_OBJCOPY_value=
ac_cv_env_OBJDUMP_FOR_TARGET_set=
ac_cv_env_OBJDUMP_FOR_TARGET_value=
ac_cv_env_OBJDUMP_set=
ac_cv_env_OBJDUMP_value=
ac_cv_env_RANLIB_FOR_TARGET_set=
ac_cv_env_RANLIB_FOR_TARGET_value=
ac_cv_env_RANLIB_set=set
ac_cv_env_RANLIB_value=ranlib
ac_cv_env_READELF_FOR_TARGET_set=
ac_cv_env_READELF_FOR_TARGET_value=
ac_cv_env_READELF_set=
ac_cv_env_READELF_value=
ac_cv_env_STRIP_FOR_TARGET_set=
ac_cv_env_STRIP_FOR_TARGET_value=
ac_cv_env_STRIP_set=
ac_cv_env_STRIP_value=
ac_cv_env_WINDMC_FOR_TARGET_set=
ac_cv_env_WINDMC_FOR_TARGET_value=
ac_cv_env_WINDMC_set=
ac_cv_env_WINDMC_value=
ac_cv_env_WINDRES_FOR_TARGET_set=
ac_cv_env_WINDRES_FOR_TARGET_value=
ac_cv_env_WINDRES_set=
ac_cv_env_WINDRES_value=
ac_cv_env_build_alias_set=
ac_cv_env_build_alias_value=
ac_cv_env_build_configargs_set=
ac_cv_env_build_configargs_value=
ac_cv_env_host_alias_set=
ac_cv_env_host_alias_value=
ac_cv_env_host_configargs_set=
ac_cv_env_host_configargs_value=
ac_cv_env_target_alias_set=set
ac_cv_env_target_alias_value=m68k--netbsdelf
ac_cv_env_target_configargs_set=
ac_cv_env_target_configargs_value=
ac_cv_host=x86_64-apple-darwin22.1.0
ac_cv_objext=o
ac_cv_path_SED=/usr/bin/sed
ac_cv_path_mkdir='/Users/sidqian/Downloads/summer/L2S/netbsd-src/build/obj/tooldir.Darwin-22.1.0-x86_64/bin/m68k--netbsdelf-install -d'
ac_cv_prog_AR=ar
ac_cv_prog_AR_FOR_TARGET=m68k--netbsdelf-ar
ac_cv_prog_AS=as
ac_cv_prog_AS_FOR_TARGET=m68k--netbsdelf-as
ac_cv_prog_AWK=/Users/sidqian/Downloads/summer/L2S/netbsd-src/build/obj/tooldir.Darwin-22.1.0-x86_64/bin/nbawk
ac_cv_prog_BISON=bison
ac_cv_prog_CC_FOR_TARGET=m68k--netbsdelf-gcc
ac_cv_prog_CXX_FOR_TARGET=m68k--netbsdelf-c++
ac_cv_prog_EXPECT=expect
ac_cv_prog_FLEX=/Users/sidqian/Downloads/summer/L2S/netbsd-src/build/obj/tooldir.Darwin-22.1.0-x86_64/bin/nblex
ac_cv_prog_GCC_FOR_TARGET=m68k--netbsdelf-gcc
ac_cv_prog_LD=/Applications/Xcode.app/Contents/Developer/Toolchains/XcodeDefault.xctoolchain/usr/bin/ld
ac_cv_prog_LD_FOR_TARGET=m68k--netbsdelf-ld
ac_cv_prog_LEX=/Users/sidqian/Downloads/summer/L2S/netbsd-src/build/obj/tooldir.Darwin-22.1.0-x86_64/bin/nblex
ac_cv_prog_LIPO=lipo
ac_cv_prog_M4=/Users/sidqian/Downloads/summer/L2S/netbsd-src/build/obj/tooldir.Darwin-22.1.0-x86_64/bin/nbm4
ac_cv_prog_NM=nm
ac_cv_prog_NM_FOR_TARGET=m68k--netbsdelf-nm
ac_cv_prog_OBJCOPY_FOR_TARGET=m68k--netbsdelf-objcopy
ac_cv_prog_OBJDUMP=objdump
ac_cv_prog_OBJDUMP_FOR_TARGET=m68k--netbsdelf-objdump
ac_cv_prog_RANLIB=ranlib
ac_cv_prog_RANLIB_FOR_TARGET=m68k--netbsdelf-ranlib
ac_cv_prog_READELF_FOR_TARGET=m68k--netbsdelf-readelf
ac_cv_prog_STRIP=strip
ac_cv_prog_STRIP_FOR_TARGET=m68k--netbsdelf-strip
ac_cv_prog_YACC=/Users/sidqian/Downloads/summer/L2S/netbsd-src/build/obj/tooldir.Darwin-22.1.0-x86_64/bin/nbyacc
ac_cv_prog_ac_ct_CC=cc
ac_cv_prog_cc_c89=
ac_cv_prog_cc_c99=
ac_cv_prog_cc_g=yes
ac_cv_prog_cxx_g=yes
ac_cv_target=m68k--netbsdelf
acx_cv_cc_gcc_supports_ada=no
acx_cv_prog_LN=ln
gcc_cv_isl=no
gcc_cv_prog_cmp_skip='cmp --ignore-initial=16 $$f1 $$f2'
gcc_cv_tool_dirs=
gcc_cv_tool_prefix=/Users/sidqian/Downloads/summer/L2S/netbsd-src/build/obj/tooldir.Darwin-22.1.0-x86_64
lt_cv_objdir=.libs

## ----------------- ##
## Output variables. ##
## ----------------- ##

AR='ar'
AR_FOR_BUILD='$(AR)'
AR_FOR_TARGET='$$r/$(HOST_SUBDIR)/binutils/ar'
AR_PLUGIN_OPTION=''
AS='as'
AS_FOR_BUILD='$(AS)'
AS_FOR_TARGET='$$r/$(HOST_SUBDIR)/gas/as-new'
AWK='/Users/sidqian/Downloads/summer/L2S/netbsd-src/build/obj/tooldir.Darwin-22.1.0-x86_64/bin/nbawk'
BISON='bison'
BUILD_CONFIG=''
CC='cc'
CC_FOR_BUILD='$(CC)'
CC_FOR_TARGET='m68k--netbsdelf-gcc'
CFLAGS='-O -O2 -no-cpp-precomp'
CFLAGS_FOR_BUILD='-O -O2 -no-cpp-precomp'
CFLAGS_FOR_TARGET='-g -O2'
COMPILER_AS_FOR_TARGET='$(AS_FOR_TARGET)'
COMPILER_LD_FOR_TARGET='$(LD_FOR_TARGET)'
COMPILER_NM_FOR_TARGET='$(NM_FOR_TARGET)'
CONFIGURE_GDB_TK=''
CPPFLAGS=''
CXX='c++'
CXXFLAGS='-O'
CXXFLAGS_FOR_BUILD='-O'
CXXFLAGS_FOR_TARGET='-g -O2'
CXX_FOR_BUILD='$(CXX)'
CXX_FOR_TARGET='m68k--netbsdelf-c++'
DEBUG_PREFIX_CFLAGS_FOR_TARGET=''
DEFS='-DPACKAGE_NAME=\"\" -DPACKAGE_TARNAME=\"\" -DPACKAGE_VERSION=\"\" -DPACKAGE_STRING=\"\" -DPACKAGE_BUGREPORT=\"\" -DPACKAGE_URL=\"\" -DLT_OBJDIR=\".libs/\"'
DLLTOOL='dlltool'
DLLTOOL_FOR_BUILD='$(DLLTOOL)'
DLLTOOL_FOR_TARGET='$$r/$(HOST_SUBDIR)/binutils/dlltool'
ECHO_C='\c'
ECHO_N=''
ECHO_T=''
EXEEXT=''
EXPECT='expect'
FLAGS_FOR_TARGET=' -L$$r/$(HOST_SUBDIR)/ld'
FLEX='/Users/sidqian/Downloads/summer/L2S/netbsd-src/build/obj/tooldir.Darwin-22.1.0-x86_64/bin/nblex'
GCC_FOR_TARGET='m68k--netbsdelf-gcc'
GCC_SHLIB_SUBDIR=''
GDB_TK=''
GFORTRAN_FOR_BUILD='$(GFORTRAN)'
GFORTRAN_FOR_TARGET='m68k--netbsdelf-gfortran'
GNATBIND='no'
GNATMAKE='no'
GOC_FOR_BUILD='$(GOC)'
GOC_FOR_TARGET='m68k--netbsdelf-gccgo'
INSTALL_DATA='${INSTALL} -m 644'
INSTALL_GDB_TK=''
INSTALL_PROGRAM='${INSTALL}'
INSTALL_SCRIPT='${INSTALL}'
LD='/Applications/Xcode.app/Contents/Developer/Toolchains/XcodeDefault.xctoolchain/usr/bin/ld'
LDFLAGS=''
LDFLAGS_FOR_BUILD=''
LDFLAGS_FOR_TARGET=''
LD_FOR_BUILD='$(LD)'
LD_FOR_TARGET='$$r/$(HOST_SUBDIR)/ld/ld-new'
LEX='/Users/sidqian/Downloads/summer/L2S/netbsd-src/build/obj/tooldir.Darwin-22.1.0-x86_64/bin/nblex'
LIBOBJS=''
LIBS=''
LIPO='lipo'
LIPO_FOR_TARGET='m68k--netbsdelf-lipo'
LN='ln'
LN_S='ln -s'
LTLIBOBJS=''
M4='/Users/sidqian/Downloads/summer/L2S/netbsd-src/build/obj/tooldir.Darwin-22.1.0-x86_64/bin/nbm4'
MAINT='#'
MAINTAINER_MODE_FALSE=''
MAINTAINER_MODE_TRUE='#'
MAKEINFO='/Users/sidqian/Downloads/summer/L2S/netbsd-src/external/gpl3/binutils/dist/missing makeinfo'
NM='nm'
NM_FOR_BUILD='$(NM)'
NM_FOR_TARGET='$$r/$(HOST_SUBDIR)/binutils/nm-new'
OBJCOPY='objcopy'
OBJCOPY_FOR_TARGET='$$r/$(HOST_SUBDIR)/binutils/objcopy'
OBJDUMP='objdump'
OBJDUMP_FOR_TARGET='$$r/$(HOST_SUBDIR)/binutils/objdump'
OBJEXT='o'
PACKAGE_BUGREPORT=''
PACKAGE_NAME=''
PACKAGE_STRING=''
PACKAGE_TARNAME=''
PACKAGE_URL=''
PACKAGE_VERSION=''
PATH_SEPARATOR=':'
PGO_BUILD_GEN_CFLAGS=''
PGO_BUILD_LTO_CFLAGS=''
PGO_BUILD_USE_CFLAGS=''
PKG_CONFIG_PATH=''
RANLIB='ranlib'
RANLIB_FOR_BUILD='$(RANLIB)'
RANLIB_FOR_TARGET='$$r/$(HOST_SUBDIR)/binutils/ranlib'
RANLIB_PLUGIN_OPTION=''
RAW_CXX_FOR_TARGET='m68k--netbsdelf-c++'
READELF='readelf'
READELF_FOR_TARGET='$$r/$(HOST_SUBDIR)/binutils/readelf'
RPATH_ENVVAR='DYLD_LIBRARY_PATH'
RUNTEST='runtest'
SED='/usr/bin/sed'
SHELL='/bin/sh'
STRIP='strip'
STRIP_FOR_TARGET='$$r/$(HOST_SUBDIR)/binutils/strip-new'
SYSROOT_CFLAGS_FOR_TARGET=''
TOPLEVEL_CONFIGURE_ARGUMENTS='/Users/sidqian/Downloads/summer/L2S/netbsd-src/tools/binutils/../../external/gpl3/binutils/dist/configure --disable-nls --disable-werror --program-transform-name='\''s,^,m68k--netbsdelf-,'\'' --target=m68k--netbsdelf --enable-initfini-array=yes --enable-default-execstack=no --with-pkgversion='\''NetBSD Binutils nb1'\'' --with-bugurl=http://www.NetBSD.org/support/send-pr.html --with-lib-path==/usr/lib --with-sysroot --prefix=/Users/sidqian/Downloads/summer/L2S/netbsd-src/build/obj/tooldir.Darwin-22.1.0-x86_64'
WINDMC='windmc'
WINDMC_FOR_BUILD='$(WINDMC)'
WINDMC_FOR_TARGET='$$r/$(HOST_SUBDIR)/binutils/windmc'
WINDRES='windres'
WINDRES_FOR_BUILD='$(WINDRES)'
WINDRES_FOR_TARGET='$$r/$(HOST_SUBDIR)/binutils/windres'
YACC='/Users/sidqian/Downloads/summer/L2S/netbsd-src/build/obj/tooldir.Darwin-22.1.0-x86_64/bin/nbyacc'
ac_ct_CC='cc'
ac_ct_CXX=''
bindir='${exec_prefix}/bin'
build='x86_64-apple-darwin22.1.0'
build_alias=''
build_configargs=' --cache-file=./config.cache '\''--disable-nls'\'' '\''--disable-werror'\'' '\''--enable-initfini-array=yes'\'' '\''--enable-default-execstack=no'\'' '\''--with-pkgversion=NetBSD Binutils nb1'\'' '\''--with-bugurl=http://www.NetBSD.org/support/send-pr.html'\'' '\''--with-lib-path==/usr/lib'\'' '\''--with-sysroot'\'' '\''--prefix=/Users/sidqian/Downloads/summer/L2S/netbsd-src/build/obj/tooldir.Darwin-22.1.0-x86_64'\'' --program-transform-name='\''s,^,m68k--netbsdelf-,'\'' --disable-option-checking'
build_configdirs=' libiberty'
build_cpu='x86_64'
build_libsubdir='build-x86_64-apple-darwin22.1.0'
build_noncanonical='x86_64-apple-darwin22.1.0'
build_os='darwin22.1.0'
build_subdir='build-x86_64-apple-darwin22.1.0'
build_tooldir='${exec_prefix}/m68k--netbsdelf'
build_vendor='apple'
compare_exclusions='gcc/cc*-checksum$(objext) | gcc/ada/*tools/*'
configdirs=' intl libiberty opcodes bfd zlib libctf binutils gas ld gprof etc'
datadir='${datarootdir}'
datarootdir='${prefix}/share'
do_compare='cmp --ignore-initial=16 $$f1 $$f2'
docdir='${datarootdir}/doc/${PACKAGE}'
dvidir='${docdir}'
exec_prefix='${prefix}'
extra_host_libiberty_configure_flags=''
extra_host_zlib_configure_flags=''
extra_isl_gmp_configure_flags=''
extra_liboffloadmic_configure_flags=''
extra_linker_plugin_configure_flags=''
extra_linker_plugin_flags=''
extra_mpc_gmp_configure_flags=''
extra_mpc_mpfr_configure_flags=''
extra_mpfr_configure_flags=''
get_gcc_base_ver='cat'
gmpinc=''
gmplibs='-lmpc -lmpfr -lgmp'
host='x86_64-apple-darwin22.1.0'
host_alias=''
host_configargs=' --cache-file=./config.cache  --with-gnu-as --with-gnu-ld '\''--disable-nls'\'' '\''--disable-werror'\'' '\''--enable-initfini-array=yes'\'' '\''--enable-default-execstack=no'\'' '\''--with-pkgversion=NetBSD Binutils nb1'\'' '\''--with-bugurl=http://www.NetBSD.org/support/send-pr.html'\'' '\''--with-lib-path==/usr/lib'\'' '\''--with-sysroot'\'' '\''--prefix=/Users/sidqian/Downloads/summer/L2S/netbsd-src/build/obj/tooldir.Darwin-22.1.0-x86_64'\'' --program-transform-name='\''s,^,m68k--netbsdelf-,'\'' --disable-option-checking'
host_cpu='x86_64'
host_noncanonical='x86_64-apple-darwin22.1.0'
host_os='darwin22.1.0'
host_shared='no'
host_subdir='.'
host_vendor='apple'
htmldir='${docdir}'
includedir='${prefix}/include'
infodir='${datarootdir}/info'
islinc=''
isllibs=''
libdir='${exec_prefix}/lib'
libexecdir='${exec_prefix}/libexec'
localedir='${datarootdir}/locale'
localstatedir='${prefix}/var'
mandir='${datarootdir}/man'
oldincludedir='/usr/include'
pdfdir='${docdir}'
poststage1_ldflags='-static-libstdc++ -static-libgcc'
poststage1_libs=''
prefix='/Users/sidqian/Downloads/summer/L2S/netbsd-src/build/obj/tooldir.Darwin-22.1.0-x86_64'
program_transform_name='s,^,m68k--netbsdelf-,'
psdir='${docdir}'
sbindir='${exec_prefix}/sbin'
sharedstatedir='${prefix}/com'
stage1_cflags='-g'
stage1_checking='--enable-checking=yes,types'
stage1_languages=',c,'
stage1_ldflags=''
stage1_libs=''
stage2_werror_flag=''
sysconfdir='${prefix}/etc'
target='m68k--netbsdelf'
target_alias='m68k--netbsdelf'
target_configargs='--cache-file=./config.cache --enable-multilib --with-cross-host=x86_64-apple-darwin22.1.0   '\''--disable-nls'\'' '\''--disable-werror'\'' '\''--enable-initfini-array=yes'\'' '\''--enable-default-execstack=no'\'' '\''--with-pkgversion=NetBSD Binutils nb1'\'' '\''--with-bugurl=http://www.NetBSD.org/support/send-pr.html'\'' '\''--with-lib-path==/usr/lib'\'' '\''--with-sysroot'\'' '\''--prefix=/Users/sidqian/Downloads/summer/L2S/netbsd-src/build/obj/tooldir.Darwin-22.1.0-x86_64'\'' --program-transform-name='\''s,^,m68k--netbsdelf-,'\'' --disable-option-checking'
target_configdirs=''
target_cpu='m68k'
target_noncanonical='m68k--netbsdelf'
target_os='netbsdelf'
target_subdir='m68k--netbsdelf'
target_vendor=''
tooldir='${exec_prefix}/m68k--netbsdelf'

## ------------------- ##
## File substitutions. ##
## ------------------- ##

alphaieee_frag='/dev/null'
host_makefile_frag='/Users/sidqian/Downloads/summer/L2S/netbsd-src/tools/binutils/../../external/gpl3/binutils/dist/config/mh-darwin'
ospace_frag='/dev/null'
serialization_dependencies='serdep.tmp'
target_makefile_frag='/dev/null'

## ----------- ##
## confdefs.h. ##
## ----------- ##

/* confdefs.h */
#define PACKAGE_NAME ""
#define PACKAGE_TARNAME ""
#define PACKAGE_VERSION ""
#define PACKAGE_STRING ""
#define PACKAGE_BUGREPORT ""
#define PACKAGE_URL ""
#define LT_OBJDIR ".libs/"

configure: exit 0
