This file contains any messages produced by compilers while
running configure, to aid debugging if configure makes a mistake.

It was created by MPFR configure 4.2.0, which was
generated by GNU Autoconf 2.71.  Invocation command line was

  $ /Users/sidqian/Downloads/summer/L2S/netbsd-src/tools/mpfr/../../external/lgpl3/mpfr/dist/configure --with-gmp=/Users/sidqian/Downloads/summer/L2S/netbsd-src/build/obj/tooldir.Darwin-22.1.0-x86_64 --disable-shared --prefix=/Users/sidqian/Downloads/summer/L2S/netbsd-src/build/obj/tooldir.Darwin-22.1.0-x86_64

## --------- ##
## Platform. ##
## --------- ##

hostname = Sid-Qians-MacBook-Pro-2.local
uname -m = x86_64
uname -r = 22.1.0
uname -s = Darwin
uname -v = Darwin Kernel Version 22.1.0: Sun Oct  9 20:14:54 PDT 2022; root:xnu-8792.41.9~2/RELEASE_X86_64

/usr/bin/uname -p = i386
/bin/uname -X     = unknown

/bin/arch              = unknown
/usr/bin/arch -k       = unknown
/usr/convex/getsysinfo = unknown
/usr/bin/hostinfo      = Mach kernel version:
	 Darwin Kernel Version 22.1.0: Sun Oct  9 20:14:54 PDT 2022; root:xnu-8792.41.9~2/RELEASE_X86_64
Kernel configured for up to 8 processors.
4 processors are physically available.
8 processors are logically available.
Processor type: x86_64h (Intel x86-64h Haswell)
Processors active: 0 1 2 3 4 5 6 7
Primary memory available: 16.00 gigabytes
Default processor set: 641 tasks, 3006 threads, 8 processors
Load average: 5.19, Mach factor: 3.16
/bin/machine           = unknown
/usr/bin/oslevel       = unknown
/bin/universe          = unknown

PATH: /Users/sidqian/Downloads/summer/L2S/netbsd-src/build/obj/tooldir.Darwin-22.1.0-x86_64/bin/
PATH: /usr/local/bin/
PATH: /System/Cryptexes/App/usr/bin/
PATH: /usr/bin/
PATH: /bin/
PATH: /usr/sbin/
PATH: /sbin/
PATH: /Library/Apple/usr/bin/
PATH: /Users/sidqian/ch-darwin-amd64/
PATH: /Users/sidqian/ch-darwin-amd64/
PATH: /Users/sidqian/Downloads/flutter/bin/


## ----------- ##
## Core tests. ##
## ----------- ##

configure:2866: looking for aux files: ltmain.sh ar-lib compile missing install-sh config.guess config.sub
configure:2879:  trying /Users/sidqian/Downloads/summer/L2S/netbsd-src/tools/mpfr/../../external/lgpl3/mpfr/dist/
configure:2908:   /Users/sidqian/Downloads/summer/L2S/netbsd-src/tools/mpfr/../../external/lgpl3/mpfr/dist/ltmain.sh found
configure:2908:   /Users/sidqian/Downloads/summer/L2S/netbsd-src/tools/mpfr/../../external/lgpl3/mpfr/dist/ar-lib found
configure:2908:   /Users/sidqian/Downloads/summer/L2S/netbsd-src/tools/mpfr/../../external/lgpl3/mpfr/dist/compile found
configure:2908:   /Users/sidqian/Downloads/summer/L2S/netbsd-src/tools/mpfr/../../external/lgpl3/mpfr/dist/missing found
configure:2890:   /Users/sidqian/Downloads/summer/L2S/netbsd-src/tools/mpfr/../../external/lgpl3/mpfr/dist/install-sh found
configure:2908:   /Users/sidqian/Downloads/summer/L2S/netbsd-src/tools/mpfr/../../external/lgpl3/mpfr/dist/config.guess found
configure:2908:   /Users/sidqian/Downloads/summer/L2S/netbsd-src/tools/mpfr/../../external/lgpl3/mpfr/dist/config.sub found
configure:3027: checking build system type
configure:3042: result: x86_64-apple-darwin22.1.0
configure:3062: checking host system type
configure:3076: result: x86_64-apple-darwin22.1.0
configure:3114: checking for a BSD-compatible install
configure:3187: result: /Users/sidqian/Downloads/summer/L2S/netbsd-src/build/obj/tooldir.Darwin-22.1.0-x86_64/bin/m68k--netbsdelf-install -c  -r
configure:3198: checking whether build environment is sane
configure:3253: result: yes
configure:3412: checking for a race-free mkdir -p
configure:3456: result: /Users/sidqian/Downloads/summer/L2S/netbsd-src/build/obj/tooldir.Darwin-22.1.0-x86_64/bin/m68k--netbsdelf-install -d -p
configure:3463: checking for gawk
configure:3495: result: /Users/sidqian/Downloads/summer/L2S/netbsd-src/build/obj/tooldir.Darwin-22.1.0-x86_64/bin/nbawk
configure:3506: checking whether /Users/sidqian/Downloads/summer/L2S/netbsd-src/build/obj/tooldir.Darwin-22.1.0-x86_64/bin/nbmake sets $(MAKE)
configure:3529: result: yes
configure:3559: checking whether /Users/sidqian/Downloads/summer/L2S/netbsd-src/build/obj/tooldir.Darwin-22.1.0-x86_64/bin/nbmake supports nested variables
configure:3577: result: yes
configure:3709: checking whether to enable maintainer-specific portions of Makefiles
configure:3719: result: yes
configure:3743: checking for grep that handles long lines and -e
configure:3807: result: /usr/bin/grep
configure:3812: checking for egrep
configure:3880: result: /usr/bin/grep -E
configure:3885: checking for a sed that does not truncate output
configure:3955: result: /usr/bin/sed
configure:4372: checking whether configure options are compatible
configure:4395: result: yes
configure:4527: checking for gcc
configure:4559: result: cc
configure:4912: checking for C compiler version
configure:4921: cc --version >&5
Apple clang version 14.0.3 (clang-1403.0.22.14.1)
Target: x86_64-apple-darwin22.1.0
Thread model: posix
InstalledDir: /Applications/Xcode.app/Contents/Developer/Toolchains/XcodeDefault.xctoolchain/usr/bin
configure:4932: $? = 0
configure:4921: cc -v >&5
Apple clang version 14.0.3 (clang-1403.0.22.14.1)
Target: x86_64-apple-darwin22.1.0
Thread model: posix
InstalledDir: /Applications/Xcode.app/Contents/Developer/Toolchains/XcodeDefault.xctoolchain/usr/bin
configure:4932: $? = 0
configure:4921: cc -V >&5
clang: error: argument to '-V' is missing (expected 1 value)
clang: error: no input files
configure:4932: $? = 1
configure:4921: cc -qversion >&5
clang: error: unknown argument '-qversion'; did you mean '--version'?
clang: error: no input files
configure:4932: $? = 1
configure:4921: cc -version >&5
clang: error: unknown argument '-version'; did you mean '--version'?
clang: error: no input files
configure:4932: $? = 1
configure:4952: checking whether the C compiler works
configure:4974: cc -O -O2 -no-cpp-precomp  -I/Users/sidqian/Downloads/summer/L2S/netbsd-src/build/obj/tooldir.Darwin-22.1.0-x86_64/include  -L/Users/sidqian/Downloads/summer/L2S/netbsd-src/build/obj/tooldir.Darwin-22.1.0-x86_64/lib conftest.c  >&5
configure:4978: $? = 0
configure:5028: result: yes
configure:5031: checking for C compiler default output file name
configure:5033: result: a.out
configure:5039: checking for suffix of executables
configure:5046: cc -o conftest -O -O2 -no-cpp-precomp  -I/Users/sidqian/Downloads/summer/L2S/netbsd-src/build/obj/tooldir.Darwin-22.1.0-x86_64/include  -L/Users/sidqian/Downloads/summer/L2S/netbsd-src/build/obj/tooldir.Darwin-22.1.0-x86_64/lib conftest.c  >&5
configure:5050: $? = 0
configure:5073: result: 
configure:5095: checking whether we are cross compiling
configure:5103: cc -o conftest -O -O2 -no-cpp-precomp  -I/Users/sidqian/Downloads/summer/L2S/netbsd-src/build/obj/tooldir.Darwin-22.1.0-x86_64/include  -L/Users/sidqian/Downloads/summer/L2S/netbsd-src/build/obj/tooldir.Darwin-22.1.0-x86_64/lib conftest.c  >&5
configure:5107: $? = 0
configure:5114: ./conftest
configure:5118: $? = 0
configure:5133: result: no
configure:5138: checking for suffix of object files
configure:5161: cc -c -O -O2 -no-cpp-precomp  -I/Users/sidqian/Downloads/summer/L2S/netbsd-src/build/obj/tooldir.Darwin-22.1.0-x86_64/include conftest.c >&5
configure:5165: $? = 0
configure:5187: result: o
configure:5191: checking whether the compiler supports GNU C
configure:5211: cc -c -O -O2 -no-cpp-precomp  -I/Users/sidqian/Downloads/summer/L2S/netbsd-src/build/obj/tooldir.Darwin-22.1.0-x86_64/include conftest.c >&5
configure:5211: $? = 0
configure:5221: result: yes
configure:5232: checking whether cc accepts -g
configure:5253: cc -c -g  -I/Users/sidqian/Downloads/summer/L2S/netbsd-src/build/obj/tooldir.Darwin-22.1.0-x86_64/include conftest.c >&5
configure:5253: $? = 0
configure:5297: result: yes
configure:5317: checking for cc option to enable C11 features
configure:5332: cc  -c -O -O2 -no-cpp-precomp  -I/Users/sidqian/Downloads/summer/L2S/netbsd-src/build/obj/tooldir.Darwin-22.1.0-x86_64/include conftest.c >&5
conftest.c:23:14: warning: a function declaration without a prototype is deprecated in all versions of C and is not supported in C2x [-Wdeprecated-non-prototype]
static char *e (p, i)
             ^
1 warning generated.
configure:5332: $? = 0
configure:5350: result: none needed
configure:5466: checking whether cc understands -c and -o together
configure:5489: cc -c conftest.c -o conftest2.o
configure:5492: $? = 0
configure:5489: cc -c conftest.c -o conftest2.o
configure:5492: $? = 0
configure:5504: result: yes
configure:5524: checking whether /Users/sidqian/Downloads/summer/L2S/netbsd-src/build/obj/tooldir.Darwin-22.1.0-x86_64/bin/nbmake supports the include directive
configure:5539: /Users/sidqian/Downloads/summer/L2S/netbsd-src/build/obj/tooldir.Darwin-22.1.0-x86_64/bin/nbmake -f confmf.GNU && cat confinc.out
this is the am__doit target
configure:5542: $? = 0
configure:5561: result: yes (GNU style)
configure:5587: checking dependency style of cc
configure:5699: result: gcc3
configure:5719: checking how to run the C preprocessor
configure:5745: cc -E  -I/Users/sidqian/Downloads/summer/L2S/netbsd-src/build/obj/tooldir.Darwin-22.1.0-x86_64/include conftest.c
configure:5745: $? = 0
configure:5760: cc -E  -I/Users/sidqian/Downloads/summer/L2S/netbsd-src/build/obj/tooldir.Darwin-22.1.0-x86_64/include conftest.c
conftest.c:9:10: fatal error: 'ac_nonexistent.h' file not found
#include <ac_nonexistent.h>
         ^~~~~~~~~~~~~~~~~~
1 error generated.
configure:5760: $? = 1
configure: failed program was:
| /* confdefs.h */
| #define PACKAGE_NAME "MPFR"
| #define PACKAGE_TARNAME "mpfr"
| #define PACKAGE_VERSION "4.2.0"
| #define PACKAGE_STRING "MPFR 4.2.0"
| #define PACKAGE_BUGREPORT ""
| #define PACKAGE_URL ""
| /* end confdefs.h.  */
| #include <ac_nonexistent.h>
configure:5787: result: cc -E
configure:5801: cc -E  -I/Users/sidqian/Downloads/summer/L2S/netbsd-src/build/obj/tooldir.Darwin-22.1.0-x86_64/include conftest.c
configure:5801: $? = 0
configure:5816: cc -E  -I/Users/sidqian/Downloads/summer/L2S/netbsd-src/build/obj/tooldir.Darwin-22.1.0-x86_64/include conftest.c
conftest.c:9:10: fatal error: 'ac_nonexistent.h' file not found
#include <ac_nonexistent.h>
         ^~~~~~~~~~~~~~~~~~
1 error generated.
configure:5816: $? = 1
configure: failed program was:
| /* confdefs.h */
| #define PACKAGE_NAME "MPFR"
| #define PACKAGE_TARNAME "mpfr"
| #define PACKAGE_VERSION "4.2.0"
| #define PACKAGE_STRING "MPFR 4.2.0"
| #define PACKAGE_BUGREPORT ""
| #define PACKAGE_URL ""
| /* end confdefs.h.  */
| #include <ac_nonexistent.h>
configure:5967: checking the archiver (ar) interface
configure:5984: cc -c -O -O2 -no-cpp-precomp  -I/Users/sidqian/Downloads/summer/L2S/netbsd-src/build/obj/tooldir.Darwin-22.1.0-x86_64/include conftest.c >&5
configure:5984: $? = 0
configure:5987: ar cru libconftest.a conftest.o >&5
configure:5990: $? = 0
configure:6018: result: ar
configure:6086: checking how to print strings
configure:6113: result: printf
configure:6134: checking for a sed that does not truncate output
configure:6204: result: /usr/bin/sed
configure:6222: checking for fgrep
configure:6290: result: /usr/bin/grep -F
configure:6326: checking for ld used by cc
configure:6394: result: /Applications/Xcode.app/Contents/Developer/Toolchains/XcodeDefault.xctoolchain/usr/bin/ld
configure:6401: checking if the linker (/Applications/Xcode.app/Contents/Developer/Toolchains/XcodeDefault.xctoolchain/usr/bin/ld) is GNU ld
configure:6417: result: no
configure:6429: checking for BSD- or MS-compatible name lister (nm)
configure:6484: result: /usr/bin/nm -B
configure:6624: checking the name lister (/usr/bin/nm -B) interface
configure:6632: cc -c -O -O2 -no-cpp-precomp  -I/Users/sidqian/Downloads/summer/L2S/netbsd-src/build/obj/tooldir.Darwin-22.1.0-x86_64/include conftest.c >&5
configure:6635: /usr/bin/nm -B "conftest.o"
configure:6638: output
0000000000000000 S _some_variable
configure:6645: result: BSD nm
configure:6648: checking whether ln -s works
configure:6652: result: yes
configure:6660: checking the maximum length of command line arguments
configure:6792: result: 786432
configure:6840: checking how to convert x86_64-apple-darwin22.1.0 file names to x86_64-apple-darwin22.1.0 format
configure:6881: result: func_convert_file_noop
configure:6888: checking how to convert x86_64-apple-darwin22.1.0 file names to toolchain format
configure:6909: result: func_convert_file_noop
configure:6916: checking for /Applications/Xcode.app/Contents/Developer/Toolchains/XcodeDefault.xctoolchain/usr/bin/ld option to reload object files
configure:6924: result: -r
configure:7003: checking for file
configure:7024: found /usr/bin/file
configure:7035: result: file
configure:7111: checking for objdump
configure:7132: found /usr/bin/objdump
configure:7143: result: objdump
configure:7172: checking how to recognize dependent libraries
configure:7373: result: pass_all
configure:7463: checking for dlltool
configure:7498: result: no
configure:7525: checking how to associate runtime and link libraries
configure:7553: result: printf %s\n
configure:7703: checking for archiver @FILE support
configure:7721: cc -c -O -O2 -no-cpp-precomp  -I/Users/sidqian/Downloads/summer/L2S/netbsd-src/build/obj/tooldir.Darwin-22.1.0-x86_64/include conftest.c >&5
configure:7721: $? = 0
configure:7725: ar cr libconftest.a @conftest.lst >&5
ar: @conftest.lst: No such file or directory
configure:7728: $? = 1
configure:7748: result: no
configure:7811: checking for strip
configure:7832: found /usr/bin/strip
configure:7843: result: strip
configure:7920: checking for ranlib
configure:7952: result: ranlib
configure:8054: checking command to parse /usr/bin/nm -B output from cc object
configure:8208: cc -c -O -O2 -no-cpp-precomp  -I/Users/sidqian/Downloads/summer/L2S/netbsd-src/build/obj/tooldir.Darwin-22.1.0-x86_64/include conftest.c >&5
configure:8211: $? = 0
configure:8215: /usr/bin/nm -B conftest.o | /usr/bin/sed -n -e 's/^.*[	 ]\([ABCDGIRSTW][ABCDGIRSTW]*\)[	 ][	 ]*\([_A-Za-z][_A-Za-z0-9]*\)$/\1 \2 \2/p' | /usr/bin/sed '/ __gnu_lto/d' > conftest.nm
cannot find nm_test_var in conftest.nm
configure:8208: cc -c -O -O2 -no-cpp-precomp  -I/Users/sidqian/Downloads/summer/L2S/netbsd-src/build/obj/tooldir.Darwin-22.1.0-x86_64/include conftest.c >&5
configure:8211: $? = 0
configure:8215: /usr/bin/nm -B conftest.o | /usr/bin/sed -n -e 's/^.*[	 ]\([ABCDGIRSTW][ABCDGIRSTW]*\)[	 ][	 ]*_\([_A-Za-z][_A-Za-z0-9]*\)$/\1 _\2 \2/p' | /usr/bin/sed '/ __gnu_lto/d' > conftest.nm
configure:8281: cc -o conftest -O -O2 -no-cpp-precomp  -I/Users/sidqian/Downloads/summer/L2S/netbsd-src/build/obj/tooldir.Darwin-22.1.0-x86_64/include  -L/Users/sidqian/Downloads/summer/L2S/netbsd-src/build/obj/tooldir.Darwin-22.1.0-x86_64/lib conftest.c conftstm.o >&5
configure:8284: $? = 0
configure:8322: result: ok
configure:8369: checking for sysroot
configure:8400: result: no
configure:8407: checking for a working dd
configure:8451: result: /bin/dd
configure:8455: checking how to truncate binary pipes
configure:8471: result: /bin/dd bs=4096 count=1
configure:8808: checking for mt
configure:8843: result: no
configure:8863: checking if : is a manifest tool
configure:8870: : '-?'
configure:8878: result: no
configure:8939: checking for dsymutil
configure:8960: found /usr/bin/dsymutil
configure:8971: result: dsymutil
configure:9041: checking for nmedit
configure:9062: found /usr/bin/nmedit
configure:9073: result: nmedit
configure:9143: checking for lipo
configure:9164: found /usr/bin/lipo
configure:9175: result: lipo
configure:9245: checking for otool
configure:9266: found /usr/bin/otool
configure:9277: result: otool
configure:9347: checking for otool64
configure:9382: result: no
configure:9427: checking for -single_module linker flag
cc -O -O2 -no-cpp-precomp  -L/Users/sidqian/Downloads/summer/L2S/netbsd-src/build/obj/tooldir.Darwin-22.1.0-x86_64/lib -o libconftest.dylib -dynamiclib -Wl,-single_module conftest.c
configure:9461: result: yes
configure:9464: checking for -exported_symbols_list linker flag
configure:9485: cc -o conftest -O -O2 -no-cpp-precomp  -I/Users/sidqian/Downloads/summer/L2S/netbsd-src/build/obj/tooldir.Darwin-22.1.0-x86_64/include  -L/Users/sidqian/Downloads/summer/L2S/netbsd-src/build/obj/tooldir.Darwin-22.1.0-x86_64/lib -Wl,-exported_symbols_list,conftest.sym conftest.c  >&5
configure:9485: $? = 0
configure:9496: result: yes
configure:9499: checking for -force_load linker flag
cc -O -O2 -no-cpp-precomp -c -o conftest.o conftest.c
ar cr libconftest.a conftest.o
ranlib libconftest.a
cc -O -O2 -no-cpp-precomp  -L/Users/sidqian/Downloads/summer/L2S/netbsd-src/build/obj/tooldir.Darwin-22.1.0-x86_64/lib -o conftest conftest.c -Wl,-force_load,./libconftest.a
configure:9532: result: yes
configure:9603: checking for stdio.h
configure:9603: cc -c -O -O2 -no-cpp-precomp  -I/Users/sidqian/Downloads/summer/L2S/netbsd-src/build/obj/tooldir.Darwin-22.1.0-x86_64/include conftest.c >&5
configure:9603: $? = 0
configure:9603: result: yes
configure:9603: checking for stdlib.h
configure:9603: cc -c -O -O2 -no-cpp-precomp  -I/Users/sidqian/Downloads/summer/L2S/netbsd-src/build/obj/tooldir.Darwin-22.1.0-x86_64/include conftest.c >&5
configure:9603: $? = 0
configure:9603: result: yes
configure:9603: checking for string.h
configure:9603: cc -c -O -O2 -no-cpp-precomp  -I/Users/sidqian/Downloads/summer/L2S/netbsd-src/build/obj/tooldir.Darwin-22.1.0-x86_64/include conftest.c >&5
configure:9603: $? = 0
configure:9603: result: yes
configure:9603: checking for inttypes.h
configure:9603: cc -c -O -O2 -no-cpp-precomp  -I/Users/sidqian/Downloads/summer/L2S/netbsd-src/build/obj/tooldir.Darwin-22.1.0-x86_64/include conftest.c >&5
configure:9603: $? = 0
configure:9603: result: yes
configure:9603: checking for stdint.h
configure:9603: cc -c -O -O2 -no-cpp-precomp  -I/Users/sidqian/Downloads/summer/L2S/netbsd-src/build/obj/tooldir.Darwin-22.1.0-x86_64/include conftest.c >&5
configure:9603: $? = 0
configure:9603: result: yes
configure:9603: checking for strings.h
configure:9603: cc -c -O -O2 -no-cpp-precomp  -I/Users/sidqian/Downloads/summer/L2S/netbsd-src/build/obj/tooldir.Darwin-22.1.0-x86_64/include conftest.c >&5
configure:9603: $? = 0
configure:9603: result: yes
configure:9603: checking for sys/stat.h
configure:9603: cc -c -O -O2 -no-cpp-precomp  -I/Users/sidqian/Downloads/summer/L2S/netbsd-src/build/obj/tooldir.Darwin-22.1.0-x86_64/include conftest.c >&5
configure:9603: $? = 0
configure:9603: result: yes
configure:9603: checking for sys/types.h
configure:9603: cc -c -O -O2 -no-cpp-precomp  -I/Users/sidqian/Downloads/summer/L2S/netbsd-src/build/obj/tooldir.Darwin-22.1.0-x86_64/include conftest.c >&5
configure:9603: $? = 0
configure:9603: result: yes
configure:9603: checking for unistd.h
configure:9603: cc -c -O -O2 -no-cpp-precomp  -I/Users/sidqian/Downloads/summer/L2S/netbsd-src/build/obj/tooldir.Darwin-22.1.0-x86_64/include conftest.c >&5
configure:9603: $? = 0
configure:9603: result: yes
configure:9628: checking for dlfcn.h
configure:9628: cc -c -O -O2 -no-cpp-precomp  -I/Users/sidqian/Downloads/summer/L2S/netbsd-src/build/obj/tooldir.Darwin-22.1.0-x86_64/include conftest.c >&5
configure:9628: $? = 0
configure:9628: result: yes
configure:10215: checking for objdir
configure:10231: result: .libs
configure:10495: checking if cc supports -fno-rtti -fno-exceptions
configure:10514: cc -c -O -O2 -no-cpp-precomp  -I/Users/sidqian/Downloads/summer/L2S/netbsd-src/build/obj/tooldir.Darwin-22.1.0-x86_64/include -fno-rtti -fno-exceptions conftest.c >&5
configure:10518: $? = 0
configure:10531: result: yes
configure:10895: checking for cc option to produce PIC
configure:10903: result: -fno-common -DPIC
configure:10911: checking if cc PIC flag -fno-common -DPIC works
configure:10930: cc -c -O -O2 -no-cpp-precomp  -I/Users/sidqian/Downloads/summer/L2S/netbsd-src/build/obj/tooldir.Darwin-22.1.0-x86_64/include -fno-common -DPIC -DPIC conftest.c >&5
configure:10934: $? = 0
configure:10947: result: yes
configure:10976: checking if cc static flag -static works
configure:11005: result: no
configure:11020: checking if cc supports -c -o file.o
configure:11042: cc -c -O -O2 -no-cpp-precomp  -I/Users/sidqian/Downloads/summer/L2S/netbsd-src/build/obj/tooldir.Darwin-22.1.0-x86_64/include -o out/conftest2.o conftest.c >&5
configure:11046: $? = 0
configure:11068: result: yes
configure:11076: checking if cc supports -c -o file.o
configure:11124: result: yes
configure:11157: checking whether the cc linker (/Applications/Xcode.app/Contents/Developer/Toolchains/XcodeDefault.xctoolchain/usr/bin/ld) supports shared libraries
configure:12431: result: yes
configure:12672: checking dynamic linker characteristics
configure:13505: result: darwin22.1.0 dyld
configure:13627: checking how to hardcode library paths into programs
configure:13652: result: immediate
configure:14219: checking whether stripping libraries is possible
configure:14236: result: yes
configure:14270: checking if libtool supports shared libraries
configure:14272: result: yes
configure:14275: checking whether to build shared libraries
configure:14300: result: no
configure:14303: checking whether to build static libraries
configure:14307: result: yes
configure:14345: checking for non-MS-Windows ICC
configure:14363: cc -c -O -O2 -no-cpp-precomp  -I/Users/sidqian/Downloads/summer/L2S/netbsd-src/build/obj/tooldir.Darwin-22.1.0-x86_64/include conftest.c >&5
conftest.c:23:3: error: "Not a non-MS-Windows ICC"
# error "Not a non-MS-Windows ICC"
  ^
conftest.c:24:1: error: unknown type name 'error'
error
^
2 errors generated.
configure:14363: $? = 1
configure: failed program was:
| /* confdefs.h */
| #define PACKAGE_NAME "MPFR"
| #define PACKAGE_TARNAME "mpfr"
| #define PACKAGE_VERSION "4.2.0"
| #define PACKAGE_STRING "MPFR 4.2.0"
| #define PACKAGE_BUGREPORT ""
| #define PACKAGE_URL ""
| #define HAVE_STDIO_H 1
| #define HAVE_STDLIB_H 1
| #define HAVE_STRING_H 1
| #define HAVE_INTTYPES_H 1
| #define HAVE_STDINT_H 1
| #define HAVE_STRINGS_H 1
| #define HAVE_SYS_STAT_H 1
| #define HAVE_SYS_TYPES_H 1
| #define HAVE_UNISTD_H 1
| #define STDC_HEADERS 1
| #define HAVE_DLFCN_H 1
| #define LT_OBJDIR ".libs/"
| /* end confdefs.h.  */
| 
| #if (!defined(__ICC) && !defined(__INTEL_COMPILER)) || defined(_WIN32)
| # error "Not a non-MS-Windows ICC"
| error
| #endif
| 
| int
| main (void)
| {
| 
|   ;
|   return 0;
| }
configure:14371: result: no
configure:14428: checking if the compiler understands -Wl,-search_paths_first
configure:14443: cc -o conftest -O -O2 -no-cpp-precomp  -I/Users/sidqian/Downloads/summer/L2S/netbsd-src/build/obj/tooldir.Darwin-22.1.0-x86_64/include -Wl,-search_paths_first  -L/Users/sidqian/Downloads/summer/L2S/netbsd-src/build/obj/tooldir.Darwin-22.1.0-x86_64/lib conftest.c  >&5
configure:14443: $? = 0
configure:14445: result: yes
configure:14459: checking for an ANSI C-conforming const
configure:14526: cc -c -O -O2 -no-cpp-precomp  -I/Users/sidqian/Downloads/summer/L2S/netbsd-src/build/obj/tooldir.Darwin-22.1.0-x86_64/include conftest.c >&5
configure:14526: $? = 0
configure:14534: result: yes
configure:14542: checking for working volatile
configure:14562: cc -c -O -O2 -no-cpp-precomp  -I/Users/sidqian/Downloads/summer/L2S/netbsd-src/build/obj/tooldir.Darwin-22.1.0-x86_64/include conftest.c >&5
configure:14562: $? = 0
configure:14570: result: yes
configure:14578: checking whether byte ordering is bigendian
configure:14594: cc -c -O -O2 -no-cpp-precomp  -I/Users/sidqian/Downloads/summer/L2S/netbsd-src/build/obj/tooldir.Darwin-22.1.0-x86_64/include conftest.c >&5
configure:14594: $? = 0
configure:14640: cc -c -O -O2 -no-cpp-precomp  -I/Users/sidqian/Downloads/summer/L2S/netbsd-src/build/obj/tooldir.Darwin-22.1.0-x86_64/include conftest.c >&5
configure:14640: $? = 0
configure:14659: cc -c -O -O2 -no-cpp-precomp  -I/Users/sidqian/Downloads/summer/L2S/netbsd-src/build/obj/tooldir.Darwin-22.1.0-x86_64/include conftest.c >&5
conftest.c:28:4: error: use of undeclared identifier 'not'
                 not big endian
                 ^
1 error generated.
configure:14659: $? = 1
configure: failed program was:
| /* confdefs.h */
| #define PACKAGE_NAME "MPFR"
| #define PACKAGE_TARNAME "mpfr"
| #define PACKAGE_VERSION "4.2.0"
| #define PACKAGE_STRING "MPFR 4.2.0"
| #define PACKAGE_BUGREPORT ""
| #define PACKAGE_URL ""
| #define HAVE_STDIO_H 1
| #define HAVE_STDLIB_H 1
| #define HAVE_STRING_H 1
| #define HAVE_INTTYPES_H 1
| #define HAVE_STDINT_H 1
| #define HAVE_STRINGS_H 1
| #define HAVE_SYS_STAT_H 1
| #define HAVE_SYS_TYPES_H 1
| #define HAVE_UNISTD_H 1
| #define STDC_HEADERS 1
| #define HAVE_DLFCN_H 1
| #define LT_OBJDIR ".libs/"
| /* end confdefs.h.  */
| #include <sys/types.h>
| 		#include <sys/param.h>
| 
| int
| main (void)
| {
| #if BYTE_ORDER != BIG_ENDIAN
| 		 not big endian
| 		#endif
| 
|   ;
|   return 0;
| }
configure:14793: result: no
configure:14816: checking for library containing clock_gettime
configure:14849: cc -o conftest -O -O2 -no-cpp-precomp  -I/Users/sidqian/Downloads/summer/L2S/netbsd-src/build/obj/tooldir.Darwin-22.1.0-x86_64/include -Wl,-search_paths_first  -L/Users/sidqian/Downloads/summer/L2S/netbsd-src/build/obj/tooldir.Darwin-22.1.0-x86_64/lib conftest.c  >&5
configure:14849: $? = 0
configure:14869: result: none required
configure:15092: cc -o conftest -O -O2 -no-cpp-precomp  -I/Users/sidqian/Downloads/summer/L2S/netbsd-src/build/obj/tooldir.Darwin-22.1.0-x86_64/include -Wl,-search_paths_first  -L/Users/sidqian/Downloads/summer/L2S/netbsd-src/build/obj/tooldir.Darwin-22.1.0-x86_64/lib conftest.c -lquadmath  >&5
ld: library not found for -lquadmath
clang: error: linker command failed with exit code 1 (use -v to see invocation)
configure:15092: $? = 1
configure: failed program was:
| /* confdefs.h */
| #define PACKAGE_NAME "MPFR"
| #define PACKAGE_TARNAME "mpfr"
| #define PACKAGE_VERSION "4.2.0"
| #define PACKAGE_STRING "MPFR 4.2.0"
| #define PACKAGE_BUGREPORT ""
| #define PACKAGE_URL ""
| #define HAVE_STDIO_H 1
| #define HAVE_STDLIB_H 1
| #define HAVE_STRING_H 1
| #define HAVE_INTTYPES_H 1
| #define HAVE_STDINT_H 1
| #define HAVE_STRINGS_H 1
| #define HAVE_SYS_STAT_H 1
| #define HAVE_SYS_TYPES_H 1
| #define HAVE_UNISTD_H 1
| #define STDC_HEADERS 1
| #define HAVE_DLFCN_H 1
| #define LT_OBJDIR ".libs/"
| #define HAVE_LITTLE_ENDIAN 1
| #define HAVE_CLOCK_GETTIME 1
| /* end confdefs.h.  */
| 
| int
| main (void)
| {
| 
|   ;
|   return 0;
| }
configure:15104: checking for size_t
configure:15104: cc -c -O -O2 -no-cpp-precomp  -I/Users/sidqian/Downloads/summer/L2S/netbsd-src/build/obj/tooldir.Darwin-22.1.0-x86_64/include conftest.c >&5
configure:15104: $? = 0
configure:15104: cc -c -O -O2 -no-cpp-precomp  -I/Users/sidqian/Downloads/summer/L2S/netbsd-src/build/obj/tooldir.Darwin-22.1.0-x86_64/include conftest.c >&5
conftest.c:54:21: error: expected expression
if (sizeof ((size_t)))
                    ^
1 error generated.
configure:15104: $? = 1
configure: failed program was:
| /* confdefs.h */
| #define PACKAGE_NAME "MPFR"
| #define PACKAGE_TARNAME "mpfr"
| #define PACKAGE_VERSION "4.2.0"
| #define PACKAGE_STRING "MPFR 4.2.0"
| #define PACKAGE_BUGREPORT ""
| #define PACKAGE_URL ""
| #define HAVE_STDIO_H 1
| #define HAVE_STDLIB_H 1
| #define HAVE_STRING_H 1
| #define HAVE_INTTYPES_H 1
| #define HAVE_STDINT_H 1
| #define HAVE_STRINGS_H 1
| #define HAVE_SYS_STAT_H 1
| #define HAVE_SYS_TYPES_H 1
| #define HAVE_UNISTD_H 1
| #define STDC_HEADERS 1
| #define HAVE_DLFCN_H 1
| #define LT_OBJDIR ".libs/"
| #define HAVE_LITTLE_ENDIAN 1
| #define HAVE_CLOCK_GETTIME 1
| /* end confdefs.h.  */
| #include <stddef.h>
| #ifdef HAVE_STDIO_H
| # include <stdio.h>
| #endif
| #ifdef HAVE_STDLIB_H
| # include <stdlib.h>
| #endif
| #ifdef HAVE_STRING_H
| # include <string.h>
| #endif
| #ifdef HAVE_INTTYPES_H
| # include <inttypes.h>
| #endif
| #ifdef HAVE_STDINT_H
| # include <stdint.h>
| #endif
| #ifdef HAVE_STRINGS_H
| # include <strings.h>
| #endif
| #ifdef HAVE_SYS_TYPES_H
| # include <sys/types.h>
| #endif
| #ifdef HAVE_SYS_STAT_H
| # include <sys/stat.h>
| #endif
| #ifdef HAVE_UNISTD_H
| # include <unistd.h>
| #endif
| int
| main (void)
| {
| if (sizeof ((size_t)))
| 	    return 0;
|   ;
|   return 0;
| }
configure:15104: result: yes
configure:16000: checking for limits.h
configure:16000: cc -c -O -O2 -no-cpp-precomp  -I/Users/sidqian/Downloads/summer/L2S/netbsd-src/build/obj/tooldir.Darwin-22.1.0-x86_64/include conftest.c >&5
configure:16000: $? = 0
configure:16000: result: yes
configure:16008: checking for float.h
configure:16008: cc -c -O -O2 -no-cpp-precomp  -I/Users/sidqian/Downloads/summer/L2S/netbsd-src/build/obj/tooldir.Darwin-22.1.0-x86_64/include conftest.c >&5
configure:16008: $? = 0
configure:16008: result: yes
configure:16016: checking for string.h
configure:16016: result: yes
configure:16025: checking for locale.h
configure:16025: cc -c -O -O2 -no-cpp-precomp  -I/Users/sidqian/Downloads/summer/L2S/netbsd-src/build/obj/tooldir.Darwin-22.1.0-x86_64/include conftest.c >&5
configure:16025: $? = 0
configure:16025: result: yes
configure:16033: checking for wchar.h
configure:16033: cc -c -O -O2 -no-cpp-precomp  -I/Users/sidqian/Downloads/summer/L2S/netbsd-src/build/obj/tooldir.Darwin-22.1.0-x86_64/include conftest.c >&5
configure:16033: $? = 0
configure:16033: result: yes
configure:16041: checking for stdarg.h
configure:16041: cc -c -O -O2 -no-cpp-precomp  -I/Users/sidqian/Downloads/summer/L2S/netbsd-src/build/obj/tooldir.Darwin-22.1.0-x86_64/include conftest.c >&5
configure:16041: $? = 0
configure:16041: result: yes
configure:16059: checking for sys/fpu.h
configure:16059: cc -c -O -O2 -no-cpp-precomp  -I/Users/sidqian/Downloads/summer/L2S/netbsd-src/build/obj/tooldir.Darwin-22.1.0-x86_64/include conftest.c >&5
conftest.c:54:10: fatal error: 'sys/fpu.h' file not found
#include <sys/fpu.h>
         ^~~~~~~~~~~
1 error generated.
configure:16059: $? = 1
configure: failed program was:
| /* confdefs.h */
| #define PACKAGE_NAME "MPFR"
| #define PACKAGE_TARNAME "mpfr"
| #define PACKAGE_VERSION "4.2.0"
| #define PACKAGE_STRING "MPFR 4.2.0"
| #define PACKAGE_BUGREPORT ""
| #define PACKAGE_URL ""
| #define HAVE_STDIO_H 1
| #define HAVE_STDLIB_H 1
| #define HAVE_STRING_H 1
| #define HAVE_INTTYPES_H 1
| #define HAVE_STDINT_H 1
| #define HAVE_STRINGS_H 1
| #define HAVE_SYS_STAT_H 1
| #define HAVE_SYS_TYPES_H 1
| #define HAVE_UNISTD_H 1
| #define STDC_HEADERS 1
| #define HAVE_DLFCN_H 1
| #define LT_OBJDIR ".libs/"
| #define HAVE_LITTLE_ENDIAN 1
| #define HAVE_CLOCK_GETTIME 1
| #define HAVE_LOCALE_H 1
| #define HAVE_WCHAR_H 1
| #define HAVE_STDARG 1
| /* end confdefs.h.  */
| #include <stddef.h>
| #ifdef HAVE_STDIO_H
| # include <stdio.h>
| #endif
| #ifdef HAVE_STDLIB_H
| # include <stdlib.h>
| #endif
| #ifdef HAVE_STRING_H
| # include <string.h>
| #endif
| #ifdef HAVE_INTTYPES_H
| # include <inttypes.h>
| #endif
| #ifdef HAVE_STDINT_H
| # include <stdint.h>
| #endif
| #ifdef HAVE_STRINGS_H
| # include <strings.h>
| #endif
| #ifdef HAVE_SYS_TYPES_H
| # include <sys/types.h>
| #endif
| #ifdef HAVE_SYS_STAT_H
| # include <sys/stat.h>
| #endif
| #ifdef HAVE_UNISTD_H
| # include <unistd.h>
| #endif
| #include <sys/fpu.h>
configure:16059: result: no
configure:16067: checking for struct lconv.decimal_point
configure:16067: cc -c -O -O2 -no-cpp-precomp  -I/Users/sidqian/Downloads/summer/L2S/netbsd-src/build/obj/tooldir.Darwin-22.1.0-x86_64/include conftest.c >&5
configure:16067: $? = 0
configure:16067: result: yes
configure:16076: checking for struct lconv.thousands_sep
configure:16076: cc -c -O -O2 -no-cpp-precomp  -I/Users/sidqian/Downloads/summer/L2S/netbsd-src/build/obj/tooldir.Darwin-22.1.0-x86_64/include conftest.c >&5
configure:16076: $? = 0
configure:16076: result: yes
configure:16089: checking for working alloca.h
configure:16107: cc -o conftest -O -O2 -no-cpp-precomp  -I/Users/sidqian/Downloads/summer/L2S/netbsd-src/build/obj/tooldir.Darwin-22.1.0-x86_64/include -Wl,-search_paths_first  -L/Users/sidqian/Downloads/summer/L2S/netbsd-src/build/obj/tooldir.Darwin-22.1.0-x86_64/lib conftest.c  >&5
configure:16107: $? = 0
configure:16116: result: yes
configure:16124: checking for alloca
configure:16169: result: yes
configure:16238: checking for uintptr_t
configure:16238: cc -c -O -O2 -no-cpp-precomp  -I/Users/sidqian/Downloads/summer/L2S/netbsd-src/build/obj/tooldir.Darwin-22.1.0-x86_64/include conftest.c >&5
configure:16238: $? = 0
configure:16238: cc -c -O -O2 -no-cpp-precomp  -I/Users/sidqian/Downloads/summer/L2S/netbsd-src/build/obj/tooldir.Darwin-22.1.0-x86_64/include conftest.c >&5
conftest.c:61:24: error: expected expression
if (sizeof ((uintptr_t)))
                       ^
1 error generated.
configure:16238: $? = 1
configure: failed program was:
| /* confdefs.h */
| #define PACKAGE_NAME "MPFR"
| #define PACKAGE_TARNAME "mpfr"
| #define PACKAGE_VERSION "4.2.0"
| #define PACKAGE_STRING "MPFR 4.2.0"
| #define PACKAGE_BUGREPORT ""
| #define PACKAGE_URL ""
| #define HAVE_STDIO_H 1
| #define HAVE_STDLIB_H 1
| #define HAVE_STRING_H 1
| #define HAVE_INTTYPES_H 1
| #define HAVE_STDINT_H 1
| #define HAVE_STRINGS_H 1
| #define HAVE_SYS_STAT_H 1
| #define HAVE_SYS_TYPES_H 1
| #define HAVE_UNISTD_H 1
| #define STDC_HEADERS 1
| #define HAVE_DLFCN_H 1
| #define LT_OBJDIR ".libs/"
| #define HAVE_LITTLE_ENDIAN 1
| #define HAVE_CLOCK_GETTIME 1
| #define HAVE_LOCALE_H 1
| #define HAVE_WCHAR_H 1
| #define HAVE_STDARG 1
| #define HAVE_STRUCT_LCONV_DECIMAL_POINT 1
| #define HAVE_STRUCT_LCONV_THOUSANDS_SEP 1
| #define HAVE_ALLOCA_H 1
| #define HAVE_ALLOCA 1
| /* end confdefs.h.  */
| #include <stddef.h>
| #ifdef HAVE_STDIO_H
| # include <stdio.h>
| #endif
| #ifdef HAVE_STDLIB_H
| # include <stdlib.h>
| #endif
| #ifdef HAVE_STRING_H
| # include <string.h>
| #endif
| #ifdef HAVE_INTTYPES_H
| # include <inttypes.h>
| #endif
| #ifdef HAVE_STDINT_H
| # include <stdint.h>
| #endif
| #ifdef HAVE_STRINGS_H
| # include <strings.h>
| #endif
| #ifdef HAVE_SYS_TYPES_H
| # include <sys/types.h>
| #endif
| #ifdef HAVE_SYS_STAT_H
| # include <sys/stat.h>
| #endif
| #ifdef HAVE_UNISTD_H
| # include <unistd.h>
| #endif
| int
| main (void)
| {
| if (sizeof ((uintptr_t)))
| 	    return 0;
|   ;
|   return 0;
| }
configure:16238: result: yes
configure:16275: checking how to copy va_list
configure:16293: cc -o conftest -O -O2 -no-cpp-precomp  -I/Users/sidqian/Downloads/summer/L2S/netbsd-src/build/obj/tooldir.Darwin-22.1.0-x86_64/include -Wl,-search_paths_first  -L/Users/sidqian/Downloads/summer/L2S/netbsd-src/build/obj/tooldir.Darwin-22.1.0-x86_64/lib conftest.c  >&5
configure:16293: $? = 0
configure:16296: result: va_copy
configure:16335: checking for setlocale
configure:16335: cc -o conftest  -O -O2 -no-cpp-precomp  -I/Users/sidqian/Downloads/summer/L2S/netbsd-src/build/obj/tooldir.Darwin-22.1.0-x86_64/include -Wl,-search_paths_first  -L/Users/sidqian/Downloads/summer/L2S/netbsd-src/build/obj/tooldir.Darwin-22.1.0-x86_64/lib conftest.c  >&5
configure:16335: $? = 0
configure:16335: result: yes
configure:16341: checking for gettimeofday
configure:16341: cc -o conftest  -O -O2 -no-cpp-precomp  -I/Users/sidqian/Downloads/summer/L2S/netbsd-src/build/obj/tooldir.Darwin-22.1.0-x86_64/include -Wl,-search_paths_first  -L/Users/sidqian/Downloads/summer/L2S/netbsd-src/build/obj/tooldir.Darwin-22.1.0-x86_64/lib conftest.c  >&5
configure:16341: $? = 0
configure:16341: result: yes
configure:16347: checking for signal
configure:16347: cc -o conftest  -O -O2 -no-cpp-precomp  -I/Users/sidqian/Downloads/summer/L2S/netbsd-src/build/obj/tooldir.Darwin-22.1.0-x86_64/include -Wl,-search_paths_first  -L/Users/sidqian/Downloads/summer/L2S/netbsd-src/build/obj/tooldir.Darwin-22.1.0-x86_64/lib conftest.c  >&5
configure:16347: $? = 0
configure:16347: result: yes
configure:16356: checking for sigaction and its associated structure
configure:16375: cc -o conftest -O -O2 -no-cpp-precomp  -I/Users/sidqian/Downloads/summer/L2S/netbsd-src/build/obj/tooldir.Darwin-22.1.0-x86_64/include -Wl,-search_paths_first  -L/Users/sidqian/Downloads/summer/L2S/netbsd-src/build/obj/tooldir.Darwin-22.1.0-x86_64/lib conftest.c  >&5
configure:16375: $? = 0
configure:16378: result: yes
configure:16391: checking for long long int
configure:16391: cc -c -O -O2 -no-cpp-precomp  -I/Users/sidqian/Downloads/summer/L2S/netbsd-src/build/obj/tooldir.Darwin-22.1.0-x86_64/include conftest.c >&5
configure:16391: $? = 0
configure:16391: cc -c -O -O2 -no-cpp-precomp  -I/Users/sidqian/Downloads/summer/L2S/netbsd-src/build/obj/tooldir.Darwin-22.1.0-x86_64/include conftest.c >&5
conftest.c:67:28: error: expected expression
if (sizeof ((long long int)))
                           ^
1 error generated.
configure:16391: $? = 1
configure: failed program was:
| /* confdefs.h */
| #define PACKAGE_NAME "MPFR"
| #define PACKAGE_TARNAME "mpfr"
| #define PACKAGE_VERSION "4.2.0"
| #define PACKAGE_STRING "MPFR 4.2.0"
| #define PACKAGE_BUGREPORT ""
| #define PACKAGE_URL ""
| #define HAVE_STDIO_H 1
| #define HAVE_STDLIB_H 1
| #define HAVE_STRING_H 1
| #define HAVE_INTTYPES_H 1
| #define HAVE_STDINT_H 1
| #define HAVE_STRINGS_H 1
| #define HAVE_SYS_STAT_H 1
| #define HAVE_SYS_TYPES_H 1
| #define HAVE_UNISTD_H 1
| #define STDC_HEADERS 1
| #define HAVE_DLFCN_H 1
| #define LT_OBJDIR ".libs/"
| #define HAVE_LITTLE_ENDIAN 1
| #define HAVE_CLOCK_GETTIME 1
| #define HAVE_LOCALE_H 1
| #define HAVE_WCHAR_H 1
| #define HAVE_STDARG 1
| #define HAVE_STRUCT_LCONV_DECIMAL_POINT 1
| #define HAVE_STRUCT_LCONV_THOUSANDS_SEP 1
| #define HAVE_ALLOCA_H 1
| #define HAVE_ALLOCA 1
| #define HAVE_UINTPTR_T 1
| #define HAVE_VA_COPY 1
| #define HAVE_SETLOCALE 1
| #define HAVE_GETTIMEOFDAY 1
| #define HAVE_SIGNAL 1
| #define HAVE_SIGACTION 1
| /* end confdefs.h.  */
| #include <stddef.h>
| #ifdef HAVE_STDIO_H
| # include <stdio.h>
| #endif
| #ifdef HAVE_STDLIB_H
| # include <stdlib.h>
| #endif
| #ifdef HAVE_STRING_H
| # include <string.h>
| #endif
| #ifdef HAVE_INTTYPES_H
| # include <inttypes.h>
| #endif
| #ifdef HAVE_STDINT_H
| # include <stdint.h>
| #endif
| #ifdef HAVE_STRINGS_H
| # include <strings.h>
| #endif
| #ifdef HAVE_SYS_TYPES_H
| # include <sys/types.h>
| #endif
| #ifdef HAVE_SYS_STAT_H
| # include <sys/stat.h>
| #endif
| #ifdef HAVE_UNISTD_H
| # include <unistd.h>
| #endif
| int
| main (void)
| {
| if (sizeof ((long long int)))
| 	    return 0;
|   ;
|   return 0;
| }
configure:16391: result: yes
configure:16400: checking for intmax_t
configure:16400: cc -c -O -O2 -no-cpp-precomp  -I/Users/sidqian/Downloads/summer/L2S/netbsd-src/build/obj/tooldir.Darwin-22.1.0-x86_64/include conftest.c >&5
configure:16400: $? = 0
configure:16400: cc -c -O -O2 -no-cpp-precomp  -I/Users/sidqian/Downloads/summer/L2S/netbsd-src/build/obj/tooldir.Darwin-22.1.0-x86_64/include conftest.c >&5
conftest.c:68:23: error: expected expression
if (sizeof ((intmax_t)))
                      ^
1 error generated.
configure:16400: $? = 1
configure: failed program was:
| /* confdefs.h */
| #define PACKAGE_NAME "MPFR"
| #define PACKAGE_TARNAME "mpfr"
| #define PACKAGE_VERSION "4.2.0"
| #define PACKAGE_STRING "MPFR 4.2.0"
| #define PACKAGE_BUGREPORT ""
| #define PACKAGE_URL ""
| #define HAVE_STDIO_H 1
| #define HAVE_STDLIB_H 1
| #define HAVE_STRING_H 1
| #define HAVE_INTTYPES_H 1
| #define HAVE_STDINT_H 1
| #define HAVE_STRINGS_H 1
| #define HAVE_SYS_STAT_H 1
| #define HAVE_SYS_TYPES_H 1
| #define HAVE_UNISTD_H 1
| #define STDC_HEADERS 1
| #define HAVE_DLFCN_H 1
| #define LT_OBJDIR ".libs/"
| #define HAVE_LITTLE_ENDIAN 1
| #define HAVE_CLOCK_GETTIME 1
| #define HAVE_LOCALE_H 1
| #define HAVE_WCHAR_H 1
| #define HAVE_STDARG 1
| #define HAVE_STRUCT_LCONV_DECIMAL_POINT 1
| #define HAVE_STRUCT_LCONV_THOUSANDS_SEP 1
| #define HAVE_ALLOCA_H 1
| #define HAVE_ALLOCA 1
| #define HAVE_UINTPTR_T 1
| #define HAVE_VA_COPY 1
| #define HAVE_SETLOCALE 1
| #define HAVE_GETTIMEOFDAY 1
| #define HAVE_SIGNAL 1
| #define HAVE_SIGACTION 1
| #define HAVE_LONG_LONG 1
| /* end confdefs.h.  */
| #include <stddef.h>
| #ifdef HAVE_STDIO_H
| # include <stdio.h>
| #endif
| #ifdef HAVE_STDLIB_H
| # include <stdlib.h>
| #endif
| #ifdef HAVE_STRING_H
| # include <string.h>
| #endif
| #ifdef HAVE_INTTYPES_H
| # include <inttypes.h>
| #endif
| #ifdef HAVE_STDINT_H
| # include <stdint.h>
| #endif
| #ifdef HAVE_STRINGS_H
| # include <strings.h>
| #endif
| #ifdef HAVE_SYS_TYPES_H
| # include <sys/types.h>
| #endif
| #ifdef HAVE_SYS_STAT_H
| # include <sys/stat.h>
| #endif
| #ifdef HAVE_UNISTD_H
| # include <unistd.h>
| #endif
| int
| main (void)
| {
| if (sizeof ((intmax_t)))
| 	    return 0;
|   ;
|   return 0;
| }
configure:16400: result: yes
configure:16410: checking for working INTMAX_MAX
configure:16431: cc -c -O -O2 -no-cpp-precomp  -I/Users/sidqian/Downloads/summer/L2S/netbsd-src/build/obj/tooldir.Darwin-22.1.0-x86_64/include -I/Users/sidqian/Downloads/summer/L2S/netbsd-src/tools/mpfr/../../external/lgpl3/mpfr/dist/src -DMPFR_NEED_INTMAX_H conftest.c >&5
configure:16431: $? = 0
configure:16441: result: yes
configure:16450: checking for union fpc_csr
configure:16450: cc -c -O -O2 -no-cpp-precomp  -I/Users/sidqian/Downloads/summer/L2S/netbsd-src/build/obj/tooldir.Darwin-22.1.0-x86_64/include conftest.c >&5
conftest.c:48:5: error: invalid application of 'sizeof' to an incomplete type 'union fpc_csr'
if (sizeof (union fpc_csr))
    ^      ~~~~~~~~~~~~~~~
conftest.c:48:19: note: forward declaration of 'union fpc_csr'
if (sizeof (union fpc_csr))
                  ^
1 error generated.
configure:16450: $? = 1
configure: failed program was:
| /* confdefs.h */
| #define PACKAGE_NAME "MPFR"
| #define PACKAGE_TARNAME "mpfr"
| #define PACKAGE_VERSION "4.2.0"
| #define PACKAGE_STRING "MPFR 4.2.0"
| #define PACKAGE_BUGREPORT ""
| #define PACKAGE_URL ""
| #define HAVE_STDIO_H 1
| #define HAVE_STDLIB_H 1
| #define HAVE_STRING_H 1
| #define HAVE_INTTYPES_H 1
| #define HAVE_STDINT_H 1
| #define HAVE_STRINGS_H 1
| #define HAVE_SYS_STAT_H 1
| #define HAVE_SYS_TYPES_H 1
| #define HAVE_UNISTD_H 1
| #define STDC_HEADERS 1
| #define HAVE_DLFCN_H 1
| #define LT_OBJDIR ".libs/"
| #define HAVE_LITTLE_ENDIAN 1
| #define HAVE_CLOCK_GETTIME 1
| #define HAVE_LOCALE_H 1
| #define HAVE_WCHAR_H 1
| #define HAVE_STDARG 1
| #define HAVE_STRUCT_LCONV_DECIMAL_POINT 1
| #define HAVE_STRUCT_LCONV_THOUSANDS_SEP 1
| #define HAVE_ALLOCA_H 1
| #define HAVE_ALLOCA 1
| #define HAVE_UINTPTR_T 1
| #define HAVE_VA_COPY 1
| #define HAVE_SETLOCALE 1
| #define HAVE_GETTIMEOFDAY 1
| #define HAVE_SIGNAL 1
| #define HAVE_SIGACTION 1
| #define HAVE_LONG_LONG 1
| #define HAVE_INTMAX_T 1
| #define MPFR_HAVE_INTMAX_MAX 1
| /* end confdefs.h.  */
| 
| #if HAVE_SYS_FPU_H
| #  include <sys/fpu.h>
| #endif
| 
| 
| int
| main (void)
| {
| if (sizeof (union fpc_csr))
| 	 return 0;
|   ;
|   return 0;
| }
configure:16450: result: no
configure:16464: checking for _Noreturn
configure:16475: cc -c -O -O2 -no-cpp-precomp  -I/Users/sidqian/Downloads/summer/L2S/netbsd-src/build/obj/tooldir.Darwin-22.1.0-x86_64/include conftest.c >&5
configure:16475: $? = 0
configure:16484: result: yes
configure:16492: checking for __builtin_unreachable
configure:16511: cc -o conftest -O -O2 -no-cpp-precomp  -I/Users/sidqian/Downloads/summer/L2S/netbsd-src/build/obj/tooldir.Darwin-22.1.0-x86_64/include -Wl,-search_paths_first  -L/Users/sidqian/Downloads/summer/L2S/netbsd-src/build/obj/tooldir.Darwin-22.1.0-x86_64/lib conftest.c  >&5
configure:16511: $? = 0
configure:16521: result: yes
configure:16530: checking for constructor and destructor attributes
configure:16552: cc -o conftest -O -O2 -no-cpp-precomp  -I/Users/sidqian/Downloads/summer/L2S/netbsd-src/build/obj/tooldir.Darwin-22.1.0-x86_64/include -Wl,-search_paths_first  -L/Users/sidqian/Downloads/summer/L2S/netbsd-src/build/obj/tooldir.Darwin-22.1.0-x86_64/lib conftest.c  >&5
configure:16552: $? = 0
configure:16554: result: yes
configure:16572: checking for fesetround
configure:16592: cc -o conftest -O -O2 -no-cpp-precomp  -I/Users/sidqian/Downloads/summer/L2S/netbsd-src/build/obj/tooldir.Darwin-22.1.0-x86_64/include -Wl,-search_paths_first  -L/Users/sidqian/Downloads/summer/L2S/netbsd-src/build/obj/tooldir.Darwin-22.1.0-x86_64/lib conftest.c   >&5
configure:16592: $? = 0
configure:16603: result: yes
configure:16612: checking for gcc float-conversion bug
configure:16654: cc -o conftest -O -O2 -no-cpp-precomp  -I/Users/sidqian/Downloads/summer/L2S/netbsd-src/build/obj/tooldir.Darwin-22.1.0-x86_64/include -Wl,-search_paths_first  -L/Users/sidqian/Downloads/summer/L2S/netbsd-src/build/obj/tooldir.Darwin-22.1.0-x86_64/lib conftest.c   >&5
configure:16654: $? = 0
configure:16654: ./conftest
configure:16654: $? = 0
configure:16667: result: no
configure:16674: checking for subnormal double-precision numbers
configure:16697: cc -o conftest -O -O2 -no-cpp-precomp  -I/Users/sidqian/Downloads/summer/L2S/netbsd-src/build/obj/tooldir.Darwin-22.1.0-x86_64/include -Wl,-search_paths_first  -L/Users/sidqian/Downloads/summer/L2S/netbsd-src/build/obj/tooldir.Darwin-22.1.0-x86_64/lib conftest.c  >&5
configure:16697: $? = 0
configure:16697: ./conftest
1.112537e-308
configure:16697: $? = 0
configure:16709: result: yes
configure:16716: checking for subnormal single-precision numbers
configure:16739: cc -o conftest -O -O2 -no-cpp-precomp  -I/Users/sidqian/Downloads/summer/L2S/netbsd-src/build/obj/tooldir.Darwin-22.1.0-x86_64/include -Wl,-search_paths_first  -L/Users/sidqian/Downloads/summer/L2S/netbsd-src/build/obj/tooldir.Darwin-22.1.0-x86_64/lib conftest.c  >&5
configure:16739: $? = 0
configure:16739: ./conftest
5.877472e-39
configure:16739: $? = 0
configure:16751: result: yes
configure:16759: checking for signed zeros
configure:16778: cc -o conftest -O -O2 -no-cpp-precomp  -I/Users/sidqian/Downloads/summer/L2S/netbsd-src/build/obj/tooldir.Darwin-22.1.0-x86_64/include -Wl,-search_paths_first  -L/Users/sidqian/Downloads/summer/L2S/netbsd-src/build/obj/tooldir.Darwin-22.1.0-x86_64/lib conftest.c  >&5
configure:16778: $? = 0
configure:16778: ./conftest
configure:16778: $? = 0
configure:16790: result: yes
configure:16798: checking if the FP division by 0 fails
configure:16821: cc -o conftest -O -O2 -no-cpp-precomp  -I/Users/sidqian/Downloads/summer/L2S/netbsd-src/build/obj/tooldir.Darwin-22.1.0-x86_64/include -Wl,-search_paths_first  -L/Users/sidqian/Downloads/summer/L2S/netbsd-src/build/obj/tooldir.Darwin-22.1.0-x86_64/lib conftest.c  >&5
configure:16821: $? = 0
configure:16821: ./conftest
configure:16821: $? = 0
configure:16833: result: no
configure:16847: checking if NAN == NAN
configure:16873: cc -o conftest -O -O2 -no-cpp-precomp  -I/Users/sidqian/Downloads/summer/L2S/netbsd-src/build/obj/tooldir.Darwin-22.1.0-x86_64/include -Wl,-search_paths_first  -L/Users/sidqian/Downloads/summer/L2S/netbsd-src/build/obj/tooldir.Darwin-22.1.0-x86_64/lib conftest.c  >&5
configure:16873: $? = 0
configure:16873: ./conftest
configure:16873: $? = 1
configure: program exited with status 1
configure: failed program was:
| /* confdefs.h */
| #define PACKAGE_NAME "MPFR"
| #define PACKAGE_TARNAME "mpfr"
| #define PACKAGE_VERSION "4.2.0"
| #define PACKAGE_STRING "MPFR 4.2.0"
| #define PACKAGE_BUGREPORT ""
| #define PACKAGE_URL ""
| #define HAVE_STDIO_H 1
| #define HAVE_STDLIB_H 1
| #define HAVE_STRING_H 1
| #define HAVE_INTTYPES_H 1
| #define HAVE_STDINT_H 1
| #define HAVE_STRINGS_H 1
| #define HAVE_SYS_STAT_H 1
| #define HAVE_SYS_TYPES_H 1
| #define HAVE_UNISTD_H 1
| #define STDC_HEADERS 1
| #define HAVE_DLFCN_H 1
| #define LT_OBJDIR ".libs/"
| #define HAVE_LITTLE_ENDIAN 1
| #define HAVE_CLOCK_GETTIME 1
| #define HAVE_LOCALE_H 1
| #define HAVE_WCHAR_H 1
| #define HAVE_STDARG 1
| #define HAVE_STRUCT_LCONV_DECIMAL_POINT 1
| #define HAVE_STRUCT_LCONV_THOUSANDS_SEP 1
| #define HAVE_ALLOCA_H 1
| #define HAVE_ALLOCA 1
| #define HAVE_UINTPTR_T 1
| #define HAVE_VA_COPY 1
| #define HAVE_SETLOCALE 1
| #define HAVE_GETTIMEOFDAY 1
| #define HAVE_SIGNAL 1
| #define HAVE_SIGACTION 1
| #define HAVE_LONG_LONG 1
| #define HAVE_INTMAX_T 1
| #define MPFR_HAVE_INTMAX_MAX 1
| #define MPFR_HAVE_NORETURN 1
| #define MPFR_HAVE_BUILTIN_UNREACHABLE 1
| #define MPFR_HAVE_CONSTRUCTOR_ATTR 1
| #define MPFR_HAVE_FESETROUND 1
| #define HAVE_SUBNORM_DBL 1
| #define HAVE_SUBNORM_FLT 1
| #define HAVE_SIGNEDZ 1
| /* end confdefs.h.  */
| 
| #include <stdio.h>
| #include <math.h>
| #ifndef NAN
| # define NAN (0.0/0.0)
| #endif
| int main (void) {
|   double d;
|   d = NAN;
|   return d != d;
| }
| 
configure:16885: result: no
configure:16913: checking if charset has consecutive values
configure:16944: cc -o conftest -O -O2 -no-cpp-precomp  -I/Users/sidqian/Downloads/summer/L2S/netbsd-src/build/obj/tooldir.Darwin-22.1.0-x86_64/include -Wl,-search_paths_first  -L/Users/sidqian/Downloads/summer/L2S/netbsd-src/build/obj/tooldir.Darwin-22.1.0-x86_64/lib conftest.c  >&5
configure:16944: $? = 0
configure:16944: ./conftest
configure:16944: $? = 0
configure:16946: result: yes
configure:16964: checking for math/round
configure:16982: cc -o conftest -O -O2 -no-cpp-precomp  -I/Users/sidqian/Downloads/summer/L2S/netbsd-src/build/obj/tooldir.Darwin-22.1.0-x86_64/include -Wl,-search_paths_first  -L/Users/sidqian/Downloads/summer/L2S/netbsd-src/build/obj/tooldir.Darwin-22.1.0-x86_64/lib conftest.c   >&5
configure:16982: $? = 0
configure:16985: result: yes
configure:16998: checking for math/trunc
configure:17016: cc -o conftest -O -O2 -no-cpp-precomp  -I/Users/sidqian/Downloads/summer/L2S/netbsd-src/build/obj/tooldir.Darwin-22.1.0-x86_64/include -Wl,-search_paths_first  -L/Users/sidqian/Downloads/summer/L2S/netbsd-src/build/obj/tooldir.Darwin-22.1.0-x86_64/lib conftest.c   >&5
configure:17016: $? = 0
configure:17019: result: yes
configure:17032: checking for math/floor
configure:17050: cc -o conftest -O -O2 -no-cpp-precomp  -I/Users/sidqian/Downloads/summer/L2S/netbsd-src/build/obj/tooldir.Darwin-22.1.0-x86_64/include -Wl,-search_paths_first  -L/Users/sidqian/Downloads/summer/L2S/netbsd-src/build/obj/tooldir.Darwin-22.1.0-x86_64/lib conftest.c   >&5
configure:17050: $? = 0
configure:17053: result: yes
configure:17066: checking for math/ceil
configure:17084: cc -o conftest -O -O2 -no-cpp-precomp  -I/Users/sidqian/Downloads/summer/L2S/netbsd-src/build/obj/tooldir.Darwin-22.1.0-x86_64/include -Wl,-search_paths_first  -L/Users/sidqian/Downloads/summer/L2S/netbsd-src/build/obj/tooldir.Darwin-22.1.0-x86_64/lib conftest.c   >&5
configure:17084: $? = 0
configure:17087: result: yes
configure:17100: checking for math/nearbyint
configure:17118: cc -o conftest -O -O2 -no-cpp-precomp  -I/Users/sidqian/Downloads/summer/L2S/netbsd-src/build/obj/tooldir.Darwin-22.1.0-x86_64/include -Wl,-search_paths_first  -L/Users/sidqian/Downloads/summer/L2S/netbsd-src/build/obj/tooldir.Darwin-22.1.0-x86_64/lib conftest.c   >&5
configure:17118: $? = 0
configure:17121: result: yes
configure:17139: checking format of floating-point type `double'
configure:17174: cc -O -O2 -no-cpp-precomp  -I/Users/sidqian/Downloads/summer/L2S/netbsd-src/build/obj/tooldir.Darwin-22.1.0-x86_64/include -Wl,-search_paths_first  -L/Users/sidqian/Downloads/summer/L2S/netbsd-src/build/obj/tooldir.Darwin-22.1.0-x86_64/lib conftest.c -o conftest >&5 2>&1
configure:17177: $? = 0
configure:17471: result: IEEE double, little endian
configure:17493: checking format of floating-point type `long double'
configure:17528: cc -O -O2 -no-cpp-precomp  -I/Users/sidqian/Downloads/summer/L2S/netbsd-src/build/obj/tooldir.Darwin-22.1.0-x86_64/include -Wl,-search_paths_first  -L/Users/sidqian/Downloads/summer/L2S/netbsd-src/build/obj/tooldir.Darwin-22.1.0-x86_64/lib conftest.c -o conftest >&5 2>&1
configure:17531: $? = 0
configure:17825: result: IEEE extended, little endian (16 bytes)
configure:17881: checking for TLS support using C11
configure:17903: cc -o conftest -O -O2 -no-cpp-precomp  -I/Users/sidqian/Downloads/summer/L2S/netbsd-src/build/obj/tooldir.Darwin-22.1.0-x86_64/include -I/Users/sidqian/Downloads/summer/L2S/netbsd-src/tools/mpfr/../../external/lgpl3/mpfr/dist/src -Wl,-search_paths_first  -L/Users/sidqian/Downloads/summer/L2S/netbsd-src/build/obj/tooldir.Darwin-22.1.0-x86_64/lib conftest.c  >&5
configure:17903: $? = 0
configure:17903: ./conftest
configure:17903: $? = 0
configure:17905: result: yes
configure:17986: checking if compiler knows _Decimal64
configure:17999: cc -c -O -O2 -no-cpp-precomp  -I/Users/sidqian/Downloads/summer/L2S/netbsd-src/build/obj/tooldir.Darwin-22.1.0-x86_64/include conftest.c >&5
conftest.c:55:1: error: GNU decimal type extension not supported
_Decimal64 x;
^
1 error generated.
configure:17999: $? = 1
configure: failed program was:
| /* confdefs.h */
| #define PACKAGE_NAME "MPFR"
| #define PACKAGE_TARNAME "mpfr"
| #define PACKAGE_VERSION "4.2.0"
| #define PACKAGE_STRING "MPFR 4.2.0"
| #define PACKAGE_BUGREPORT ""
| #define PACKAGE_URL ""
| #define HAVE_STDIO_H 1
| #define HAVE_STDLIB_H 1
| #define HAVE_STRING_H 1
| #define HAVE_INTTYPES_H 1
| #define HAVE_STDINT_H 1
| #define HAVE_STRINGS_H 1
| #define HAVE_SYS_STAT_H 1
| #define HAVE_SYS_TYPES_H 1
| #define HAVE_UNISTD_H 1
| #define STDC_HEADERS 1
| #define HAVE_DLFCN_H 1
| #define LT_OBJDIR ".libs/"
| #define HAVE_LITTLE_ENDIAN 1
| #define HAVE_CLOCK_GETTIME 1
| #define HAVE_LOCALE_H 1
| #define HAVE_WCHAR_H 1
| #define HAVE_STDARG 1
| #define HAVE_STRUCT_LCONV_DECIMAL_POINT 1
| #define HAVE_STRUCT_LCONV_THOUSANDS_SEP 1
| #define HAVE_ALLOCA_H 1
| #define HAVE_ALLOCA 1
| #define HAVE_UINTPTR_T 1
| #define HAVE_VA_COPY 1
| #define HAVE_SETLOCALE 1
| #define HAVE_GETTIMEOFDAY 1
| #define HAVE_SIGNAL 1
| #define HAVE_SIGACTION 1
| #define HAVE_LONG_LONG 1
| #define HAVE_INTMAX_T 1
| #define MPFR_HAVE_INTMAX_MAX 1
| #define MPFR_HAVE_NORETURN 1
| #define MPFR_HAVE_BUILTIN_UNREACHABLE 1
| #define MPFR_HAVE_CONSTRUCTOR_ATTR 1
| #define MPFR_HAVE_FESETROUND 1
| #define HAVE_SUBNORM_DBL 1
| #define HAVE_SUBNORM_FLT 1
| #define HAVE_SIGNEDZ 1
| #define HAVE_ROUND 1
| #define HAVE_TRUNC 1
| #define HAVE_FLOOR 1
| #define HAVE_CEIL 1
| #define HAVE_NEARBYINT 1
| #define HAVE_DOUBLE_IEEE_LITTLE_ENDIAN 1
| #define HAVE_LDOUBLE_IEEE_EXT_LITTLE 1
| #define MPFR_USE_THREAD_SAFE 1
| #define MPFR_USE_C11_THREAD_SAFE 1
| /* end confdefs.h.  */
| _Decimal64 x;
| int
| main (void)
| {
| 
|   ;
|   return 0;
| }
configure:18095: result: no
configure:18124: checking bit-field ordering for _Decimal128
configure:18167: cc -o conftest -O -O2 -no-cpp-precomp  -I/Users/sidqian/Downloads/summer/L2S/netbsd-src/build/obj/tooldir.Darwin-22.1.0-x86_64/include -Wl,-search_paths_first  -L/Users/sidqian/Downloads/summer/L2S/netbsd-src/build/obj/tooldir.Darwin-22.1.0-x86_64/lib conftest.c  >&5
conftest.c:72:7: error: GNU decimal type extension not supported
      _Decimal128 d128;
      ^
conftest.c:75:17: error: invalid suffix 'dl' on floating constant
    x.d128 = 1.0dl;
                ^
2 errors generated.
configure:18167: $? = 1
configure: program exited with status 1
configure: failed program was:
| /* confdefs.h */
| #define PACKAGE_NAME "MPFR"
| #define PACKAGE_TARNAME "mpfr"
| #define PACKAGE_VERSION "4.2.0"
| #define PACKAGE_STRING "MPFR 4.2.0"
| #define PACKAGE_BUGREPORT ""
| #define PACKAGE_URL ""
| #define HAVE_STDIO_H 1
| #define HAVE_STDLIB_H 1
| #define HAVE_STRING_H 1
| #define HAVE_INTTYPES_H 1
| #define HAVE_STDINT_H 1
| #define HAVE_STRINGS_H 1
| #define HAVE_SYS_STAT_H 1
| #define HAVE_SYS_TYPES_H 1
| #define HAVE_UNISTD_H 1
| #define STDC_HEADERS 1
| #define HAVE_DLFCN_H 1
| #define LT_OBJDIR ".libs/"
| #define HAVE_LITTLE_ENDIAN 1
| #define HAVE_CLOCK_GETTIME 1
| #define HAVE_LOCALE_H 1
| #define HAVE_WCHAR_H 1
| #define HAVE_STDARG 1
| #define HAVE_STRUCT_LCONV_DECIMAL_POINT 1
| #define HAVE_STRUCT_LCONV_THOUSANDS_SEP 1
| #define HAVE_ALLOCA_H 1
| #define HAVE_ALLOCA 1
| #define HAVE_UINTPTR_T 1
| #define HAVE_VA_COPY 1
| #define HAVE_SETLOCALE 1
| #define HAVE_GETTIMEOFDAY 1
| #define HAVE_SIGNAL 1
| #define HAVE_SIGACTION 1
| #define HAVE_LONG_LONG 1
| #define HAVE_INTMAX_T 1
| #define MPFR_HAVE_INTMAX_MAX 1
| #define MPFR_HAVE_NORETURN 1
| #define MPFR_HAVE_BUILTIN_UNREACHABLE 1
| #define MPFR_HAVE_CONSTRUCTOR_ATTR 1
| #define MPFR_HAVE_FESETROUND 1
| #define HAVE_SUBNORM_DBL 1
| #define HAVE_SUBNORM_FLT 1
| #define HAVE_SIGNEDZ 1
| #define HAVE_ROUND 1
| #define HAVE_TRUNC 1
| #define HAVE_FLOOR 1
| #define HAVE_CEIL 1
| #define HAVE_NEARBYINT 1
| #define HAVE_DOUBLE_IEEE_LITTLE_ENDIAN 1
| #define HAVE_LDOUBLE_IEEE_EXT_LITTLE 1
| #define MPFR_USE_THREAD_SAFE 1
| #define MPFR_USE_C11_THREAD_SAFE 1
| /* end confdefs.h.  */
| 
| 
| int
| main (void)
| {
| 
|     union ieee_decimal128
|     {
|       struct
|       {
|         unsigned int t3:32;
|         unsigned int t2:32;
|         unsigned int t1:32;
|         unsigned int t0:14;
|         unsigned int comb:17;
|         unsigned int sig:1;
|       } s;
|       _Decimal128 d128;
|     } x;
| 
|     x.d128 = 1.0dl;
|     if (x.s.sig == 0 && x.s.comb == 49400 &&
|         x.s.t0 == 0 && x.s.t1 == 0 && x.s.t2 == 0 && x.s.t3 == 10)
|        return 80; /* little endian */
|     else if (x.s.sig == 0 && x.s.comb == 8 &&
|              x.s.t0 == 0 && x.s.t1 == 0 && x.s.t2 == 0 && x.s.t3 == 570933248)
|        return 81; /* big endian */
|     else
|        return 82; /* unknown encoding */
| 
|   ;
|   return 0;
| }
configure:18182: result: unavailable or unknown
configure:18195: checking if _Float128 with hex constants is supported
configure:18211: cc -o conftest -O -O2 -no-cpp-precomp  -I/Users/sidqian/Downloads/summer/L2S/netbsd-src/build/obj/tooldir.Darwin-22.1.0-x86_64/include -Wl,-search_paths_first  -L/Users/sidqian/Downloads/summer/L2S/netbsd-src/build/obj/tooldir.Darwin-22.1.0-x86_64/lib conftest.c  >&5
conftest.c:60:10: error: unknown type name '_Float128'
volatile _Float128 x = 0x1.fp+16383f128;
         ^
conftest.c:60:36: error: invalid suffix 'f128' on floating constant
volatile _Float128 x = 0x1.fp+16383f128;
                                   ^
2 errors generated.
configure:18211: $? = 1
configure: failed program was:
| /* confdefs.h */
| #define PACKAGE_NAME "MPFR"
| #define PACKAGE_TARNAME "mpfr"
| #define PACKAGE_VERSION "4.2.0"
| #define PACKAGE_STRING "MPFR 4.2.0"
| #define PACKAGE_BUGREPORT ""
| #define PACKAGE_URL ""
| #define HAVE_STDIO_H 1
| #define HAVE_STDLIB_H 1
| #define HAVE_STRING_H 1
| #define HAVE_INTTYPES_H 1
| #define HAVE_STDINT_H 1
| #define HAVE_STRINGS_H 1
| #define HAVE_SYS_STAT_H 1
| #define HAVE_SYS_TYPES_H 1
| #define HAVE_UNISTD_H 1
| #define STDC_HEADERS 1
| #define HAVE_DLFCN_H 1
| #define LT_OBJDIR ".libs/"
| #define HAVE_LITTLE_ENDIAN 1
| #define HAVE_CLOCK_GETTIME 1
| #define HAVE_LOCALE_H 1
| #define HAVE_WCHAR_H 1
| #define HAVE_STDARG 1
| #define HAVE_STRUCT_LCONV_DECIMAL_POINT 1
| #define HAVE_STRUCT_LCONV_THOUSANDS_SEP 1
| #define HAVE_ALLOCA_H 1
| #define HAVE_ALLOCA 1
| #define HAVE_UINTPTR_T 1
| #define HAVE_VA_COPY 1
| #define HAVE_SETLOCALE 1
| #define HAVE_GETTIMEOFDAY 1
| #define HAVE_SIGNAL 1
| #define HAVE_SIGACTION 1
| #define HAVE_LONG_LONG 1
| #define HAVE_INTMAX_T 1
| #define MPFR_HAVE_INTMAX_MAX 1
| #define MPFR_HAVE_NORETURN 1
| #define MPFR_HAVE_BUILTIN_UNREACHABLE 1
| #define MPFR_HAVE_CONSTRUCTOR_ATTR 1
| #define MPFR_HAVE_FESETROUND 1
| #define HAVE_SUBNORM_DBL 1
| #define HAVE_SUBNORM_FLT 1
| #define HAVE_SIGNEDZ 1
| #define HAVE_ROUND 1
| #define HAVE_TRUNC 1
| #define HAVE_FLOOR 1
| #define HAVE_CEIL 1
| #define HAVE_NEARBYINT 1
| #define HAVE_DOUBLE_IEEE_LITTLE_ENDIAN 1
| #define HAVE_LDOUBLE_IEEE_EXT_LITTLE 1
| #define MPFR_USE_THREAD_SAFE 1
| #define MPFR_USE_C11_THREAD_SAFE 1
| /* end confdefs.h.  */
| 
| int
| main (void)
| {
| 
| volatile _Float128 x = 0x1.fp+16383f128;
| return x == 0;
| 
|   ;
|   return 0;
| }
configure:18219: result: no
configure:18221: checking if __float128 can be used as a fallback
configure:18239: cc -o conftest -O -O2 -no-cpp-precomp  -I/Users/sidqian/Downloads/summer/L2S/netbsd-src/build/obj/tooldir.Darwin-22.1.0-x86_64/include -Wl,-search_paths_first  -L/Users/sidqian/Downloads/summer/L2S/netbsd-src/build/obj/tooldir.Darwin-22.1.0-x86_64/lib conftest.c  >&5
conftest.c:62:10: error: __float128 is not supported on this target
volatile _Float128 x = 0x1.fp+16383q;
         ^
conftest.c:56:19: note: expanded from macro '_Float128'
#define _Float128 __float128
                  ^
1 error generated.
configure:18239: $? = 1
configure: failed program was:
| /* confdefs.h */
| #define PACKAGE_NAME "MPFR"
| #define PACKAGE_TARNAME "mpfr"
| #define PACKAGE_VERSION "4.2.0"
| #define PACKAGE_STRING "MPFR 4.2.0"
| #define PACKAGE_BUGREPORT ""
| #define PACKAGE_URL ""
| #define HAVE_STDIO_H 1
| #define HAVE_STDLIB_H 1
| #define HAVE_STRING_H 1
| #define HAVE_INTTYPES_H 1
| #define HAVE_STDINT_H 1
| #define HAVE_STRINGS_H 1
| #define HAVE_SYS_STAT_H 1
| #define HAVE_SYS_TYPES_H 1
| #define HAVE_UNISTD_H 1
| #define STDC_HEADERS 1
| #define HAVE_DLFCN_H 1
| #define LT_OBJDIR ".libs/"
| #define HAVE_LITTLE_ENDIAN 1
| #define HAVE_CLOCK_GETTIME 1
| #define HAVE_LOCALE_H 1
| #define HAVE_WCHAR_H 1
| #define HAVE_STDARG 1
| #define HAVE_STRUCT_LCONV_DECIMAL_POINT 1
| #define HAVE_STRUCT_LCONV_THOUSANDS_SEP 1
| #define HAVE_ALLOCA_H 1
| #define HAVE_ALLOCA 1
| #define HAVE_UINTPTR_T 1
| #define HAVE_VA_COPY 1
| #define HAVE_SETLOCALE 1
| #define HAVE_GETTIMEOFDAY 1
| #define HAVE_SIGNAL 1
| #define HAVE_SIGACTION 1
| #define HAVE_LONG_LONG 1
| #define HAVE_INTMAX_T 1
| #define MPFR_HAVE_INTMAX_MAX 1
| #define MPFR_HAVE_NORETURN 1
| #define MPFR_HAVE_BUILTIN_UNREACHABLE 1
| #define MPFR_HAVE_CONSTRUCTOR_ATTR 1
| #define MPFR_HAVE_FESETROUND 1
| #define HAVE_SUBNORM_DBL 1
| #define HAVE_SUBNORM_FLT 1
| #define HAVE_SIGNEDZ 1
| #define HAVE_ROUND 1
| #define HAVE_TRUNC 1
| #define HAVE_FLOOR 1
| #define HAVE_CEIL 1
| #define HAVE_NEARBYINT 1
| #define HAVE_DOUBLE_IEEE_LITTLE_ENDIAN 1
| #define HAVE_LDOUBLE_IEEE_EXT_LITTLE 1
| #define MPFR_USE_THREAD_SAFE 1
| #define MPFR_USE_C11_THREAD_SAFE 1
| /* end confdefs.h.  */
| 
| #define _Float128 __float128
| 
| int
| main (void)
| {
| 
| volatile _Float128 x = 0x1.fp+16383q;
| return x == 0;
| 
|   ;
|   return 0;
| }
configure:18250: result: no
configure:18265: checking for Static Assertion support
configure:18286: cc -c -O -O2 -no-cpp-precomp  -I/Users/sidqian/Downloads/summer/L2S/netbsd-src/build/obj/tooldir.Darwin-22.1.0-x86_64/include -I/Users/sidqian/Downloads/summer/L2S/netbsd-src/tools/mpfr/../../external/lgpl3/mpfr/dist/src conftest.c >&5
configure:18286: $? = 0
configure:18288: result: yes
configure:18401: checking whether gcc __attribute__ ((mode (XX))) works
configure:18418: cc -c -O -O2 -no-cpp-precomp  -I/Users/sidqian/Downloads/summer/L2S/netbsd-src/build/obj/tooldir.Darwin-22.1.0-x86_64/include conftest.c >&5
configure:18418: $? = 0
configure:18427: result: yes
configure:18441: checking for gmp.h
configure:18449: cc -c -O -O2 -no-cpp-precomp  -I/Users/sidqian/Downloads/summer/L2S/netbsd-src/build/obj/tooldir.Darwin-22.1.0-x86_64/include conftest.c >&5
configure:18449: $? = 0
configure:18451: result: yes
configure:18532: checking for recent GMP
configure:18544: cc -c -O -O2 -no-cpp-precomp  -I/Users/sidqian/Downloads/summer/L2S/netbsd-src/build/obj/tooldir.Darwin-22.1.0-x86_64/include conftest.c >&5
configure:18544: $? = 0
configure:18546: result: yes
configure:18557: checking usable gmp.h at link time
configure:18572: cc -o conftest -O -O2 -no-cpp-precomp  -I/Users/sidqian/Downloads/summer/L2S/netbsd-src/build/obj/tooldir.Darwin-22.1.0-x86_64/include -Wl,-search_paths_first  -L/Users/sidqian/Downloads/summer/L2S/netbsd-src/build/obj/tooldir.Darwin-22.1.0-x86_64/lib conftest.c  >&5
configure:18572: $? = 0
configure:18574: result: yes
configure:18615: checking for GMP_NUMB_BITS and sizeof(mp_limb_t) consistency
configure:18645: cc -o conftest -O -O2 -no-cpp-precomp  -I/Users/sidqian/Downloads/summer/L2S/netbsd-src/build/obj/tooldir.Darwin-22.1.0-x86_64/include -Wl,-search_paths_first  -L/Users/sidqian/Downloads/summer/L2S/netbsd-src/build/obj/tooldir.Darwin-22.1.0-x86_64/lib conftest.c  >&5
configure:18645: $? = 0
configure:18645: ./conftest
configure:18645: $? = 0
configure:18647: result: yes
configure:18662: checking for __gmpz_init in -lgmp
configure:18688: cc -o conftest -O -O2 -no-cpp-precomp  -I/Users/sidqian/Downloads/summer/L2S/netbsd-src/build/obj/tooldir.Darwin-22.1.0-x86_64/include -Wl,-search_paths_first  -L/Users/sidqian/Downloads/summer/L2S/netbsd-src/build/obj/tooldir.Darwin-22.1.0-x86_64/lib conftest.c -lgmp   >&5
configure:18688: $? = 0
configure:18698: result: yes
configure:18709: checking if gmp.h version and libgmp version are the same
configure:18749: cc -o conftest -O -O2 -no-cpp-precomp  -I/Users/sidqian/Downloads/summer/L2S/netbsd-src/build/obj/tooldir.Darwin-22.1.0-x86_64/include -Wl,-search_paths_first  -L/Users/sidqian/Downloads/summer/L2S/netbsd-src/build/obj/tooldir.Darwin-22.1.0-x86_64/lib conftest.c -lgmp  >&5
configure:18749: $? = 0
configure:18749: ./conftest
gmp.h: 6.2.1 / libgmp: 6.2.1
configure:18749: $? = 0
configure:18751: result: yes
configure:18754: checking for GMP library vs header correctness
configure:18801: cc -o conftest -O -O2 -no-cpp-precomp  -I/Users/sidqian/Downloads/summer/L2S/netbsd-src/build/obj/tooldir.Darwin-22.1.0-x86_64/include -Wl,-search_paths_first  -L/Users/sidqian/Downloads/summer/L2S/netbsd-src/build/obj/tooldir.Darwin-22.1.0-x86_64/lib conftest.c -lgmp  >&5
configure:18801: $? = 0
configure:18801: ./conftest
GMP_NAIL_BITS     = 0
GMP_NUMB_BITS     = 64
mp_bits_per_limb  = 64
sizeof(mp_limb_t) = 8
configure:18801: $? = 0
configure:18813: result: yes
configure:18822: checking for double-to-integer conversion bug
configure:18867: cc -o conftest -O -O2 -no-cpp-precomp  -I/Users/sidqian/Downloads/summer/L2S/netbsd-src/build/obj/tooldir.Darwin-22.1.0-x86_64/include -Wl,-search_paths_first  -L/Users/sidqian/Downloads/summer/L2S/netbsd-src/build/obj/tooldir.Darwin-22.1.0-x86_64/lib conftest.c -lgmp  >&5
configure:18867: $? = 0
configure:18867: ./conftest
configure:18867: $? = 0
configure:18879: result: no
configure:18890: checking if gmp_printf supports "%jd"
configure:18938: cc -o conftest -O -O2 -no-cpp-precomp  -I/Users/sidqian/Downloads/summer/L2S/netbsd-src/build/obj/tooldir.Darwin-22.1.0-x86_64/include -Wl,-search_paths_first  -L/Users/sidqian/Downloads/summer/L2S/netbsd-src/build/obj/tooldir.Darwin-22.1.0-x86_64/lib conftest.c -lgmp  >&5
ld: warning: disabling chained fixups because of unaligned pointers
ld: warning: PIE disabled. Absolute addressing (perhaps -mdynamic-no-pic) not allowed in code signed PIE, but used in ___gmpn_bdiv_q_1 from /Users/sidqian/Downloads/summer/L2S/netbsd-src/build/obj/tooldir.Darwin-22.1.0-x86_64/lib/libgmp.a(bdiv_q_1.o). To fix this warning, don't compile with -mdynamic-no-pic or link with -Wl,-no_pie
configure:18938: $? = 0
configure:18938: ./conftest
configure:18938: $? = 0
configure:18940: result: yes
configure:18958: checking if gmp_printf supports "%hhd"
configure:19001: cc -o conftest -O -O2 -no-cpp-precomp  -I/Users/sidqian/Downloads/summer/L2S/netbsd-src/build/obj/tooldir.Darwin-22.1.0-x86_64/include -Wl,-search_paths_first  -L/Users/sidqian/Downloads/summer/L2S/netbsd-src/build/obj/tooldir.Darwin-22.1.0-x86_64/lib conftest.c -lgmp  >&5
ld: warning: disabling chained fixups because of unaligned pointers
ld: warning: PIE disabled. Absolute addressing (perhaps -mdynamic-no-pic) not allowed in code signed PIE, but used in ___gmpn_bdiv_q_1 from /Users/sidqian/Downloads/summer/L2S/netbsd-src/build/obj/tooldir.Darwin-22.1.0-x86_64/lib/libgmp.a(bdiv_q_1.o). To fix this warning, don't compile with -mdynamic-no-pic or link with -Wl,-no_pie
configure:19001: $? = 0
configure:19001: ./conftest
configure:19001: $? = 0
configure:19003: result: yes
configure:19020: checking if gmp_printf supports "%lld"
configure:19063: cc -o conftest -O -O2 -no-cpp-precomp  -I/Users/sidqian/Downloads/summer/L2S/netbsd-src/build/obj/tooldir.Darwin-22.1.0-x86_64/include -Wl,-search_paths_first  -L/Users/sidqian/Downloads/summer/L2S/netbsd-src/build/obj/tooldir.Darwin-22.1.0-x86_64/lib conftest.c -lgmp  >&5
ld: warning: disabling chained fixups because of unaligned pointers
ld: warning: PIE disabled. Absolute addressing (perhaps -mdynamic-no-pic) not allowed in code signed PIE, but used in ___gmpn_bdiv_q_1 from /Users/sidqian/Downloads/summer/L2S/netbsd-src/build/obj/tooldir.Darwin-22.1.0-x86_64/lib/libgmp.a(bdiv_q_1.o). To fix this warning, don't compile with -mdynamic-no-pic or link with -Wl,-no_pie
configure:19063: $? = 0
configure:19063: ./conftest
configure:19063: $? = 0
configure:19065: result: yes
configure:19082: checking if gmp_printf supports "%Lf"
configure:19127: cc -o conftest -O -O2 -no-cpp-precomp  -I/Users/sidqian/Downloads/summer/L2S/netbsd-src/build/obj/tooldir.Darwin-22.1.0-x86_64/include -Wl,-search_paths_first  -L/Users/sidqian/Downloads/summer/L2S/netbsd-src/build/obj/tooldir.Darwin-22.1.0-x86_64/lib conftest.c -lgmp  >&5
ld: warning: disabling chained fixups because of unaligned pointers
ld: warning: PIE disabled. Absolute addressing (perhaps -mdynamic-no-pic) not allowed in code signed PIE, but used in ___gmpn_bdiv_q_1 from /Users/sidqian/Downloads/summer/L2S/netbsd-src/build/obj/tooldir.Darwin-22.1.0-x86_64/lib/libgmp.a(bdiv_q_1.o). To fix this warning, don't compile with -mdynamic-no-pic or link with -Wl,-no_pie
configure:19127: $? = 0
configure:19127: ./conftest
configure:19127: $? = 0
configure:19129: result: yes
configure:19148: checking if gmp_printf supports "%td"
configure:19198: cc -o conftest -O -O2 -no-cpp-precomp  -I/Users/sidqian/Downloads/summer/L2S/netbsd-src/build/obj/tooldir.Darwin-22.1.0-x86_64/include -Wl,-search_paths_first  -L/Users/sidqian/Downloads/summer/L2S/netbsd-src/build/obj/tooldir.Darwin-22.1.0-x86_64/lib conftest.c -lgmp  >&5
ld: warning: disabling chained fixups because of unaligned pointers
ld: warning: PIE disabled. Absolute addressing (perhaps -mdynamic-no-pic) not allowed in code signed PIE, but used in ___gmpn_bdiv_q_1 from /Users/sidqian/Downloads/summer/L2S/netbsd-src/build/obj/tooldir.Darwin-22.1.0-x86_64/lib/libgmp.a(bdiv_q_1.o). To fix this warning, don't compile with -mdynamic-no-pic or link with -Wl,-no_pie
configure:19198: $? = 0
configure:19198: ./conftest
configure:19198: $? = 0
configure:19200: result: yes
configure:19219: checking if gmp_printf supports the ' group flag
configure:19245: cc -o conftest -O -O2 -no-cpp-precomp  -I/Users/sidqian/Downloads/summer/L2S/netbsd-src/build/obj/tooldir.Darwin-22.1.0-x86_64/include -Wl,-search_paths_first  -L/Users/sidqian/Downloads/summer/L2S/netbsd-src/build/obj/tooldir.Darwin-22.1.0-x86_64/lib conftest.c -lgmp  >&5
ld: warning: disabling chained fixups because of unaligned pointers
ld: warning: PIE disabled. Absolute addressing (perhaps -mdynamic-no-pic) not allowed in code signed PIE, but used in ___gmpn_bdiv_q_1 from /Users/sidqian/Downloads/summer/L2S/netbsd-src/build/obj/tooldir.Darwin-22.1.0-x86_64/lib/libgmp.a(bdiv_q_1.o). To fix this warning, don't compile with -mdynamic-no-pic or link with -Wl,-no_pie
configure:19245: $? = 0
configure:19245: ./conftest
configure:19245: $? = 0
configure:19247: result: yes
configure:19308: checking for __gmpn_sbpi1_divappr_q
configure:19308: cc -o conftest -O -O2 -no-cpp-precomp  -I/Users/sidqian/Downloads/summer/L2S/netbsd-src/build/obj/tooldir.Darwin-22.1.0-x86_64/include -Wl,-search_paths_first  -L/Users/sidqian/Downloads/summer/L2S/netbsd-src/build/obj/tooldir.Darwin-22.1.0-x86_64/lib conftest.c -lgmp  >&5
configure:19308: $? = 0
configure:19308: result: yes
configure:19315: checking for __gmpn_invert_limb
configure:19315: cc -o conftest -O -O2 -no-cpp-precomp  -I/Users/sidqian/Downloads/summer/L2S/netbsd-src/build/obj/tooldir.Darwin-22.1.0-x86_64/include -Wl,-search_paths_first  -L/Users/sidqian/Downloads/summer/L2S/netbsd-src/build/obj/tooldir.Darwin-22.1.0-x86_64/lib conftest.c -lgmp  >&5
configure:19315: $? = 0
configure:19315: result: yes
configure:19322: checking for __gmpn_rsblsh1_n
configure:19322: cc -o conftest -O -O2 -no-cpp-precomp  -I/Users/sidqian/Downloads/summer/L2S/netbsd-src/build/obj/tooldir.Darwin-22.1.0-x86_64/include -Wl,-search_paths_first  -L/Users/sidqian/Downloads/summer/L2S/netbsd-src/build/obj/tooldir.Darwin-22.1.0-x86_64/lib conftest.c -lgmp  >&5
configure:19322: $? = 0
configure:19322: result: yes
configure:19332: checking for long to fit in mp_limb_t
configure:19361: cc -o conftest -O -O2 -no-cpp-precomp  -I/Users/sidqian/Downloads/summer/L2S/netbsd-src/build/obj/tooldir.Darwin-22.1.0-x86_64/include -I/Users/sidqian/Downloads/summer/L2S/netbsd-src/tools/mpfr/../../external/lgpl3/mpfr/dist/src -Wl,-search_paths_first  -L/Users/sidqian/Downloads/summer/L2S/netbsd-src/build/obj/tooldir.Darwin-22.1.0-x86_64/lib conftest.c -lgmp  >&5
configure:19361: $? = 0
configure:19371: result: yes
configure:19384: checking for intmax_t to fit in mp_limb_t
configure:19414: cc -o conftest -O -O2 -no-cpp-precomp  -I/Users/sidqian/Downloads/summer/L2S/netbsd-src/build/obj/tooldir.Darwin-22.1.0-x86_64/include -I/Users/sidqian/Downloads/summer/L2S/netbsd-src/tools/mpfr/../../external/lgpl3/mpfr/dist/src -DMPFR_NEED_INTMAX_H -Wl,-search_paths_first  -L/Users/sidqian/Downloads/summer/L2S/netbsd-src/build/obj/tooldir.Darwin-22.1.0-x86_64/lib conftest.c -lgmp  >&5
configure:19414: $? = 0
configure:19424: result: yes
configure:19481: checking for getrusage
configure:19481: cc -o conftest -O -O2 -no-cpp-precomp  -I/Users/sidqian/Downloads/summer/L2S/netbsd-src/build/obj/tooldir.Darwin-22.1.0-x86_64/include -Wl,-search_paths_first  -L/Users/sidqian/Downloads/summer/L2S/netbsd-src/build/obj/tooldir.Darwin-22.1.0-x86_64/lib conftest.c -lgmp  >&5
configure:19481: $? = 0
configure:19481: result: yes
configure:19652: checking that generated files are newer than configure
configure:19658: result: done
configure:19689: creating ./config.status

## ---------------------- ##
## Running config.status. ##
## ---------------------- ##

This file was extended by MPFR config.status 4.2.0, which was
generated by GNU Autoconf 2.71.  Invocation command line was

  CONFIG_FILES    = 
  CONFIG_HEADERS  = 
  CONFIG_LINKS    = 
  CONFIG_COMMANDS = 
  $ ./config.status 

on Sid-Qians-MacBook-Pro-2.local

config.status:1034: creating Makefile
config.status:1034: creating mpfr.pc
config.status:1034: creating doc/Makefile
config.status:1034: creating src/Makefile
config.status:1034: creating tests/Makefile
config.status:1034: creating tune/Makefile
config.status:1034: creating src/mparam.h
config.status:1034: creating tools/bench/Makefile
config.status:1191: executing depfiles commands
config.status:1268: cd src       && sed -e '/# am--include-marker/d' Makefile         | /Users/sidqian/Downloads/summer/L2S/netbsd-src/build/obj/tooldir.Darwin-22.1.0-x86_64/bin/nbmake -f - am--depfiles
config.status:1273: $? = 0
config.status:1268: cd tests       && sed -e '/# am--include-marker/d' Makefile         | /Users/sidqian/Downloads/summer/L2S/netbsd-src/build/obj/tooldir.Darwin-22.1.0-x86_64/bin/nbmake -f - am--depfiles
config.status:1273: $? = 0
config.status:1268: cd tune       && sed -e '/# am--include-marker/d' Makefile         | /Users/sidqian/Downloads/summer/L2S/netbsd-src/build/obj/tooldir.Darwin-22.1.0-x86_64/bin/nbmake -f - am--depfiles
config.status:1273: $? = 0
config.status:1268: cd tools/bench       && sed -e '/# am--include-marker/d' Makefile         | /Users/sidqian/Downloads/summer/L2S/netbsd-src/build/obj/tooldir.Darwin-22.1.0-x86_64/bin/nbmake -f - am--depfiles
config.status:1273: $? = 0
config.status:1191: executing libtool commands

## ---------------- ##
## Cache variables. ##
## ---------------- ##

ac_cv_build=x86_64-apple-darwin22.1.0
ac_cv_c_bigendian=no
ac_cv_c_compiler_gnu=yes
ac_cv_c_const=yes
ac_cv_c_volatile=yes
ac_cv_env_CC_set=set
ac_cv_env_CC_value=cc
ac_cv_env_CFLAGS_set=set
ac_cv_env_CFLAGS_value='-O -O2 -no-cpp-precomp'
ac_cv_env_CPPFLAGS_set=set
ac_cv_env_CPPFLAGS_value=
ac_cv_env_CPP_set=
ac_cv_env_CPP_value=
ac_cv_env_LDFLAGS_set=set
ac_cv_env_LDFLAGS_value=
ac_cv_env_LIBS_set=
ac_cv_env_LIBS_value=
ac_cv_env_LT_SYS_LIBRARY_PATH_set=
ac_cv_env_LT_SYS_LIBRARY_PATH_value=
ac_cv_env_build_alias_set=
ac_cv_env_build_alias_value=
ac_cv_env_host_alias_set=
ac_cv_env_host_alias_value=
ac_cv_env_target_alias_set=
ac_cv_env_target_alias_value=
ac_cv_func___gmpn_invert_limb=yes
ac_cv_func___gmpn_rsblsh1_n=yes
ac_cv_func___gmpn_sbpi1_divappr_q=yes
ac_cv_func_alloca_works=yes
ac_cv_func_getrusage=yes
ac_cv_func_gettimeofday=yes
ac_cv_func_setlocale=yes
ac_cv_func_signal=yes
ac_cv_header_dlfcn_h=yes
ac_cv_header_float_h=yes
ac_cv_header_inttypes_h=yes
ac_cv_header_limits_h=yes
ac_cv_header_locale_h=yes
ac_cv_header_stdarg_h=yes
ac_cv_header_stdint_h=yes
ac_cv_header_stdio_h=yes
ac_cv_header_stdlib_h=yes
ac_cv_header_string_h=yes
ac_cv_header_strings_h=yes
ac_cv_header_sys_fpu_h=no
ac_cv_header_sys_stat_h=yes
ac_cv_header_sys_types_h=yes
ac_cv_header_unistd_h=yes
ac_cv_header_wchar_h=yes
ac_cv_host=x86_64-apple-darwin22.1.0
ac_cv_lib_gmp___gmpz_init=yes
ac_cv_member_struct_lconv_decimal_point=yes
ac_cv_member_struct_lconv_thousands_sep=yes
ac_cv_objext=o
ac_cv_path_EGREP='/usr/bin/grep -E'
ac_cv_path_FGREP='/usr/bin/grep -F'
ac_cv_path_GREP=/usr/bin/grep
ac_cv_path_SED=/usr/bin/sed
ac_cv_path_lt_DD=/bin/dd
ac_cv_path_mkdir='/Users/sidqian/Downloads/summer/L2S/netbsd-src/build/obj/tooldir.Darwin-22.1.0-x86_64/bin/m68k--netbsdelf-install -d'
ac_cv_prog_AWK=/Users/sidqian/Downloads/summer/L2S/netbsd-src/build/obj/tooldir.Darwin-22.1.0-x86_64/bin/nbawk
ac_cv_prog_CPP='cc -E'
ac_cv_prog_ac_ct_CC=cc
ac_cv_prog_ac_ct_DSYMUTIL=dsymutil
ac_cv_prog_ac_ct_FILECMD=file
ac_cv_prog_ac_ct_LIPO=lipo
ac_cv_prog_ac_ct_NMEDIT=nmedit
ac_cv_prog_ac_ct_OBJDUMP=objdump
ac_cv_prog_ac_ct_OTOOL=otool
ac_cv_prog_ac_ct_RANLIB=ranlib
ac_cv_prog_ac_ct_STRIP=strip
ac_cv_prog_cc_c11=
ac_cv_prog_cc_g=yes
ac_cv_prog_cc_stdc=
ac_cv_prog_make__Users_sidqian_Downloads_summer_L2S_netbsd_src_build_obj_tooldir_Darwin_22_1_0_x86_64_bin_nbmake_set=yes
ac_cv_search_clock_gettime='none required'
ac_cv_type_intmax_t=yes
ac_cv_type_long_long_int=yes
ac_cv_type_size_t=yes
ac_cv_type_uintptr_t=yes
ac_cv_type_union_fpc_csr=no
ac_cv_working_alloca_h=yes
am_cv_CC_dependencies_compiler_type=gcc3
am_cv_ar_interface=ar
am_cv_make_support_nested_variables=yes
am_cv_prog_cc_c_o=yes
gmp_cv_c_attribute_mode=yes
lt_cv_apple_cc_single_mod=yes
lt_cv_ar_at_file=no
lt_cv_deplibs_check_method=pass_all
lt_cv_file_magic_cmd='$MAGIC_CMD'
lt_cv_file_magic_test_file=
lt_cv_ld_exported_symbols_list=yes
lt_cv_ld_force_load=yes
lt_cv_ld_reload_flag=-r
lt_cv_nm_interface='BSD nm'
lt_cv_objdir=.libs
lt_cv_path_LD=/Applications/Xcode.app/Contents/Developer/Toolchains/XcodeDefault.xctoolchain/usr/bin/ld
lt_cv_path_NM='/usr/bin/nm -B'
lt_cv_path_mainfest_tool=no
lt_cv_prog_compiler_c_o=yes
lt_cv_prog_compiler_pic='-fno-common -DPIC'
lt_cv_prog_compiler_pic_works=yes
lt_cv_prog_compiler_rtti_exceptions=yes
lt_cv_prog_compiler_static_works=no
lt_cv_prog_gnu_ld=no
lt_cv_sharedlib_from_linklib_cmd='printf %s\n'
lt_cv_sys_global_symbol_pipe='/usr/bin/sed -n -e '\''s/^.*[	 ]\([ABCDGIRSTW][ABCDGIRSTW]*\)[	 ][	 ]*_\([_A-Za-z][_A-Za-z0-9]*\)$/\1 _\2 \2/p'\'' | /usr/bin/sed '\''/ __gnu_lto/d'\'''
lt_cv_sys_global_symbol_to_c_name_address='/usr/bin/sed -n -e '\''s/^: \(.*\) .*$/  {"\1", (void *) 0},/p'\'' -e '\''s/^[ABCDGIRSTW][ABCDGIRSTW]* .* \(.*\)$/  {"\1", (void *) \&\1},/p'\'''
lt_cv_sys_global_symbol_to_c_name_address_lib_prefix='/usr/bin/sed -n -e '\''s/^: \(.*\) .*$/  {"\1", (void *) 0},/p'\'' -e '\''s/^[ABCDGIRSTW][ABCDGIRSTW]* .* \(lib.*\)$/  {"\1", (void *) \&\1},/p'\'' -e '\''s/^[ABCDGIRSTW][ABCDGIRSTW]* .* \(.*\)$/  {"lib\1", (void *) \&\1},/p'\'''
lt_cv_sys_global_symbol_to_cdecl='/usr/bin/sed -n -e '\''s/^T .* \(.*\)$/extern int \1();/p'\'' -e '\''s/^[ABCDGIRSTW][ABCDGIRSTW]* .* \(.*\)$/extern char \1;/p'\'''
lt_cv_sys_global_symbol_to_import=
lt_cv_sys_max_cmd_len=786432
lt_cv_to_host_file_cmd=func_convert_file_noop
lt_cv_to_tool_file_cmd=func_convert_file_noop
lt_cv_truncate_bin='/bin/dd bs=4096 count=1'
mpfr_cv_c_double_format='IEEE double, little endian'
mpfr_cv_c_long_double_format='IEEE extended, little endian (16 bytes)'
mpfr_cv_check_gmp=yes
mpfr_cv_dbl_int_bug=no
mpfr_cv_errdivzero=no
mpfr_cv_gcc_floatconv_bug=no
mpfr_cv_have_builtin_unreachable=yes
mpfr_cv_have_fesetround=yes
mpfr_cv_have_intmax_max=yes
mpfr_cv_have_noreturn=yes
mpfr_cv_have_signedz=yes
mpfr_cv_have_subnorm_dbl=yes
mpfr_cv_have_subnorm_flt=yes
mpfr_cv_intmax_within_limb=yes
mpfr_cv_long_within_limb=yes
mpfr_cv_nanisnan=no

## ----------------- ##
## Output variables. ##
## ----------------- ##

ACLOCAL='${SHELL} '\''/Users/sidqian/Downloads/summer/L2S/netbsd-src/external/lgpl3/mpfr/dist/missing'\'' aclocal-1.16'
ALLOCA=''
AMDEPBACKSLASH='\'
AMDEP_FALSE='#'
AMDEP_TRUE=''
AMTAR='$${TAR-tar}'
AM_BACKSLASH='\'
AM_DEFAULT_V='$(AM_DEFAULT_VERBOSITY)'
AM_DEFAULT_VERBOSITY='1'
AM_V='$(V)'
AR='ar'
AS='as'
AUTOCONF='${SHELL} '\''/Users/sidqian/Downloads/summer/L2S/netbsd-src/external/lgpl3/mpfr/dist/missing'\'' autoconf'
AUTOHEADER='${SHELL} '\''/Users/sidqian/Downloads/summer/L2S/netbsd-src/external/lgpl3/mpfr/dist/missing'\'' autoheader'
AUTOMAKE='${SHELL} '\''/Users/sidqian/Downloads/summer/L2S/netbsd-src/external/lgpl3/mpfr/dist/missing'\'' automake-1.16'
AWK='/Users/sidqian/Downloads/summer/L2S/netbsd-src/build/obj/tooldir.Darwin-22.1.0-x86_64/bin/nbawk'
CC='cc'
CCDEPMODE='depmode=gcc3'
CFLAGS='-O -O2 -no-cpp-precomp'
CPP='cc -E'
CPPFLAGS=' -I/Users/sidqian/Downloads/summer/L2S/netbsd-src/build/obj/tooldir.Darwin-22.1.0-x86_64/include'
CSCOPE='cscope'
CTAGS='ctags'
CYGPATH_W='echo'
DATAFILES=''
DEFS='-DHAVE_STDIO_H=1 -DHAVE_INTTYPES_H=1 -DHAVE_STDINT_H=1 -DLT_OBJDIR=\".libs/\" -DHAVE_LITTLE_ENDIAN=1 -DHAVE_CLOCK_GETTIME=1 -DHAVE_LOCALE_H=1 -DHAVE_WCHAR_H=1 -DHAVE_STDARG=1 -DHAVE_STRUCT_LCONV_DECIMAL_POINT=1 -DHAVE_STRUCT_LCONV_THOUSANDS_SEP=1 -DHAVE_ALLOCA_H=1 -DHAVE_ALLOCA=1 -DHAVE_UINTPTR_T=1 -DHAVE_VA_COPY=1 -DHAVE_SETLOCALE=1 -DHAVE_GETTIMEOFDAY=1 -DHAVE_SIGNAL=1 -DHAVE_SIGACTION=1 -DHAVE_LONG_LONG=1 -DHAVE_INTMAX_T=1 -DMPFR_HAVE_INTMAX_MAX=1 -DMPFR_HAVE_NORETURN=1 -DMPFR_HAVE_BUILTIN_UNREACHABLE=1 -DMPFR_HAVE_CONSTRUCTOR_ATTR=1 -DMPFR_HAVE_FESETROUND=1 -DHAVE_SUBNORM_DBL=1 -DHAVE_SUBNORM_FLT=1 -DHAVE_SIGNEDZ=1 -DHAVE_ROUND=1 -DHAVE_TRUNC=1 -DHAVE_FLOOR=1 -DHAVE_CEIL=1 -DHAVE_NEARBYINT=1 -DHAVE_DOUBLE_IEEE_LITTLE_ENDIAN=1 -DHAVE_LDOUBLE_IEEE_EXT_LITTLE=1 -DMPFR_USE_THREAD_SAFE=1 -DMPFR_USE_C11_THREAD_SAFE=1 -DMPFR_USE_STATIC_ASSERT=1 -DHAVE_ATTRIBUTE_MODE=1 -DPRINTF_L=1 -DPRINTF_T=1 -DPRINTF_GROUPFLAG=1 -DHAVE___GMPN_SBPI1_DIVAPPR_Q=1 -DHAVE___GMPN_INVERT_LIMB=1 -DHAVE___GMPN_RSBLSH1_N=1 -DMPFR_LONG_WITHIN_LIMB=1 -DMPFR_INTMAX_WITHIN_LIMB=1 -DHAVE_GETRUSAGE=1'
DEPDIR='.deps'
DLLTOOL='false'
DSYMUTIL='dsymutil'
DUMPBIN=''
ECHO_C='\c'
ECHO_N=''
ECHO_T=''
EGREP='/usr/bin/grep -E'
ETAGS='etags'
EXEEXT=''
FGREP='/usr/bin/grep -F'
FILECMD='file'
GREP='/usr/bin/grep'
INSTALL_DATA='${INSTALL} -m 644'
INSTALL_PROGRAM='${INSTALL}'
INSTALL_SCRIPT='${INSTALL}'
INSTALL_STRIP_PROGRAM='$(install_sh) -c -s'
LD='/Applications/Xcode.app/Contents/Developer/Toolchains/XcodeDefault.xctoolchain/usr/bin/ld'
LDFLAGS='-Wl,-search_paths_first  -L/Users/sidqian/Downloads/summer/L2S/netbsd-src/build/obj/tooldir.Darwin-22.1.0-x86_64/lib'
LIBMPFR_LDFLAGS=''
LIBOBJS=''
LIBS='-lgmp '
LIBTOOL='$(SHELL) $(top_builddir)/libtool'
LIPO='lipo'
LN_S='ln -s'
LTLIBOBJS=''
LT_SYS_LIBRARY_PATH=''
MAINT=''
MAINTAINER_MODE_FALSE='#'
MAINTAINER_MODE_TRUE=''
MAKEINFO='${SHELL} '\''/Users/sidqian/Downloads/summer/L2S/netbsd-src/external/lgpl3/mpfr/dist/missing'\'' makeinfo'
MANIFEST_TOOL=':'
MINI_GMP_FALSE=''
MINI_GMP_TRUE='#'
MKDIR_P='/Users/sidqian/Downloads/summer/L2S/netbsd-src/build/obj/tooldir.Darwin-22.1.0-x86_64/bin/m68k--netbsdelf-install -d -p'
MPFR_LDFLAGS=''
MPFR_LIBM=''
MPFR_LIBQUADMATH=''
NM='/usr/bin/nm -B'
NMEDIT='nmedit'
OBJDUMP='objdump'
OBJEXT='o'
OTOOL64=':'
OTOOL='otool'
PACKAGE='mpfr'
PACKAGE_BUGREPORT=''
PACKAGE_NAME='MPFR'
PACKAGE_STRING='MPFR 4.2.0'
PACKAGE_TARNAME='mpfr'
PACKAGE_URL=''
PACKAGE_VERSION='4.2.0'
PATH_SEPARATOR=':'
PTHREAD_CC=''
PTHREAD_CFLAGS=''
PTHREAD_CXX=''
PTHREAD_LIBS=''
RANLIB='ranlib'
SED='/usr/bin/sed'
SET_MAKE=''
SHELL='/bin/sh'
STRIP='strip'
TUNE_LIBS=''
VERSION='4.2.0'
ac_ct_AR=''
ac_ct_CC='cc'
ac_ct_DUMPBIN=''
am__EXEEXT_FALSE=''
am__EXEEXT_TRUE='#'
am__fastdepCC_FALSE='#'
am__fastdepCC_TRUE=''
am__include='include'
am__isrc=' -I$(srcdir)'
am__leading_dot='.'
am__nodep='_no'
am__quote=''
am__tar='$${TAR-tar} chof - "$$tardir"'
am__untar='$${TAR-tar} xf -'
ax_pthread_config=''
bindir='${exec_prefix}/bin'
build='x86_64-apple-darwin22.1.0'
build_alias=''
build_cpu='x86_64'
build_os='darwin22.1.0'
build_vendor='apple'
datadir='${datarootdir}'
datarootdir='${prefix}/share'
docdir='${datarootdir}/doc/${PACKAGE_TARNAME}'
dvidir='${docdir}'
exec_prefix='${prefix}'
host='x86_64-apple-darwin22.1.0'
host_alias=''
host_cpu='x86_64'
host_os='darwin22.1.0'
host_vendor='apple'
htmldir='${docdir}'
includedir='${prefix}/include'
infodir='${datarootdir}/info'
install_sh='${SHELL} /Users/sidqian/Downloads/summer/L2S/netbsd-src/external/lgpl3/mpfr/dist/install-sh'
libdir='${exec_prefix}/lib'
libexecdir='${exec_prefix}/libexec'
localedir='${datarootdir}/locale'
localstatedir='${prefix}/var'
mandir='${datarootdir}/man'
mini_gmp_path=''
mkdir_p='$(MKDIR_P)'
oldincludedir='/usr/include'
pdfdir='${docdir}'
prefix='/Users/sidqian/Downloads/summer/L2S/netbsd-src/build/obj/tooldir.Darwin-22.1.0-x86_64'
program_transform_name='s,x,x,'
psdir='${docdir}'
runstatedir='${localstatedir}/run'
sbindir='${exec_prefix}/sbin'
sharedstatedir='${prefix}/com'
sysconfdir='${prefix}/etc'
target_alias=''

## ----------- ##
## confdefs.h. ##
## ----------- ##

/* confdefs.h */
#define HAVE_STDIO_H 1
#define HAVE_INTTYPES_H 1
#define HAVE_STDINT_H 1
#define LT_OBJDIR ".libs/"
#define HAVE_LITTLE_ENDIAN 1
#define HAVE_CLOCK_GETTIME 1
#define HAVE_LOCALE_H 1
#define HAVE_WCHAR_H 1
#define HAVE_STDARG 1
#define HAVE_STRUCT_LCONV_DECIMAL_POINT 1
#define HAVE_STRUCT_LCONV_THOUSANDS_SEP 1
#define HAVE_ALLOCA_H 1
#define HAVE_ALLOCA 1
#define HAVE_UINTPTR_T 1
#define HAVE_VA_COPY 1
#define HAVE_SETLOCALE 1
#define HAVE_GETTIMEOFDAY 1
#define HAVE_SIGNAL 1
#define HAVE_SIGACTION 1
#define HAVE_LONG_LONG 1
#define HAVE_INTMAX_T 1
#define MPFR_HAVE_INTMAX_MAX 1
#define MPFR_HAVE_NORETURN 1
#define MPFR_HAVE_BUILTIN_UNREACHABLE 1
#define MPFR_HAVE_CONSTRUCTOR_ATTR 1
#define MPFR_HAVE_FESETROUND 1
#define HAVE_SUBNORM_DBL 1
#define HAVE_SUBNORM_FLT 1
#define HAVE_SIGNEDZ 1
#define HAVE_ROUND 1
#define HAVE_TRUNC 1
#define HAVE_FLOOR 1
#define HAVE_CEIL 1
#define HAVE_NEARBYINT 1
#define HAVE_DOUBLE_IEEE_LITTLE_ENDIAN 1
#define HAVE_LDOUBLE_IEEE_EXT_LITTLE 1
#define MPFR_USE_THREAD_SAFE 1
#define MPFR_USE_C11_THREAD_SAFE 1
#define MPFR_USE_STATIC_ASSERT 1
#define HAVE_ATTRIBUTE_MODE 1
#define PRINTF_L 1
#define PRINTF_T 1
#define PRINTF_GROUPFLAG 1
#define HAVE___GMPN_SBPI1_DIVAPPR_Q 1
#define HAVE___GMPN_INVERT_LIMB 1
#define HAVE___GMPN_RSBLSH1_N 1
#define MPFR_LONG_WITHIN_LIMB 1
#define MPFR_INTMAX_WITHIN_LIMB 1
#define HAVE_GETRUSAGE 1

configure: exit 0
